
AVRASM ver. 2.1.30  D:\university\7term\micro_graderi\New folder\new codevision\slave\Debug\List\slave.asm Wed Jan 23 15:31:24 2019

D:\university\7term\micro_graderi\New folder\new codevision\slave\Debug\List\slave.asm(1088): warning: Register r4 already defined by the .DEF directive
D:\university\7term\micro_graderi\New folder\new codevision\slave\Debug\List\slave.asm(1089): warning: Register r5 already defined by the .DEF directive
D:\university\7term\micro_graderi\New folder\new codevision\slave\Debug\List\slave.asm(1090): warning: Register r6 already defined by the .DEF directive
D:\university\7term\micro_graderi\New folder\new codevision\slave\Debug\List\slave.asm(1091): warning: Register r7 already defined by the .DEF directive
D:\university\7term\micro_graderi\New folder\new codevision\slave\Debug\List\slave.asm(1092): warning: Register r8 already defined by the .DEF directive
D:\university\7term\micro_graderi\New folder\new codevision\slave\Debug\List\slave.asm(1093): warning: Register r9 already defined by the .DEF directive
D:\university\7term\micro_graderi\New folder\new codevision\slave\Debug\List\slave.asm(1094): warning: Register r11 already defined by the .DEF directive
D:\university\7term\micro_graderi\New folder\new codevision\slave\Debug\List\slave.asm(1095): warning: Register r10 already defined by the .DEF directive
D:\university\7term\micro_graderi\New folder\new codevision\slave\Debug\List\slave.asm(1096): warning: Register r12 already defined by the .DEF directive
D:\university\7term\micro_graderi\New folder\new codevision\slave\Debug\List\slave.asm(1097): warning: Register r13 already defined by the .DEF directive
                 
                 
                 ;CodeVisionAVR C Compiler V3.12 Advanced
                 ;(C) Copyright 1998-2014 Pavel Haiduc, HP InfoTech s.r.l.
                 ;http://www.hpinfotech.com
                 
                 ;Build configuration    : Debug
                 ;Chip type              : ATmega32
                 ;Program type           : Application
                 ;Clock frequency        : 8.000000 MHz
                 ;Memory model           : Small
                 ;Optimize for           : Size
                 ;(s)printf features     : int, width
                 ;(s)scanf features      : int, width
                 ;External RAM size      : 0
                 ;Data Stack size        : 512 byte(s)
                 ;Heap size              : 0 byte(s)
                 ;Promote 'char' to 'int': Yes
                 ;'char' is unsigned     : Yes
                 ;8 bit enums            : Yes
                 ;Global 'const' stored in FLASH: Yes
                 ;Enhanced function parameter passing: Yes
                 ;Enhanced core instructions: On
                 ;Automatic register allocation for global variables: On
                 ;Smart register allocation: On
                 
                 	#define _MODEL_SMALL_
                 
                 	#pragma AVRPART ADMIN PART_NAME ATmega32
                 	#pragma AVRPART MEMORY PROG_FLASH 32768
                 	#pragma AVRPART MEMORY EEPROM 1024
                 	#pragma AVRPART MEMORY INT_SRAM SIZE 2048
                 	#pragma AVRPART MEMORY INT_SRAM START_ADDR 0x60
                 
                 	#define CALL_SUPPORTED 1
                 
                 	.LISTMAC
                 	.EQU UDRE=0x5
                 	.EQU RXC=0x7
                 	.EQU USR=0xB
                 	.EQU UDR=0xC
                 	.EQU SPSR=0xE
                 	.EQU SPDR=0xF
                 	.EQU EERE=0x0
                 	.EQU EEWE=0x1
                 	.EQU EEMWE=0x2
                 	.EQU EECR=0x1C
                 	.EQU EEDR=0x1D
                 	.EQU EEARL=0x1E
                 	.EQU EEARH=0x1F
                 	.EQU WDTCR=0x21
                 	.EQU MCUCR=0x35
                 	.EQU GICR=0x3B
                 	.EQU SPL=0x3D
                 	.EQU SPH=0x3E
                 	.EQU SREG=0x3F
                 
                 	.DEF R0X0=R0
                 	.DEF R0X1=R1
                 	.DEF R0X2=R2
                 	.DEF R0X3=R3
                 	.DEF R0X4=R4
                 	.DEF R0X5=R5
                 	.DEF R0X6=R6
                 	.DEF R0X7=R7
                 	.DEF R0X8=R8
                 	.DEF R0X9=R9
                 	.DEF R0XA=R10
                 	.DEF R0XB=R11
                 	.DEF R0XC=R12
                 	.DEF R0XD=R13
                 	.DEF R0XE=R14
                 	.DEF R0XF=R15
                 	.DEF R0X10=R16
                 	.DEF R0X11=R17
                 	.DEF R0X12=R18
                 	.DEF R0X13=R19
                 	.DEF R0X14=R20
                 	.DEF R0X15=R21
                 	.DEF R0X16=R22
                 	.DEF R0X17=R23
                 	.DEF R0X18=R24
                 	.DEF R0X19=R25
                 	.DEF R0X1A=R26
                 	.DEF R0X1B=R27
                 	.DEF R0X1C=R28
                 	.DEF R0X1D=R29
                 	.DEF R0X1E=R30
                 	.DEF R0X1F=R31
                 
                 	.EQU __SRAM_START=0x0060
                 	.EQU __SRAM_END=0x085F
                 	.EQU __DSTACK_SIZE=0x0200
                 	.EQU __HEAP_SIZE=0x0000
                 	.EQU __CLEAR_SRAM_SIZE=__SRAM_END-__SRAM_START+1
                 
                 	.MACRO __CPD1N
                 	CPI  R30,LOW(@0)
                 	LDI  R26,HIGH(@0)
                 	CPC  R31,R26
                 	LDI  R26,BYTE3(@0)
                 	CPC  R22,R26
                 	LDI  R26,BYTE4(@0)
                 	CPC  R23,R26
                 	.ENDM
                 
                 	.MACRO __CPD2N
                 	CPI  R26,LOW(@0)
                 	LDI  R30,HIGH(@0)
                 	CPC  R27,R30
                 	LDI  R30,BYTE3(@0)
                 	CPC  R24,R30
                 	LDI  R30,BYTE4(@0)
                 	CPC  R25,R30
                 	.ENDM
                 
                 	.MACRO __CPWRR
                 	CP   R@0,R@2
                 	CPC  R@1,R@3
                 	.ENDM
                 
                 	.MACRO __CPWRN
                 	CPI  R@0,LOW(@2)
                 	LDI  R30,HIGH(@2)
                 	CPC  R@1,R30
                 	.ENDM
                 
                 	.MACRO __ADDB1MN
                 	SUBI R30,LOW(-@0-(@1))
                 	.ENDM
                 
                 	.MACRO __ADDB2MN
                 	SUBI R26,LOW(-@0-(@1))
                 	.ENDM
                 
                 	.MACRO __ADDW1MN
                 	SUBI R30,LOW(-@0-(@1))
                 	SBCI R31,HIGH(-@0-(@1))
                 	.ENDM
                 
                 	.MACRO __ADDW2MN
                 	SUBI R26,LOW(-@0-(@1))
                 	SBCI R27,HIGH(-@0-(@1))
                 	.ENDM
                 
                 	.MACRO __ADDW1FN
                 	SUBI R30,LOW(-2*@0-(@1))
                 	SBCI R31,HIGH(-2*@0-(@1))
                 	.ENDM
                 
                 	.MACRO __ADDD1FN
                 	SUBI R30,LOW(-2*@0-(@1))
                 	SBCI R31,HIGH(-2*@0-(@1))
                 	SBCI R22,BYTE3(-2*@0-(@1))
                 	.ENDM
                 
                 	.MACRO __ADDD1N
                 	SUBI R30,LOW(-@0)
                 	SBCI R31,HIGH(-@0)
                 	SBCI R22,BYTE3(-@0)
                 	SBCI R23,BYTE4(-@0)
                 	.ENDM
                 
                 	.MACRO __ADDD2N
                 	SUBI R26,LOW(-@0)
                 	SBCI R27,HIGH(-@0)
                 	SBCI R24,BYTE3(-@0)
                 	SBCI R25,BYTE4(-@0)
                 	.ENDM
                 
                 	.MACRO __SUBD1N
                 	SUBI R30,LOW(@0)
                 	SBCI R31,HIGH(@0)
                 	SBCI R22,BYTE3(@0)
                 	SBCI R23,BYTE4(@0)
                 	.ENDM
                 
                 	.MACRO __SUBD2N
                 	SUBI R26,LOW(@0)
                 	SBCI R27,HIGH(@0)
                 	SBCI R24,BYTE3(@0)
                 	SBCI R25,BYTE4(@0)
                 	.ENDM
                 
                 	.MACRO __ANDBMNN
                 	LDS  R30,@0+(@1)
                 	ANDI R30,LOW(@2)
                 	STS  @0+(@1),R30
                 	.ENDM
                 
                 	.MACRO __ANDWMNN
                 	LDS  R30,@0+(@1)
                 	ANDI R30,LOW(@2)
                 	STS  @0+(@1),R30
                 	LDS  R30,@0+(@1)+1
                 	ANDI R30,HIGH(@2)
                 	STS  @0+(@1)+1,R30
                 	.ENDM
                 
                 	.MACRO __ANDD1N
                 	ANDI R30,LOW(@0)
                 	ANDI R31,HIGH(@0)
                 	ANDI R22,BYTE3(@0)
                 	ANDI R23,BYTE4(@0)
                 	.ENDM
                 
                 	.MACRO __ANDD2N
                 	ANDI R26,LOW(@0)
                 	ANDI R27,HIGH(@0)
                 	ANDI R24,BYTE3(@0)
                 	ANDI R25,BYTE4(@0)
                 	.ENDM
                 
                 	.MACRO __ORBMNN
                 	LDS  R30,@0+(@1)
                 	ORI  R30,LOW(@2)
                 	STS  @0+(@1),R30
                 	.ENDM
                 
                 	.MACRO __ORWMNN
                 	LDS  R30,@0+(@1)
                 	ORI  R30,LOW(@2)
                 	STS  @0+(@1),R30
                 	LDS  R30,@0+(@1)+1
                 	ORI  R30,HIGH(@2)
                 	STS  @0+(@1)+1,R30
                 	.ENDM
                 
                 	.MACRO __ORD1N
                 	ORI  R30,LOW(@0)
                 	ORI  R31,HIGH(@0)
                 	ORI  R22,BYTE3(@0)
                 	ORI  R23,BYTE4(@0)
                 	.ENDM
                 
                 	.MACRO __ORD2N
                 	ORI  R26,LOW(@0)
                 	ORI  R27,HIGH(@0)
                 	ORI  R24,BYTE3(@0)
                 	ORI  R25,BYTE4(@0)
                 	.ENDM
                 
                 	.MACRO __DELAY_USB
                 	LDI  R24,LOW(@0)
                 __DELAY_USB_LOOP:
                 	DEC  R24
                 	BRNE __DELAY_USB_LOOP
                 	.ENDM
                 
                 	.MACRO __DELAY_USW
                 	LDI  R24,LOW(@0)
                 	LDI  R25,HIGH(@0)
                 __DELAY_USW_LOOP:
                 	SBIW R24,1
                 	BRNE __DELAY_USW_LOOP
                 	.ENDM
                 
                 	.MACRO __GETD1S
                 	LDD  R30,Y+@0
                 	LDD  R31,Y+@0+1
                 	LDD  R22,Y+@0+2
                 	LDD  R23,Y+@0+3
                 	.ENDM
                 
                 	.MACRO __GETD2S
                 	LDD  R26,Y+@0
                 	LDD  R27,Y+@0+1
                 	LDD  R24,Y+@0+2
                 	LDD  R25,Y+@0+3
                 	.ENDM
                 
                 	.MACRO __PUTD1S
                 	STD  Y+@0,R30
                 	STD  Y+@0+1,R31
                 	STD  Y+@0+2,R22
                 	STD  Y+@0+3,R23
                 	.ENDM
                 
                 	.MACRO __PUTD2S
                 	STD  Y+@0,R26
                 	STD  Y+@0+1,R27
                 	STD  Y+@0+2,R24
                 	STD  Y+@0+3,R25
                 	.ENDM
                 
                 	.MACRO __PUTDZ2
                 	STD  Z+@0,R26
                 	STD  Z+@0+1,R27
                 	STD  Z+@0+2,R24
                 	STD  Z+@0+3,R25
                 	.ENDM
                 
                 	.MACRO __CLRD1S
                 	STD  Y+@0,R30
                 	STD  Y+@0+1,R30
                 	STD  Y+@0+2,R30
                 	STD  Y+@0+3,R30
                 	.ENDM
                 
                 	.MACRO __POINTB1MN
                 	LDI  R30,LOW(@0+(@1))
                 	.ENDM
                 
                 	.MACRO __POINTW1MN
                 	LDI  R30,LOW(@0+(@1))
                 	LDI  R31,HIGH(@0+(@1))
                 	.ENDM
                 
                 	.MACRO __POINTD1M
                 	LDI  R30,LOW(@0)
                 	LDI  R31,HIGH(@0)
                 	LDI  R22,BYTE3(@0)
                 	LDI  R23,BYTE4(@0)
                 	.ENDM
                 
                 	.MACRO __POINTW1FN
                 	LDI  R30,LOW(2*@0+(@1))
                 	LDI  R31,HIGH(2*@0+(@1))
                 	.ENDM
                 
                 	.MACRO __POINTD1FN
                 	LDI  R30,LOW(2*@0+(@1))
                 	LDI  R31,HIGH(2*@0+(@1))
                 	LDI  R22,BYTE3(2*@0+(@1))
                 	LDI  R23,BYTE4(2*@0+(@1))
                 	.ENDM
                 
                 	.MACRO __POINTB2MN
                 	LDI  R26,LOW(@0+(@1))
                 	.ENDM
                 
                 	.MACRO __POINTW2MN
                 	LDI  R26,LOW(@0+(@1))
                 	LDI  R27,HIGH(@0+(@1))
                 	.ENDM
                 
                 	.MACRO __POINTW2FN
                 	LDI  R26,LOW(2*@0+(@1))
                 	LDI  R27,HIGH(2*@0+(@1))
                 	.ENDM
                 
                 	.MACRO __POINTD2FN
                 	LDI  R26,LOW(2*@0+(@1))
                 	LDI  R27,HIGH(2*@0+(@1))
                 	LDI  R24,BYTE3(2*@0+(@1))
                 	LDI  R25,BYTE4(2*@0+(@1))
                 	.ENDM
                 
                 	.MACRO __POINTBRM
                 	LDI  R@0,LOW(@1)
                 	.ENDM
                 
                 	.MACRO __POINTWRM
                 	LDI  R@0,LOW(@2)
                 	LDI  R@1,HIGH(@2)
                 	.ENDM
                 
                 	.MACRO __POINTBRMN
                 	LDI  R@0,LOW(@1+(@2))
                 	.ENDM
                 
                 	.MACRO __POINTWRMN
                 	LDI  R@0,LOW(@2+(@3))
                 	LDI  R@1,HIGH(@2+(@3))
                 	.ENDM
                 
                 	.MACRO __POINTWRFN
                 	LDI  R@0,LOW(@2*2+(@3))
                 	LDI  R@1,HIGH(@2*2+(@3))
                 	.ENDM
                 
                 	.MACRO __GETD1N
                 	LDI  R30,LOW(@0)
                 	LDI  R31,HIGH(@0)
                 	LDI  R22,BYTE3(@0)
                 	LDI  R23,BYTE4(@0)
                 	.ENDM
                 
                 	.MACRO __GETD2N
                 	LDI  R26,LOW(@0)
                 	LDI  R27,HIGH(@0)
                 	LDI  R24,BYTE3(@0)
                 	LDI  R25,BYTE4(@0)
                 	.ENDM
                 
                 	.MACRO __GETB1MN
                 	LDS  R30,@0+(@1)
                 	.ENDM
                 
                 	.MACRO __GETB1HMN
                 	LDS  R31,@0+(@1)
                 	.ENDM
                 
                 	.MACRO __GETW1MN
                 	LDS  R30,@0+(@1)
                 	LDS  R31,@0+(@1)+1
                 	.ENDM
                 
                 	.MACRO __GETD1MN
                 	LDS  R30,@0+(@1)
                 	LDS  R31,@0+(@1)+1
                 	LDS  R22,@0+(@1)+2
                 	LDS  R23,@0+(@1)+3
                 	.ENDM
                 
                 	.MACRO __GETBRMN
                 	LDS  R@0,@1+(@2)
                 	.ENDM
                 
                 	.MACRO __GETWRMN
                 	LDS  R@0,@2+(@3)
                 	LDS  R@1,@2+(@3)+1
                 	.ENDM
                 
                 	.MACRO __GETWRZ
                 	LDD  R@0,Z+@2
                 	LDD  R@1,Z+@2+1
                 	.ENDM
                 
                 	.MACRO __GETD2Z
                 	LDD  R26,Z+@0
                 	LDD  R27,Z+@0+1
                 	LDD  R24,Z+@0+2
                 	LDD  R25,Z+@0+3
                 	.ENDM
                 
                 	.MACRO __GETB2MN
                 	LDS  R26,@0+(@1)
                 	.ENDM
                 
                 	.MACRO __GETW2MN
                 	LDS  R26,@0+(@1)
                 	LDS  R27,@0+(@1)+1
                 	.ENDM
                 
                 	.MACRO __GETD2MN
                 	LDS  R26,@0+(@1)
                 	LDS  R27,@0+(@1)+1
                 	LDS  R24,@0+(@1)+2
                 	LDS  R25,@0+(@1)+3
                 	.ENDM
                 
                 	.MACRO __PUTB1MN
                 	STS  @0+(@1),R30
                 	.ENDM
                 
                 	.MACRO __PUTW1MN
                 	STS  @0+(@1),R30
                 	STS  @0+(@1)+1,R31
                 	.ENDM
                 
                 	.MACRO __PUTD1MN
                 	STS  @0+(@1),R30
                 	STS  @0+(@1)+1,R31
                 	STS  @0+(@1)+2,R22
                 	STS  @0+(@1)+3,R23
                 	.ENDM
                 
                 	.MACRO __PUTB1EN
                 	LDI  R26,LOW(@0+(@1))
                 	LDI  R27,HIGH(@0+(@1))
                 	CALL __EEPROMWRB
                 	.ENDM
                 
                 	.MACRO __PUTW1EN
                 	LDI  R26,LOW(@0+(@1))
                 	LDI  R27,HIGH(@0+(@1))
                 	CALL __EEPROMWRW
                 	.ENDM
                 
                 	.MACRO __PUTD1EN
                 	LDI  R26,LOW(@0+(@1))
                 	LDI  R27,HIGH(@0+(@1))
                 	CALL __EEPROMWRD
                 	.ENDM
                 
                 	.MACRO __PUTBR0MN
                 	STS  @0+(@1),R0
                 	.ENDM
                 
                 	.MACRO __PUTBMRN
                 	STS  @0+(@1),R@2
                 	.ENDM
                 
                 	.MACRO __PUTWMRN
                 	STS  @0+(@1),R@2
                 	STS  @0+(@1)+1,R@3
                 	.ENDM
                 
                 	.MACRO __PUTBZR
                 	STD  Z+@1,R@0
                 	.ENDM
                 
                 	.MACRO __PUTWZR
                 	STD  Z+@2,R@0
                 	STD  Z+@2+1,R@1
                 	.ENDM
                 
                 	.MACRO __GETW1R
                 	MOV  R30,R@0
                 	MOV  R31,R@1
                 	.ENDM
                 
                 	.MACRO __GETW2R
                 	MOV  R26,R@0
                 	MOV  R27,R@1
                 	.ENDM
                 
                 	.MACRO __GETWRN
                 	LDI  R@0,LOW(@2)
                 	LDI  R@1,HIGH(@2)
                 	.ENDM
                 
                 	.MACRO __PUTW1R
                 	MOV  R@0,R30
                 	MOV  R@1,R31
                 	.ENDM
                 
                 	.MACRO __PUTW2R
                 	MOV  R@0,R26
                 	MOV  R@1,R27
                 	.ENDM
                 
                 	.MACRO __ADDWRN
                 	SUBI R@0,LOW(-@2)
                 	SBCI R@1,HIGH(-@2)
                 	.ENDM
                 
                 	.MACRO __ADDWRR
                 	ADD  R@0,R@2
                 	ADC  R@1,R@3
                 	.ENDM
                 
                 	.MACRO __SUBWRN
                 	SUBI R@0,LOW(@2)
                 	SBCI R@1,HIGH(@2)
                 	.ENDM
                 
                 	.MACRO __SUBWRR
                 	SUB  R@0,R@2
                 	SBC  R@1,R@3
                 	.ENDM
                 
                 	.MACRO __ANDWRN
                 	ANDI R@0,LOW(@2)
                 	ANDI R@1,HIGH(@2)
                 	.ENDM
                 
                 	.MACRO __ANDWRR
                 	AND  R@0,R@2
                 	AND  R@1,R@3
                 	.ENDM
                 
                 	.MACRO __ORWRN
                 	ORI  R@0,LOW(@2)
                 	ORI  R@1,HIGH(@2)
                 	.ENDM
                 
                 	.MACRO __ORWRR
                 	OR   R@0,R@2
                 	OR   R@1,R@3
                 	.ENDM
                 
                 	.MACRO __EORWRR
                 	EOR  R@0,R@2
                 	EOR  R@1,R@3
                 	.ENDM
                 
                 	.MACRO __GETWRS
                 	LDD  R@0,Y+@2
                 	LDD  R@1,Y+@2+1
                 	.ENDM
                 
                 	.MACRO __PUTBSR
                 	STD  Y+@1,R@0
                 	.ENDM
                 
                 	.MACRO __PUTWSR
                 	STD  Y+@2,R@0
                 	STD  Y+@2+1,R@1
                 	.ENDM
                 
                 	.MACRO __MOVEWRR
                 	MOV  R@0,R@2
                 	MOV  R@1,R@3
                 	.ENDM
                 
                 	.MACRO __INWR
                 	IN   R@0,@2
                 	IN   R@1,@2+1
                 	.ENDM
                 
                 	.MACRO __OUTWR
                 	OUT  @2+1,R@1
                 	OUT  @2,R@0
                 	.ENDM
                 
                 	.MACRO __CALL1MN
                 	LDS  R30,@0+(@1)
                 	LDS  R31,@0+(@1)+1
                 	ICALL
                 	.ENDM
                 
                 	.MACRO __CALL1FN
                 	LDI  R30,LOW(2*@0+(@1))
                 	LDI  R31,HIGH(2*@0+(@1))
                 	CALL __GETW1PF
                 	ICALL
                 	.ENDM
                 
                 	.MACRO __CALL2EN
                 	PUSH R26
                 	PUSH R27
                 	LDI  R26,LOW(@0+(@1))
                 	LDI  R27,HIGH(@0+(@1))
                 	CALL __EEPROMRDW
                 	POP  R27
                 	POP  R26
                 	ICALL
                 	.ENDM
                 
                 	.MACRO __CALL2EX
                 	SUBI R26,LOW(-@0)
                 	SBCI R27,HIGH(-@0)
                 	CALL __EEPROMRDD
                 	ICALL
                 	.ENDM
                 
                 	.MACRO __GETW1STACK
                 	IN   R30,SPL
                 	IN   R31,SPH
                 	ADIW R30,@0+1
                 	LD   R0,Z+
                 	LD   R31,Z
                 	MOV  R30,R0
                 	.ENDM
                 
                 	.MACRO __GETD1STACK
                 	IN   R30,SPL
                 	IN   R31,SPH
                 	ADIW R30,@0+1
                 	LD   R0,Z+
                 	LD   R1,Z+
                 	LD   R22,Z
                 	MOVW R30,R0
                 	.ENDM
                 
                 	.MACRO __NBST
                 	BST  R@0,@1
                 	IN   R30,SREG
                 	LDI  R31,0x40
                 	EOR  R30,R31
                 	OUT  SREG,R30
                 	.ENDM
                 
                 
                 	.MACRO __PUTB1SN
                 	LDD  R26,Y+@0
                 	LDD  R27,Y+@0+1
                 	SUBI R26,LOW(-@1)
                 	SBCI R27,HIGH(-@1)
                 	ST   X,R30
                 	.ENDM
                 
                 	.MACRO __PUTW1SN
                 	LDD  R26,Y+@0
                 	LDD  R27,Y+@0+1
                 	SUBI R26,LOW(-@1)
                 	SBCI R27,HIGH(-@1)
                 	ST   X+,R30
                 	ST   X,R31
                 	.ENDM
                 
                 	.MACRO __PUTD1SN
                 	LDD  R26,Y+@0
                 	LDD  R27,Y+@0+1
                 	SUBI R26,LOW(-@1)
                 	SBCI R27,HIGH(-@1)
                 	CALL __PUTDP1
                 	.ENDM
                 
                 	.MACRO __PUTB1SNS
                 	LDD  R26,Y+@0
                 	LDD  R27,Y+@0+1
                 	ADIW R26,@1
                 	ST   X,R30
                 	.ENDM
                 
                 	.MACRO __PUTW1SNS
                 	LDD  R26,Y+@0
                 	LDD  R27,Y+@0+1
                 	ADIW R26,@1
                 	ST   X+,R30
                 	ST   X,R31
                 	.ENDM
                 
                 	.MACRO __PUTD1SNS
                 	LDD  R26,Y+@0
                 	LDD  R27,Y+@0+1
                 	ADIW R26,@1
                 	CALL __PUTDP1
                 	.ENDM
                 
                 	.MACRO __PUTB1PMN
                 	LDS  R26,@0
                 	LDS  R27,@0+1
                 	SUBI R26,LOW(-@1)
                 	SBCI R27,HIGH(-@1)
                 	ST   X,R30
                 	.ENDM
                 
                 	.MACRO __PUTW1PMN
                 	LDS  R26,@0
                 	LDS  R27,@0+1
                 	SUBI R26,LOW(-@1)
                 	SBCI R27,HIGH(-@1)
                 	ST   X+,R30
                 	ST   X,R31
                 	.ENDM
                 
                 	.MACRO __PUTD1PMN
                 	LDS  R26,@0
                 	LDS  R27,@0+1
                 	SUBI R26,LOW(-@1)
                 	SBCI R27,HIGH(-@1)
                 	CALL __PUTDP1
                 	.ENDM
                 
                 	.MACRO __PUTB1PMNS
                 	LDS  R26,@0
                 	LDS  R27,@0+1
                 	ADIW R26,@1
                 	ST   X,R30
                 	.ENDM
                 
                 	.MACRO __PUTW1PMNS
                 	LDS  R26,@0
                 	LDS  R27,@0+1
                 	ADIW R26,@1
                 	ST   X+,R30
                 	ST   X,R31
                 	.ENDM
                 
                 	.MACRO __PUTD1PMNS
                 	LDS  R26,@0
                 	LDS  R27,@0+1
                 	ADIW R26,@1
                 	CALL __PUTDP1
                 	.ENDM
                 
                 	.MACRO __PUTB1RN
                 	MOVW R26,R@0
                 	SUBI R26,LOW(-@1)
                 	SBCI R27,HIGH(-@1)
                 	ST   X,R30
                 	.ENDM
                 
                 	.MACRO __PUTW1RN
                 	MOVW R26,R@0
                 	SUBI R26,LOW(-@1)
                 	SBCI R27,HIGH(-@1)
                 	ST   X+,R30
                 	ST   X,R31
                 	.ENDM
                 
                 	.MACRO __PUTD1RN
                 	MOVW R26,R@0
                 	SUBI R26,LOW(-@1)
                 	SBCI R27,HIGH(-@1)
                 	CALL __PUTDP1
                 	.ENDM
                 
                 	.MACRO __PUTB1RNS
                 	MOVW R26,R@0
                 	ADIW R26,@1
                 	ST   X,R30
                 	.ENDM
                 
                 	.MACRO __PUTW1RNS
                 	MOVW R26,R@0
                 	ADIW R26,@1
                 	ST   X+,R30
                 	ST   X,R31
                 	.ENDM
                 
                 	.MACRO __PUTD1RNS
                 	MOVW R26,R@0
                 	ADIW R26,@1
                 	CALL __PUTDP1
                 	.ENDM
                 
                 	.MACRO __PUTB1RON
                 	MOV  R26,R@0
                 	MOV  R27,R@1
                 	SUBI R26,LOW(-@2)
                 	SBCI R27,HIGH(-@2)
                 	ST   X,R30
                 	.ENDM
                 
                 	.MACRO __PUTW1RON
                 	MOV  R26,R@0
                 	MOV  R27,R@1
                 	SUBI R26,LOW(-@2)
                 	SBCI R27,HIGH(-@2)
                 	ST   X+,R30
                 	ST   X,R31
                 	.ENDM
                 
                 	.MACRO __PUTD1RON
                 	MOV  R26,R@0
                 	MOV  R27,R@1
                 	SUBI R26,LOW(-@2)
                 	SBCI R27,HIGH(-@2)
                 	CALL __PUTDP1
                 	.ENDM
                 
                 	.MACRO __PUTB1RONS
                 	MOV  R26,R@0
                 	MOV  R27,R@1
                 	ADIW R26,@2
                 	ST   X,R30
                 	.ENDM
                 
                 	.MACRO __PUTW1RONS
                 	MOV  R26,R@0
                 	MOV  R27,R@1
                 	ADIW R26,@2
                 	ST   X+,R30
                 	ST   X,R31
                 	.ENDM
                 
                 	.MACRO __PUTD1RONS
                 	MOV  R26,R@0
                 	MOV  R27,R@1
                 	ADIW R26,@2
                 	CALL __PUTDP1
                 	.ENDM
                 
                 
                 	.MACRO __GETB1SX
                 	MOVW R30,R28
                 	SUBI R30,LOW(-@0)
                 	SBCI R31,HIGH(-@0)
                 	LD   R30,Z
                 	.ENDM
                 
                 	.MACRO __GETB1HSX
                 	MOVW R30,R28
                 	SUBI R30,LOW(-@0)
                 	SBCI R31,HIGH(-@0)
                 	LD   R31,Z
                 	.ENDM
                 
                 	.MACRO __GETW1SX
                 	MOVW R30,R28
                 	SUBI R30,LOW(-@0)
                 	SBCI R31,HIGH(-@0)
                 	LD   R0,Z+
                 	LD   R31,Z
                 	MOV  R30,R0
                 	.ENDM
                 
                 	.MACRO __GETD1SX
                 	MOVW R30,R28
                 	SUBI R30,LOW(-@0)
                 	SBCI R31,HIGH(-@0)
                 	LD   R0,Z+
                 	LD   R1,Z+
                 	LD   R22,Z+
                 	LD   R23,Z
                 	MOVW R30,R0
                 	.ENDM
                 
                 	.MACRO __GETB2SX
                 	MOVW R26,R28
                 	SUBI R26,LOW(-@0)
                 	SBCI R27,HIGH(-@0)
                 	LD   R26,X
                 	.ENDM
                 
                 	.MACRO __GETW2SX
                 	MOVW R26,R28
                 	SUBI R26,LOW(-@0)
                 	SBCI R27,HIGH(-@0)
                 	LD   R0,X+
                 	LD   R27,X
                 	MOV  R26,R0
                 	.ENDM
                 
                 	.MACRO __GETD2SX
                 	MOVW R26,R28
                 	SUBI R26,LOW(-@0)
                 	SBCI R27,HIGH(-@0)
                 	LD   R0,X+
                 	LD   R1,X+
                 	LD   R24,X+
                 	LD   R25,X
                 	MOVW R26,R0
                 	.ENDM
                 
                 	.MACRO __GETBRSX
                 	MOVW R30,R28
                 	SUBI R30,LOW(-@1)
                 	SBCI R31,HIGH(-@1)
                 	LD   R@0,Z
                 	.ENDM
                 
                 	.MACRO __GETWRSX
                 	MOVW R30,R28
                 	SUBI R30,LOW(-@2)
                 	SBCI R31,HIGH(-@2)
                 	LD   R@0,Z+
                 	LD   R@1,Z
                 	.ENDM
                 
                 	.MACRO __GETBRSX2
                 	MOVW R26,R28
                 	SUBI R26,LOW(-@1)
                 	SBCI R27,HIGH(-@1)
                 	LD   R@0,X
                 	.ENDM
                 
                 	.MACRO __GETWRSX2
                 	MOVW R26,R28
                 	SUBI R26,LOW(-@2)
                 	SBCI R27,HIGH(-@2)
                 	LD   R@0,X+
                 	LD   R@1,X
                 	.ENDM
                 
                 	.MACRO __LSLW8SX
                 	MOVW R30,R28
                 	SUBI R30,LOW(-@0)
                 	SBCI R31,HIGH(-@0)
                 	LD   R31,Z
                 	CLR  R30
                 	.ENDM
                 
                 	.MACRO __PUTB1SX
                 	MOVW R26,R28
                 	SUBI R26,LOW(-@0)
                 	SBCI R27,HIGH(-@0)
                 	ST   X,R30
                 	.ENDM
                 
                 	.MACRO __PUTW1SX
                 	MOVW R26,R28
                 	SUBI R26,LOW(-@0)
                 	SBCI R27,HIGH(-@0)
                 	ST   X+,R30
                 	ST   X,R31
                 	.ENDM
                 
                 	.MACRO __PUTD1SX
                 	MOVW R26,R28
                 	SUBI R26,LOW(-@0)
                 	SBCI R27,HIGH(-@0)
                 	ST   X+,R30
                 	ST   X+,R31
                 	ST   X+,R22
                 	ST   X,R23
                 	.ENDM
                 
                 	.MACRO __CLRW1SX
                 	MOVW R26,R28
                 	SUBI R26,LOW(-@0)
                 	SBCI R27,HIGH(-@0)
                 	ST   X+,R30
                 	ST   X,R30
                 	.ENDM
                 
                 	.MACRO __CLRD1SX
                 	MOVW R26,R28
                 	SUBI R26,LOW(-@0)
                 	SBCI R27,HIGH(-@0)
                 	ST   X+,R30
                 	ST   X+,R30
                 	ST   X+,R30
                 	ST   X,R30
                 	.ENDM
                 
                 	.MACRO __PUTB2SX
                 	MOVW R30,R28
                 	SUBI R30,LOW(-@0)
                 	SBCI R31,HIGH(-@0)
                 	ST   Z,R26
                 	.ENDM
                 
                 	.MACRO __PUTW2SX
                 	MOVW R30,R28
                 	SUBI R30,LOW(-@0)
                 	SBCI R31,HIGH(-@0)
                 	ST   Z+,R26
                 	ST   Z,R27
                 	.ENDM
                 
                 	.MACRO __PUTD2SX
                 	MOVW R30,R28
                 	SUBI R30,LOW(-@0)
                 	SBCI R31,HIGH(-@0)
                 	ST   Z+,R26
                 	ST   Z+,R27
                 	ST   Z+,R24
                 	ST   Z,R25
                 	.ENDM
                 
                 	.MACRO __PUTBSRX
                 	MOVW R30,R28
                 	SUBI R30,LOW(-@1)
                 	SBCI R31,HIGH(-@1)
                 	ST   Z,R@0
                 	.ENDM
                 
                 	.MACRO __PUTWSRX
                 	MOVW R30,R28
                 	SUBI R30,LOW(-@2)
                 	SBCI R31,HIGH(-@2)
                 	ST   Z+,R@0
                 	ST   Z,R@1
                 	.ENDM
                 
                 	.MACRO __PUTB1SNX
                 	MOVW R26,R28
                 	SUBI R26,LOW(-@0)
                 	SBCI R27,HIGH(-@0)
                 	LD   R0,X+
                 	LD   R27,X
                 	MOV  R26,R0
                 	SUBI R26,LOW(-@1)
                 	SBCI R27,HIGH(-@1)
                 	ST   X,R30
                 	.ENDM
                 
                 	.MACRO __PUTW1SNX
                 	MOVW R26,R28
                 	SUBI R26,LOW(-@0)
                 	SBCI R27,HIGH(-@0)
                 	LD   R0,X+
                 	LD   R27,X
                 	MOV  R26,R0
                 	SUBI R26,LOW(-@1)
                 	SBCI R27,HIGH(-@1)
                 	ST   X+,R30
                 	ST   X,R31
                 	.ENDM
                 
                 	.MACRO __PUTD1SNX
                 	MOVW R26,R28
                 	SUBI R26,LOW(-@0)
                 	SBCI R27,HIGH(-@0)
                 	LD   R0,X+
                 	LD   R27,X
                 	MOV  R26,R0
                 	SUBI R26,LOW(-@1)
                 	SBCI R27,HIGH(-@1)
                 	ST   X+,R30
                 	ST   X+,R31
                 	ST   X+,R22
                 	ST   X,R23
                 	.ENDM
                 
                 	.MACRO __MULBRR
                 	MULS R@0,R@1
                 	MOVW R30,R0
                 	.ENDM
                 
                 	.MACRO __MULBRRU
                 	MUL  R@0,R@1
                 	MOVW R30,R0
                 	.ENDM
                 
                 	.MACRO __MULBRR0
                 	MULS R@0,R@1
                 	.ENDM
                 
                 	.MACRO __MULBRRU0
                 	MUL  R@0,R@1
                 	.ENDM
                 
                 	.MACRO __MULBNWRU
                 	LDI  R26,@2
                 	MUL  R26,R@0
                 	MOVW R30,R0
                 	MUL  R26,R@1
                 	ADD  R31,R0
                 	.ENDM
                 
                 ;NAME DEFINITIONS FOR GLOBAL VARIABLES ALLOCATED TO REGISTERS
                 	.DEF _tem=R4
                 	.DEF _tem_msb=R5
                 	.DEF _speed=R6
                 	.DEF _speed_msb=R7
                 	.DEF _thous=R8
                 	.DEF _thous_msb=R9
                 	.DEF _ACKSlave=R11
                 	.DEF _ACKMaster=R10
                 	.DEF _flag=R12
                 	.DEF _flag_msb=R13
                 
                 	.CSEG
                 	.ORG 0x00
                 
                 ;START OF CODE MARKER
                 __START_OF_CODE:
                 
                 ;INTERRUPT VECTORS
000000 940c 004f 	JMP  __RESET
000002 940c 0000 	JMP  0x00
000004 940c 0000 	JMP  0x00
000006 940c 0000 	JMP  0x00
000008 940c 0000 	JMP  0x00
00000a 940c 0000 	JMP  0x00
00000c 940c 0000 	JMP  0x00
00000e 940c 007e 	JMP  _timer1_compa_isr
000010 940c 0000 	JMP  0x00
000012 940c 0000 	JMP  0x00
000014 940c 0000 	JMP  0x00
000016 940c 0000 	JMP  0x00
000018 940c 008c 	JMP  _spi_isr
00001a 940c 0000 	JMP  0x00
00001c 940c 0000 	JMP  0x00
00001e 940c 0000 	JMP  0x00
000020 940c 0000 	JMP  0x00
000022 940c 0000 	JMP  0x00
000024 940c 0000 	JMP  0x00
000026 940c 0000 	JMP  0x00
000028 940c 0000 	JMP  0x00
                 
                 _tbl10_G100:
00002a 2710
00002b 03e8
00002c 0064
00002d 000a      	.DB  0x10,0x27,0xE8,0x3,0x64,0x0,0xA,0x0
00002e 0001      	.DB  0x1,0x0
                 _tbl16_G100:
00002f 1000
000030 0100
000031 0010
000032 0001      	.DB  0x0,0x10,0x0,0x1,0x10,0x0,0x1,0x0
                 
                 ;GLOBAL REGISTER VARIABLES INITIALIZATION
                 __REG_VARS:
000033 0001
000034 0000      	.DB  0x1,0x0,0x0,0x0
000035 0000
000036 162c      	.DB  0x0,0x0,0x2C,0x16
000037 0000      	.DB  0x0,0x0
                 
                 _0x0:
000038 7073
000039 6565
00003a 3d64
00003b 6425      	.DB  0x73,0x70,0x65,0x65,0x64,0x3D,0x25,0x64
00003c 7420
00003d 6d65
00003e 253d
00003f 2064      	.DB  0x20,0x74,0x65,0x6D,0x3D,0x25,0x64,0x20
000040 6164
000041 6174
000042 253d
000043 2064      	.DB  0x64,0x61,0x74,0x61,0x3D,0x25,0x64,0x20
000044 2020
000045 2020
D:\university\7term\micro_graderi\New folder\new codevision\slave\Debug\List\slave.asm(1144): warning: .cseg .db misalignment - padding zero byte
000046 0000      	.DB  0x20,0x20,0x20,0x20,0x0
                 _0x2020003:
000047 c080      	.DB  0x80,0xC0
                 
                 __GLOBAL_INI_TBL:
000048 000a      	.DW  0x0A
000049 0004      	.DW  0x04
00004a 0066      	.DW  __REG_VARS*2
                 
00004b 0002      	.DW  0x02
00004c 0281      	.DW  __base_y_G101
00004d 008e      	.DW  _0x2020003*2
                 
                 _0xFFFFFFFF:
00004e 0000      	.DW  0
                 
                 #define __GLOBAL_INI_TBL_PRESENT 1
                 
                 __RESET:
00004f 94f8      	CLI
000050 27ee      	CLR  R30
000051 bbec      	OUT  EECR,R30
                 
                 ;INTERRUPT VECTORS ARE PLACED
                 ;AT THE START OF FLASH
000052 e0f1      	LDI  R31,1
000053 bffb      	OUT  GICR,R31
000054 bfeb      	OUT  GICR,R30
000055 bfe5      	OUT  MCUCR,R30
                 
                 ;CLEAR R2-R14
000056 e08d      	LDI  R24,(14-2)+1
000057 e0a2      	LDI  R26,2
000058 27bb      	CLR  R27
                 __CLEAR_REG:
000059 93ed      	ST   X+,R30
00005a 958a      	DEC  R24
00005b f7e9      	BRNE __CLEAR_REG
                 
                 ;CLEAR SRAM
00005c e080      	LDI  R24,LOW(__CLEAR_SRAM_SIZE)
00005d e098      	LDI  R25,HIGH(__CLEAR_SRAM_SIZE)
00005e e6a0      	LDI  R26,__SRAM_START
                 __CLEAR_SRAM:
00005f 93ed      	ST   X+,R30
000060 9701      	SBIW R24,1
000061 f7e9      	BRNE __CLEAR_SRAM
                 
                 ;GLOBAL VARIABLES INITIALIZATION
000062 e9e0      	LDI  R30,LOW(__GLOBAL_INI_TBL*2)
000063 e0f0      	LDI  R31,HIGH(__GLOBAL_INI_TBL*2)
                 __GLOBAL_INI_NEXT:
000064 9185      	LPM  R24,Z+
000065 9195      	LPM  R25,Z+
000066 9700      	SBIW R24,0
000067 f061      	BREQ __GLOBAL_INI_END
000068 91a5      	LPM  R26,Z+
000069 91b5      	LPM  R27,Z+
00006a 9005      	LPM  R0,Z+
00006b 9015      	LPM  R1,Z+
00006c 01bf      	MOVW R22,R30
00006d 01f0      	MOVW R30,R0
                 __GLOBAL_INI_LOOP:
00006e 9005      	LPM  R0,Z+
00006f 920d      	ST   X+,R0
000070 9701      	SBIW R24,1
000071 f7e1      	BRNE __GLOBAL_INI_LOOP
000072 01fb      	MOVW R30,R22
000073 cff0      	RJMP __GLOBAL_INI_NEXT
                 __GLOBAL_INI_END:
                 
                 ;HARDWARE STACK POINTER INITIALIZATION
000074 e5ef      	LDI  R30,LOW(__SRAM_END-__HEAP_SIZE)
000075 bfed      	OUT  SPL,R30
000076 e0e8      	LDI  R30,HIGH(__SRAM_END-__HEAP_SIZE)
000077 bfee      	OUT  SPH,R30
                 
                 ;DATA STACK POINTER INITIALIZATION
000078 e6c0      	LDI  R28,LOW(__SRAM_START+__DSTACK_SIZE)
000079 e0d2      	LDI  R29,HIGH(__SRAM_START+__DSTACK_SIZE)
                 
00007a 940c 00bf 	JMP  _main
                 
                 	.ESEG
                 	.ORG 0
                 
                 	.DSEG
                 	.ORG 0x260
                 
                 	.CSEG
                 ;/*******************************************************
                 ;This program was created by the
                 ;CodeWizardAVR V3.12 Advanced
                 ;Automatic Program Generator
                 ;© Copyright 1998-2014 Pavel Haiduc, HP InfoTech s.r.l.
                 ;http://www.hpinfotech.com
                 ;
                 ;Project :
                 ;Version :
                 ;Date    : 1/23/2019
                 ;Author  :
                 ;Company :
                 ;Comments:
                 ;
                 ;
                 ;Chip type               : ATmega32
                 ;Program type            : Application
                 ;AVR Core Clock frequency: 8.000000 MHz
                 ;Memory model            : Small
                 ;External RAM size       : 0
                 ;Data Stack size         : 512
                 ;*******************************************************/
                 ;
                 ;#include <mega32.h>
                 	#ifndef __SLEEP_DEFINED__
                 	#define __SLEEP_DEFINED__
                 	.EQU __se_bit=0x80
                 	.EQU __sm_mask=0x70
                 	.EQU __sm_powerdown=0x20
                 	.EQU __sm_powersave=0x30
                 	.EQU __sm_standby=0x60
                 	.EQU __sm_ext_standby=0x70
                 	.EQU __sm_adc_noise_red=0x10
                 	.SET power_ctrl_reg=mcucr
                 	#endif
                 ;#include <stdio.h>
                 ;// Alphanumeric LCD functions
                 ;#include <alcd.h>
                 ;#include <delay.h>
                 ;// Declare your global variables here
                 ;int tem=1;
                 ;int speed=0;
                 ;// Declare your global variables here
                 ;int thous=0;
                 ;unsigned char ACKSlave=22;
                 ;unsigned char ACKMaster=44;
                 ;char lcd_show[32];
                 ;// Timer1 output compare A interrupt service routine
                 ;void send_spi(){
                 ; 0000 0026 void send_spi(){
                 
                 	.CSEG
                 _send_spi:
                 ; .FSTART _send_spi
                 ; 0000 0027         //lcd_clear();
                 ; 0000 0028         //sprintf(lcd_show,"tr=%d ",tem);
                 ; 0000 0029         //lcd_puts(lcd_show);
                 ; 0000 002A         SPDR=tem;
00007c b84f      	OUT  0xF,R4
                 ; 0000 002B 
                 ; 0000 002C }
00007d 9508      	RET
                 ; .FEND
                 ;
                 ;// Timer1 output compare A interrupt service routine
                 ;interrupt [TIM1_COMPA] void timer1_compa_isr(void)
                 ; 0000 0030 {
                 _timer1_compa_isr:
                 ; .FSTART _timer1_compa_isr
00007e 940e 037f 	CALL SUBOPT_0x0
                 ; 0000 0031 // Place your code here
                 ; 0000 0032     thous++;
000080 01f4      	MOVW R30,R8
000081 9631      	ADIW R30,1
000082 014f      	MOVW R8,R30
                 ; 0000 0033     if(thous==995){
000083 eee3      	LDI  R30,LOW(995)
000084 e0f3      	LDI  R31,HIGH(995)
000085 15e8      	CP   R30,R8
000086 05f9      	CPC  R31,R9
000087 f419      	BRNE _0x3
                 ; 0000 0034         thous=0;
000088 2488      	CLR  R8
000089 2499      	CLR  R9
                 ; 0000 0035         send_spi();
00008a dff1      	RCALL _send_spi
                 ; 0000 0036     }
                 ; 0000 0037 }
                 _0x3:
00008b c025      	RJMP _0xC
                 ; .FEND
                 ;int flag=0;
                 ;unsigned char data;
                 ;// SPI interrupt service routine
                 ;interrupt [SPI_STC] void spi_isr(void)
                 ; 0000 003C {
                 _spi_isr:
                 ; .FSTART _spi_isr
00008c 940e 037f 	CALL SUBOPT_0x0
                 ; 0000 003D 
                 ; 0000 003E data=SPDR;
00008e b1ef      	IN   R30,0xF
00008f 93e0 0280 	STS  _data,R30
                 ; 0000 003F //sprintf(lcd_show,"r=%d ",data);
                 ; 0000 0040 //lcd_puts(lcd_show);
                 ; 0000 0041 if(flag==0){
000091 2c0c      	MOV  R0,R12
000092 280d      	OR   R0,R13
000093 f4c1      	BRNE _0x4
                 ; 0000 0042     if(data==ACKMaster){
000094 91a0 0280 	LDS  R26,_data
000096 16aa      	CP   R10,R26
000097 f499      	BRNE _0x5
                 ; 0000 0043 
                 ; 0000 0044         if(tem%5==0){
000098 01d2      	MOVW R26,R4
000099 e0e5      	LDI  R30,LOW(5)
00009a e0f0      	LDI  R31,HIGH(5)
00009b 940e 03f1 	CALL __MODW21
00009d 9730      	SBIW R30,0
00009e f441      	BRNE _0x6
                 ; 0000 0045             flag=1;
00009f e0e1      	LDI  R30,LOW(1)
0000a0 e0f0      	LDI  R31,HIGH(1)
0000a1 016f      	MOVW R12,R30
                 ; 0000 0046             delay_ms(50);
0000a2 e3a2      	LDI  R26,LOW(50)
0000a3 e0b0      	LDI  R27,0
0000a4 940e 03c7 	CALL _delay_ms
                 ; 0000 0047             SPDR=ACKSlave;
0000a6 b8bf      	OUT  0xF,R11
                 ; 0000 0048             //sprintf(lcd_show,"t=%d",ACKSlave);
                 ; 0000 0049             //lcd_puts(lcd_show);
                 ; 0000 004A 			//tem++;
                 ; 0000 004B         }
                 ; 0000 004C         tem++;
                 _0x6:
0000a7 01f2      	MOVW R30,R4
0000a8 9631      	ADIW R30,1
0000a9 012f      	MOVW R4,R30
0000aa 9731      	SBIW R30,1
                 ; 0000 004D     }
                 ; 0000 004E }else{
                 _0x5:
0000ab c005      	RJMP _0x7
                 _0x4:
                 ; 0000 004F     flag=0;
0000ac 24cc      	CLR  R12
0000ad 24dd      	CLR  R13
                 ; 0000 0050     speed=data;
0000ae 9060 0280 	LDS  R6,_data
0000b0 2477      	CLR  R7
                 ; 0000 0051     //sprintf(lcd_show,"speed=%d",speed);
                 ; 0000 0052     //lcd_puts(lcd_show);
                 ; 0000 0053 }
                 _0x7:
                 ; 0000 0054 // Place your code here
                 ; 0000 0055 
                 ; 0000 0056 }
                 _0xC:
0000b1 91e9      	LD   R30,Y+
0000b2 bfef      	OUT  SREG,R30
0000b3 91f9      	LD   R31,Y+
0000b4 91e9      	LD   R30,Y+
0000b5 91b9      	LD   R27,Y+
0000b6 91a9      	LD   R26,Y+
0000b7 9199      	LD   R25,Y+
0000b8 9189      	LD   R24,Y+
0000b9 9179      	LD   R23,Y+
0000ba 9169      	LD   R22,Y+
0000bb 90f9      	LD   R15,Y+
0000bc 9019      	LD   R1,Y+
0000bd 9009      	LD   R0,Y+
0000be 9518      	RETI
                 ; .FEND
                 ;
                 ;void main(void)
                 ; 0000 0059 {
                 _main:
                 ; .FSTART _main
                 ; 0000 005A // Declare your local variables here
                 ; 0000 005B 
                 ; 0000 005C // Input/Output Ports initialization
                 ; 0000 005D // Port A initialization
                 ; 0000 005E // Function: Bit7=In Bit6=In Bit5=In Bit4=In Bit3=In Bit2=In Bit1=In Bit0=In
                 ; 0000 005F DDRA=(0<<DDA7) | (0<<DDA6) | (0<<DDA5) | (0<<DDA4) | (0<<DDA3) | (0<<DDA2) | (0<<DDA1) | (0<<DDA0);
0000bf e0e0      	LDI  R30,LOW(0)
0000c0 bbea      	OUT  0x1A,R30
                 ; 0000 0060 // State: Bit7=T Bit6=T Bit5=T Bit4=T Bit3=T Bit2=T Bit1=T Bit0=T
                 ; 0000 0061 PORTA=(0<<PORTA7) | (0<<PORTA6) | (0<<PORTA5) | (0<<PORTA4) | (0<<PORTA3) | (0<<PORTA2) | (0<<PORTA1) | (0<<PORTA0);
0000c1 bbeb      	OUT  0x1B,R30
                 ; 0000 0062 
                 ; 0000 0063 // Port B initialization
                 ; 0000 0064 // Function: Bit7=In Bit6=Out Bit5=In Bit4=In Bit3=In Bit2=In Bit1=In Bit0=In
                 ; 0000 0065 DDRB=(0<<DDB7) | (1<<DDB6) | (0<<DDB5) | (0<<DDB4) | (0<<DDB3) | (0<<DDB2) | (0<<DDB1) | (0<<DDB0);
0000c2 e4e0      	LDI  R30,LOW(64)
0000c3 bbe7      	OUT  0x17,R30
                 ; 0000 0066 // State: Bit7=T Bit6=0 Bit5=T Bit4=T Bit3=T Bit2=T Bit1=T Bit0=T
                 ; 0000 0067 PORTB=(0<<PORTB7) | (0<<PORTB6) | (0<<PORTB5) | (0<<PORTB4) | (0<<PORTB3) | (0<<PORTB2) | (0<<PORTB1) | (0<<PORTB0);
0000c4 e0e0      	LDI  R30,LOW(0)
0000c5 bbe8      	OUT  0x18,R30
                 ; 0000 0068 
                 ; 0000 0069 // Port C initialization
                 ; 0000 006A // Function: Bit7=In Bit6=In Bit5=In Bit4=In Bit3=In Bit2=In Bit1=In Bit0=In
                 ; 0000 006B DDRC=(0<<DDC7) | (0<<DDC6) | (0<<DDC5) | (0<<DDC4) | (0<<DDC3) | (0<<DDC2) | (0<<DDC1) | (0<<DDC0);
0000c6 bbe4      	OUT  0x14,R30
                 ; 0000 006C // State: Bit7=T Bit6=T Bit5=T Bit4=T Bit3=T Bit2=T Bit1=T Bit0=T
                 ; 0000 006D PORTC=(0<<PORTC7) | (0<<PORTC6) | (0<<PORTC5) | (0<<PORTC4) | (0<<PORTC3) | (0<<PORTC2) | (0<<PORTC1) | (0<<PORTC0);
0000c7 bbe5      	OUT  0x15,R30
                 ; 0000 006E 
                 ; 0000 006F // Port D initialization
                 ; 0000 0070 // Function: Bit7=In Bit6=In Bit5=In Bit4=In Bit3=In Bit2=In Bit1=In Bit0=In
                 ; 0000 0071 DDRD=(0<<DDD7) | (0<<DDD6) | (0<<DDD5) | (0<<DDD4) | (0<<DDD3) | (0<<DDD2) | (0<<DDD1) | (0<<DDD0);
0000c8 bbe1      	OUT  0x11,R30
                 ; 0000 0072 // State: Bit7=T Bit6=T Bit5=T Bit4=T Bit3=T Bit2=T Bit1=T Bit0=T
                 ; 0000 0073 PORTD=(0<<PORTD7) | (0<<PORTD6) | (0<<PORTD5) | (0<<PORTD4) | (0<<PORTD3) | (0<<PORTD2) | (0<<PORTD1) | (0<<PORTD0);
0000c9 bbe2      	OUT  0x12,R30
                 ; 0000 0074 
                 ; 0000 0075 // Timer/Counter 0 initialization
                 ; 0000 0076 // Clock source: System Clock
                 ; 0000 0077 // Clock value: Timer 0 Stopped
                 ; 0000 0078 // Mode: Normal top=0xFF
                 ; 0000 0079 // OC0 output: Disconnected
                 ; 0000 007A TCCR0=(0<<WGM00) | (0<<COM01) | (0<<COM00) | (0<<WGM01) | (0<<CS02) | (0<<CS01) | (0<<CS00);
0000ca bfe3      	OUT  0x33,R30
                 ; 0000 007B TCNT0=0x00;
0000cb bfe2      	OUT  0x32,R30
                 ; 0000 007C OCR0=0x00;
0000cc bfec      	OUT  0x3C,R30
                 ; 0000 007D 
                 ; 0000 007E // Timer/Counter 1 initialization
                 ; 0000 007F // Clock source: System Clock
                 ; 0000 0080 // Clock value: 8000.000 kHz
                 ; 0000 0081 // Mode: CTC top=OCR1A
                 ; 0000 0082 // OC1A output: Disconnected
                 ; 0000 0083 // OC1B output: Disconnected
                 ; 0000 0084 // Noise Canceler: Off
                 ; 0000 0085 // Input Capture on Falling Edge
                 ; 0000 0086 // Timer Period: 1 ms
                 ; 0000 0087 // Timer1 Overflow Interrupt: Off
                 ; 0000 0088 // Input Capture Interrupt: Off
                 ; 0000 0089 // Compare A Match Interrupt: On
                 ; 0000 008A // Compare B Match Interrupt: Off
                 ; 0000 008B TCCR1A=(0<<COM1A1) | (0<<COM1A0) | (0<<COM1B1) | (0<<COM1B0) | (0<<WGM11) | (0<<WGM10);
0000cd bdef      	OUT  0x2F,R30
                 ; 0000 008C TCCR1B=(0<<ICNC1) | (0<<ICES1) | (0<<WGM13) | (1<<WGM12) | (0<<CS12) | (0<<CS11) | (1<<CS10);
0000ce e0e9      	LDI  R30,LOW(9)
0000cf bdee      	OUT  0x2E,R30
                 ; 0000 008D TCNT1H=0x00;
0000d0 e0e0      	LDI  R30,LOW(0)
0000d1 bded      	OUT  0x2D,R30
                 ; 0000 008E TCNT1L=0x00;
0000d2 bdec      	OUT  0x2C,R30
                 ; 0000 008F ICR1H=0x00;
0000d3 bde7      	OUT  0x27,R30
                 ; 0000 0090 ICR1L=0x00;
0000d4 bde6      	OUT  0x26,R30
                 ; 0000 0091 OCR1AH=0x1F;
0000d5 e1ef      	LDI  R30,LOW(31)
0000d6 bdeb      	OUT  0x2B,R30
                 ; 0000 0092 OCR1AL=0x3F;
0000d7 e3ef      	LDI  R30,LOW(63)
0000d8 bdea      	OUT  0x2A,R30
                 ; 0000 0093 OCR1BH=0x00;
0000d9 e0e0      	LDI  R30,LOW(0)
0000da bde9      	OUT  0x29,R30
                 ; 0000 0094 OCR1BL=0x00;
0000db bde8      	OUT  0x28,R30
                 ; 0000 0095 
                 ; 0000 0096 // Timer/Counter 2 initialization
                 ; 0000 0097 // Clock source: System Clock
                 ; 0000 0098 // Clock value: Timer2 Stopped
                 ; 0000 0099 // Mode: Normal top=0xFF
                 ; 0000 009A // OC2 output: Disconnected
                 ; 0000 009B ASSR=0<<AS2;
0000dc bde2      	OUT  0x22,R30
                 ; 0000 009C TCCR2=(0<<PWM2) | (0<<COM21) | (0<<COM20) | (0<<CTC2) | (0<<CS22) | (0<<CS21) | (0<<CS20);
0000dd bde5      	OUT  0x25,R30
                 ; 0000 009D TCNT2=0x00;
0000de bde4      	OUT  0x24,R30
                 ; 0000 009E OCR2=0x00;
0000df bde3      	OUT  0x23,R30
                 ; 0000 009F 
                 ; 0000 00A0 // Timer(s)/Counter(s) Interrupt(s) initialization
                 ; 0000 00A1 TIMSK=(0<<OCIE2) | (0<<TOIE2) | (0<<TICIE1) | (1<<OCIE1A) | (0<<OCIE1B) | (0<<TOIE1) | (0<<OCIE0) | (0<<TOIE0);
0000e0 e1e0      	LDI  R30,LOW(16)
0000e1 bfe9      	OUT  0x39,R30
                 ; 0000 00A2 
                 ; 0000 00A3 // External Interrupt(s) initialization
                 ; 0000 00A4 // INT0: Off
                 ; 0000 00A5 // INT1: Off
                 ; 0000 00A6 // INT2: Off
                 ; 0000 00A7 MCUCR=(0<<ISC11) | (0<<ISC10) | (0<<ISC01) | (0<<ISC00);
0000e2 e0e0      	LDI  R30,LOW(0)
0000e3 bfe5      	OUT  0x35,R30
                 ; 0000 00A8 MCUCSR=(0<<ISC2);
0000e4 bfe4      	OUT  0x34,R30
                 ; 0000 00A9 
                 ; 0000 00AA // USART initialization
                 ; 0000 00AB // USART disabled
                 ; 0000 00AC UCSRB=(0<<RXCIE) | (0<<TXCIE) | (0<<UDRIE) | (0<<RXEN) | (0<<TXEN) | (0<<UCSZ2) | (0<<RXB8) | (0<<TXB8);
0000e5 b9ea      	OUT  0xA,R30
                 ; 0000 00AD 
                 ; 0000 00AE // Analog Comparator initialization
                 ; 0000 00AF // Analog Comparator: Off
                 ; 0000 00B0 // The Analog Comparator's positive input is
                 ; 0000 00B1 // connected to the AIN0 pin
                 ; 0000 00B2 // The Analog Comparator's negative input is
                 ; 0000 00B3 // connected to the AIN1 pin
                 ; 0000 00B4 ACSR=(1<<ACD) | (0<<ACBG) | (0<<ACO) | (0<<ACI) | (0<<ACIE) | (0<<ACIC) | (0<<ACIS1) | (0<<ACIS0);
0000e6 e8e0      	LDI  R30,LOW(128)
0000e7 b9e8      	OUT  0x8,R30
                 ; 0000 00B5 SFIOR=(0<<ACME);
0000e8 e0e0      	LDI  R30,LOW(0)
0000e9 bfe0      	OUT  0x30,R30
                 ; 0000 00B6 
                 ; 0000 00B7 // ADC initialization
                 ; 0000 00B8 // ADC disabled
                 ; 0000 00B9 ADCSRA=(0<<ADEN) | (0<<ADSC) | (0<<ADATE) | (0<<ADIF) | (0<<ADIE) | (0<<ADPS2) | (0<<ADPS1) | (0<<ADPS0);
0000ea b9e6      	OUT  0x6,R30
                 ; 0000 00BA 
                 ; 0000 00BB // SPI initialization
                 ; 0000 00BC // SPI Type: Slave
                 ; 0000 00BD // SPI Clock Rate: 2000.000 kHz
                 ; 0000 00BE // SPI Clock Phase: Cycle Start
                 ; 0000 00BF // SPI Clock Polarity: Low
                 ; 0000 00C0 // SPI Data Order: MSB First
                 ; 0000 00C1 SPCR=(1<<SPIE) | (1<<SPE) | (0<<DORD) | (0<<MSTR) | (0<<CPOL) | (0<<CPHA) | (0<<SPR1) | (0<<SPR0);
0000eb ece0      	LDI  R30,LOW(192)
0000ec b9ed      	OUT  0xD,R30
                 ; 0000 00C2 SPSR=(0<<SPI2X);
0000ed e0e0      	LDI  R30,LOW(0)
0000ee b9ee      	OUT  0xE,R30
                 ; 0000 00C3 
                 ; 0000 00C4 // Clear the SPI interrupt flag
                 ; 0000 00C5 #asm
                 ; 0000 00C6     in   r30,spsr
0000ef b1ee          in   r30,spsr
                 ; 0000 00C7     in   r30,spdr
0000f0 b1ef          in   r30,spdr
                 ; 0000 00C8 #endasm
                 ; 0000 00C9 
                 ; 0000 00CA // TWI initialization
                 ; 0000 00CB // TWI disabled
                 ; 0000 00CC TWCR=(0<<TWEA) | (0<<TWSTA) | (0<<TWSTO) | (0<<TWEN) | (0<<TWIE);
0000f1 e0e0      	LDI  R30,LOW(0)
0000f2 bfe6      	OUT  0x36,R30
                 ; 0000 00CD 
                 ; 0000 00CE // Alphanumeric LCD initialization
                 ; 0000 00CF // Connections are specified in the
                 ; 0000 00D0 // Project|Configure|C Compiler|Libraries|Alphanumeric LCD menu:
                 ; 0000 00D1 // RS - PORTA Bit 0
                 ; 0000 00D2 // RD - PORTA Bit 1
                 ; 0000 00D3 // EN - PORTA Bit 2
                 ; 0000 00D4 // D4 - PORTA Bit 4
                 ; 0000 00D5 // D5 - PORTA Bit 5
                 ; 0000 00D6 // D6 - PORTA Bit 6
                 ; 0000 00D7 // D7 - PORTA Bit 7
                 ; 0000 00D8 // Characters/line: 16
                 ; 0000 00D9 lcd_init(16);
0000f3 e1a0      	LDI  R26,LOW(16)
0000f4 940e 0337 	CALL _lcd_init
                 ; 0000 00DA 
                 ; 0000 00DB // Global enable interrupts
                 ; 0000 00DC #asm("sei")
0000f6 9478      	sei
                 ; 0000 00DD 
                 ; 0000 00DE while (1)
                 _0x8:
                 ; 0000 00DF       {
                 ; 0000 00E0       // Place your code here
                 ; 0000 00E1        lcd_gotoxy(0,0);
0000f7 e0e0      	LDI  R30,LOW(0)
0000f8 93ea      	ST   -Y,R30
0000f9 e0a0      	LDI  R26,LOW(0)
0000fa 940e 02e7 	CALL _lcd_gotoxy
                 ; 0000 00E2        sprintf(lcd_show,"speed=%d tem=%d data=%d     ",speed,tem,data);
0000fc e6e0      	LDI  R30,LOW(_lcd_show)
0000fd e0f2      	LDI  R31,HIGH(_lcd_show)
0000fe 93fa      	ST   -Y,R31
0000ff 93ea      	ST   -Y,R30
                +
000100 e7e0     +LDI R30 , LOW ( 2 * _0x0 + ( 0 ) )
000101 e0f0     +LDI R31 , HIGH ( 2 * _0x0 + ( 0 ) )
                 	__POINTW1FN _0x0,0
000102 93fa      	ST   -Y,R31
000103 93ea      	ST   -Y,R30
000104 01f3      	MOVW R30,R6
000105 940e 03d9 	CALL __CWD1
000107 940e 0407 	CALL __PUTPARD1
000109 01f2      	MOVW R30,R4
00010a 940e 03d9 	CALL __CWD1
00010c 940e 0407 	CALL __PUTPARD1
00010e 91e0 0280 	LDS  R30,_data
000110 27ff      	CLR  R31
000111 2766      	CLR  R22
000112 2777      	CLR  R23
000113 940e 0407 	CALL __PUTPARD1
000115 e08c      	LDI  R24,12
000116 940e 0293 	CALL _sprintf
000118 9660      	ADIW R28,16
                 ; 0000 00E3        lcd_puts(lcd_show);
000119 e6a0      	LDI  R26,LOW(_lcd_show)
00011a e0b2      	LDI  R27,HIGH(_lcd_show)
00011b 940e 0326 	CALL _lcd_puts
                 ; 0000 00E4       }
00011d cfd9      	RJMP _0x8
                 ; 0000 00E5 }
                 _0xB:
00011e cfff      	RJMP _0xB
                 ; .FEND
                 	#ifndef __SLEEP_DEFINED__
                 	#endif
                 
                 	.CSEG
                 _put_buff_G100:
                 ; .FSTART _put_buff_G100
00011f 93ba      	ST   -Y,R27
000120 93aa      	ST   -Y,R26
000121 931a      	ST   -Y,R17
000122 930a      	ST   -Y,R16
000123 81aa      	LDD  R26,Y+2
000124 81bb      	LDD  R27,Y+2+1
000125 9612      	ADIW R26,2
000126 940e 03ff 	CALL __GETW1P
000128 9730      	SBIW R30,0
000129 f159      	BREQ _0x2000010
00012a 81aa      	LDD  R26,Y+2
00012b 81bb      	LDD  R27,Y+2+1
00012c 9614      	ADIW R26,4
00012d 940e 03ff 	CALL __GETW1P
00012f 018f      	MOVW R16,R30
000130 9730      	SBIW R30,0
000131 f061      	BREQ _0x2000012
                +
000132 3002     +CPI R16 , LOW ( 2 )
000133 e0e0     +LDI R30 , HIGH ( 2 )
000134 071e     +CPC R17 , R30
                 	__CPWRN 16,17,2
000135 f098      	BRLO _0x2000013
000136 01f8      	MOVW R30,R16
000137 9731      	SBIW R30,1
000138 018f      	MOVW R16,R30
                +
000139 81aa     +LDD R26 , Y + 2
00013a 81bb     +LDD R27 , Y + 2 + 1
00013b 9614     +ADIW R26 , 4
00013c 93ed     +ST X + , R30
00013d 93fc     +ST X , R31
                 	__PUTW1SNS 2,4
                 _0x2000012:
00013e 81aa      	LDD  R26,Y+2
00013f 81bb      	LDD  R27,Y+2+1
000140 9612      	ADIW R26,2
000141 91ed      	LD   R30,X+
000142 91fd      	LD   R31,X+
000143 9631      	ADIW R30,1
000144 93fe      	ST   -X,R31
000145 93ee      	ST   -X,R30
000146 9731      	SBIW R30,1
000147 81ac      	LDD  R26,Y+4
000148 83a0      	STD  Z+0,R26
                 _0x2000013:
000149 81aa      	LDD  R26,Y+2
00014a 81bb      	LDD  R27,Y+2+1
00014b 940e 03ff 	CALL __GETW1P
00014d 23ff      	TST  R31
00014e f02a      	BRMI _0x2000014
00014f 91ed      	LD   R30,X+
000150 91fd      	LD   R31,X+
000151 9631      	ADIW R30,1
000152 93fe      	ST   -X,R31
000153 93ee      	ST   -X,R30
                 _0x2000014:
000154 c006      	RJMP _0x2000015
                 _0x2000010:
000155 81aa      	LDD  R26,Y+2
000156 81bb      	LDD  R27,Y+2+1
000157 efef      	LDI  R30,LOW(65535)
000158 efff      	LDI  R31,HIGH(65535)
000159 93ed      	ST   X+,R30
00015a 93fc      	ST   X,R31
                 _0x2000015:
00015b 8119      	LDD  R17,Y+1
00015c 8108      	LDD  R16,Y+0
00015d 9625      	ADIW R28,5
00015e 9508      	RET
                 ; .FEND
                 __print_G100:
                 ; .FSTART __print_G100
00015f 93ba      	ST   -Y,R27
000160 93aa      	ST   -Y,R26
000161 9726      	SBIW R28,6
000162 940e 040c 	CALL __SAVELOCR6
000164 e010      	LDI  R17,0
000165 85ac      	LDD  R26,Y+12
000166 85bd      	LDD  R27,Y+12+1
000167 e0e0      	LDI  R30,LOW(0)
000168 e0f0      	LDI  R31,HIGH(0)
000169 93ed      	ST   X+,R30
00016a 93fc      	ST   X,R31
                 _0x2000016:
00016b 89ea      	LDD  R30,Y+18
00016c 89fb      	LDD  R31,Y+18+1
00016d 9631      	ADIW R30,1
00016e 8bea      	STD  Y+18,R30
00016f 8bfb      	STD  Y+18+1,R31
000170 9731      	SBIW R30,1
000171 91e4      	LPM  R30,Z
000172 2f2e      	MOV  R18,R30
000173 30e0      	CPI  R30,0
000174 f409      	BRNE PC+2
000175 c115      	RJMP _0x2000018
000176 2fe1      	MOV  R30,R17
000177 30e0      	CPI  R30,0
000178 f439      	BRNE _0x200001C
000179 3225      	CPI  R18,37
00017a f411      	BRNE _0x200001D
00017b e011      	LDI  R17,LOW(1)
00017c c002      	RJMP _0x200001E
                 _0x200001D:
00017d 940e 038d 	CALL SUBOPT_0x1
                 _0x200001E:
00017f c10a      	RJMP _0x200001B
                 _0x200001C:
000180 30e1      	CPI  R30,LOW(0x1)
000181 f4a9      	BRNE _0x200001F
000182 3225      	CPI  R18,37
000183 f419      	BRNE _0x2000020
000184 940e 038d 	CALL SUBOPT_0x1
000186 c102      	RJMP _0x20000CC
                 _0x2000020:
000187 e012      	LDI  R17,LOW(2)
000188 e040      	LDI  R20,LOW(0)
000189 e000      	LDI  R16,LOW(0)
00018a 322d      	CPI  R18,45
00018b f411      	BRNE _0x2000021
00018c e001      	LDI  R16,LOW(1)
00018d c0fc      	RJMP _0x200001B
                 _0x2000021:
00018e 322b      	CPI  R18,43
00018f f411      	BRNE _0x2000022
000190 e24b      	LDI  R20,LOW(43)
000191 c0f8      	RJMP _0x200001B
                 _0x2000022:
000192 3220      	CPI  R18,32
000193 f411      	BRNE _0x2000023
000194 e240      	LDI  R20,LOW(32)
000195 c0f4      	RJMP _0x200001B
                 _0x2000023:
000196 c002      	RJMP _0x2000024
                 _0x200001F:
000197 30e2      	CPI  R30,LOW(0x2)
000198 f439      	BRNE _0x2000025
                 _0x2000024:
000199 e050      	LDI  R21,LOW(0)
00019a e013      	LDI  R17,LOW(3)
00019b 3320      	CPI  R18,48
00019c f411      	BRNE _0x2000026
00019d 6800      	ORI  R16,LOW(128)
00019e c0eb      	RJMP _0x200001B
                 _0x2000026:
00019f c003      	RJMP _0x2000027
                 _0x2000025:
0001a0 30e3      	CPI  R30,LOW(0x3)
0001a1 f009      	BREQ PC+2
0001a2 c0e7      	RJMP _0x200001B
                 _0x2000027:
0001a3 3320      	CPI  R18,48
0001a4 f010      	BRLO _0x200002A
0001a5 332a      	CPI  R18,58
0001a6 f008      	BRLO _0x200002B
                 _0x200002A:
0001a7 c007      	RJMP _0x2000029
                 _0x200002B:
0001a8 e0aa      	LDI  R26,LOW(10)
0001a9 9f5a      	MUL  R21,R26
0001aa 2d50      	MOV  R21,R0
0001ab 2fe2      	MOV  R30,R18
0001ac 53e0      	SUBI R30,LOW(48)
0001ad 0f5e      	ADD  R21,R30
0001ae c0db      	RJMP _0x200001B
                 _0x2000029:
0001af 2fe2      	MOV  R30,R18
0001b0 36e3      	CPI  R30,LOW(0x63)
0001b1 f449      	BRNE _0x200002F
0001b2 940e 0394 	CALL SUBOPT_0x2
0001b4 89e8      	LDD  R30,Y+16
0001b5 89f9      	LDD  R31,Y+16+1
0001b6 81a4      	LDD  R26,Z+4
0001b7 93aa      	ST   -Y,R26
0001b8 940e 039a 	CALL SUBOPT_0x3
0001ba c0ce      	RJMP _0x2000030
                 _0x200002F:
0001bb 37e3      	CPI  R30,LOW(0x73)
0001bc f441      	BRNE _0x2000032
0001bd 940e 0394 	CALL SUBOPT_0x2
0001bf 940e 03a0 	CALL SUBOPT_0x4
0001c1 940e 0366 	CALL _strlen
0001c3 2f1e      	MOV  R17,R30
0001c4 c00a      	RJMP _0x2000033
                 _0x2000032:
0001c5 37e0      	CPI  R30,LOW(0x70)
0001c6 f461      	BRNE _0x2000035
0001c7 940e 0394 	CALL SUBOPT_0x2
0001c9 940e 03a0 	CALL SUBOPT_0x4
0001cb 940e 0372 	CALL _strlenf
0001cd 2f1e      	MOV  R17,R30
0001ce 6008      	ORI  R16,LOW(8)
                 _0x2000033:
0001cf 6002      	ORI  R16,LOW(2)
0001d0 770f      	ANDI R16,LOW(127)
0001d1 e030      	LDI  R19,LOW(0)
0001d2 c034      	RJMP _0x2000036
                 _0x2000035:
0001d3 36e4      	CPI  R30,LOW(0x64)
0001d4 f011      	BREQ _0x2000039
0001d5 36e9      	CPI  R30,LOW(0x69)
0001d6 f411      	BRNE _0x200003A
                 _0x2000039:
0001d7 6004      	ORI  R16,LOW(4)
0001d8 c002      	RJMP _0x200003B
                 _0x200003A:
0001d9 37e5      	CPI  R30,LOW(0x75)
0001da f431      	BRNE _0x200003C
                 _0x200003B:
0001db e5e4      	LDI  R30,LOW(_tbl10_G100*2)
0001dc e0f0      	LDI  R31,HIGH(_tbl10_G100*2)
0001dd 83ee      	STD  Y+6,R30
0001de 83ff      	STD  Y+6+1,R31
0001df e015      	LDI  R17,LOW(5)
0001e0 c00c      	RJMP _0x200003D
                 _0x200003C:
0001e1 35e8      	CPI  R30,LOW(0x58)
0001e2 f411      	BRNE _0x200003F
0001e3 6008      	ORI  R16,LOW(8)
0001e4 c003      	RJMP _0x2000040
                 _0x200003F:
0001e5 37e8      	CPI  R30,LOW(0x78)
0001e6 f009      	BREQ PC+2
0001e7 c0a1      	RJMP _0x2000071
                 _0x2000040:
0001e8 e5ee      	LDI  R30,LOW(_tbl16_G100*2)
0001e9 e0f0      	LDI  R31,HIGH(_tbl16_G100*2)
0001ea 83ee      	STD  Y+6,R30
0001eb 83ff      	STD  Y+6+1,R31
0001ec e014      	LDI  R17,LOW(4)
                 _0x200003D:
0001ed ff02      	SBRS R16,2
0001ee c014      	RJMP _0x2000042
0001ef 940e 0394 	CALL SUBOPT_0x2
0001f1 940e 03aa 	CALL SUBOPT_0x5
0001f3 85ab      	LDD  R26,Y+11
0001f4 23aa      	TST  R26
0001f5 f43a      	BRPL _0x2000043
0001f6 85ea      	LDD  R30,Y+10
0001f7 85fb      	LDD  R31,Y+10+1
0001f8 940e 03d5 	CALL __ANEGW1
0001fa 87ea      	STD  Y+10,R30
0001fb 87fb      	STD  Y+10+1,R31
0001fc e24d      	LDI  R20,LOW(45)
                 _0x2000043:
0001fd 3040      	CPI  R20,0
0001fe f011      	BREQ _0x2000044
0001ff 5f1f      	SUBI R17,-LOW(1)
000200 c001      	RJMP _0x2000045
                 _0x2000044:
000201 7f0b      	ANDI R16,LOW(251)
                 _0x2000045:
000202 c004      	RJMP _0x2000046
                 _0x2000042:
000203 940e 0394 	CALL SUBOPT_0x2
000205 940e 03aa 	CALL SUBOPT_0x5
                 _0x2000046:
                 _0x2000036:
000207 fd00      	SBRC R16,0
000208 c011      	RJMP _0x2000047
                 _0x2000048:
000209 1715      	CP   R17,R21
00020a f478      	BRSH _0x200004A
00020b ff07      	SBRS R16,7
00020c c008      	RJMP _0x200004B
00020d ff02      	SBRS R16,2
00020e c004      	RJMP _0x200004C
00020f 7f0b      	ANDI R16,LOW(251)
000210 2f24      	MOV  R18,R20
000211 5011      	SUBI R17,LOW(1)
000212 c001      	RJMP _0x200004D
                 _0x200004C:
000213 e320      	LDI  R18,LOW(48)
                 _0x200004D:
000214 c001      	RJMP _0x200004E
                 _0x200004B:
000215 e220      	LDI  R18,LOW(32)
                 _0x200004E:
000216 940e 038d 	CALL SUBOPT_0x1
000218 5051      	SUBI R21,LOW(1)
000219 cfef      	RJMP _0x2000048
                 _0x200004A:
                 _0x2000047:
00021a 2f31      	MOV  R19,R17
00021b ff01      	SBRS R16,1
00021c c017      	RJMP _0x200004F
                 _0x2000050:
00021d 3030      	CPI  R19,0
00021e f0a1      	BREQ _0x2000052
00021f ff03      	SBRS R16,3
000220 c006      	RJMP _0x2000053
000221 81ee      	LDD  R30,Y+6
000222 81ff      	LDD  R31,Y+6+1
000223 9125      	LPM  R18,Z+
000224 83ee      	STD  Y+6,R30
000225 83ff      	STD  Y+6+1,R31
000226 c005      	RJMP _0x2000054
                 _0x2000053:
000227 81ae      	LDD  R26,Y+6
000228 81bf      	LDD  R27,Y+6+1
000229 912d      	LD   R18,X+
00022a 83ae      	STD  Y+6,R26
00022b 83bf      	STD  Y+6+1,R27
                 _0x2000054:
00022c 940e 038d 	CALL SUBOPT_0x1
00022e 3050      	CPI  R21,0
00022f f009      	BREQ _0x2000055
000230 5051      	SUBI R21,LOW(1)
                 _0x2000055:
000231 5031      	SUBI R19,LOW(1)
000232 cfea      	RJMP _0x2000050
                 _0x2000052:
000233 c04b      	RJMP _0x2000056
                 _0x200004F:
                 _0x2000058:
000234 e320      	LDI  R18,LOW(48)
000235 81ee      	LDD  R30,Y+6
000236 81ff      	LDD  R31,Y+6+1
000237 940e 0403 	CALL __GETW1PF
000239 87e8      	STD  Y+8,R30
00023a 87f9      	STD  Y+8+1,R31
00023b 81ee      	LDD  R30,Y+6
00023c 81ff      	LDD  R31,Y+6+1
00023d 9632      	ADIW R30,2
00023e 83ee      	STD  Y+6,R30
00023f 83ff      	STD  Y+6+1,R31
                 _0x200005A:
000240 85e8      	LDD  R30,Y+8
000241 85f9      	LDD  R31,Y+8+1
000242 85aa      	LDD  R26,Y+10
000243 85bb      	LDD  R27,Y+10+1
000244 17ae      	CP   R26,R30
000245 07bf      	CPC  R27,R31
000246 f050      	BRLO _0x200005C
000247 5f2f      	SUBI R18,-LOW(1)
000248 85a8      	LDD  R26,Y+8
000249 85b9      	LDD  R27,Y+8+1
00024a 85ea      	LDD  R30,Y+10
00024b 85fb      	LDD  R31,Y+10+1
00024c 1bea      	SUB  R30,R26
00024d 0bfb      	SBC  R31,R27
00024e 87ea      	STD  Y+10,R30
00024f 87fb      	STD  Y+10+1,R31
000250 cfef      	RJMP _0x200005A
                 _0x200005C:
000251 332a      	CPI  R18,58
000252 f028      	BRLO _0x200005D
000253 ff03      	SBRS R16,3
000254 c002      	RJMP _0x200005E
000255 5f29      	SUBI R18,-LOW(7)
000256 c001      	RJMP _0x200005F
                 _0x200005E:
000257 5d29      	SUBI R18,-LOW(39)
                 _0x200005F:
                 _0x200005D:
000258 fd04      	SBRC R16,4
000259 c01a      	RJMP _0x2000061
00025a 3321      	CPI  R18,49
00025b f420      	BRSH _0x2000063
00025c 85a8      	LDD  R26,Y+8
00025d 85b9      	LDD  R27,Y+8+1
00025e 9711      	SBIW R26,1
00025f f409      	BRNE _0x2000062
                 _0x2000063:
000260 c009      	RJMP _0x20000CD
                 _0x2000062:
000261 1753      	CP   R21,R19
000262 f010      	BRLO _0x2000067
000263 ff00      	SBRS R16,0
000264 c001      	RJMP _0x2000068
                 _0x2000067:
000265 c013      	RJMP _0x2000066
                 _0x2000068:
000266 e220      	LDI  R18,LOW(32)
000267 ff07      	SBRS R16,7
000268 c00b      	RJMP _0x2000069
000269 e320      	LDI  R18,LOW(48)
                 _0x20000CD:
00026a 6100      	ORI  R16,LOW(16)
00026b ff02      	SBRS R16,2
00026c c007      	RJMP _0x200006A
00026d 7f0b      	ANDI R16,LOW(251)
00026e 934a      	ST   -Y,R20
00026f 940e 039a 	CALL SUBOPT_0x3
000271 3050      	CPI  R21,0
000272 f009      	BREQ _0x200006B
000273 5051      	SUBI R21,LOW(1)
                 _0x200006B:
                 _0x200006A:
                 _0x2000069:
                 _0x2000061:
000274 940e 038d 	CALL SUBOPT_0x1
000276 3050      	CPI  R21,0
000277 f009      	BREQ _0x200006C
000278 5051      	SUBI R21,LOW(1)
                 _0x200006C:
                 _0x2000066:
000279 5031      	SUBI R19,LOW(1)
00027a 85a8      	LDD  R26,Y+8
00027b 85b9      	LDD  R27,Y+8+1
00027c 9712      	SBIW R26,2
00027d f008      	BRLO _0x2000059
00027e cfb5      	RJMP _0x2000058
                 _0x2000059:
                 _0x2000056:
00027f ff00      	SBRS R16,0
000280 c008      	RJMP _0x200006D
                 _0x200006E:
000281 3050      	CPI  R21,0
000282 f031      	BREQ _0x2000070
000283 5051      	SUBI R21,LOW(1)
000284 e2e0      	LDI  R30,LOW(32)
000285 93ea      	ST   -Y,R30
000286 940e 039a 	CALL SUBOPT_0x3
000288 cff8      	RJMP _0x200006E
                 _0x2000070:
                 _0x200006D:
                 _0x2000071:
                 _0x2000030:
                 _0x20000CC:
000289 e010      	LDI  R17,LOW(0)
                 _0x200001B:
00028a cee0      	RJMP _0x2000016
                 _0x2000018:
00028b 85ac      	LDD  R26,Y+12
00028c 85bd      	LDD  R27,Y+12+1
00028d 940e 03ff 	CALL __GETW1P
00028f 940e 0413 	CALL __LOADLOCR6
000291 9664      	ADIW R28,20
000292 9508      	RET
                 ; .FEND
                 _sprintf:
                 ; .FSTART _sprintf
000293 92ff      	PUSH R15
000294 2ef8      	MOV  R15,R24
000295 9726      	SBIW R28,6
000296 940e 040e 	CALL __SAVELOCR4
000298 940e 03b2 	CALL SUBOPT_0x6
00029a 9730      	SBIW R30,0
00029b f419      	BRNE _0x2000072
00029c efef      	LDI  R30,LOW(65535)
00029d efff      	LDI  R31,HIGH(65535)
00029e c023      	RJMP _0x2080002
                 _0x2000072:
00029f 01de      	MOVW R26,R28
0002a0 9616      	ADIW R26,6
0002a1 940e 03d1 	CALL __ADDW2R15
0002a3 018d      	MOVW R16,R26
0002a4 940e 03b2 	CALL SUBOPT_0x6
0002a6 83ee      	STD  Y+6,R30
0002a7 83ff      	STD  Y+6+1,R31
0002a8 e0e0      	LDI  R30,LOW(0)
0002a9 87e8      	STD  Y+8,R30
0002aa 87e9      	STD  Y+8+1,R30
0002ab 01de      	MOVW R26,R28
0002ac 961a      	ADIW R26,10
0002ad 940e 03d1 	CALL __ADDW2R15
0002af 940e 03ff 	CALL __GETW1P
0002b1 93fa      	ST   -Y,R31
0002b2 93ea      	ST   -Y,R30
0002b3 931a      	ST   -Y,R17
0002b4 930a      	ST   -Y,R16
0002b5 e1ef      	LDI  R30,LOW(_put_buff_G100)
0002b6 e0f1      	LDI  R31,HIGH(_put_buff_G100)
0002b7 93fa      	ST   -Y,R31
0002b8 93ea      	ST   -Y,R30
0002b9 01de      	MOVW R26,R28
0002ba 961a      	ADIW R26,10
0002bb dea3      	RCALL __print_G100
0002bc 019f      	MOVW R18,R30
0002bd 81ae      	LDD  R26,Y+6
0002be 81bf      	LDD  R27,Y+6+1
0002bf e0e0      	LDI  R30,LOW(0)
0002c0 93ec      	ST   X,R30
0002c1 01f9      	MOVW R30,R18
                 _0x2080002:
0002c2 940e 0415 	CALL __LOADLOCR4
0002c4 962a      	ADIW R28,10
0002c5 90ff      	POP  R15
0002c6 9508      	RET
                 ; .FEND
                 	#ifndef __SLEEP_DEFINED__
                 	#endif
                 
                 	.DSEG
                 
                 	.CSEG
                 __lcd_write_nibble_G101:
                 ; .FSTART __lcd_write_nibble_G101
0002c7 93aa      	ST   -Y,R26
0002c8 b3eb      	IN   R30,0x1B
0002c9 70ef      	ANDI R30,LOW(0xF)
0002ca 2fae      	MOV  R26,R30
0002cb 81e8      	LD   R30,Y
0002cc 7fe0      	ANDI R30,LOW(0xF0)
0002cd 2bea      	OR   R30,R26
0002ce bbeb      	OUT  0x1B,R30
                +
0002cf e08d     +LDI R24 , LOW ( 13 )
                +__DELAY_USB_LOOP :
0002d0 958a     +DEC R24
0002d1 f7f1     +BRNE __DELAY_USB_LOOP
                 	__DELAY_USB 13
0002d2 9ada      	SBI  0x1B,2
                +
0002d3 e08d     +LDI R24 , LOW ( 13 )
                +__DELAY_USB_LOOP :
0002d4 958a     +DEC R24
0002d5 f7f1     +BRNE __DELAY_USB_LOOP
                 	__DELAY_USB 13
0002d6 98da      	CBI  0x1B,2
                +
0002d7 e08d     +LDI R24 , LOW ( 13 )
                +__DELAY_USB_LOOP :
0002d8 958a     +DEC R24
0002d9 f7f1     +BRNE __DELAY_USB_LOOP
                 	__DELAY_USB 13
0002da c089      	RJMP _0x2080001
                 ; .FEND
                 __lcd_write_data:
                 ; .FSTART __lcd_write_data
0002db 93aa      	ST   -Y,R26
0002dc 81a8      	LD   R26,Y
0002dd dfe9      	RCALL __lcd_write_nibble_G101
0002de 81e8          ld    r30,y
0002df 95e2          swap  r30
0002e0 83e8          st    y,r30
0002e1 81a8      	LD   R26,Y
0002e2 dfe4      	RCALL __lcd_write_nibble_G101
                +
0002e3 e885     +LDI R24 , LOW ( 133 )
                +__DELAY_USB_LOOP :
0002e4 958a     +DEC R24
0002e5 f7f1     +BRNE __DELAY_USB_LOOP
                 	__DELAY_USB 133
0002e6 c07d      	RJMP _0x2080001
                 ; .FEND
                 _lcd_gotoxy:
                 ; .FSTART _lcd_gotoxy
0002e7 93aa      	ST   -Y,R26
0002e8 81e8      	LD   R30,Y
0002e9 e0f0      	LDI  R31,0
0002ea 57ef      	SUBI R30,LOW(-__base_y_G101)
0002eb 4ffd      	SBCI R31,HIGH(-__base_y_G101)
0002ec 81e0      	LD   R30,Z
0002ed 81a9      	LDD  R26,Y+1
0002ee 0fae      	ADD  R26,R30
0002ef dfeb      	RCALL __lcd_write_data
0002f0 81e9      	LDD  R30,Y+1
0002f1 93e0 0285 	STS  __lcd_x,R30
0002f3 81e8      	LD   R30,Y
0002f4 93e0 0286 	STS  __lcd_y,R30
0002f6 9622      	ADIW R28,2
0002f7 9508      	RET
                 ; .FEND
                 _lcd_clear:
                 ; .FSTART _lcd_clear
0002f8 e0a2      	LDI  R26,LOW(2)
0002f9 940e 03b9 	CALL SUBOPT_0x7
0002fb e0ac      	LDI  R26,LOW(12)
0002fc dfde      	RCALL __lcd_write_data
0002fd e0a1      	LDI  R26,LOW(1)
0002fe 940e 03b9 	CALL SUBOPT_0x7
000300 e0e0      	LDI  R30,LOW(0)
000301 93e0 0286 	STS  __lcd_y,R30
000303 93e0 0285 	STS  __lcd_x,R30
000305 9508      	RET
                 ; .FEND
                 _lcd_putchar:
                 ; .FSTART _lcd_putchar
000306 93aa      	ST   -Y,R26
000307 81a8      	LD   R26,Y
000308 30aa      	CPI  R26,LOW(0xA)
000309 f031      	BREQ _0x2020005
00030a 91e0 0287 	LDS  R30,__lcd_maxx
00030c 91a0 0285 	LDS  R26,__lcd_x
00030e 17ae      	CP   R26,R30
00030f f060      	BRLO _0x2020004
                 _0x2020005:
000310 e0e0      	LDI  R30,LOW(0)
000311 93ea      	ST   -Y,R30
000312 91a0 0286 	LDS  R26,__lcd_y
000314 5faf      	SUBI R26,-LOW(1)
000315 93a0 0286 	STS  __lcd_y,R26
000317 dfcf      	RCALL _lcd_gotoxy
000318 81a8      	LD   R26,Y
000319 30aa      	CPI  R26,LOW(0xA)
00031a f409      	BRNE _0x2020007
00031b c048      	RJMP _0x2080001
                 _0x2020007:
                 _0x2020004:
00031c 91e0 0285 	LDS  R30,__lcd_x
00031e 5fef      	SUBI R30,-LOW(1)
00031f 93e0 0285 	STS  __lcd_x,R30
000321 9ad8      	SBI  0x1B,0
000322 81a8      	LD   R26,Y
000323 dfb7      	RCALL __lcd_write_data
000324 98d8      	CBI  0x1B,0
000325 c03e      	RJMP _0x2080001
                 ; .FEND
                 _lcd_puts:
                 ; .FSTART _lcd_puts
000326 93ba      	ST   -Y,R27
000327 93aa      	ST   -Y,R26
000328 931a      	ST   -Y,R17
                 _0x2020008:
000329 81a9      	LDD  R26,Y+1
00032a 81ba      	LDD  R27,Y+1+1
00032b 91ed      	LD   R30,X+
00032c 83a9      	STD  Y+1,R26
00032d 83ba      	STD  Y+1+1,R27
00032e 2f1e      	MOV  R17,R30
00032f 30e0      	CPI  R30,0
000330 f019      	BREQ _0x202000A
000331 2fa1      	MOV  R26,R17
000332 dfd3      	RCALL _lcd_putchar
000333 cff5      	RJMP _0x2020008
                 _0x202000A:
000334 8118      	LDD  R17,Y+0
000335 9623      	ADIW R28,3
000336 9508      	RET
                 ; .FEND
                 _lcd_init:
                 ; .FSTART _lcd_init
000337 93aa      	ST   -Y,R26
000338 b3ea      	IN   R30,0x1A
000339 6fe0      	ORI  R30,LOW(0xF0)
00033a bbea      	OUT  0x1A,R30
00033b 9ad2      	SBI  0x1A,2
00033c 9ad0      	SBI  0x1A,0
00033d 9ad1      	SBI  0x1A,1
00033e 98da      	CBI  0x1B,2
00033f 98d8      	CBI  0x1B,0
000340 98d9      	CBI  0x1B,1
000341 81e8      	LD   R30,Y
000342 93e0 0287 	STS  __lcd_maxx,R30
000344 58e0      	SUBI R30,-LOW(128)
                +
000345 93e0 0283+STS __base_y_G101 + ( 2 ) , R30
                 	__PUTB1MN __base_y_G101,2
000347 81e8      	LD   R30,Y
000348 54e0      	SUBI R30,-LOW(192)
                +
000349 93e0 0284+STS __base_y_G101 + ( 3 ) , R30
                 	__PUTB1MN __base_y_G101,3
00034b e1a4      	LDI  R26,LOW(20)
00034c e0b0      	LDI  R27,0
00034d 940e 03c7 	CALL _delay_ms
00034f 940e 03bf 	CALL SUBOPT_0x8
000351 940e 03bf 	CALL SUBOPT_0x8
000353 940e 03bf 	CALL SUBOPT_0x8
000355 e2a0      	LDI  R26,LOW(32)
000356 df70      	RCALL __lcd_write_nibble_G101
                +
000357 ec88     +LDI R24 , LOW ( 200 )
000358 e090     +LDI R25 , HIGH ( 200 )
                +__DELAY_USW_LOOP :
000359 9701     +SBIW R24 , 1
00035a f7f1     +BRNE __DELAY_USW_LOOP
                 	__DELAY_USW 200
00035b e2a8      	LDI  R26,LOW(40)
00035c df7e      	RCALL __lcd_write_data
00035d e0a4      	LDI  R26,LOW(4)
00035e df7c      	RCALL __lcd_write_data
00035f e8a5      	LDI  R26,LOW(133)
000360 df7a      	RCALL __lcd_write_data
000361 e0a6      	LDI  R26,LOW(6)
000362 df78      	RCALL __lcd_write_data
000363 df94      	RCALL _lcd_clear
                 _0x2080001:
000364 9621      	ADIW R28,1
000365 9508      	RET
                 ; .FEND
                 
                 	.CSEG
                 
                 	.CSEG
                 _strlen:
                 ; .FSTART _strlen
000366 93ba      	ST   -Y,R27
000367 93aa      	ST   -Y,R26
000368 91a9          ld   r26,y+
000369 91b9          ld   r27,y+
00036a 27ee          clr  r30
00036b 27ff          clr  r31
                 strlen0:
00036c 916d          ld   r22,x+
00036d 2366          tst  r22
00036e f011          breq strlen1
00036f 9631          adiw r30,1
000370 cffb          rjmp strlen0
                 strlen1:
000371 9508          ret
                 ; .FEND
                 _strlenf:
                 ; .FSTART _strlenf
000372 93ba      	ST   -Y,R27
000373 93aa      	ST   -Y,R26
000374 27aa          clr  r26
000375 27bb          clr  r27
000376 91e9          ld   r30,y+
000377 91f9          ld   r31,y+
                 strlenf0:
000378 9005      	lpm  r0,z+
000379 2000          tst  r0
00037a f011          breq strlenf1
00037b 9611          adiw r26,1
00037c cffb          rjmp strlenf0
                 strlenf1:
00037d 01fd          movw r30,r26
00037e 9508          ret
                 ; .FEND
                 
                 	.DSEG
                 _lcd_show:
000260           	.BYTE 0x20
                 _data:
000280           	.BYTE 0x1
                 __base_y_G101:
000281           	.BYTE 0x4
                 __lcd_x:
000285           	.BYTE 0x1
                 __lcd_y:
000286           	.BYTE 0x1
                 __lcd_maxx:
000287           	.BYTE 0x1
                 
                 	.CSEG
                 ;OPTIMIZER ADDED SUBROUTINE, CALLED 2 TIMES, CODE SIZE REDUCTION:8 WORDS
                 SUBOPT_0x0:
00037f 920a      	ST   -Y,R0
000380 921a      	ST   -Y,R1
000381 92fa      	ST   -Y,R15
000382 936a      	ST   -Y,R22
000383 937a      	ST   -Y,R23
000384 938a      	ST   -Y,R24
000385 939a      	ST   -Y,R25
000386 93aa      	ST   -Y,R26
000387 93ba      	ST   -Y,R27
000388 93ea      	ST   -Y,R30
000389 93fa      	ST   -Y,R31
00038a b7ef      	IN   R30,SREG
00038b 93ea      	ST   -Y,R30
00038c 9508      	RET
                 
                 ;OPTIMIZER ADDED SUBROUTINE, CALLED 5 TIMES, CODE SIZE REDUCTION:13 WORDS
                 SUBOPT_0x1:
00038d 932a      	ST   -Y,R18
00038e 85ad      	LDD  R26,Y+13
00038f 85be      	LDD  R27,Y+13+1
000390 85ef      	LDD  R30,Y+15
000391 89f8      	LDD  R31,Y+15+1
000392 9509      	ICALL
000393 9508      	RET
                 
                 ;OPTIMIZER ADDED SUBROUTINE, CALLED 5 TIMES, CODE SIZE REDUCTION:9 WORDS
                 SUBOPT_0x2:
000394 89e8      	LDD  R30,Y+16
000395 89f9      	LDD  R31,Y+16+1
000396 9734      	SBIW R30,4
000397 8be8      	STD  Y+16,R30
000398 8bf9      	STD  Y+16+1,R31
000399 9508      	RET
                 
                 ;OPTIMIZER ADDED SUBROUTINE, CALLED 3 TIMES, CODE SIZE REDUCTION:3 WORDS
                 SUBOPT_0x3:
00039a 85ad      	LDD  R26,Y+13
00039b 85be      	LDD  R27,Y+13+1
00039c 85ef      	LDD  R30,Y+15
00039d 89f8      	LDD  R31,Y+15+1
00039e 9509      	ICALL
00039f 9508      	RET
                 
                 ;OPTIMIZER ADDED SUBROUTINE, CALLED 2 TIMES, CODE SIZE REDUCTION:4 WORDS
                 SUBOPT_0x4:
0003a0 89a8      	LDD  R26,Y+16
0003a1 89b9      	LDD  R27,Y+16+1
0003a2 9614      	ADIW R26,4
0003a3 940e 03ff 	CALL __GETW1P
0003a5 83ee      	STD  Y+6,R30
0003a6 83ff      	STD  Y+6+1,R31
0003a7 81ae      	LDD  R26,Y+6
0003a8 81bf      	LDD  R27,Y+6+1
0003a9 9508      	RET
                 
                 ;OPTIMIZER ADDED SUBROUTINE, CALLED 2 TIMES, CODE SIZE REDUCTION:2 WORDS
                 SUBOPT_0x5:
0003aa 89a8      	LDD  R26,Y+16
0003ab 89b9      	LDD  R27,Y+16+1
0003ac 9614      	ADIW R26,4
0003ad 940e 03ff 	CALL __GETW1P
0003af 87ea      	STD  Y+10,R30
0003b0 87fb      	STD  Y+10+1,R31
0003b1 9508      	RET
                 
                 ;OPTIMIZER ADDED SUBROUTINE, CALLED 2 TIMES, CODE SIZE REDUCTION:1 WORDS
                 SUBOPT_0x6:
0003b2 01de      	MOVW R26,R28
0003b3 961c      	ADIW R26,12
0003b4 940e 03d1 	CALL __ADDW2R15
0003b6 940e 03ff 	CALL __GETW1P
0003b8 9508      	RET
                 
                 ;OPTIMIZER ADDED SUBROUTINE, CALLED 2 TIMES, CODE SIZE REDUCTION:1 WORDS
                 SUBOPT_0x7:
0003b9 940e 02db 	CALL __lcd_write_data
0003bb e0a3      	LDI  R26,LOW(3)
0003bc e0b0      	LDI  R27,0
0003bd 940c 03c7 	JMP  _delay_ms
                 
                 ;OPTIMIZER ADDED SUBROUTINE, CALLED 3 TIMES, CODE SIZE REDUCTION:7 WORDS
                 SUBOPT_0x8:
0003bf e3a0      	LDI  R26,LOW(48)
0003c0 940e 02c7 	CALL __lcd_write_nibble_G101
                +
0003c2 ec88     +LDI R24 , LOW ( 200 )
0003c3 e090     +LDI R25 , HIGH ( 200 )
                +__DELAY_USW_LOOP :
0003c4 9701     +SBIW R24 , 1
0003c5 f7f1     +BRNE __DELAY_USW_LOOP
                 	__DELAY_USW 200
0003c6 9508      	RET
                 
                 
                 	.CSEG
                 _delay_ms:
0003c7 9610      	adiw r26,0
0003c8 f039      	breq __delay_ms1
                 __delay_ms0:
                +
0003c9 ed80     +LDI R24 , LOW ( 0x7D0 )
0003ca e097     +LDI R25 , HIGH ( 0x7D0 )
                +__DELAY_USW_LOOP :
0003cb 9701     +SBIW R24 , 1
0003cc f7f1     +BRNE __DELAY_USW_LOOP
                 	__DELAY_USW 0x7D0
0003cd 95a8      	wdr
0003ce 9711      	sbiw r26,1
0003cf f7c9      	brne __delay_ms0
                 __delay_ms1:
0003d0 9508      	ret
                 
                 __ADDW2R15:
0003d1 2400      	CLR  R0
0003d2 0daf      	ADD  R26,R15
0003d3 1db0      	ADC  R27,R0
0003d4 9508      	RET
                 
                 __ANEGW1:
0003d5 95f1      	NEG  R31
0003d6 95e1      	NEG  R30
0003d7 40f0      	SBCI R31,0
0003d8 9508      	RET
                 
                 __CWD1:
0003d9 2f6f      	MOV  R22,R31
0003da 0f66      	ADD  R22,R22
0003db 0b66      	SBC  R22,R22
0003dc 2f76      	MOV  R23,R22
0003dd 9508      	RET
                 
                 __DIVW21U:
0003de 2400      	CLR  R0
0003df 2411      	CLR  R1
0003e0 e190      	LDI  R25,16
                 __DIVW21U1:
0003e1 0faa      	LSL  R26
0003e2 1fbb      	ROL  R27
0003e3 1c00      	ROL  R0
0003e4 1c11      	ROL  R1
0003e5 1a0e      	SUB  R0,R30
0003e6 0a1f      	SBC  R1,R31
0003e7 f418      	BRCC __DIVW21U2
0003e8 0e0e      	ADD  R0,R30
0003e9 1e1f      	ADC  R1,R31
0003ea c001      	RJMP __DIVW21U3
                 __DIVW21U2:
0003eb 60a1      	SBR  R26,1
                 __DIVW21U3:
0003ec 959a      	DEC  R25
0003ed f799      	BRNE __DIVW21U1
0003ee 01fd      	MOVW R30,R26
0003ef 01d0      	MOVW R26,R0
0003f0 9508      	RET
                 
                 __MODW21:
0003f1 94e8      	CLT
0003f2 ffb7      	SBRS R27,7
0003f3 c004      	RJMP __MODW211
0003f4 95a0      	COM  R26
0003f5 95b0      	COM  R27
0003f6 9611      	ADIW R26,1
0003f7 9468      	SET
                 __MODW211:
0003f8 fdf7      	SBRC R31,7
0003f9 dfdb      	RCALL __ANEGW1
0003fa dfe3      	RCALL __DIVW21U
0003fb 01fd      	MOVW R30,R26
0003fc f40e      	BRTC __MODW212
0003fd dfd7      	RCALL __ANEGW1
                 __MODW212:
0003fe 9508      	RET
                 
                 __GETW1P:
0003ff 91ed      	LD   R30,X+
000400 91fc      	LD   R31,X
000401 9711      	SBIW R26,1
000402 9508      	RET
                 
                 __GETW1PF:
000403 9005      	LPM  R0,Z+
000404 91f4      	LPM  R31,Z
000405 2de0      	MOV  R30,R0
000406 9508      	RET
                 
                 __PUTPARD1:
000407 937a      	ST   -Y,R23
000408 936a      	ST   -Y,R22
000409 93fa      	ST   -Y,R31
00040a 93ea      	ST   -Y,R30
00040b 9508      	RET
                 
                 __SAVELOCR6:
00040c 935a      	ST   -Y,R21
                 __SAVELOCR5:
00040d 934a      	ST   -Y,R20
                 __SAVELOCR4:
00040e 933a      	ST   -Y,R19
                 __SAVELOCR3:
00040f 932a      	ST   -Y,R18
                 __SAVELOCR2:
000410 931a      	ST   -Y,R17
000411 930a      	ST   -Y,R16
000412 9508      	RET
                 
                 __LOADLOCR6:
000413 815d      	LDD  R21,Y+5
                 __LOADLOCR5:
000414 814c      	LDD  R20,Y+4
                 __LOADLOCR4:
000415 813b      	LDD  R19,Y+3
                 __LOADLOCR3:
000416 812a      	LDD  R18,Y+2
                 __LOADLOCR2:
000417 8119      	LDD  R17,Y+1
000418 8108      	LD   R16,Y
000419 9508      	RET
                 
                 ;END OF CODE MARKER
                 __END_OF_CODE:


RESOURCE USE INFORMATION
------------------------

Notice:
The register and instruction counts are symbol table hit counts,
and hence implicitly used resources are not counted, eg, the
'lpm' instruction without operands implicitly uses r0 and z,
none of which are counted.

x,y,z are separate entities in the symbol table and are
counted separately from r26..r31 here.

.dseg memory usage only counts static data declared with .byte

ATmega32 register use summary:
r0 :  20 r1 :   7 r2 :   0 r3 :   0 r4 :   5 r5 :   0 r6 :   2 r7 :   1 
r8 :   4 r9 :   2 r10:   1 r11:   1 r12:   3 r13:   2 r14:   0 r15:   6 
r16:  34 r17:  24 r18:  29 r19:   8 r20:   9 r21:  17 r22:  14 r23:   5 
r24:  25 r25:   9 r26: 114 r27:  43 r28:  14 r29:   1 r30: 236 r31:  68 
x  :  23 y  : 189 z  :  15 
Registers used: 31 out of 35 (88.6%)

ATmega32 instruction use summary:
.lds  :   0 .lds.l:   0 .sts  :   0 .sts.l:   0 adc   :   2 add   :   5 
adiw  :  27 and   :   0 andi  :   6 asr   :   0 bclr  :   0 bld   :   0 
brbc  :   0 brbs  :   0 brcc  :   1 brcs  :   0 break :   0 breq  :  17 
brge  :   0 brhc  :   0 brhs  :   0 brid  :   0 brie  :   0 brlo  :   8 
brlt  :   0 brmi  :   1 brne  :  35 brpl  :   1 brsh  :   2 brtc  :   1 
brts  :   0 brvc  :   0 brvs  :   0 bset  :   0 bst   :   0 call  :  59 
cbi   :   5 cbr   :   0 clc   :   0 clh   :   0 cli   :   1 cln   :   0 
clr   :  17 cls   :   0 clt   :   1 clv   :   0 clz   :   0 com   :   2 
cp    :   6 cpc   :   3 cpi   :  33 cpse  :   0 dec   :   6 des   :   0 
eor   :   0 fmul  :   0 fmuls :   0 fmulsu:   0 icall :   2 ijmp  :   0 
in    :   6 inc   :   0 jmp   :  23 ld    :  38 ldd   :  75 ldi   : 109 
lds   :   7 lpm   :  14 lsl   :   1 lsr   :   0 mov   :  17 movw  :  25 
mul   :   1 muls  :   0 mulsu :   0 neg   :   2 nop   :   0 or    :   2 
ori   :   7 out   :  46 pop   :   1 push  :   1 rcall :  18 ret   :  29 
reti  :   1 rjmp  :  63 rol   :   3 ror   :   0 sbc   :   3 sbci  :   2 
sbi   :   5 sbic  :   0 sbis  :   0 sbiw  :  21 sbr   :   1 sbrc  :   3 
sbrs  :  11 sec   :   0 seh   :   0 sei   :   1 sen   :   0 ser   :   0 
ses   :   0 set   :   1 sev   :   0 sez   :   0 sleep :   0 spm   :   0 
st    :  71 std   :  31 sts   :  10 sub   :   2 subi  :  18 swap  :   1 
tst   :   4 wdr   :   1 
Instructions used: 62 out of 116 (53.4%)

ATmega32 memory use summary [bytes]:
Segment   Begin    End      Code   Data   Used    Size   Use%
---------------------------------------------------------------
[.cseg] 0x000000 0x000834   2026     74   2100   32768   6.4%
[.dseg] 0x000060 0x000288      0     40     40    2048   2.0%
[.eseg] 0x000000 0x000000      0      0      0    1024   0.0%

Assembly complete, 0 errors, 11 warnings
