
AVRASM ver. 2.1.30  D:\university\7term\micro_graderi\project\complete_oneMaster_oneSlave\codeVision\new\slave\Debug\List\slave.asm Wed Jan 23 16:24:14 2019

D:\university\7term\micro_graderi\project\complete_oneMaster_oneSlave\codeVision\new\slave\Debug\List\slave.asm(1088): warning: Register r4 already defined by the .DEF directive
D:\university\7term\micro_graderi\project\complete_oneMaster_oneSlave\codeVision\new\slave\Debug\List\slave.asm(1089): warning: Register r5 already defined by the .DEF directive
D:\university\7term\micro_graderi\project\complete_oneMaster_oneSlave\codeVision\new\slave\Debug\List\slave.asm(1090): warning: Register r6 already defined by the .DEF directive
D:\university\7term\micro_graderi\project\complete_oneMaster_oneSlave\codeVision\new\slave\Debug\List\slave.asm(1091): warning: Register r7 already defined by the .DEF directive
D:\university\7term\micro_graderi\project\complete_oneMaster_oneSlave\codeVision\new\slave\Debug\List\slave.asm(1092): warning: Register r8 already defined by the .DEF directive
D:\university\7term\micro_graderi\project\complete_oneMaster_oneSlave\codeVision\new\slave\Debug\List\slave.asm(1093): warning: Register r9 already defined by the .DEF directive
D:\university\7term\micro_graderi\project\complete_oneMaster_oneSlave\codeVision\new\slave\Debug\List\slave.asm(1094): warning: Register r11 already defined by the .DEF directive
D:\university\7term\micro_graderi\project\complete_oneMaster_oneSlave\codeVision\new\slave\Debug\List\slave.asm(1095): warning: Register r10 already defined by the .DEF directive
D:\university\7term\micro_graderi\project\complete_oneMaster_oneSlave\codeVision\new\slave\Debug\List\slave.asm(1096): warning: Register r12 already defined by the .DEF directive
D:\university\7term\micro_graderi\project\complete_oneMaster_oneSlave\codeVision\new\slave\Debug\List\slave.asm(1097): warning: Register r13 already defined by the .DEF directive
                 
                 
                 ;CodeVisionAVR C Compiler V3.12 Advanced
                 ;(C) Copyright 1998-2014 Pavel Haiduc, HP InfoTech s.r.l.
                 ;http://www.hpinfotech.com
                 
                 ;Build configuration    : Debug
                 ;Chip type              : ATmega32
                 ;Program type           : Application
                 ;Clock frequency        : 8.000000 MHz
                 ;Memory model           : Small
                 ;Optimize for           : Size
                 ;(s)printf features     : int, width
                 ;(s)scanf features      : int, width
                 ;External RAM size      : 0
                 ;Data Stack size        : 512 byte(s)
                 ;Heap size              : 0 byte(s)
                 ;Promote 'char' to 'int': Yes
                 ;'char' is unsigned     : Yes
                 ;8 bit enums            : Yes
                 ;Global 'const' stored in FLASH: Yes
                 ;Enhanced function parameter passing: Yes
                 ;Enhanced core instructions: On
                 ;Automatic register allocation for global variables: On
                 ;Smart register allocation: On
                 
                 	#define _MODEL_SMALL_
                 
                 	#pragma AVRPART ADMIN PART_NAME ATmega32
                 	#pragma AVRPART MEMORY PROG_FLASH 32768
                 	#pragma AVRPART MEMORY EEPROM 1024
                 	#pragma AVRPART MEMORY INT_SRAM SIZE 2048
                 	#pragma AVRPART MEMORY INT_SRAM START_ADDR 0x60
                 
                 	#define CALL_SUPPORTED 1
                 
                 	.LISTMAC
                 	.EQU UDRE=0x5
                 	.EQU RXC=0x7
                 	.EQU USR=0xB
                 	.EQU UDR=0xC
                 	.EQU SPSR=0xE
                 	.EQU SPDR=0xF
                 	.EQU EERE=0x0
                 	.EQU EEWE=0x1
                 	.EQU EEMWE=0x2
                 	.EQU EECR=0x1C
                 	.EQU EEDR=0x1D
                 	.EQU EEARL=0x1E
                 	.EQU EEARH=0x1F
                 	.EQU WDTCR=0x21
                 	.EQU MCUCR=0x35
                 	.EQU GICR=0x3B
                 	.EQU SPL=0x3D
                 	.EQU SPH=0x3E
                 	.EQU SREG=0x3F
                 
                 	.DEF R0X0=R0
                 	.DEF R0X1=R1
                 	.DEF R0X2=R2
                 	.DEF R0X3=R3
                 	.DEF R0X4=R4
                 	.DEF R0X5=R5
                 	.DEF R0X6=R6
                 	.DEF R0X7=R7
                 	.DEF R0X8=R8
                 	.DEF R0X9=R9
                 	.DEF R0XA=R10
                 	.DEF R0XB=R11
                 	.DEF R0XC=R12
                 	.DEF R0XD=R13
                 	.DEF R0XE=R14
                 	.DEF R0XF=R15
                 	.DEF R0X10=R16
                 	.DEF R0X11=R17
                 	.DEF R0X12=R18
                 	.DEF R0X13=R19
                 	.DEF R0X14=R20
                 	.DEF R0X15=R21
                 	.DEF R0X16=R22
                 	.DEF R0X17=R23
                 	.DEF R0X18=R24
                 	.DEF R0X19=R25
                 	.DEF R0X1A=R26
                 	.DEF R0X1B=R27
                 	.DEF R0X1C=R28
                 	.DEF R0X1D=R29
                 	.DEF R0X1E=R30
                 	.DEF R0X1F=R31
                 
                 	.EQU __SRAM_START=0x0060
                 	.EQU __SRAM_END=0x085F
                 	.EQU __DSTACK_SIZE=0x0200
                 	.EQU __HEAP_SIZE=0x0000
                 	.EQU __CLEAR_SRAM_SIZE=__SRAM_END-__SRAM_START+1
                 
                 	.MACRO __CPD1N
                 	CPI  R30,LOW(@0)
                 	LDI  R26,HIGH(@0)
                 	CPC  R31,R26
                 	LDI  R26,BYTE3(@0)
                 	CPC  R22,R26
                 	LDI  R26,BYTE4(@0)
                 	CPC  R23,R26
                 	.ENDM
                 
                 	.MACRO __CPD2N
                 	CPI  R26,LOW(@0)
                 	LDI  R30,HIGH(@0)
                 	CPC  R27,R30
                 	LDI  R30,BYTE3(@0)
                 	CPC  R24,R30
                 	LDI  R30,BYTE4(@0)
                 	CPC  R25,R30
                 	.ENDM
                 
                 	.MACRO __CPWRR
                 	CP   R@0,R@2
                 	CPC  R@1,R@3
                 	.ENDM
                 
                 	.MACRO __CPWRN
                 	CPI  R@0,LOW(@2)
                 	LDI  R30,HIGH(@2)
                 	CPC  R@1,R30
                 	.ENDM
                 
                 	.MACRO __ADDB1MN
                 	SUBI R30,LOW(-@0-(@1))
                 	.ENDM
                 
                 	.MACRO __ADDB2MN
                 	SUBI R26,LOW(-@0-(@1))
                 	.ENDM
                 
                 	.MACRO __ADDW1MN
                 	SUBI R30,LOW(-@0-(@1))
                 	SBCI R31,HIGH(-@0-(@1))
                 	.ENDM
                 
                 	.MACRO __ADDW2MN
                 	SUBI R26,LOW(-@0-(@1))
                 	SBCI R27,HIGH(-@0-(@1))
                 	.ENDM
                 
                 	.MACRO __ADDW1FN
                 	SUBI R30,LOW(-2*@0-(@1))
                 	SBCI R31,HIGH(-2*@0-(@1))
                 	.ENDM
                 
                 	.MACRO __ADDD1FN
                 	SUBI R30,LOW(-2*@0-(@1))
                 	SBCI R31,HIGH(-2*@0-(@1))
                 	SBCI R22,BYTE3(-2*@0-(@1))
                 	.ENDM
                 
                 	.MACRO __ADDD1N
                 	SUBI R30,LOW(-@0)
                 	SBCI R31,HIGH(-@0)
                 	SBCI R22,BYTE3(-@0)
                 	SBCI R23,BYTE4(-@0)
                 	.ENDM
                 
                 	.MACRO __ADDD2N
                 	SUBI R26,LOW(-@0)
                 	SBCI R27,HIGH(-@0)
                 	SBCI R24,BYTE3(-@0)
                 	SBCI R25,BYTE4(-@0)
                 	.ENDM
                 
                 	.MACRO __SUBD1N
                 	SUBI R30,LOW(@0)
                 	SBCI R31,HIGH(@0)
                 	SBCI R22,BYTE3(@0)
                 	SBCI R23,BYTE4(@0)
                 	.ENDM
                 
                 	.MACRO __SUBD2N
                 	SUBI R26,LOW(@0)
                 	SBCI R27,HIGH(@0)
                 	SBCI R24,BYTE3(@0)
                 	SBCI R25,BYTE4(@0)
                 	.ENDM
                 
                 	.MACRO __ANDBMNN
                 	LDS  R30,@0+(@1)
                 	ANDI R30,LOW(@2)
                 	STS  @0+(@1),R30
                 	.ENDM
                 
                 	.MACRO __ANDWMNN
                 	LDS  R30,@0+(@1)
                 	ANDI R30,LOW(@2)
                 	STS  @0+(@1),R30
                 	LDS  R30,@0+(@1)+1
                 	ANDI R30,HIGH(@2)
                 	STS  @0+(@1)+1,R30
                 	.ENDM
                 
                 	.MACRO __ANDD1N
                 	ANDI R30,LOW(@0)
                 	ANDI R31,HIGH(@0)
                 	ANDI R22,BYTE3(@0)
                 	ANDI R23,BYTE4(@0)
                 	.ENDM
                 
                 	.MACRO __ANDD2N
                 	ANDI R26,LOW(@0)
                 	ANDI R27,HIGH(@0)
                 	ANDI R24,BYTE3(@0)
                 	ANDI R25,BYTE4(@0)
                 	.ENDM
                 
                 	.MACRO __ORBMNN
                 	LDS  R30,@0+(@1)
                 	ORI  R30,LOW(@2)
                 	STS  @0+(@1),R30
                 	.ENDM
                 
                 	.MACRO __ORWMNN
                 	LDS  R30,@0+(@1)
                 	ORI  R30,LOW(@2)
                 	STS  @0+(@1),R30
                 	LDS  R30,@0+(@1)+1
                 	ORI  R30,HIGH(@2)
                 	STS  @0+(@1)+1,R30
                 	.ENDM
                 
                 	.MACRO __ORD1N
                 	ORI  R30,LOW(@0)
                 	ORI  R31,HIGH(@0)
                 	ORI  R22,BYTE3(@0)
                 	ORI  R23,BYTE4(@0)
                 	.ENDM
                 
                 	.MACRO __ORD2N
                 	ORI  R26,LOW(@0)
                 	ORI  R27,HIGH(@0)
                 	ORI  R24,BYTE3(@0)
                 	ORI  R25,BYTE4(@0)
                 	.ENDM
                 
                 	.MACRO __DELAY_USB
                 	LDI  R24,LOW(@0)
                 __DELAY_USB_LOOP:
                 	DEC  R24
                 	BRNE __DELAY_USB_LOOP
                 	.ENDM
                 
                 	.MACRO __DELAY_USW
                 	LDI  R24,LOW(@0)
                 	LDI  R25,HIGH(@0)
                 __DELAY_USW_LOOP:
                 	SBIW R24,1
                 	BRNE __DELAY_USW_LOOP
                 	.ENDM
                 
                 	.MACRO __GETD1S
                 	LDD  R30,Y+@0
                 	LDD  R31,Y+@0+1
                 	LDD  R22,Y+@0+2
                 	LDD  R23,Y+@0+3
                 	.ENDM
                 
                 	.MACRO __GETD2S
                 	LDD  R26,Y+@0
                 	LDD  R27,Y+@0+1
                 	LDD  R24,Y+@0+2
                 	LDD  R25,Y+@0+3
                 	.ENDM
                 
                 	.MACRO __PUTD1S
                 	STD  Y+@0,R30
                 	STD  Y+@0+1,R31
                 	STD  Y+@0+2,R22
                 	STD  Y+@0+3,R23
                 	.ENDM
                 
                 	.MACRO __PUTD2S
                 	STD  Y+@0,R26
                 	STD  Y+@0+1,R27
                 	STD  Y+@0+2,R24
                 	STD  Y+@0+3,R25
                 	.ENDM
                 
                 	.MACRO __PUTDZ2
                 	STD  Z+@0,R26
                 	STD  Z+@0+1,R27
                 	STD  Z+@0+2,R24
                 	STD  Z+@0+3,R25
                 	.ENDM
                 
                 	.MACRO __CLRD1S
                 	STD  Y+@0,R30
                 	STD  Y+@0+1,R30
                 	STD  Y+@0+2,R30
                 	STD  Y+@0+3,R30
                 	.ENDM
                 
                 	.MACRO __POINTB1MN
                 	LDI  R30,LOW(@0+(@1))
                 	.ENDM
                 
                 	.MACRO __POINTW1MN
                 	LDI  R30,LOW(@0+(@1))
                 	LDI  R31,HIGH(@0+(@1))
                 	.ENDM
                 
                 	.MACRO __POINTD1M
                 	LDI  R30,LOW(@0)
                 	LDI  R31,HIGH(@0)
                 	LDI  R22,BYTE3(@0)
                 	LDI  R23,BYTE4(@0)
                 	.ENDM
                 
                 	.MACRO __POINTW1FN
                 	LDI  R30,LOW(2*@0+(@1))
                 	LDI  R31,HIGH(2*@0+(@1))
                 	.ENDM
                 
                 	.MACRO __POINTD1FN
                 	LDI  R30,LOW(2*@0+(@1))
                 	LDI  R31,HIGH(2*@0+(@1))
                 	LDI  R22,BYTE3(2*@0+(@1))
                 	LDI  R23,BYTE4(2*@0+(@1))
                 	.ENDM
                 
                 	.MACRO __POINTB2MN
                 	LDI  R26,LOW(@0+(@1))
                 	.ENDM
                 
                 	.MACRO __POINTW2MN
                 	LDI  R26,LOW(@0+(@1))
                 	LDI  R27,HIGH(@0+(@1))
                 	.ENDM
                 
                 	.MACRO __POINTW2FN
                 	LDI  R26,LOW(2*@0+(@1))
                 	LDI  R27,HIGH(2*@0+(@1))
                 	.ENDM
                 
                 	.MACRO __POINTD2FN
                 	LDI  R26,LOW(2*@0+(@1))
                 	LDI  R27,HIGH(2*@0+(@1))
                 	LDI  R24,BYTE3(2*@0+(@1))
                 	LDI  R25,BYTE4(2*@0+(@1))
                 	.ENDM
                 
                 	.MACRO __POINTBRM
                 	LDI  R@0,LOW(@1)
                 	.ENDM
                 
                 	.MACRO __POINTWRM
                 	LDI  R@0,LOW(@2)
                 	LDI  R@1,HIGH(@2)
                 	.ENDM
                 
                 	.MACRO __POINTBRMN
                 	LDI  R@0,LOW(@1+(@2))
                 	.ENDM
                 
                 	.MACRO __POINTWRMN
                 	LDI  R@0,LOW(@2+(@3))
                 	LDI  R@1,HIGH(@2+(@3))
                 	.ENDM
                 
                 	.MACRO __POINTWRFN
                 	LDI  R@0,LOW(@2*2+(@3))
                 	LDI  R@1,HIGH(@2*2+(@3))
                 	.ENDM
                 
                 	.MACRO __GETD1N
                 	LDI  R30,LOW(@0)
                 	LDI  R31,HIGH(@0)
                 	LDI  R22,BYTE3(@0)
                 	LDI  R23,BYTE4(@0)
                 	.ENDM
                 
                 	.MACRO __GETD2N
                 	LDI  R26,LOW(@0)
                 	LDI  R27,HIGH(@0)
                 	LDI  R24,BYTE3(@0)
                 	LDI  R25,BYTE4(@0)
                 	.ENDM
                 
                 	.MACRO __GETB1MN
                 	LDS  R30,@0+(@1)
                 	.ENDM
                 
                 	.MACRO __GETB1HMN
                 	LDS  R31,@0+(@1)
                 	.ENDM
                 
                 	.MACRO __GETW1MN
                 	LDS  R30,@0+(@1)
                 	LDS  R31,@0+(@1)+1
                 	.ENDM
                 
                 	.MACRO __GETD1MN
                 	LDS  R30,@0+(@1)
                 	LDS  R31,@0+(@1)+1
                 	LDS  R22,@0+(@1)+2
                 	LDS  R23,@0+(@1)+3
                 	.ENDM
                 
                 	.MACRO __GETBRMN
                 	LDS  R@0,@1+(@2)
                 	.ENDM
                 
                 	.MACRO __GETWRMN
                 	LDS  R@0,@2+(@3)
                 	LDS  R@1,@2+(@3)+1
                 	.ENDM
                 
                 	.MACRO __GETWRZ
                 	LDD  R@0,Z+@2
                 	LDD  R@1,Z+@2+1
                 	.ENDM
                 
                 	.MACRO __GETD2Z
                 	LDD  R26,Z+@0
                 	LDD  R27,Z+@0+1
                 	LDD  R24,Z+@0+2
                 	LDD  R25,Z+@0+3
                 	.ENDM
                 
                 	.MACRO __GETB2MN
                 	LDS  R26,@0+(@1)
                 	.ENDM
                 
                 	.MACRO __GETW2MN
                 	LDS  R26,@0+(@1)
                 	LDS  R27,@0+(@1)+1
                 	.ENDM
                 
                 	.MACRO __GETD2MN
                 	LDS  R26,@0+(@1)
                 	LDS  R27,@0+(@1)+1
                 	LDS  R24,@0+(@1)+2
                 	LDS  R25,@0+(@1)+3
                 	.ENDM
                 
                 	.MACRO __PUTB1MN
                 	STS  @0+(@1),R30
                 	.ENDM
                 
                 	.MACRO __PUTW1MN
                 	STS  @0+(@1),R30
                 	STS  @0+(@1)+1,R31
                 	.ENDM
                 
                 	.MACRO __PUTD1MN
                 	STS  @0+(@1),R30
                 	STS  @0+(@1)+1,R31
                 	STS  @0+(@1)+2,R22
                 	STS  @0+(@1)+3,R23
                 	.ENDM
                 
                 	.MACRO __PUTB1EN
                 	LDI  R26,LOW(@0+(@1))
                 	LDI  R27,HIGH(@0+(@1))
                 	CALL __EEPROMWRB
                 	.ENDM
                 
                 	.MACRO __PUTW1EN
                 	LDI  R26,LOW(@0+(@1))
                 	LDI  R27,HIGH(@0+(@1))
                 	CALL __EEPROMWRW
                 	.ENDM
                 
                 	.MACRO __PUTD1EN
                 	LDI  R26,LOW(@0+(@1))
                 	LDI  R27,HIGH(@0+(@1))
                 	CALL __EEPROMWRD
                 	.ENDM
                 
                 	.MACRO __PUTBR0MN
                 	STS  @0+(@1),R0
                 	.ENDM
                 
                 	.MACRO __PUTBMRN
                 	STS  @0+(@1),R@2
                 	.ENDM
                 
                 	.MACRO __PUTWMRN
                 	STS  @0+(@1),R@2
                 	STS  @0+(@1)+1,R@3
                 	.ENDM
                 
                 	.MACRO __PUTBZR
                 	STD  Z+@1,R@0
                 	.ENDM
                 
                 	.MACRO __PUTWZR
                 	STD  Z+@2,R@0
                 	STD  Z+@2+1,R@1
                 	.ENDM
                 
                 	.MACRO __GETW1R
                 	MOV  R30,R@0
                 	MOV  R31,R@1
                 	.ENDM
                 
                 	.MACRO __GETW2R
                 	MOV  R26,R@0
                 	MOV  R27,R@1
                 	.ENDM
                 
                 	.MACRO __GETWRN
                 	LDI  R@0,LOW(@2)
                 	LDI  R@1,HIGH(@2)
                 	.ENDM
                 
                 	.MACRO __PUTW1R
                 	MOV  R@0,R30
                 	MOV  R@1,R31
                 	.ENDM
                 
                 	.MACRO __PUTW2R
                 	MOV  R@0,R26
                 	MOV  R@1,R27
                 	.ENDM
                 
                 	.MACRO __ADDWRN
                 	SUBI R@0,LOW(-@2)
                 	SBCI R@1,HIGH(-@2)
                 	.ENDM
                 
                 	.MACRO __ADDWRR
                 	ADD  R@0,R@2
                 	ADC  R@1,R@3
                 	.ENDM
                 
                 	.MACRO __SUBWRN
                 	SUBI R@0,LOW(@2)
                 	SBCI R@1,HIGH(@2)
                 	.ENDM
                 
                 	.MACRO __SUBWRR
                 	SUB  R@0,R@2
                 	SBC  R@1,R@3
                 	.ENDM
                 
                 	.MACRO __ANDWRN
                 	ANDI R@0,LOW(@2)
                 	ANDI R@1,HIGH(@2)
                 	.ENDM
                 
                 	.MACRO __ANDWRR
                 	AND  R@0,R@2
                 	AND  R@1,R@3
                 	.ENDM
                 
                 	.MACRO __ORWRN
                 	ORI  R@0,LOW(@2)
                 	ORI  R@1,HIGH(@2)
                 	.ENDM
                 
                 	.MACRO __ORWRR
                 	OR   R@0,R@2
                 	OR   R@1,R@3
                 	.ENDM
                 
                 	.MACRO __EORWRR
                 	EOR  R@0,R@2
                 	EOR  R@1,R@3
                 	.ENDM
                 
                 	.MACRO __GETWRS
                 	LDD  R@0,Y+@2
                 	LDD  R@1,Y+@2+1
                 	.ENDM
                 
                 	.MACRO __PUTBSR
                 	STD  Y+@1,R@0
                 	.ENDM
                 
                 	.MACRO __PUTWSR
                 	STD  Y+@2,R@0
                 	STD  Y+@2+1,R@1
                 	.ENDM
                 
                 	.MACRO __MOVEWRR
                 	MOV  R@0,R@2
                 	MOV  R@1,R@3
                 	.ENDM
                 
                 	.MACRO __INWR
                 	IN   R@0,@2
                 	IN   R@1,@2+1
                 	.ENDM
                 
                 	.MACRO __OUTWR
                 	OUT  @2+1,R@1
                 	OUT  @2,R@0
                 	.ENDM
                 
                 	.MACRO __CALL1MN
                 	LDS  R30,@0+(@1)
                 	LDS  R31,@0+(@1)+1
                 	ICALL
                 	.ENDM
                 
                 	.MACRO __CALL1FN
                 	LDI  R30,LOW(2*@0+(@1))
                 	LDI  R31,HIGH(2*@0+(@1))
                 	CALL __GETW1PF
                 	ICALL
                 	.ENDM
                 
                 	.MACRO __CALL2EN
                 	PUSH R26
                 	PUSH R27
                 	LDI  R26,LOW(@0+(@1))
                 	LDI  R27,HIGH(@0+(@1))
                 	CALL __EEPROMRDW
                 	POP  R27
                 	POP  R26
                 	ICALL
                 	.ENDM
                 
                 	.MACRO __CALL2EX
                 	SUBI R26,LOW(-@0)
                 	SBCI R27,HIGH(-@0)
                 	CALL __EEPROMRDD
                 	ICALL
                 	.ENDM
                 
                 	.MACRO __GETW1STACK
                 	IN   R30,SPL
                 	IN   R31,SPH
                 	ADIW R30,@0+1
                 	LD   R0,Z+
                 	LD   R31,Z
                 	MOV  R30,R0
                 	.ENDM
                 
                 	.MACRO __GETD1STACK
                 	IN   R30,SPL
                 	IN   R31,SPH
                 	ADIW R30,@0+1
                 	LD   R0,Z+
                 	LD   R1,Z+
                 	LD   R22,Z
                 	MOVW R30,R0
                 	.ENDM
                 
                 	.MACRO __NBST
                 	BST  R@0,@1
                 	IN   R30,SREG
                 	LDI  R31,0x40
                 	EOR  R30,R31
                 	OUT  SREG,R30
                 	.ENDM
                 
                 
                 	.MACRO __PUTB1SN
                 	LDD  R26,Y+@0
                 	LDD  R27,Y+@0+1
                 	SUBI R26,LOW(-@1)
                 	SBCI R27,HIGH(-@1)
                 	ST   X,R30
                 	.ENDM
                 
                 	.MACRO __PUTW1SN
                 	LDD  R26,Y+@0
                 	LDD  R27,Y+@0+1
                 	SUBI R26,LOW(-@1)
                 	SBCI R27,HIGH(-@1)
                 	ST   X+,R30
                 	ST   X,R31
                 	.ENDM
                 
                 	.MACRO __PUTD1SN
                 	LDD  R26,Y+@0
                 	LDD  R27,Y+@0+1
                 	SUBI R26,LOW(-@1)
                 	SBCI R27,HIGH(-@1)
                 	CALL __PUTDP1
                 	.ENDM
                 
                 	.MACRO __PUTB1SNS
                 	LDD  R26,Y+@0
                 	LDD  R27,Y+@0+1
                 	ADIW R26,@1
                 	ST   X,R30
                 	.ENDM
                 
                 	.MACRO __PUTW1SNS
                 	LDD  R26,Y+@0
                 	LDD  R27,Y+@0+1
                 	ADIW R26,@1
                 	ST   X+,R30
                 	ST   X,R31
                 	.ENDM
                 
                 	.MACRO __PUTD1SNS
                 	LDD  R26,Y+@0
                 	LDD  R27,Y+@0+1
                 	ADIW R26,@1
                 	CALL __PUTDP1
                 	.ENDM
                 
                 	.MACRO __PUTB1PMN
                 	LDS  R26,@0
                 	LDS  R27,@0+1
                 	SUBI R26,LOW(-@1)
                 	SBCI R27,HIGH(-@1)
                 	ST   X,R30
                 	.ENDM
                 
                 	.MACRO __PUTW1PMN
                 	LDS  R26,@0
                 	LDS  R27,@0+1
                 	SUBI R26,LOW(-@1)
                 	SBCI R27,HIGH(-@1)
                 	ST   X+,R30
                 	ST   X,R31
                 	.ENDM
                 
                 	.MACRO __PUTD1PMN
                 	LDS  R26,@0
                 	LDS  R27,@0+1
                 	SUBI R26,LOW(-@1)
                 	SBCI R27,HIGH(-@1)
                 	CALL __PUTDP1
                 	.ENDM
                 
                 	.MACRO __PUTB1PMNS
                 	LDS  R26,@0
                 	LDS  R27,@0+1
                 	ADIW R26,@1
                 	ST   X,R30
                 	.ENDM
                 
                 	.MACRO __PUTW1PMNS
                 	LDS  R26,@0
                 	LDS  R27,@0+1
                 	ADIW R26,@1
                 	ST   X+,R30
                 	ST   X,R31
                 	.ENDM
                 
                 	.MACRO __PUTD1PMNS
                 	LDS  R26,@0
                 	LDS  R27,@0+1
                 	ADIW R26,@1
                 	CALL __PUTDP1
                 	.ENDM
                 
                 	.MACRO __PUTB1RN
                 	MOVW R26,R@0
                 	SUBI R26,LOW(-@1)
                 	SBCI R27,HIGH(-@1)
                 	ST   X,R30
                 	.ENDM
                 
                 	.MACRO __PUTW1RN
                 	MOVW R26,R@0
                 	SUBI R26,LOW(-@1)
                 	SBCI R27,HIGH(-@1)
                 	ST   X+,R30
                 	ST   X,R31
                 	.ENDM
                 
                 	.MACRO __PUTD1RN
                 	MOVW R26,R@0
                 	SUBI R26,LOW(-@1)
                 	SBCI R27,HIGH(-@1)
                 	CALL __PUTDP1
                 	.ENDM
                 
                 	.MACRO __PUTB1RNS
                 	MOVW R26,R@0
                 	ADIW R26,@1
                 	ST   X,R30
                 	.ENDM
                 
                 	.MACRO __PUTW1RNS
                 	MOVW R26,R@0
                 	ADIW R26,@1
                 	ST   X+,R30
                 	ST   X,R31
                 	.ENDM
                 
                 	.MACRO __PUTD1RNS
                 	MOVW R26,R@0
                 	ADIW R26,@1
                 	CALL __PUTDP1
                 	.ENDM
                 
                 	.MACRO __PUTB1RON
                 	MOV  R26,R@0
                 	MOV  R27,R@1
                 	SUBI R26,LOW(-@2)
                 	SBCI R27,HIGH(-@2)
                 	ST   X,R30
                 	.ENDM
                 
                 	.MACRO __PUTW1RON
                 	MOV  R26,R@0
                 	MOV  R27,R@1
                 	SUBI R26,LOW(-@2)
                 	SBCI R27,HIGH(-@2)
                 	ST   X+,R30
                 	ST   X,R31
                 	.ENDM
                 
                 	.MACRO __PUTD1RON
                 	MOV  R26,R@0
                 	MOV  R27,R@1
                 	SUBI R26,LOW(-@2)
                 	SBCI R27,HIGH(-@2)
                 	CALL __PUTDP1
                 	.ENDM
                 
                 	.MACRO __PUTB1RONS
                 	MOV  R26,R@0
                 	MOV  R27,R@1
                 	ADIW R26,@2
                 	ST   X,R30
                 	.ENDM
                 
                 	.MACRO __PUTW1RONS
                 	MOV  R26,R@0
                 	MOV  R27,R@1
                 	ADIW R26,@2
                 	ST   X+,R30
                 	ST   X,R31
                 	.ENDM
                 
                 	.MACRO __PUTD1RONS
                 	MOV  R26,R@0
                 	MOV  R27,R@1
                 	ADIW R26,@2
                 	CALL __PUTDP1
                 	.ENDM
                 
                 
                 	.MACRO __GETB1SX
                 	MOVW R30,R28
                 	SUBI R30,LOW(-@0)
                 	SBCI R31,HIGH(-@0)
                 	LD   R30,Z
                 	.ENDM
                 
                 	.MACRO __GETB1HSX
                 	MOVW R30,R28
                 	SUBI R30,LOW(-@0)
                 	SBCI R31,HIGH(-@0)
                 	LD   R31,Z
                 	.ENDM
                 
                 	.MACRO __GETW1SX
                 	MOVW R30,R28
                 	SUBI R30,LOW(-@0)
                 	SBCI R31,HIGH(-@0)
                 	LD   R0,Z+
                 	LD   R31,Z
                 	MOV  R30,R0
                 	.ENDM
                 
                 	.MACRO __GETD1SX
                 	MOVW R30,R28
                 	SUBI R30,LOW(-@0)
                 	SBCI R31,HIGH(-@0)
                 	LD   R0,Z+
                 	LD   R1,Z+
                 	LD   R22,Z+
                 	LD   R23,Z
                 	MOVW R30,R0
                 	.ENDM
                 
                 	.MACRO __GETB2SX
                 	MOVW R26,R28
                 	SUBI R26,LOW(-@0)
                 	SBCI R27,HIGH(-@0)
                 	LD   R26,X
                 	.ENDM
                 
                 	.MACRO __GETW2SX
                 	MOVW R26,R28
                 	SUBI R26,LOW(-@0)
                 	SBCI R27,HIGH(-@0)
                 	LD   R0,X+
                 	LD   R27,X
                 	MOV  R26,R0
                 	.ENDM
                 
                 	.MACRO __GETD2SX
                 	MOVW R26,R28
                 	SUBI R26,LOW(-@0)
                 	SBCI R27,HIGH(-@0)
                 	LD   R0,X+
                 	LD   R1,X+
                 	LD   R24,X+
                 	LD   R25,X
                 	MOVW R26,R0
                 	.ENDM
                 
                 	.MACRO __GETBRSX
                 	MOVW R30,R28
                 	SUBI R30,LOW(-@1)
                 	SBCI R31,HIGH(-@1)
                 	LD   R@0,Z
                 	.ENDM
                 
                 	.MACRO __GETWRSX
                 	MOVW R30,R28
                 	SUBI R30,LOW(-@2)
                 	SBCI R31,HIGH(-@2)
                 	LD   R@0,Z+
                 	LD   R@1,Z
                 	.ENDM
                 
                 	.MACRO __GETBRSX2
                 	MOVW R26,R28
                 	SUBI R26,LOW(-@1)
                 	SBCI R27,HIGH(-@1)
                 	LD   R@0,X
                 	.ENDM
                 
                 	.MACRO __GETWRSX2
                 	MOVW R26,R28
                 	SUBI R26,LOW(-@2)
                 	SBCI R27,HIGH(-@2)
                 	LD   R@0,X+
                 	LD   R@1,X
                 	.ENDM
                 
                 	.MACRO __LSLW8SX
                 	MOVW R30,R28
                 	SUBI R30,LOW(-@0)
                 	SBCI R31,HIGH(-@0)
                 	LD   R31,Z
                 	CLR  R30
                 	.ENDM
                 
                 	.MACRO __PUTB1SX
                 	MOVW R26,R28
                 	SUBI R26,LOW(-@0)
                 	SBCI R27,HIGH(-@0)
                 	ST   X,R30
                 	.ENDM
                 
                 	.MACRO __PUTW1SX
                 	MOVW R26,R28
                 	SUBI R26,LOW(-@0)
                 	SBCI R27,HIGH(-@0)
                 	ST   X+,R30
                 	ST   X,R31
                 	.ENDM
                 
                 	.MACRO __PUTD1SX
                 	MOVW R26,R28
                 	SUBI R26,LOW(-@0)
                 	SBCI R27,HIGH(-@0)
                 	ST   X+,R30
                 	ST   X+,R31
                 	ST   X+,R22
                 	ST   X,R23
                 	.ENDM
                 
                 	.MACRO __CLRW1SX
                 	MOVW R26,R28
                 	SUBI R26,LOW(-@0)
                 	SBCI R27,HIGH(-@0)
                 	ST   X+,R30
                 	ST   X,R30
                 	.ENDM
                 
                 	.MACRO __CLRD1SX
                 	MOVW R26,R28
                 	SUBI R26,LOW(-@0)
                 	SBCI R27,HIGH(-@0)
                 	ST   X+,R30
                 	ST   X+,R30
                 	ST   X+,R30
                 	ST   X,R30
                 	.ENDM
                 
                 	.MACRO __PUTB2SX
                 	MOVW R30,R28
                 	SUBI R30,LOW(-@0)
                 	SBCI R31,HIGH(-@0)
                 	ST   Z,R26
                 	.ENDM
                 
                 	.MACRO __PUTW2SX
                 	MOVW R30,R28
                 	SUBI R30,LOW(-@0)
                 	SBCI R31,HIGH(-@0)
                 	ST   Z+,R26
                 	ST   Z,R27
                 	.ENDM
                 
                 	.MACRO __PUTD2SX
                 	MOVW R30,R28
                 	SUBI R30,LOW(-@0)
                 	SBCI R31,HIGH(-@0)
                 	ST   Z+,R26
                 	ST   Z+,R27
                 	ST   Z+,R24
                 	ST   Z,R25
                 	.ENDM
                 
                 	.MACRO __PUTBSRX
                 	MOVW R30,R28
                 	SUBI R30,LOW(-@1)
                 	SBCI R31,HIGH(-@1)
                 	ST   Z,R@0
                 	.ENDM
                 
                 	.MACRO __PUTWSRX
                 	MOVW R30,R28
                 	SUBI R30,LOW(-@2)
                 	SBCI R31,HIGH(-@2)
                 	ST   Z+,R@0
                 	ST   Z,R@1
                 	.ENDM
                 
                 	.MACRO __PUTB1SNX
                 	MOVW R26,R28
                 	SUBI R26,LOW(-@0)
                 	SBCI R27,HIGH(-@0)
                 	LD   R0,X+
                 	LD   R27,X
                 	MOV  R26,R0
                 	SUBI R26,LOW(-@1)
                 	SBCI R27,HIGH(-@1)
                 	ST   X,R30
                 	.ENDM
                 
                 	.MACRO __PUTW1SNX
                 	MOVW R26,R28
                 	SUBI R26,LOW(-@0)
                 	SBCI R27,HIGH(-@0)
                 	LD   R0,X+
                 	LD   R27,X
                 	MOV  R26,R0
                 	SUBI R26,LOW(-@1)
                 	SBCI R27,HIGH(-@1)
                 	ST   X+,R30
                 	ST   X,R31
                 	.ENDM
                 
                 	.MACRO __PUTD1SNX
                 	MOVW R26,R28
                 	SUBI R26,LOW(-@0)
                 	SBCI R27,HIGH(-@0)
                 	LD   R0,X+
                 	LD   R27,X
                 	MOV  R26,R0
                 	SUBI R26,LOW(-@1)
                 	SBCI R27,HIGH(-@1)
                 	ST   X+,R30
                 	ST   X+,R31
                 	ST   X+,R22
                 	ST   X,R23
                 	.ENDM
                 
                 	.MACRO __MULBRR
                 	MULS R@0,R@1
                 	MOVW R30,R0
                 	.ENDM
                 
                 	.MACRO __MULBRRU
                 	MUL  R@0,R@1
                 	MOVW R30,R0
                 	.ENDM
                 
                 	.MACRO __MULBRR0
                 	MULS R@0,R@1
                 	.ENDM
                 
                 	.MACRO __MULBRRU0
                 	MUL  R@0,R@1
                 	.ENDM
                 
                 	.MACRO __MULBNWRU
                 	LDI  R26,@2
                 	MUL  R26,R@0
                 	MOVW R30,R0
                 	MUL  R26,R@1
                 	ADD  R31,R0
                 	.ENDM
                 
                 ;NAME DEFINITIONS FOR GLOBAL VARIABLES ALLOCATED TO REGISTERS
                 	.DEF _tem=R4
                 	.DEF _tem_msb=R5
                 	.DEF _speed=R6
                 	.DEF _speed_msb=R7
                 	.DEF _thous1=R8
                 	.DEF _thous1_msb=R9
                 	.DEF _ACKSlave=R11
                 	.DEF _ACKMaster=R10
                 	.DEF _flag1=R12
                 	.DEF _flag1_msb=R13
                 
                 	.CSEG
                 	.ORG 0x00
                 
                 ;START OF CODE MARKER
                 __START_OF_CODE:
                 
                 ;INTERRUPT VECTORS
000000 940c 004f 	JMP  __RESET
000002 940c 0000 	JMP  0x00
000004 940c 0000 	JMP  0x00
000006 940c 0000 	JMP  0x00
000008 940c 0000 	JMP  0x00
00000a 940c 0000 	JMP  0x00
00000c 940c 0000 	JMP  0x00
00000e 940c 007f 	JMP  _timer1_compa_isr
000010 940c 0000 	JMP  0x00
000012 940c 0000 	JMP  0x00
000014 940c 007e 	JMP  _timer0_comp_isr
000016 940c 0000 	JMP  0x00
000018 940c 008d 	JMP  _spi_isr
00001a 940c 0000 	JMP  0x00
00001c 940c 0000 	JMP  0x00
00001e 940c 0000 	JMP  0x00
000020 940c 0000 	JMP  0x00
000022 940c 0000 	JMP  0x00
000024 940c 0000 	JMP  0x00
000026 940c 0000 	JMP  0x00
000028 940c 0000 	JMP  0x00
                 
                 _tbl10_G101:
00002a 2710
00002b 03e8
00002c 0064
00002d 000a      	.DB  0x10,0x27,0xE8,0x3,0x64,0x0,0xA,0x0
00002e 0001      	.DB  0x1,0x0
                 _tbl16_G101:
00002f 1000
000030 0100
000031 0010
000032 0001      	.DB  0x0,0x10,0x0,0x1,0x10,0x0,0x1,0x0
                 
                 ;GLOBAL REGISTER VARIABLES INITIALIZATION
                 __REG_VARS:
000033 0001
000034 0000      	.DB  0x1,0x0,0x0,0x0
000035 0000
000036 162c      	.DB  0x0,0x0,0x2C,0x16
000037 0000      	.DB  0x0,0x0
                 
                 _0x0:
000038 7073
000039 6565
00003a 3d64
00003b 6425      	.DB  0x73,0x70,0x65,0x65,0x64,0x3D,0x25,0x64
00003c 7420
00003d 6d65
00003e 253d
00003f 2064      	.DB  0x20,0x74,0x65,0x6D,0x3D,0x25,0x64,0x20
000040 6164
000041 6174
000042 253d
000043 2064      	.DB  0x64,0x61,0x74,0x61,0x3D,0x25,0x64,0x20
000044 2020
000045 2020
D:\university\7term\micro_graderi\project\complete_oneMaster_oneSlave\codeVision\new\slave\Debug\List\slave.asm(1144): warning: .cseg .db misalignment - padding zero byte
000046 0000      	.DB  0x20,0x20,0x20,0x20,0x0
                 _0x2000003:
000047 c080      	.DB  0x80,0xC0
                 
                 __GLOBAL_INI_TBL:
000048 000a      	.DW  0x0A
000049 0004      	.DW  0x04
00004a 0066      	.DW  __REG_VARS*2
                 
00004b 0002      	.DW  0x02
00004c 0281      	.DW  __base_y_G100
00004d 008e      	.DW  _0x2000003*2
                 
                 _0xFFFFFFFF:
00004e 0000      	.DW  0
                 
                 #define __GLOBAL_INI_TBL_PRESENT 1
                 
                 __RESET:
00004f 94f8      	CLI
000050 27ee      	CLR  R30
000051 bbec      	OUT  EECR,R30
                 
                 ;INTERRUPT VECTORS ARE PLACED
                 ;AT THE START OF FLASH
000052 e0f1      	LDI  R31,1
000053 bffb      	OUT  GICR,R31
000054 bfeb      	OUT  GICR,R30
000055 bfe5      	OUT  MCUCR,R30
                 
                 ;CLEAR R2-R14
000056 e08d      	LDI  R24,(14-2)+1
000057 e0a2      	LDI  R26,2
000058 27bb      	CLR  R27
                 __CLEAR_REG:
000059 93ed      	ST   X+,R30
00005a 958a      	DEC  R24
00005b f7e9      	BRNE __CLEAR_REG
                 
                 ;CLEAR SRAM
00005c e080      	LDI  R24,LOW(__CLEAR_SRAM_SIZE)
00005d e098      	LDI  R25,HIGH(__CLEAR_SRAM_SIZE)
00005e e6a0      	LDI  R26,__SRAM_START
                 __CLEAR_SRAM:
00005f 93ed      	ST   X+,R30
000060 9701      	SBIW R24,1
000061 f7e9      	BRNE __CLEAR_SRAM
                 
                 ;GLOBAL VARIABLES INITIALIZATION
000062 e9e0      	LDI  R30,LOW(__GLOBAL_INI_TBL*2)
000063 e0f0      	LDI  R31,HIGH(__GLOBAL_INI_TBL*2)
                 __GLOBAL_INI_NEXT:
000064 9185      	LPM  R24,Z+
000065 9195      	LPM  R25,Z+
000066 9700      	SBIW R24,0
000067 f061      	BREQ __GLOBAL_INI_END
000068 91a5      	LPM  R26,Z+
000069 91b5      	LPM  R27,Z+
00006a 9005      	LPM  R0,Z+
00006b 9015      	LPM  R1,Z+
00006c 01bf      	MOVW R22,R30
00006d 01f0      	MOVW R30,R0
                 __GLOBAL_INI_LOOP:
00006e 9005      	LPM  R0,Z+
00006f 920d      	ST   X+,R0
000070 9701      	SBIW R24,1
000071 f7e1      	BRNE __GLOBAL_INI_LOOP
000072 01fb      	MOVW R30,R22
000073 cff0      	RJMP __GLOBAL_INI_NEXT
                 __GLOBAL_INI_END:
                 
                 ;HARDWARE STACK POINTER INITIALIZATION
000074 e5ef      	LDI  R30,LOW(__SRAM_END-__HEAP_SIZE)
000075 bfed      	OUT  SPL,R30
000076 e0e8      	LDI  R30,HIGH(__SRAM_END-__HEAP_SIZE)
000077 bfee      	OUT  SPH,R30
                 
                 ;DATA STACK POINTER INITIALIZATION
000078 e6c0      	LDI  R28,LOW(__SRAM_START+__DSTACK_SIZE)
000079 e0d2      	LDI  R29,HIGH(__SRAM_START+__DSTACK_SIZE)
                 
00007a 940c 00c0 	JMP  _main
                 
                 	.ESEG
                 	.ORG 0
                 
                 	.DSEG
                 	.ORG 0x260
                 
                 	.CSEG
                 ;/*******************************************************
                 ;This program was created by the
                 ;CodeWizardAVR V3.12 Advanced
                 ;Automatic Program Generator
                 ;© Copyright 1998-2014 Pavel Haiduc, HP InfoTech s.r.l.
                 ;http://www.hpinfotech.com
                 ;
                 ;Project :
                 ;Version :
                 ;Date    : 1/23/2019
                 ;Author  :
                 ;Company :
                 ;Comments:
                 ;
                 ;
                 ;Chip type               : ATmega32
                 ;Program type            : Application
                 ;AVR Core Clock frequency: 8.000000 MHz
                 ;Memory model            : Small
                 ;External RAM size       : 0
                 ;Data Stack size         : 512
                 ;*******************************************************/
                 ;
                 ;#include <mega32.h>
                 	#ifndef __SLEEP_DEFINED__
                 	#define __SLEEP_DEFINED__
                 	.EQU __se_bit=0x80
                 	.EQU __sm_mask=0x70
                 	.EQU __sm_powerdown=0x20
                 	.EQU __sm_powersave=0x30
                 	.EQU __sm_standby=0x60
                 	.EQU __sm_ext_standby=0x70
                 	.EQU __sm_adc_noise_red=0x10
                 	.SET power_ctrl_reg=mcucr
                 	#endif
                 ;#include <alcd.h>
                 ;#include <delay.h>
                 ;#include <stdio.h>
                 ;
                 ;
                 ;int tem=1;
                 ;int speed=0;
                 ;int thous1=0;
                 ;unsigned char ACKSlave=22;
                 ;unsigned char ACKMaster=44;
                 ;char lcd_show[32];
                 ;void send_spi(){
                 ; 0000 0024 void send_spi(){
                 
                 	.CSEG
                 _send_spi:
                 ; .FSTART _send_spi
                 ; 0000 0025         SPDR=tem;
00007c b84f      	OUT  0xF,R4
                 ; 0000 0026 }
00007d 9508      	RET
                 ; .FEND
                 ;
                 ;
                 ;interrupt [TIM0_COMP] void timer0_comp_isr(void)
                 ; 0000 002A {
                 _timer0_comp_isr:
                 ; .FSTART _timer0_comp_isr
                 ; 0000 002B // Place your code here
                 ; 0000 002C 
                 ; 0000 002D }
00007e 9518      	RETI
                 ; .FEND
                 ;
                 ;// Timer1 output compare A interrupt service routine
                 ;interrupt [TIM1_COMPA] void timer1_compa_isr(void)
                 ; 0000 0031 {
                 _timer1_compa_isr:
                 ; .FSTART _timer1_compa_isr
00007f 940e 0383 	CALL SUBOPT_0x0
                 ; 0000 0032     thous1++;
000081 01f4      	MOVW R30,R8
000082 9631      	ADIW R30,1
000083 014f      	MOVW R8,R30
                 ; 0000 0033     if(thous1==995){
000084 eee3      	LDI  R30,LOW(995)
000085 e0f3      	LDI  R31,HIGH(995)
000086 15e8      	CP   R30,R8
000087 05f9      	CPC  R31,R9
000088 f419      	BRNE _0x3
                 ; 0000 0034         thous1=0;
000089 2488      	CLR  R8
00008a 2499      	CLR  R9
                 ; 0000 0035         send_spi();
00008b dff0      	RCALL _send_spi
                 ; 0000 0036     }
                 ; 0000 0037 
                 ; 0000 0038 }
                 _0x3:
00008c c025      	RJMP _0xC
                 ; .FEND
                 ;
                 ;int flag1=0;
                 ;unsigned char data;
                 ;interrupt [SPI_STC] void spi_isr(void)
                 ; 0000 003D {
                 _spi_isr:
                 ; .FSTART _spi_isr
00008d 940e 0383 	CALL SUBOPT_0x0
                 ; 0000 003E data=SPDR;
00008f b1ef      	IN   R30,0xF
000090 93e0 0280 	STS  _data,R30
                 ; 0000 003F if(flag1==0){
000092 2c0c      	MOV  R0,R12
000093 280d      	OR   R0,R13
000094 f4c1      	BRNE _0x4
                 ; 0000 0040     if(data==ACKMaster){
000095 91a0 0280 	LDS  R26,_data
000097 16aa      	CP   R10,R26
000098 f499      	BRNE _0x5
                 ; 0000 0041 
                 ; 0000 0042         if(tem%5==0){
000099 01d2      	MOVW R26,R4
00009a e0e5      	LDI  R30,LOW(5)
00009b e0f0      	LDI  R31,HIGH(5)
00009c 940e 03f5 	CALL __MODW21
00009e 9730      	SBIW R30,0
00009f f441      	BRNE _0x6
                 ; 0000 0043             flag1=1;
0000a0 e0e1      	LDI  R30,LOW(1)
0000a1 e0f0      	LDI  R31,HIGH(1)
0000a2 016f      	MOVW R12,R30
                 ; 0000 0044             delay_ms(50);
0000a3 e3a2      	LDI  R26,LOW(50)
0000a4 e0b0      	LDI  R27,0
0000a5 940e 03cb 	CALL _delay_ms
                 ; 0000 0045             SPDR=ACKSlave;
0000a7 b8bf      	OUT  0xF,R11
                 ; 0000 0046         }
                 ; 0000 0047         tem++;
                 _0x6:
0000a8 01f2      	MOVW R30,R4
0000a9 9631      	ADIW R30,1
0000aa 012f      	MOVW R4,R30
0000ab 9731      	SBIW R30,1
                 ; 0000 0048     }
                 ; 0000 0049 }else{
                 _0x5:
0000ac c005      	RJMP _0x7
                 _0x4:
                 ; 0000 004A     flag1=0;
0000ad 24cc      	CLR  R12
0000ae 24dd      	CLR  R13
                 ; 0000 004B     speed=data;
0000af 9060 0280 	LDS  R6,_data
0000b1 2477      	CLR  R7
                 ; 0000 004C }
                 _0x7:
                 ; 0000 004D }
                 _0xC:
0000b2 91e9      	LD   R30,Y+
0000b3 bfef      	OUT  SREG,R30
0000b4 91f9      	LD   R31,Y+
0000b5 91e9      	LD   R30,Y+
0000b6 91b9      	LD   R27,Y+
0000b7 91a9      	LD   R26,Y+
0000b8 9199      	LD   R25,Y+
0000b9 9189      	LD   R24,Y+
0000ba 9179      	LD   R23,Y+
0000bb 9169      	LD   R22,Y+
0000bc 90f9      	LD   R15,Y+
0000bd 9019      	LD   R1,Y+
0000be 9009      	LD   R0,Y+
0000bf 9518      	RETI
                 ; .FEND
                 ;
                 ;void main(void)
                 ; 0000 0050 {
                 _main:
                 ; .FSTART _main
                 ; 0000 0051 // Declare your local variables here
                 ; 0000 0052 
                 ; 0000 0053 // Input/Output Ports initialization
                 ; 0000 0054 // Port A initialization
                 ; 0000 0055 // Function: Bit7=In Bit6=In Bit5=In Bit4=In Bit3=In Bit2=In Bit1=In Bit0=In
                 ; 0000 0056 DDRA=(0<<DDA7) | (0<<DDA6) | (0<<DDA5) | (0<<DDA4) | (0<<DDA3) | (0<<DDA2) | (0<<DDA1) | (0<<DDA0);
0000c0 e0e0      	LDI  R30,LOW(0)
0000c1 bbea      	OUT  0x1A,R30
                 ; 0000 0057 // State: Bit7=T Bit6=T Bit5=T Bit4=T Bit3=T Bit2=T Bit1=T Bit0=T
                 ; 0000 0058 PORTA=(0<<PORTA7) | (0<<PORTA6) | (0<<PORTA5) | (0<<PORTA4) | (0<<PORTA3) | (0<<PORTA2) | (0<<PORTA1) | (0<<PORTA0);
0000c2 bbeb      	OUT  0x1B,R30
                 ; 0000 0059 
                 ; 0000 005A // Port B initialization
                 ; 0000 005B // Function: Bit7=In Bit6=Out Bit5=In Bit4=In Bit3=In Bit2=In Bit1=In Bit0=In
                 ; 0000 005C DDRB=(0<<DDB7) | (1<<DDB6) | (0<<DDB5) | (0<<DDB4) | (0<<DDB3) | (0<<DDB2) | (0<<DDB1) | (0<<DDB0);
0000c3 e4e0      	LDI  R30,LOW(64)
0000c4 bbe7      	OUT  0x17,R30
                 ; 0000 005D // State: Bit7=T Bit6=0 Bit5=T Bit4=T Bit3=T Bit2=T Bit1=T Bit0=T
                 ; 0000 005E PORTB=(0<<PORTB7) | (0<<PORTB6) | (0<<PORTB5) | (0<<PORTB4) | (0<<PORTB3) | (0<<PORTB2) | (0<<PORTB1) | (0<<PORTB0);
0000c5 e0e0      	LDI  R30,LOW(0)
0000c6 bbe8      	OUT  0x18,R30
                 ; 0000 005F 
                 ; 0000 0060 // Port C initialization
                 ; 0000 0061 // Function: Bit7=In Bit6=In Bit5=In Bit4=In Bit3=In Bit2=In Bit1=In Bit0=In
                 ; 0000 0062 DDRC=(0<<DDC7) | (0<<DDC6) | (0<<DDC5) | (0<<DDC4) | (0<<DDC3) | (0<<DDC2) | (0<<DDC1) | (0<<DDC0);
0000c7 bbe4      	OUT  0x14,R30
                 ; 0000 0063 // State: Bit7=T Bit6=T Bit5=T Bit4=T Bit3=T Bit2=T Bit1=T Bit0=T
                 ; 0000 0064 PORTC=(0<<PORTC7) | (0<<PORTC6) | (0<<PORTC5) | (0<<PORTC4) | (0<<PORTC3) | (0<<PORTC2) | (0<<PORTC1) | (0<<PORTC0);
0000c8 bbe5      	OUT  0x15,R30
                 ; 0000 0065 
                 ; 0000 0066 // Port D initialization
                 ; 0000 0067 // Function: Bit7=Out Bit6=In Bit5=In Bit4=In Bit3=In Bit2=In Bit1=In Bit0=In
                 ; 0000 0068 DDRD=(1<<DDD7) | (0<<DDD6) | (0<<DDD5) | (0<<DDD4) | (0<<DDD3) | (0<<DDD2) | (0<<DDD1) | (0<<DDD0);
0000c9 e8e0      	LDI  R30,LOW(128)
0000ca bbe1      	OUT  0x11,R30
                 ; 0000 0069 // State: Bit7=0 Bit6=T Bit5=T Bit4=T Bit3=T Bit2=T Bit1=T Bit0=T
                 ; 0000 006A PORTD=(0<<PORTD7) | (0<<PORTD6) | (0<<PORTD5) | (0<<PORTD4) | (0<<PORTD3) | (0<<PORTD2) | (0<<PORTD1) | (0<<PORTD0);
0000cb e0e0      	LDI  R30,LOW(0)
0000cc bbe2      	OUT  0x12,R30
                 ; 0000 006B 
                 ; 0000 006C // Timer/Counter 0 initialization
                 ; 0000 006D // Clock source: System Clock
                 ; 0000 006E // Clock value: 125.000 kHz
                 ; 0000 006F // Mode: CTC top=OCR0
                 ; 0000 0070 // OC0 output: Disconnected
                 ; 0000 0071 // Timer Period: 1 ms
                 ; 0000 0072 //TCCR0=(0<<WGM00) | (0<<COM01) | (0<<COM00) | (1<<WGM01) | (0<<CS02) | (1<<CS01) | (1<<CS00);
                 ; 0000 0073 TCCR0=(0<<WGM00) | (0<<COM01) | (0<<COM00) | (1<<WGM01) | (0<<CS02) | (0<<CS01) | (0<<CS00);
0000cd e0e8      	LDI  R30,LOW(8)
0000ce bfe3      	OUT  0x33,R30
                 ; 0000 0074 TCNT0=0x00;
0000cf e0e0      	LDI  R30,LOW(0)
0000d0 bfe2      	OUT  0x32,R30
                 ; 0000 0075 OCR0=0x7C;
0000d1 e7ec      	LDI  R30,LOW(124)
0000d2 bfec      	OUT  0x3C,R30
                 ; 0000 0076 
                 ; 0000 0077 // Timer/Counter 1 initialization
                 ; 0000 0078 // Clock source: System Clock
                 ; 0000 0079 // Clock value: 8000.000 kHz
                 ; 0000 007A // Mode: CTC top=OCR1A
                 ; 0000 007B // OC1A output: Disconnected
                 ; 0000 007C // OC1B output: Disconnected
                 ; 0000 007D // Noise Canceler: Off
                 ; 0000 007E // Input Capture on Falling Edge
                 ; 0000 007F // Timer Period: 1 ms
                 ; 0000 0080 // Timer1 Overflow Interrupt: Off
                 ; 0000 0081 // Input Capture Interrupt: Off
                 ; 0000 0082 // Compare A Match Interrupt: On
                 ; 0000 0083 // Compare B Match Interrupt: Off
                 ; 0000 0084 TCCR1A=(0<<COM1A1) | (0<<COM1A0) | (0<<COM1B1) | (0<<COM1B0) | (0<<WGM11) | (0<<WGM10);
0000d3 e0e0      	LDI  R30,LOW(0)
0000d4 bdef      	OUT  0x2F,R30
                 ; 0000 0085 TCCR1B=(0<<ICNC1) | (0<<ICES1) | (0<<WGM13) | (1<<WGM12) | (0<<CS12) | (0<<CS11) | (1<<CS10);
0000d5 e0e9      	LDI  R30,LOW(9)
0000d6 bdee      	OUT  0x2E,R30
                 ; 0000 0086 TCNT1H=0x00;
0000d7 e0e0      	LDI  R30,LOW(0)
0000d8 bded      	OUT  0x2D,R30
                 ; 0000 0087 TCNT1L=0x00;
0000d9 bdec      	OUT  0x2C,R30
                 ; 0000 0088 ICR1H=0x00;
0000da bde7      	OUT  0x27,R30
                 ; 0000 0089 ICR1L=0x00;
0000db bde6      	OUT  0x26,R30
                 ; 0000 008A OCR1AH=0x1F;
0000dc e1ef      	LDI  R30,LOW(31)
0000dd bdeb      	OUT  0x2B,R30
                 ; 0000 008B OCR1AL=0x3F;
0000de e3ef      	LDI  R30,LOW(63)
0000df bdea      	OUT  0x2A,R30
                 ; 0000 008C OCR1BH=0x00;
0000e0 e0e0      	LDI  R30,LOW(0)
0000e1 bde9      	OUT  0x29,R30
                 ; 0000 008D OCR1BL=0x00;
0000e2 bde8      	OUT  0x28,R30
                 ; 0000 008E 
                 ; 0000 008F // Timer/Counter 2 initialization
                 ; 0000 0090 // Clock source: System Clock
                 ; 0000 0091 // Clock value: 125.000 kHz
                 ; 0000 0092 // Mode: Fast PWM top=0xFF
                 ; 0000 0093 // OC2 output: Non-Inverted PWM
                 ; 0000 0094 // Timer Period: 2.048 ms
                 ; 0000 0095 // Output Pulse(s):
                 ; 0000 0096 // OC2 Period: 2.048 ms Width: 0 us
                 ; 0000 0097 ASSR=0<<AS2;
0000e3 bde2      	OUT  0x22,R30
                 ; 0000 0098 //TCCR2=(1<<PWM2) | (1<<COM21) | (0<<COM20) | (1<<CTC2) | (1<<CS22) | (0<<CS21) | (0<<CS20);
                 ; 0000 0099 TCCR2=(1<<PWM2) | (1<<COM21) | (0<<COM20) | (1<<CTC2) | (0<<CS22) | (0<<CS21) | (0<<CS20);
0000e4 e6e8      	LDI  R30,LOW(104)
0000e5 bde5      	OUT  0x25,R30
                 ; 0000 009A TCNT2=0x00;
0000e6 e0e0      	LDI  R30,LOW(0)
0000e7 bde4      	OUT  0x24,R30
                 ; 0000 009B OCR2=0x00;
0000e8 bde3      	OUT  0x23,R30
                 ; 0000 009C 
                 ; 0000 009D // Timer(s)/Counter(s) Interrupt(s) initialization
                 ; 0000 009E TIMSK=(0<<OCIE2) | (0<<TOIE2) | (0<<TICIE1) | (1<<OCIE1A) | (0<<OCIE1B) | (0<<TOIE1) | (1<<OCIE0) | (0<<TOIE0);
0000e9 e1e2      	LDI  R30,LOW(18)
0000ea bfe9      	OUT  0x39,R30
                 ; 0000 009F 
                 ; 0000 00A0 // External Interrupt(s) initialization
                 ; 0000 00A1 // INT0: Off
                 ; 0000 00A2 // INT1: Off
                 ; 0000 00A3 // INT2: Off
                 ; 0000 00A4 MCUCR=(0<<ISC11) | (0<<ISC10) | (0<<ISC01) | (0<<ISC00);
0000eb e0e0      	LDI  R30,LOW(0)
0000ec bfe5      	OUT  0x35,R30
                 ; 0000 00A5 MCUCSR=(0<<ISC2);
0000ed bfe4      	OUT  0x34,R30
                 ; 0000 00A6 
                 ; 0000 00A7 // USART initialization
                 ; 0000 00A8 // USART disabled
                 ; 0000 00A9 UCSRB=(0<<RXCIE) | (0<<TXCIE) | (0<<UDRIE) | (0<<RXEN) | (0<<TXEN) | (0<<UCSZ2) | (0<<RXB8) | (0<<TXB8);
0000ee b9ea      	OUT  0xA,R30
                 ; 0000 00AA 
                 ; 0000 00AB // Analog Comparator initialization
                 ; 0000 00AC // Analog Comparator: On
                 ; 0000 00AD // The Analog Comparator's positive input is
                 ; 0000 00AE // connected to the AIN0 pin
                 ; 0000 00AF // The Analog Comparator's negative input is
                 ; 0000 00B0 // connected to the AIN1 pin
                 ; 0000 00B1 // Analog Comparator Input Capture by Timer/Counter 1: Off
                 ; 0000 00B2 ACSR=(0<<ACD) | (0<<ACBG) | (0<<ACO) | (0<<ACI) | (0<<ACIE) | (0<<ACIC) | (0<<ACIS1) | (0<<ACIS0);
0000ef b9e8      	OUT  0x8,R30
                 ; 0000 00B3 SFIOR=(0<<ACME);
0000f0 bfe0      	OUT  0x30,R30
                 ; 0000 00B4 
                 ; 0000 00B5 // ADC initialization
                 ; 0000 00B6 // ADC disabled
                 ; 0000 00B7 ADCSRA=(0<<ADEN) | (0<<ADSC) | (0<<ADATE) | (0<<ADIF) | (0<<ADIE) | (0<<ADPS2) | (0<<ADPS1) | (0<<ADPS0);
0000f1 b9e6      	OUT  0x6,R30
                 ; 0000 00B8 
                 ; 0000 00B9 // SPI initialization
                 ; 0000 00BA // SPI Type: Slave
                 ; 0000 00BB // SPI Clock Rate: 2000.000 kHz
                 ; 0000 00BC // SPI Clock Phase: Cycle Start
                 ; 0000 00BD // SPI Clock Polarity: Low
                 ; 0000 00BE // SPI Data Order: MSB First
                 ; 0000 00BF SPCR=(1<<SPIE) | (1<<SPE) | (0<<DORD) | (0<<MSTR) | (0<<CPOL) | (0<<CPHA) | (0<<SPR1) | (0<<SPR0);
0000f2 ece0      	LDI  R30,LOW(192)
0000f3 b9ed      	OUT  0xD,R30
                 ; 0000 00C0 SPSR=(0<<SPI2X);
0000f4 e0e0      	LDI  R30,LOW(0)
0000f5 b9ee      	OUT  0xE,R30
                 ; 0000 00C1 
                 ; 0000 00C2 // Clear the SPI interrupt flag
                 ; 0000 00C3 #asm
                 ; 0000 00C4     in   r30,spsr
0000f6 b1ee          in   r30,spsr
                 ; 0000 00C5     in   r30,spdr
0000f7 b1ef          in   r30,spdr
                 ; 0000 00C6 #endasm
                 ; 0000 00C7 
                 ; 0000 00C8 // TWI initialization
                 ; 0000 00C9 // TWI disabled
                 ; 0000 00CA TWCR=(0<<TWEA) | (0<<TWSTA) | (0<<TWSTO) | (0<<TWEN) | (0<<TWIE);
0000f8 e0e0      	LDI  R30,LOW(0)
0000f9 bfe6      	OUT  0x36,R30
                 ; 0000 00CB 
                 ; 0000 00CC // Alphanumeric LCD initialization
                 ; 0000 00CD // Connections are specified in the
                 ; 0000 00CE // Project|Configure|C Compiler|Libraries|Alphanumeric LCD menu:
                 ; 0000 00CF // RS - PORTC Bit 0
                 ; 0000 00D0 // RD - PORTC Bit 1
                 ; 0000 00D1 // EN - PORTC Bit 2
                 ; 0000 00D2 // D4 - PORTC Bit 4
                 ; 0000 00D3 // D5 - PORTC Bit 5
                 ; 0000 00D4 // D6 - PORTC Bit 6
                 ; 0000 00D5 // D7 - PORTC Bit 7
                 ; 0000 00D6 // Characters/line: 16
                 ; 0000 00D7 lcd_init(16);
0000fa e1a0      	LDI  R26,LOW(16)
0000fb d097      	RCALL _lcd_init
                 ; 0000 00D8 
                 ; 0000 00D9 // Global enable interrupts
                 ; 0000 00DA #asm("sei")
0000fc 9478      	sei
                 ; 0000 00DB 
                 ; 0000 00DC while (1)
                 _0x8:
                 ; 0000 00DD       {
                 ; 0000 00DE       // Place your code here
                 ; 0000 00DF        lcd_gotoxy(0,0);
0000fd e0e0      	LDI  R30,LOW(0)
0000fe 93ea      	ST   -Y,R30
0000ff e0a0      	LDI  R26,LOW(0)
000100 d042      	RCALL _lcd_gotoxy
                 ; 0000 00E0        sprintf(lcd_show,"speed=%d tem=%d data=%d     ",speed,tem,data);
000101 e6e0      	LDI  R30,LOW(_lcd_show)
000102 e0f2      	LDI  R31,HIGH(_lcd_show)
000103 93fa      	ST   -Y,R31
000104 93ea      	ST   -Y,R30
                +
000105 e7e0     +LDI R30 , LOW ( 2 * _0x0 + ( 0 ) )
000106 e0f0     +LDI R31 , HIGH ( 2 * _0x0 + ( 0 ) )
                 	__POINTW1FN _0x0,0
000107 93fa      	ST   -Y,R31
000108 93ea      	ST   -Y,R30
000109 01f3      	MOVW R30,R6
00010a 940e 03dd 	CALL __CWD1
00010c 940e 040b 	CALL __PUTPARD1
00010e 01f2      	MOVW R30,R4
00010f 940e 03dd 	CALL __CWD1
000111 940e 040b 	CALL __PUTPARD1
000113 91e0 0280 	LDS  R30,_data
000115 27ff      	CLR  R31
000116 2766      	CLR  R22
000117 2777      	CLR  R23
000118 940e 040b 	CALL __PUTPARD1
00011a e08c      	LDI  R24,12
00011b 940e 0336 	CALL _sprintf
00011d 9660      	ADIW R28,16
                 ; 0000 00E1        lcd_puts(lcd_show);
00011e e6a0      	LDI  R26,LOW(_lcd_show)
00011f e0b2      	LDI  R27,HIGH(_lcd_show)
000120 d061      	RCALL _lcd_puts
                 ; 0000 00E2       }
000121 cfdb      	RJMP _0x8
                 ; 0000 00E3 }
                 _0xB:
000122 cfff      	RJMP _0xB
                 ; .FEND
                 	#ifndef __SLEEP_DEFINED__
                 	#endif
                 
                 	.DSEG
                 
                 	.CSEG
                 __lcd_write_nibble_G100:
                 ; .FSTART __lcd_write_nibble_G100
000123 93aa      	ST   -Y,R26
000124 b3e5      	IN   R30,0x15
000125 70ef      	ANDI R30,LOW(0xF)
000126 2fae      	MOV  R26,R30
000127 81e8      	LD   R30,Y
000128 7fe0      	ANDI R30,LOW(0xF0)
000129 2bea      	OR   R30,R26
00012a bbe5      	OUT  0x15,R30
                +
00012b e08d     +LDI R24 , LOW ( 13 )
                +__DELAY_USB_LOOP :
00012c 958a     +DEC R24
00012d f7f1     +BRNE __DELAY_USB_LOOP
                 	__DELAY_USB 13
00012e 9aaa      	SBI  0x15,2
                +
00012f e08d     +LDI R24 , LOW ( 13 )
                +__DELAY_USB_LOOP :
000130 958a     +DEC R24
000131 f7f1     +BRNE __DELAY_USB_LOOP
                 	__DELAY_USB 13
000132 98aa      	CBI  0x15,2
                +
000133 e08d     +LDI R24 , LOW ( 13 )
                +__DELAY_USB_LOOP :
000134 958a     +DEC R24
000135 f7f1     +BRNE __DELAY_USB_LOOP
                 	__DELAY_USB 13
000136 c089      	RJMP _0x2080002
                 ; .FEND
                 __lcd_write_data:
                 ; .FSTART __lcd_write_data
000137 93aa      	ST   -Y,R26
000138 81a8      	LD   R26,Y
000139 dfe9      	RCALL __lcd_write_nibble_G100
00013a 81e8          ld    r30,y
00013b 95e2          swap  r30
00013c 83e8          st    y,r30
00013d 81a8      	LD   R26,Y
00013e dfe4      	RCALL __lcd_write_nibble_G100
                +
00013f e885     +LDI R24 , LOW ( 133 )
                +__DELAY_USB_LOOP :
000140 958a     +DEC R24
000141 f7f1     +BRNE __DELAY_USB_LOOP
                 	__DELAY_USB 133
000142 c07d      	RJMP _0x2080002
                 ; .FEND
                 _lcd_gotoxy:
                 ; .FSTART _lcd_gotoxy
000143 93aa      	ST   -Y,R26
000144 81e8      	LD   R30,Y
000145 e0f0      	LDI  R31,0
000146 57ef      	SUBI R30,LOW(-__base_y_G100)
000147 4ffd      	SBCI R31,HIGH(-__base_y_G100)
000148 81e0      	LD   R30,Z
000149 81a9      	LDD  R26,Y+1
00014a 0fae      	ADD  R26,R30
00014b dfeb      	RCALL __lcd_write_data
00014c 81e9      	LDD  R30,Y+1
00014d 93e0 0285 	STS  __lcd_x,R30
00014f 81e8      	LD   R30,Y
000150 93e0 0286 	STS  __lcd_y,R30
000152 9622      	ADIW R28,2
000153 9508      	RET
                 ; .FEND
                 _lcd_clear:
                 ; .FSTART _lcd_clear
000154 e0a2      	LDI  R26,LOW(2)
000155 940e 0391 	CALL SUBOPT_0x1
000157 e0ac      	LDI  R26,LOW(12)
000158 dfde      	RCALL __lcd_write_data
000159 e0a1      	LDI  R26,LOW(1)
00015a 940e 0391 	CALL SUBOPT_0x1
00015c e0e0      	LDI  R30,LOW(0)
00015d 93e0 0286 	STS  __lcd_y,R30
00015f 93e0 0285 	STS  __lcd_x,R30
000161 9508      	RET
                 ; .FEND
                 _lcd_putchar:
                 ; .FSTART _lcd_putchar
000162 93aa      	ST   -Y,R26
000163 81a8      	LD   R26,Y
000164 30aa      	CPI  R26,LOW(0xA)
000165 f031      	BREQ _0x2000005
000166 91e0 0287 	LDS  R30,__lcd_maxx
000168 91a0 0285 	LDS  R26,__lcd_x
00016a 17ae      	CP   R26,R30
00016b f060      	BRLO _0x2000004
                 _0x2000005:
00016c e0e0      	LDI  R30,LOW(0)
00016d 93ea      	ST   -Y,R30
00016e 91a0 0286 	LDS  R26,__lcd_y
000170 5faf      	SUBI R26,-LOW(1)
000171 93a0 0286 	STS  __lcd_y,R26
000173 dfcf      	RCALL _lcd_gotoxy
000174 81a8      	LD   R26,Y
000175 30aa      	CPI  R26,LOW(0xA)
000176 f409      	BRNE _0x2000007
000177 c048      	RJMP _0x2080002
                 _0x2000007:
                 _0x2000004:
000178 91e0 0285 	LDS  R30,__lcd_x
00017a 5fef      	SUBI R30,-LOW(1)
00017b 93e0 0285 	STS  __lcd_x,R30
00017d 9aa8      	SBI  0x15,0
00017e 81a8      	LD   R26,Y
00017f dfb7      	RCALL __lcd_write_data
000180 98a8      	CBI  0x15,0
000181 c03e      	RJMP _0x2080002
                 ; .FEND
                 _lcd_puts:
                 ; .FSTART _lcd_puts
000182 93ba      	ST   -Y,R27
000183 93aa      	ST   -Y,R26
000184 931a      	ST   -Y,R17
                 _0x2000008:
000185 81a9      	LDD  R26,Y+1
000186 81ba      	LDD  R27,Y+1+1
000187 91ed      	LD   R30,X+
000188 83a9      	STD  Y+1,R26
000189 83ba      	STD  Y+1+1,R27
00018a 2f1e      	MOV  R17,R30
00018b 30e0      	CPI  R30,0
00018c f019      	BREQ _0x200000A
00018d 2fa1      	MOV  R26,R17
00018e dfd3      	RCALL _lcd_putchar
00018f cff5      	RJMP _0x2000008
                 _0x200000A:
000190 8118      	LDD  R17,Y+0
000191 9623      	ADIW R28,3
000192 9508      	RET
                 ; .FEND
                 _lcd_init:
                 ; .FSTART _lcd_init
000193 93aa      	ST   -Y,R26
000194 b3e4      	IN   R30,0x14
000195 6fe0      	ORI  R30,LOW(0xF0)
000196 bbe4      	OUT  0x14,R30
000197 9aa2      	SBI  0x14,2
000198 9aa0      	SBI  0x14,0
000199 9aa1      	SBI  0x14,1
00019a 98aa      	CBI  0x15,2
00019b 98a8      	CBI  0x15,0
00019c 98a9      	CBI  0x15,1
00019d 81e8      	LD   R30,Y
00019e 93e0 0287 	STS  __lcd_maxx,R30
0001a0 58e0      	SUBI R30,-LOW(128)
                +
0001a1 93e0 0283+STS __base_y_G100 + ( 2 ) , R30
                 	__PUTB1MN __base_y_G100,2
0001a3 81e8      	LD   R30,Y
0001a4 54e0      	SUBI R30,-LOW(192)
                +
0001a5 93e0 0284+STS __base_y_G100 + ( 3 ) , R30
                 	__PUTB1MN __base_y_G100,3
0001a7 e1a4      	LDI  R26,LOW(20)
0001a8 e0b0      	LDI  R27,0
0001a9 940e 03cb 	CALL _delay_ms
0001ab 940e 0397 	CALL SUBOPT_0x2
0001ad 940e 0397 	CALL SUBOPT_0x2
0001af 940e 0397 	CALL SUBOPT_0x2
0001b1 e2a0      	LDI  R26,LOW(32)
0001b2 df70      	RCALL __lcd_write_nibble_G100
                +
0001b3 ec88     +LDI R24 , LOW ( 200 )
0001b4 e090     +LDI R25 , HIGH ( 200 )
                +__DELAY_USW_LOOP :
0001b5 9701     +SBIW R24 , 1
0001b6 f7f1     +BRNE __DELAY_USW_LOOP
                 	__DELAY_USW 200
0001b7 e2a8      	LDI  R26,LOW(40)
0001b8 df7e      	RCALL __lcd_write_data
0001b9 e0a4      	LDI  R26,LOW(4)
0001ba df7c      	RCALL __lcd_write_data
0001bb e8a5      	LDI  R26,LOW(133)
0001bc df7a      	RCALL __lcd_write_data
0001bd e0a6      	LDI  R26,LOW(6)
0001be df78      	RCALL __lcd_write_data
0001bf df94      	RCALL _lcd_clear
                 _0x2080002:
0001c0 9621      	ADIW R28,1
0001c1 9508      	RET
                 ; .FEND
                 	#ifndef __SLEEP_DEFINED__
                 	#endif
                 
                 	.CSEG
                 _put_buff_G101:
                 ; .FSTART _put_buff_G101
0001c2 93ba      	ST   -Y,R27
0001c3 93aa      	ST   -Y,R26
0001c4 931a      	ST   -Y,R17
0001c5 930a      	ST   -Y,R16
0001c6 81aa      	LDD  R26,Y+2
0001c7 81bb      	LDD  R27,Y+2+1
0001c8 9612      	ADIW R26,2
0001c9 940e 0403 	CALL __GETW1P
0001cb 9730      	SBIW R30,0
0001cc f159      	BREQ _0x2020010
0001cd 81aa      	LDD  R26,Y+2
0001ce 81bb      	LDD  R27,Y+2+1
0001cf 9614      	ADIW R26,4
0001d0 940e 0403 	CALL __GETW1P
0001d2 018f      	MOVW R16,R30
0001d3 9730      	SBIW R30,0
0001d4 f061      	BREQ _0x2020012
                +
0001d5 3002     +CPI R16 , LOW ( 2 )
0001d6 e0e0     +LDI R30 , HIGH ( 2 )
0001d7 071e     +CPC R17 , R30
                 	__CPWRN 16,17,2
0001d8 f098      	BRLO _0x2020013
0001d9 01f8      	MOVW R30,R16
0001da 9731      	SBIW R30,1
0001db 018f      	MOVW R16,R30
                +
0001dc 81aa     +LDD R26 , Y + 2
0001dd 81bb     +LDD R27 , Y + 2 + 1
0001de 9614     +ADIW R26 , 4
0001df 93ed     +ST X + , R30
0001e0 93fc     +ST X , R31
                 	__PUTW1SNS 2,4
                 _0x2020012:
0001e1 81aa      	LDD  R26,Y+2
0001e2 81bb      	LDD  R27,Y+2+1
0001e3 9612      	ADIW R26,2
0001e4 91ed      	LD   R30,X+
0001e5 91fd      	LD   R31,X+
0001e6 9631      	ADIW R30,1
0001e7 93fe      	ST   -X,R31
0001e8 93ee      	ST   -X,R30
0001e9 9731      	SBIW R30,1
0001ea 81ac      	LDD  R26,Y+4
0001eb 83a0      	STD  Z+0,R26
                 _0x2020013:
0001ec 81aa      	LDD  R26,Y+2
0001ed 81bb      	LDD  R27,Y+2+1
0001ee 940e 0403 	CALL __GETW1P
0001f0 23ff      	TST  R31
0001f1 f02a      	BRMI _0x2020014
0001f2 91ed      	LD   R30,X+
0001f3 91fd      	LD   R31,X+
0001f4 9631      	ADIW R30,1
0001f5 93fe      	ST   -X,R31
0001f6 93ee      	ST   -X,R30
                 _0x2020014:
0001f7 c006      	RJMP _0x2020015
                 _0x2020010:
0001f8 81aa      	LDD  R26,Y+2
0001f9 81bb      	LDD  R27,Y+2+1
0001fa efef      	LDI  R30,LOW(65535)
0001fb efff      	LDI  R31,HIGH(65535)
0001fc 93ed      	ST   X+,R30
0001fd 93fc      	ST   X,R31
                 _0x2020015:
0001fe 8119      	LDD  R17,Y+1
0001ff 8108      	LDD  R16,Y+0
000200 9625      	ADIW R28,5
000201 9508      	RET
                 ; .FEND
                 __print_G101:
                 ; .FSTART __print_G101
000202 93ba      	ST   -Y,R27
000203 93aa      	ST   -Y,R26
000204 9726      	SBIW R28,6
000205 940e 0410 	CALL __SAVELOCR6
000207 e010      	LDI  R17,0
000208 85ac      	LDD  R26,Y+12
000209 85bd      	LDD  R27,Y+12+1
00020a e0e0      	LDI  R30,LOW(0)
00020b e0f0      	LDI  R31,HIGH(0)
00020c 93ed      	ST   X+,R30
00020d 93fc      	ST   X,R31
                 _0x2020016:
00020e 89ea      	LDD  R30,Y+18
00020f 89fb      	LDD  R31,Y+18+1
000210 9631      	ADIW R30,1
000211 8bea      	STD  Y+18,R30
000212 8bfb      	STD  Y+18+1,R31
000213 9731      	SBIW R30,1
000214 91e4      	LPM  R30,Z
000215 2f2e      	MOV  R18,R30
000216 30e0      	CPI  R30,0
000217 f409      	BRNE PC+2
000218 c115      	RJMP _0x2020018
000219 2fe1      	MOV  R30,R17
00021a 30e0      	CPI  R30,0
00021b f439      	BRNE _0x202001C
00021c 3225      	CPI  R18,37
00021d f411      	BRNE _0x202001D
00021e e011      	LDI  R17,LOW(1)
00021f c002      	RJMP _0x202001E
                 _0x202001D:
000220 940e 039f 	CALL SUBOPT_0x3
                 _0x202001E:
000222 c10a      	RJMP _0x202001B
                 _0x202001C:
000223 30e1      	CPI  R30,LOW(0x1)
000224 f4a9      	BRNE _0x202001F
000225 3225      	CPI  R18,37
000226 f419      	BRNE _0x2020020
000227 940e 039f 	CALL SUBOPT_0x3
000229 c102      	RJMP _0x20200CC
                 _0x2020020:
00022a e012      	LDI  R17,LOW(2)
00022b e040      	LDI  R20,LOW(0)
00022c e000      	LDI  R16,LOW(0)
00022d 322d      	CPI  R18,45
00022e f411      	BRNE _0x2020021
00022f e001      	LDI  R16,LOW(1)
000230 c0fc      	RJMP _0x202001B
                 _0x2020021:
000231 322b      	CPI  R18,43
000232 f411      	BRNE _0x2020022
000233 e24b      	LDI  R20,LOW(43)
000234 c0f8      	RJMP _0x202001B
                 _0x2020022:
000235 3220      	CPI  R18,32
000236 f411      	BRNE _0x2020023
000237 e240      	LDI  R20,LOW(32)
000238 c0f4      	RJMP _0x202001B
                 _0x2020023:
000239 c002      	RJMP _0x2020024
                 _0x202001F:
00023a 30e2      	CPI  R30,LOW(0x2)
00023b f439      	BRNE _0x2020025
                 _0x2020024:
00023c e050      	LDI  R21,LOW(0)
00023d e013      	LDI  R17,LOW(3)
00023e 3320      	CPI  R18,48
00023f f411      	BRNE _0x2020026
000240 6800      	ORI  R16,LOW(128)
000241 c0eb      	RJMP _0x202001B
                 _0x2020026:
000242 c003      	RJMP _0x2020027
                 _0x2020025:
000243 30e3      	CPI  R30,LOW(0x3)
000244 f009      	BREQ PC+2
000245 c0e7      	RJMP _0x202001B
                 _0x2020027:
000246 3320      	CPI  R18,48
000247 f010      	BRLO _0x202002A
000248 332a      	CPI  R18,58
000249 f008      	BRLO _0x202002B
                 _0x202002A:
00024a c007      	RJMP _0x2020029
                 _0x202002B:
00024b e0aa      	LDI  R26,LOW(10)
00024c 9f5a      	MUL  R21,R26
00024d 2d50      	MOV  R21,R0
00024e 2fe2      	MOV  R30,R18
00024f 53e0      	SUBI R30,LOW(48)
000250 0f5e      	ADD  R21,R30
000251 c0db      	RJMP _0x202001B
                 _0x2020029:
000252 2fe2      	MOV  R30,R18
000253 36e3      	CPI  R30,LOW(0x63)
000254 f449      	BRNE _0x202002F
000255 940e 03a6 	CALL SUBOPT_0x4
000257 89e8      	LDD  R30,Y+16
000258 89f9      	LDD  R31,Y+16+1
000259 81a4      	LDD  R26,Z+4
00025a 93aa      	ST   -Y,R26
00025b 940e 03ac 	CALL SUBOPT_0x5
00025d c0ce      	RJMP _0x2020030
                 _0x202002F:
00025e 37e3      	CPI  R30,LOW(0x73)
00025f f441      	BRNE _0x2020032
000260 940e 03a6 	CALL SUBOPT_0x4
000262 940e 03b2 	CALL SUBOPT_0x6
000264 940e 036a 	CALL _strlen
000266 2f1e      	MOV  R17,R30
000267 c00a      	RJMP _0x2020033
                 _0x2020032:
000268 37e0      	CPI  R30,LOW(0x70)
000269 f461      	BRNE _0x2020035
00026a 940e 03a6 	CALL SUBOPT_0x4
00026c 940e 03b2 	CALL SUBOPT_0x6
00026e 940e 0376 	CALL _strlenf
000270 2f1e      	MOV  R17,R30
000271 6008      	ORI  R16,LOW(8)
                 _0x2020033:
000272 6002      	ORI  R16,LOW(2)
000273 770f      	ANDI R16,LOW(127)
000274 e030      	LDI  R19,LOW(0)
000275 c034      	RJMP _0x2020036
                 _0x2020035:
000276 36e4      	CPI  R30,LOW(0x64)
000277 f011      	BREQ _0x2020039
000278 36e9      	CPI  R30,LOW(0x69)
000279 f411      	BRNE _0x202003A
                 _0x2020039:
00027a 6004      	ORI  R16,LOW(4)
00027b c002      	RJMP _0x202003B
                 _0x202003A:
00027c 37e5      	CPI  R30,LOW(0x75)
00027d f431      	BRNE _0x202003C
                 _0x202003B:
00027e e5e4      	LDI  R30,LOW(_tbl10_G101*2)
00027f e0f0      	LDI  R31,HIGH(_tbl10_G101*2)
000280 83ee      	STD  Y+6,R30
000281 83ff      	STD  Y+6+1,R31
000282 e015      	LDI  R17,LOW(5)
000283 c00c      	RJMP _0x202003D
                 _0x202003C:
000284 35e8      	CPI  R30,LOW(0x58)
000285 f411      	BRNE _0x202003F
000286 6008      	ORI  R16,LOW(8)
000287 c003      	RJMP _0x2020040
                 _0x202003F:
000288 37e8      	CPI  R30,LOW(0x78)
000289 f009      	BREQ PC+2
00028a c0a1      	RJMP _0x2020071
                 _0x2020040:
00028b e5ee      	LDI  R30,LOW(_tbl16_G101*2)
00028c e0f0      	LDI  R31,HIGH(_tbl16_G101*2)
00028d 83ee      	STD  Y+6,R30
00028e 83ff      	STD  Y+6+1,R31
00028f e014      	LDI  R17,LOW(4)
                 _0x202003D:
000290 ff02      	SBRS R16,2
000291 c014      	RJMP _0x2020042
000292 940e 03a6 	CALL SUBOPT_0x4
000294 940e 03bc 	CALL SUBOPT_0x7
000296 85ab      	LDD  R26,Y+11
000297 23aa      	TST  R26
000298 f43a      	BRPL _0x2020043
000299 85ea      	LDD  R30,Y+10
00029a 85fb      	LDD  R31,Y+10+1
00029b 940e 03d9 	CALL __ANEGW1
00029d 87ea      	STD  Y+10,R30
00029e 87fb      	STD  Y+10+1,R31
00029f e24d      	LDI  R20,LOW(45)
                 _0x2020043:
0002a0 3040      	CPI  R20,0
0002a1 f011      	BREQ _0x2020044
0002a2 5f1f      	SUBI R17,-LOW(1)
0002a3 c001      	RJMP _0x2020045
                 _0x2020044:
0002a4 7f0b      	ANDI R16,LOW(251)
                 _0x2020045:
0002a5 c004      	RJMP _0x2020046
                 _0x2020042:
0002a6 940e 03a6 	CALL SUBOPT_0x4
0002a8 940e 03bc 	CALL SUBOPT_0x7
                 _0x2020046:
                 _0x2020036:
0002aa fd00      	SBRC R16,0
0002ab c011      	RJMP _0x2020047
                 _0x2020048:
0002ac 1715      	CP   R17,R21
0002ad f478      	BRSH _0x202004A
0002ae ff07      	SBRS R16,7
0002af c008      	RJMP _0x202004B
0002b0 ff02      	SBRS R16,2
0002b1 c004      	RJMP _0x202004C
0002b2 7f0b      	ANDI R16,LOW(251)
0002b3 2f24      	MOV  R18,R20
0002b4 5011      	SUBI R17,LOW(1)
0002b5 c001      	RJMP _0x202004D
                 _0x202004C:
0002b6 e320      	LDI  R18,LOW(48)
                 _0x202004D:
0002b7 c001      	RJMP _0x202004E
                 _0x202004B:
0002b8 e220      	LDI  R18,LOW(32)
                 _0x202004E:
0002b9 940e 039f 	CALL SUBOPT_0x3
0002bb 5051      	SUBI R21,LOW(1)
0002bc cfef      	RJMP _0x2020048
                 _0x202004A:
                 _0x2020047:
0002bd 2f31      	MOV  R19,R17
0002be ff01      	SBRS R16,1
0002bf c017      	RJMP _0x202004F
                 _0x2020050:
0002c0 3030      	CPI  R19,0
0002c1 f0a1      	BREQ _0x2020052
0002c2 ff03      	SBRS R16,3
0002c3 c006      	RJMP _0x2020053
0002c4 81ee      	LDD  R30,Y+6
0002c5 81ff      	LDD  R31,Y+6+1
0002c6 9125      	LPM  R18,Z+
0002c7 83ee      	STD  Y+6,R30
0002c8 83ff      	STD  Y+6+1,R31
0002c9 c005      	RJMP _0x2020054
                 _0x2020053:
0002ca 81ae      	LDD  R26,Y+6
0002cb 81bf      	LDD  R27,Y+6+1
0002cc 912d      	LD   R18,X+
0002cd 83ae      	STD  Y+6,R26
0002ce 83bf      	STD  Y+6+1,R27
                 _0x2020054:
0002cf 940e 039f 	CALL SUBOPT_0x3
0002d1 3050      	CPI  R21,0
0002d2 f009      	BREQ _0x2020055
0002d3 5051      	SUBI R21,LOW(1)
                 _0x2020055:
0002d4 5031      	SUBI R19,LOW(1)
0002d5 cfea      	RJMP _0x2020050
                 _0x2020052:
0002d6 c04b      	RJMP _0x2020056
                 _0x202004F:
                 _0x2020058:
0002d7 e320      	LDI  R18,LOW(48)
0002d8 81ee      	LDD  R30,Y+6
0002d9 81ff      	LDD  R31,Y+6+1
0002da 940e 0407 	CALL __GETW1PF
0002dc 87e8      	STD  Y+8,R30
0002dd 87f9      	STD  Y+8+1,R31
0002de 81ee      	LDD  R30,Y+6
0002df 81ff      	LDD  R31,Y+6+1
0002e0 9632      	ADIW R30,2
0002e1 83ee      	STD  Y+6,R30
0002e2 83ff      	STD  Y+6+1,R31
                 _0x202005A:
0002e3 85e8      	LDD  R30,Y+8
0002e4 85f9      	LDD  R31,Y+8+1
0002e5 85aa      	LDD  R26,Y+10
0002e6 85bb      	LDD  R27,Y+10+1
0002e7 17ae      	CP   R26,R30
0002e8 07bf      	CPC  R27,R31
0002e9 f050      	BRLO _0x202005C
0002ea 5f2f      	SUBI R18,-LOW(1)
0002eb 85a8      	LDD  R26,Y+8
0002ec 85b9      	LDD  R27,Y+8+1
0002ed 85ea      	LDD  R30,Y+10
0002ee 85fb      	LDD  R31,Y+10+1
0002ef 1bea      	SUB  R30,R26
0002f0 0bfb      	SBC  R31,R27
0002f1 87ea      	STD  Y+10,R30
0002f2 87fb      	STD  Y+10+1,R31
0002f3 cfef      	RJMP _0x202005A
                 _0x202005C:
0002f4 332a      	CPI  R18,58
0002f5 f028      	BRLO _0x202005D
0002f6 ff03      	SBRS R16,3
0002f7 c002      	RJMP _0x202005E
0002f8 5f29      	SUBI R18,-LOW(7)
0002f9 c001      	RJMP _0x202005F
                 _0x202005E:
0002fa 5d29      	SUBI R18,-LOW(39)
                 _0x202005F:
                 _0x202005D:
0002fb fd04      	SBRC R16,4
0002fc c01a      	RJMP _0x2020061
0002fd 3321      	CPI  R18,49
0002fe f420      	BRSH _0x2020063
0002ff 85a8      	LDD  R26,Y+8
000300 85b9      	LDD  R27,Y+8+1
000301 9711      	SBIW R26,1
000302 f409      	BRNE _0x2020062
                 _0x2020063:
000303 c009      	RJMP _0x20200CD
                 _0x2020062:
000304 1753      	CP   R21,R19
000305 f010      	BRLO _0x2020067
000306 ff00      	SBRS R16,0
000307 c001      	RJMP _0x2020068
                 _0x2020067:
000308 c013      	RJMP _0x2020066
                 _0x2020068:
000309 e220      	LDI  R18,LOW(32)
00030a ff07      	SBRS R16,7
00030b c00b      	RJMP _0x2020069
00030c e320      	LDI  R18,LOW(48)
                 _0x20200CD:
00030d 6100      	ORI  R16,LOW(16)
00030e ff02      	SBRS R16,2
00030f c007      	RJMP _0x202006A
000310 7f0b      	ANDI R16,LOW(251)
000311 934a      	ST   -Y,R20
000312 940e 03ac 	CALL SUBOPT_0x5
000314 3050      	CPI  R21,0
000315 f009      	BREQ _0x202006B
000316 5051      	SUBI R21,LOW(1)
                 _0x202006B:
                 _0x202006A:
                 _0x2020069:
                 _0x2020061:
000317 940e 039f 	CALL SUBOPT_0x3
000319 3050      	CPI  R21,0
00031a f009      	BREQ _0x202006C
00031b 5051      	SUBI R21,LOW(1)
                 _0x202006C:
                 _0x2020066:
00031c 5031      	SUBI R19,LOW(1)
00031d 85a8      	LDD  R26,Y+8
00031e 85b9      	LDD  R27,Y+8+1
00031f 9712      	SBIW R26,2
000320 f008      	BRLO _0x2020059
000321 cfb5      	RJMP _0x2020058
                 _0x2020059:
                 _0x2020056:
000322 ff00      	SBRS R16,0
000323 c008      	RJMP _0x202006D
                 _0x202006E:
000324 3050      	CPI  R21,0
000325 f031      	BREQ _0x2020070
000326 5051      	SUBI R21,LOW(1)
000327 e2e0      	LDI  R30,LOW(32)
000328 93ea      	ST   -Y,R30
000329 940e 03ac 	CALL SUBOPT_0x5
00032b cff8      	RJMP _0x202006E
                 _0x2020070:
                 _0x202006D:
                 _0x2020071:
                 _0x2020030:
                 _0x20200CC:
00032c e010      	LDI  R17,LOW(0)
                 _0x202001B:
00032d cee0      	RJMP _0x2020016
                 _0x2020018:
00032e 85ac      	LDD  R26,Y+12
00032f 85bd      	LDD  R27,Y+12+1
000330 940e 0403 	CALL __GETW1P
000332 940e 0417 	CALL __LOADLOCR6
000334 9664      	ADIW R28,20
000335 9508      	RET
                 ; .FEND
                 _sprintf:
                 ; .FSTART _sprintf
000336 92ff      	PUSH R15
000337 2ef8      	MOV  R15,R24
000338 9726      	SBIW R28,6
000339 940e 0412 	CALL __SAVELOCR4
00033b 940e 03c4 	CALL SUBOPT_0x8
00033d 9730      	SBIW R30,0
00033e f419      	BRNE _0x2020072
00033f efef      	LDI  R30,LOW(65535)
000340 efff      	LDI  R31,HIGH(65535)
000341 c023      	RJMP _0x2080001
                 _0x2020072:
000342 01de      	MOVW R26,R28
000343 9616      	ADIW R26,6
000344 940e 03d5 	CALL __ADDW2R15
000346 018d      	MOVW R16,R26
000347 940e 03c4 	CALL SUBOPT_0x8
000349 83ee      	STD  Y+6,R30
00034a 83ff      	STD  Y+6+1,R31
00034b e0e0      	LDI  R30,LOW(0)
00034c 87e8      	STD  Y+8,R30
00034d 87e9      	STD  Y+8+1,R30
00034e 01de      	MOVW R26,R28
00034f 961a      	ADIW R26,10
000350 940e 03d5 	CALL __ADDW2R15
000352 940e 0403 	CALL __GETW1P
000354 93fa      	ST   -Y,R31
000355 93ea      	ST   -Y,R30
000356 931a      	ST   -Y,R17
000357 930a      	ST   -Y,R16
000358 ece2      	LDI  R30,LOW(_put_buff_G101)
000359 e0f1      	LDI  R31,HIGH(_put_buff_G101)
00035a 93fa      	ST   -Y,R31
00035b 93ea      	ST   -Y,R30
00035c 01de      	MOVW R26,R28
00035d 961a      	ADIW R26,10
00035e dea3      	RCALL __print_G101
00035f 019f      	MOVW R18,R30
000360 81ae      	LDD  R26,Y+6
000361 81bf      	LDD  R27,Y+6+1
000362 e0e0      	LDI  R30,LOW(0)
000363 93ec      	ST   X,R30
000364 01f9      	MOVW R30,R18
                 _0x2080001:
000365 940e 0419 	CALL __LOADLOCR4
000367 962a      	ADIW R28,10
000368 90ff      	POP  R15
000369 9508      	RET
                 ; .FEND
                 
                 	.CSEG
                 
                 	.CSEG
                 _strlen:
                 ; .FSTART _strlen
00036a 93ba      	ST   -Y,R27
00036b 93aa      	ST   -Y,R26
00036c 91a9          ld   r26,y+
00036d 91b9          ld   r27,y+
00036e 27ee          clr  r30
00036f 27ff          clr  r31
                 strlen0:
000370 916d          ld   r22,x+
000371 2366          tst  r22
000372 f011          breq strlen1
000373 9631          adiw r30,1
000374 cffb          rjmp strlen0
                 strlen1:
000375 9508          ret
                 ; .FEND
                 _strlenf:
                 ; .FSTART _strlenf
000376 93ba      	ST   -Y,R27
000377 93aa      	ST   -Y,R26
000378 27aa          clr  r26
000379 27bb          clr  r27
00037a 91e9          ld   r30,y+
00037b 91f9          ld   r31,y+
                 strlenf0:
00037c 9005      	lpm  r0,z+
00037d 2000          tst  r0
00037e f011          breq strlenf1
00037f 9611          adiw r26,1
000380 cffb          rjmp strlenf0
                 strlenf1:
000381 01fd          movw r30,r26
000382 9508          ret
                 ; .FEND
                 
                 	.DSEG
                 _lcd_show:
000260           	.BYTE 0x20
                 _data:
000280           	.BYTE 0x1
                 __base_y_G100:
000281           	.BYTE 0x4
                 __lcd_x:
000285           	.BYTE 0x1
                 __lcd_y:
000286           	.BYTE 0x1
                 __lcd_maxx:
000287           	.BYTE 0x1
                 
                 	.CSEG
                 ;OPTIMIZER ADDED SUBROUTINE, CALLED 2 TIMES, CODE SIZE REDUCTION:8 WORDS
                 SUBOPT_0x0:
000383 920a      	ST   -Y,R0
000384 921a      	ST   -Y,R1
000385 92fa      	ST   -Y,R15
000386 936a      	ST   -Y,R22
000387 937a      	ST   -Y,R23
000388 938a      	ST   -Y,R24
000389 939a      	ST   -Y,R25
00038a 93aa      	ST   -Y,R26
00038b 93ba      	ST   -Y,R27
00038c 93ea      	ST   -Y,R30
00038d 93fa      	ST   -Y,R31
00038e b7ef      	IN   R30,SREG
00038f 93ea      	ST   -Y,R30
000390 9508      	RET
                 
                 ;OPTIMIZER ADDED SUBROUTINE, CALLED 2 TIMES, CODE SIZE REDUCTION:1 WORDS
                 SUBOPT_0x1:
000391 940e 0137 	CALL __lcd_write_data
000393 e0a3      	LDI  R26,LOW(3)
000394 e0b0      	LDI  R27,0
000395 940c 03cb 	JMP  _delay_ms
                 
                 ;OPTIMIZER ADDED SUBROUTINE, CALLED 3 TIMES, CODE SIZE REDUCTION:7 WORDS
                 SUBOPT_0x2:
000397 e3a0      	LDI  R26,LOW(48)
000398 940e 0123 	CALL __lcd_write_nibble_G100
                +
00039a ec88     +LDI R24 , LOW ( 200 )
00039b e090     +LDI R25 , HIGH ( 200 )
                +__DELAY_USW_LOOP :
00039c 9701     +SBIW R24 , 1
00039d f7f1     +BRNE __DELAY_USW_LOOP
                 	__DELAY_USW 200
00039e 9508      	RET
                 
                 ;OPTIMIZER ADDED SUBROUTINE, CALLED 5 TIMES, CODE SIZE REDUCTION:13 WORDS
                 SUBOPT_0x3:
00039f 932a      	ST   -Y,R18
0003a0 85ad      	LDD  R26,Y+13
0003a1 85be      	LDD  R27,Y+13+1
0003a2 85ef      	LDD  R30,Y+15
0003a3 89f8      	LDD  R31,Y+15+1
0003a4 9509      	ICALL
0003a5 9508      	RET
                 
                 ;OPTIMIZER ADDED SUBROUTINE, CALLED 5 TIMES, CODE SIZE REDUCTION:9 WORDS
                 SUBOPT_0x4:
0003a6 89e8      	LDD  R30,Y+16
0003a7 89f9      	LDD  R31,Y+16+1
0003a8 9734      	SBIW R30,4
0003a9 8be8      	STD  Y+16,R30
0003aa 8bf9      	STD  Y+16+1,R31
0003ab 9508      	RET
                 
                 ;OPTIMIZER ADDED SUBROUTINE, CALLED 3 TIMES, CODE SIZE REDUCTION:3 WORDS
                 SUBOPT_0x5:
0003ac 85ad      	LDD  R26,Y+13
0003ad 85be      	LDD  R27,Y+13+1
0003ae 85ef      	LDD  R30,Y+15
0003af 89f8      	LDD  R31,Y+15+1
0003b0 9509      	ICALL
0003b1 9508      	RET
                 
                 ;OPTIMIZER ADDED SUBROUTINE, CALLED 2 TIMES, CODE SIZE REDUCTION:4 WORDS
                 SUBOPT_0x6:
0003b2 89a8      	LDD  R26,Y+16
0003b3 89b9      	LDD  R27,Y+16+1
0003b4 9614      	ADIW R26,4
0003b5 940e 0403 	CALL __GETW1P
0003b7 83ee      	STD  Y+6,R30
0003b8 83ff      	STD  Y+6+1,R31
0003b9 81ae      	LDD  R26,Y+6
0003ba 81bf      	LDD  R27,Y+6+1
0003bb 9508      	RET
                 
                 ;OPTIMIZER ADDED SUBROUTINE, CALLED 2 TIMES, CODE SIZE REDUCTION:2 WORDS
                 SUBOPT_0x7:
0003bc 89a8      	LDD  R26,Y+16
0003bd 89b9      	LDD  R27,Y+16+1
0003be 9614      	ADIW R26,4
0003bf 940e 0403 	CALL __GETW1P
0003c1 87ea      	STD  Y+10,R30
0003c2 87fb      	STD  Y+10+1,R31
0003c3 9508      	RET
                 
                 ;OPTIMIZER ADDED SUBROUTINE, CALLED 2 TIMES, CODE SIZE REDUCTION:1 WORDS
                 SUBOPT_0x8:
0003c4 01de      	MOVW R26,R28
0003c5 961c      	ADIW R26,12
0003c6 940e 03d5 	CALL __ADDW2R15
0003c8 940e 0403 	CALL __GETW1P
0003ca 9508      	RET
                 
                 
                 	.CSEG
                 _delay_ms:
0003cb 9610      	adiw r26,0
0003cc f039      	breq __delay_ms1
                 __delay_ms0:
                +
0003cd ed80     +LDI R24 , LOW ( 0x7D0 )
0003ce e097     +LDI R25 , HIGH ( 0x7D0 )
                +__DELAY_USW_LOOP :
0003cf 9701     +SBIW R24 , 1
0003d0 f7f1     +BRNE __DELAY_USW_LOOP
                 	__DELAY_USW 0x7D0
0003d1 95a8      	wdr
0003d2 9711      	sbiw r26,1
0003d3 f7c9      	brne __delay_ms0
                 __delay_ms1:
0003d4 9508      	ret
                 
                 __ADDW2R15:
0003d5 2400      	CLR  R0
0003d6 0daf      	ADD  R26,R15
0003d7 1db0      	ADC  R27,R0
0003d8 9508      	RET
                 
                 __ANEGW1:
0003d9 95f1      	NEG  R31
0003da 95e1      	NEG  R30
0003db 40f0      	SBCI R31,0
0003dc 9508      	RET
                 
                 __CWD1:
0003dd 2f6f      	MOV  R22,R31
0003de 0f66      	ADD  R22,R22
0003df 0b66      	SBC  R22,R22
0003e0 2f76      	MOV  R23,R22
0003e1 9508      	RET
                 
                 __DIVW21U:
0003e2 2400      	CLR  R0
0003e3 2411      	CLR  R1
0003e4 e190      	LDI  R25,16
                 __DIVW21U1:
0003e5 0faa      	LSL  R26
0003e6 1fbb      	ROL  R27
0003e7 1c00      	ROL  R0
0003e8 1c11      	ROL  R1
0003e9 1a0e      	SUB  R0,R30
0003ea 0a1f      	SBC  R1,R31
0003eb f418      	BRCC __DIVW21U2
0003ec 0e0e      	ADD  R0,R30
0003ed 1e1f      	ADC  R1,R31
0003ee c001      	RJMP __DIVW21U3
                 __DIVW21U2:
0003ef 60a1      	SBR  R26,1
                 __DIVW21U3:
0003f0 959a      	DEC  R25
0003f1 f799      	BRNE __DIVW21U1
0003f2 01fd      	MOVW R30,R26
0003f3 01d0      	MOVW R26,R0
0003f4 9508      	RET
                 
                 __MODW21:
0003f5 94e8      	CLT
0003f6 ffb7      	SBRS R27,7
0003f7 c004      	RJMP __MODW211
0003f8 95a0      	COM  R26
0003f9 95b0      	COM  R27
0003fa 9611      	ADIW R26,1
0003fb 9468      	SET
                 __MODW211:
0003fc fdf7      	SBRC R31,7
0003fd dfdb      	RCALL __ANEGW1
0003fe dfe3      	RCALL __DIVW21U
0003ff 01fd      	MOVW R30,R26
000400 f40e      	BRTC __MODW212
000401 dfd7      	RCALL __ANEGW1
                 __MODW212:
000402 9508      	RET
                 
                 __GETW1P:
000403 91ed      	LD   R30,X+
000404 91fc      	LD   R31,X
000405 9711      	SBIW R26,1
000406 9508      	RET
                 
                 __GETW1PF:
000407 9005      	LPM  R0,Z+
000408 91f4      	LPM  R31,Z
000409 2de0      	MOV  R30,R0
00040a 9508      	RET
                 
                 __PUTPARD1:
00040b 937a      	ST   -Y,R23
00040c 936a      	ST   -Y,R22
00040d 93fa      	ST   -Y,R31
00040e 93ea      	ST   -Y,R30
00040f 9508      	RET
                 
                 __SAVELOCR6:
000410 935a      	ST   -Y,R21
                 __SAVELOCR5:
000411 934a      	ST   -Y,R20
                 __SAVELOCR4:
000412 933a      	ST   -Y,R19
                 __SAVELOCR3:
000413 932a      	ST   -Y,R18
                 __SAVELOCR2:
000414 931a      	ST   -Y,R17
000415 930a      	ST   -Y,R16
000416 9508      	RET
                 
                 __LOADLOCR6:
000417 815d      	LDD  R21,Y+5
                 __LOADLOCR5:
000418 814c      	LDD  R20,Y+4
                 __LOADLOCR4:
000419 813b      	LDD  R19,Y+3
                 __LOADLOCR3:
00041a 812a      	LDD  R18,Y+2
                 __LOADLOCR2:
00041b 8119      	LDD  R17,Y+1
00041c 8108      	LD   R16,Y
00041d 9508      	RET
                 
                 ;END OF CODE MARKER
                 __END_OF_CODE:


RESOURCE USE INFORMATION
------------------------

Notice:
The register and instruction counts are symbol table hit counts,
and hence implicitly used resources are not counted, eg, the
'lpm' instruction without operands implicitly uses r0 and z,
none of which are counted.

x,y,z are separate entities in the symbol table and are
counted separately from r26..r31 here.

.dseg memory usage only counts static data declared with .byte

ATmega32 register use summary:
r0 :  20 r1 :   7 r2 :   0 r3 :   0 r4 :   5 r5 :   0 r6 :   2 r7 :   1 
r8 :   4 r9 :   2 r10:   1 r11:   1 r12:   3 r13:   2 r14:   0 r15:   6 
r16:  34 r17:  24 r18:  29 r19:   8 r20:   9 r21:  17 r22:  14 r23:   5 
r24:  25 r25:   9 r26: 114 r27:  43 r28:  14 r29:   1 r30: 242 r31:  68 
x  :  23 y  : 189 z  :  15 
Registers used: 31 out of 35 (88.6%)

ATmega32 instruction use summary:
.lds  :   0 .lds.l:   0 .sts  :   0 .sts.l:   0 adc   :   2 add   :   5 
adiw  :  27 and   :   0 andi  :   6 asr   :   0 bclr  :   0 bld   :   0 
brbc  :   0 brbs  :   0 brcc  :   1 brcs  :   0 break :   0 breq  :  17 
brge  :   0 brhc  :   0 brhs  :   0 brid  :   0 brie  :   0 brlo  :   8 
brlt  :   0 brmi  :   1 brne  :  35 brpl  :   1 brsh  :   2 brtc  :   1 
brts  :   0 brvc  :   0 brvs  :   0 bset  :   0 bst   :   0 call  :  56 
cbi   :   5 cbr   :   0 clc   :   0 clh   :   0 cli   :   1 cln   :   0 
clr   :  17 cls   :   0 clt   :   1 clv   :   0 clz   :   0 com   :   2 
cp    :   6 cpc   :   3 cpi   :  33 cpse  :   0 dec   :   6 des   :   0 
eor   :   0 fmul  :   0 fmuls :   0 fmulsu:   0 icall :   2 ijmp  :   0 
in    :   6 inc   :   0 jmp   :  23 ld    :  38 ldd   :  75 ldi   : 115 
lds   :   7 lpm   :  14 lsl   :   1 lsr   :   0 mov   :  17 movw  :  25 
mul   :   1 muls  :   0 mulsu :   0 neg   :   2 nop   :   0 or    :   2 
ori   :   7 out   :  46 pop   :   1 push  :   1 rcall :  21 ret   :  29 
reti  :   2 rjmp  :  63 rol   :   3 ror   :   0 sbc   :   3 sbci  :   2 
sbi   :   5 sbic  :   0 sbis  :   0 sbiw  :  21 sbr   :   1 sbrc  :   3 
sbrs  :  11 sec   :   0 seh   :   0 sei   :   1 sen   :   0 ser   :   0 
ses   :   0 set   :   1 sev   :   0 sez   :   0 sleep :   0 spm   :   0 
st    :  71 std   :  31 sts   :  10 sub   :   2 subi  :  18 swap  :   1 
tst   :   4 wdr   :   1 
Instructions used: 62 out of 116 (53.4%)

ATmega32 memory use summary [bytes]:
Segment   Begin    End      Code   Data   Used    Size   Use%
---------------------------------------------------------------
[.cseg] 0x000000 0x00083c   2034     74   2108   32768   6.4%
[.dseg] 0x000060 0x000288      0     40     40    2048   2.0%
[.eseg] 0x000000 0x000000      0      0      0    1024   0.0%

Assembly complete, 0 errors, 11 warnings
