
AVRASM ver. 2.1.30  D:\university\7term\micro_graderi\New folder\new codevision\master\Debug\List\master.asm Wed Jan 23 15:30:50 2019

D:\university\7term\micro_graderi\New folder\new codevision\master\Debug\List\master.asm(1088): warning: Register r4 already defined by the .DEF directive
D:\university\7term\micro_graderi\New folder\new codevision\master\Debug\List\master.asm(1089): warning: Register r5 already defined by the .DEF directive
D:\university\7term\micro_graderi\New folder\new codevision\master\Debug\List\master.asm(1090): warning: Register r6 already defined by the .DEF directive
D:\university\7term\micro_graderi\New folder\new codevision\master\Debug\List\master.asm(1091): warning: Register r7 already defined by the .DEF directive
D:\university\7term\micro_graderi\New folder\new codevision\master\Debug\List\master.asm(1092): warning: Register r8 already defined by the .DEF directive
D:\university\7term\micro_graderi\New folder\new codevision\master\Debug\List\master.asm(1093): warning: Register r9 already defined by the .DEF directive
D:\university\7term\micro_graderi\New folder\new codevision\master\Debug\List\master.asm(1094): warning: Register r11 already defined by the .DEF directive
D:\university\7term\micro_graderi\New folder\new codevision\master\Debug\List\master.asm(1095): warning: Register r10 already defined by the .DEF directive
D:\university\7term\micro_graderi\New folder\new codevision\master\Debug\List\master.asm(1096): warning: Register r12 already defined by the .DEF directive
D:\university\7term\micro_graderi\New folder\new codevision\master\Debug\List\master.asm(1097): warning: Register r13 already defined by the .DEF directive
                 
                 
                 ;CodeVisionAVR C Compiler V3.12 Advanced
                 ;(C) Copyright 1998-2014 Pavel Haiduc, HP InfoTech s.r.l.
                 ;http://www.hpinfotech.com
                 
                 ;Build configuration    : Debug
                 ;Chip type              : ATmega32
                 ;Program type           : Application
                 ;Clock frequency        : 8.000000 MHz
                 ;Memory model           : Small
                 ;Optimize for           : Size
                 ;(s)printf features     : int, width
                 ;(s)scanf features      : int, width
                 ;External RAM size      : 0
                 ;Data Stack size        : 512 byte(s)
                 ;Heap size              : 0 byte(s)
                 ;Promote 'char' to 'int': Yes
                 ;'char' is unsigned     : Yes
                 ;8 bit enums            : Yes
                 ;Global 'const' stored in FLASH: Yes
                 ;Enhanced function parameter passing: Yes
                 ;Enhanced core instructions: On
                 ;Automatic register allocation for global variables: On
                 ;Smart register allocation: On
                 
                 	#define _MODEL_SMALL_
                 
                 	#pragma AVRPART ADMIN PART_NAME ATmega32
                 	#pragma AVRPART MEMORY PROG_FLASH 32768
                 	#pragma AVRPART MEMORY EEPROM 1024
                 	#pragma AVRPART MEMORY INT_SRAM SIZE 2048
                 	#pragma AVRPART MEMORY INT_SRAM START_ADDR 0x60
                 
                 	#define CALL_SUPPORTED 1
                 
                 	.LISTMAC
                 	.EQU UDRE=0x5
                 	.EQU RXC=0x7
                 	.EQU USR=0xB
                 	.EQU UDR=0xC
                 	.EQU SPSR=0xE
                 	.EQU SPDR=0xF
                 	.EQU EERE=0x0
                 	.EQU EEWE=0x1
                 	.EQU EEMWE=0x2
                 	.EQU EECR=0x1C
                 	.EQU EEDR=0x1D
                 	.EQU EEARL=0x1E
                 	.EQU EEARH=0x1F
                 	.EQU WDTCR=0x21
                 	.EQU MCUCR=0x35
                 	.EQU GICR=0x3B
                 	.EQU SPL=0x3D
                 	.EQU SPH=0x3E
                 	.EQU SREG=0x3F
                 
                 	.DEF R0X0=R0
                 	.DEF R0X1=R1
                 	.DEF R0X2=R2
                 	.DEF R0X3=R3
                 	.DEF R0X4=R4
                 	.DEF R0X5=R5
                 	.DEF R0X6=R6
                 	.DEF R0X7=R7
                 	.DEF R0X8=R8
                 	.DEF R0X9=R9
                 	.DEF R0XA=R10
                 	.DEF R0XB=R11
                 	.DEF R0XC=R12
                 	.DEF R0XD=R13
                 	.DEF R0XE=R14
                 	.DEF R0XF=R15
                 	.DEF R0X10=R16
                 	.DEF R0X11=R17
                 	.DEF R0X12=R18
                 	.DEF R0X13=R19
                 	.DEF R0X14=R20
                 	.DEF R0X15=R21
                 	.DEF R0X16=R22
                 	.DEF R0X17=R23
                 	.DEF R0X18=R24
                 	.DEF R0X19=R25
                 	.DEF R0X1A=R26
                 	.DEF R0X1B=R27
                 	.DEF R0X1C=R28
                 	.DEF R0X1D=R29
                 	.DEF R0X1E=R30
                 	.DEF R0X1F=R31
                 
                 	.EQU __SRAM_START=0x0060
                 	.EQU __SRAM_END=0x085F
                 	.EQU __DSTACK_SIZE=0x0200
                 	.EQU __HEAP_SIZE=0x0000
                 	.EQU __CLEAR_SRAM_SIZE=__SRAM_END-__SRAM_START+1
                 
                 	.MACRO __CPD1N
                 	CPI  R30,LOW(@0)
                 	LDI  R26,HIGH(@0)
                 	CPC  R31,R26
                 	LDI  R26,BYTE3(@0)
                 	CPC  R22,R26
                 	LDI  R26,BYTE4(@0)
                 	CPC  R23,R26
                 	.ENDM
                 
                 	.MACRO __CPD2N
                 	CPI  R26,LOW(@0)
                 	LDI  R30,HIGH(@0)
                 	CPC  R27,R30
                 	LDI  R30,BYTE3(@0)
                 	CPC  R24,R30
                 	LDI  R30,BYTE4(@0)
                 	CPC  R25,R30
                 	.ENDM
                 
                 	.MACRO __CPWRR
                 	CP   R@0,R@2
                 	CPC  R@1,R@3
                 	.ENDM
                 
                 	.MACRO __CPWRN
                 	CPI  R@0,LOW(@2)
                 	LDI  R30,HIGH(@2)
                 	CPC  R@1,R30
                 	.ENDM
                 
                 	.MACRO __ADDB1MN
                 	SUBI R30,LOW(-@0-(@1))
                 	.ENDM
                 
                 	.MACRO __ADDB2MN
                 	SUBI R26,LOW(-@0-(@1))
                 	.ENDM
                 
                 	.MACRO __ADDW1MN
                 	SUBI R30,LOW(-@0-(@1))
                 	SBCI R31,HIGH(-@0-(@1))
                 	.ENDM
                 
                 	.MACRO __ADDW2MN
                 	SUBI R26,LOW(-@0-(@1))
                 	SBCI R27,HIGH(-@0-(@1))
                 	.ENDM
                 
                 	.MACRO __ADDW1FN
                 	SUBI R30,LOW(-2*@0-(@1))
                 	SBCI R31,HIGH(-2*@0-(@1))
                 	.ENDM
                 
                 	.MACRO __ADDD1FN
                 	SUBI R30,LOW(-2*@0-(@1))
                 	SBCI R31,HIGH(-2*@0-(@1))
                 	SBCI R22,BYTE3(-2*@0-(@1))
                 	.ENDM
                 
                 	.MACRO __ADDD1N
                 	SUBI R30,LOW(-@0)
                 	SBCI R31,HIGH(-@0)
                 	SBCI R22,BYTE3(-@0)
                 	SBCI R23,BYTE4(-@0)
                 	.ENDM
                 
                 	.MACRO __ADDD2N
                 	SUBI R26,LOW(-@0)
                 	SBCI R27,HIGH(-@0)
                 	SBCI R24,BYTE3(-@0)
                 	SBCI R25,BYTE4(-@0)
                 	.ENDM
                 
                 	.MACRO __SUBD1N
                 	SUBI R30,LOW(@0)
                 	SBCI R31,HIGH(@0)
                 	SBCI R22,BYTE3(@0)
                 	SBCI R23,BYTE4(@0)
                 	.ENDM
                 
                 	.MACRO __SUBD2N
                 	SUBI R26,LOW(@0)
                 	SBCI R27,HIGH(@0)
                 	SBCI R24,BYTE3(@0)
                 	SBCI R25,BYTE4(@0)
                 	.ENDM
                 
                 	.MACRO __ANDBMNN
                 	LDS  R30,@0+(@1)
                 	ANDI R30,LOW(@2)
                 	STS  @0+(@1),R30
                 	.ENDM
                 
                 	.MACRO __ANDWMNN
                 	LDS  R30,@0+(@1)
                 	ANDI R30,LOW(@2)
                 	STS  @0+(@1),R30
                 	LDS  R30,@0+(@1)+1
                 	ANDI R30,HIGH(@2)
                 	STS  @0+(@1)+1,R30
                 	.ENDM
                 
                 	.MACRO __ANDD1N
                 	ANDI R30,LOW(@0)
                 	ANDI R31,HIGH(@0)
                 	ANDI R22,BYTE3(@0)
                 	ANDI R23,BYTE4(@0)
                 	.ENDM
                 
                 	.MACRO __ANDD2N
                 	ANDI R26,LOW(@0)
                 	ANDI R27,HIGH(@0)
                 	ANDI R24,BYTE3(@0)
                 	ANDI R25,BYTE4(@0)
                 	.ENDM
                 
                 	.MACRO __ORBMNN
                 	LDS  R30,@0+(@1)
                 	ORI  R30,LOW(@2)
                 	STS  @0+(@1),R30
                 	.ENDM
                 
                 	.MACRO __ORWMNN
                 	LDS  R30,@0+(@1)
                 	ORI  R30,LOW(@2)
                 	STS  @0+(@1),R30
                 	LDS  R30,@0+(@1)+1
                 	ORI  R30,HIGH(@2)
                 	STS  @0+(@1)+1,R30
                 	.ENDM
                 
                 	.MACRO __ORD1N
                 	ORI  R30,LOW(@0)
                 	ORI  R31,HIGH(@0)
                 	ORI  R22,BYTE3(@0)
                 	ORI  R23,BYTE4(@0)
                 	.ENDM
                 
                 	.MACRO __ORD2N
                 	ORI  R26,LOW(@0)
                 	ORI  R27,HIGH(@0)
                 	ORI  R24,BYTE3(@0)
                 	ORI  R25,BYTE4(@0)
                 	.ENDM
                 
                 	.MACRO __DELAY_USB
                 	LDI  R24,LOW(@0)
                 __DELAY_USB_LOOP:
                 	DEC  R24
                 	BRNE __DELAY_USB_LOOP
                 	.ENDM
                 
                 	.MACRO __DELAY_USW
                 	LDI  R24,LOW(@0)
                 	LDI  R25,HIGH(@0)
                 __DELAY_USW_LOOP:
                 	SBIW R24,1
                 	BRNE __DELAY_USW_LOOP
                 	.ENDM
                 
                 	.MACRO __GETD1S
                 	LDD  R30,Y+@0
                 	LDD  R31,Y+@0+1
                 	LDD  R22,Y+@0+2
                 	LDD  R23,Y+@0+3
                 	.ENDM
                 
                 	.MACRO __GETD2S
                 	LDD  R26,Y+@0
                 	LDD  R27,Y+@0+1
                 	LDD  R24,Y+@0+2
                 	LDD  R25,Y+@0+3
                 	.ENDM
                 
                 	.MACRO __PUTD1S
                 	STD  Y+@0,R30
                 	STD  Y+@0+1,R31
                 	STD  Y+@0+2,R22
                 	STD  Y+@0+3,R23
                 	.ENDM
                 
                 	.MACRO __PUTD2S
                 	STD  Y+@0,R26
                 	STD  Y+@0+1,R27
                 	STD  Y+@0+2,R24
                 	STD  Y+@0+3,R25
                 	.ENDM
                 
                 	.MACRO __PUTDZ2
                 	STD  Z+@0,R26
                 	STD  Z+@0+1,R27
                 	STD  Z+@0+2,R24
                 	STD  Z+@0+3,R25
                 	.ENDM
                 
                 	.MACRO __CLRD1S
                 	STD  Y+@0,R30
                 	STD  Y+@0+1,R30
                 	STD  Y+@0+2,R30
                 	STD  Y+@0+3,R30
                 	.ENDM
                 
                 	.MACRO __POINTB1MN
                 	LDI  R30,LOW(@0+(@1))
                 	.ENDM
                 
                 	.MACRO __POINTW1MN
                 	LDI  R30,LOW(@0+(@1))
                 	LDI  R31,HIGH(@0+(@1))
                 	.ENDM
                 
                 	.MACRO __POINTD1M
                 	LDI  R30,LOW(@0)
                 	LDI  R31,HIGH(@0)
                 	LDI  R22,BYTE3(@0)
                 	LDI  R23,BYTE4(@0)
                 	.ENDM
                 
                 	.MACRO __POINTW1FN
                 	LDI  R30,LOW(2*@0+(@1))
                 	LDI  R31,HIGH(2*@0+(@1))
                 	.ENDM
                 
                 	.MACRO __POINTD1FN
                 	LDI  R30,LOW(2*@0+(@1))
                 	LDI  R31,HIGH(2*@0+(@1))
                 	LDI  R22,BYTE3(2*@0+(@1))
                 	LDI  R23,BYTE4(2*@0+(@1))
                 	.ENDM
                 
                 	.MACRO __POINTB2MN
                 	LDI  R26,LOW(@0+(@1))
                 	.ENDM
                 
                 	.MACRO __POINTW2MN
                 	LDI  R26,LOW(@0+(@1))
                 	LDI  R27,HIGH(@0+(@1))
                 	.ENDM
                 
                 	.MACRO __POINTW2FN
                 	LDI  R26,LOW(2*@0+(@1))
                 	LDI  R27,HIGH(2*@0+(@1))
                 	.ENDM
                 
                 	.MACRO __POINTD2FN
                 	LDI  R26,LOW(2*@0+(@1))
                 	LDI  R27,HIGH(2*@0+(@1))
                 	LDI  R24,BYTE3(2*@0+(@1))
                 	LDI  R25,BYTE4(2*@0+(@1))
                 	.ENDM
                 
                 	.MACRO __POINTBRM
                 	LDI  R@0,LOW(@1)
                 	.ENDM
                 
                 	.MACRO __POINTWRM
                 	LDI  R@0,LOW(@2)
                 	LDI  R@1,HIGH(@2)
                 	.ENDM
                 
                 	.MACRO __POINTBRMN
                 	LDI  R@0,LOW(@1+(@2))
                 	.ENDM
                 
                 	.MACRO __POINTWRMN
                 	LDI  R@0,LOW(@2+(@3))
                 	LDI  R@1,HIGH(@2+(@3))
                 	.ENDM
                 
                 	.MACRO __POINTWRFN
                 	LDI  R@0,LOW(@2*2+(@3))
                 	LDI  R@1,HIGH(@2*2+(@3))
                 	.ENDM
                 
                 	.MACRO __GETD1N
                 	LDI  R30,LOW(@0)
                 	LDI  R31,HIGH(@0)
                 	LDI  R22,BYTE3(@0)
                 	LDI  R23,BYTE4(@0)
                 	.ENDM
                 
                 	.MACRO __GETD2N
                 	LDI  R26,LOW(@0)
                 	LDI  R27,HIGH(@0)
                 	LDI  R24,BYTE3(@0)
                 	LDI  R25,BYTE4(@0)
                 	.ENDM
                 
                 	.MACRO __GETB1MN
                 	LDS  R30,@0+(@1)
                 	.ENDM
                 
                 	.MACRO __GETB1HMN
                 	LDS  R31,@0+(@1)
                 	.ENDM
                 
                 	.MACRO __GETW1MN
                 	LDS  R30,@0+(@1)
                 	LDS  R31,@0+(@1)+1
                 	.ENDM
                 
                 	.MACRO __GETD1MN
                 	LDS  R30,@0+(@1)
                 	LDS  R31,@0+(@1)+1
                 	LDS  R22,@0+(@1)+2
                 	LDS  R23,@0+(@1)+3
                 	.ENDM
                 
                 	.MACRO __GETBRMN
                 	LDS  R@0,@1+(@2)
                 	.ENDM
                 
                 	.MACRO __GETWRMN
                 	LDS  R@0,@2+(@3)
                 	LDS  R@1,@2+(@3)+1
                 	.ENDM
                 
                 	.MACRO __GETWRZ
                 	LDD  R@0,Z+@2
                 	LDD  R@1,Z+@2+1
                 	.ENDM
                 
                 	.MACRO __GETD2Z
                 	LDD  R26,Z+@0
                 	LDD  R27,Z+@0+1
                 	LDD  R24,Z+@0+2
                 	LDD  R25,Z+@0+3
                 	.ENDM
                 
                 	.MACRO __GETB2MN
                 	LDS  R26,@0+(@1)
                 	.ENDM
                 
                 	.MACRO __GETW2MN
                 	LDS  R26,@0+(@1)
                 	LDS  R27,@0+(@1)+1
                 	.ENDM
                 
                 	.MACRO __GETD2MN
                 	LDS  R26,@0+(@1)
                 	LDS  R27,@0+(@1)+1
                 	LDS  R24,@0+(@1)+2
                 	LDS  R25,@0+(@1)+3
                 	.ENDM
                 
                 	.MACRO __PUTB1MN
                 	STS  @0+(@1),R30
                 	.ENDM
                 
                 	.MACRO __PUTW1MN
                 	STS  @0+(@1),R30
                 	STS  @0+(@1)+1,R31
                 	.ENDM
                 
                 	.MACRO __PUTD1MN
                 	STS  @0+(@1),R30
                 	STS  @0+(@1)+1,R31
                 	STS  @0+(@1)+2,R22
                 	STS  @0+(@1)+3,R23
                 	.ENDM
                 
                 	.MACRO __PUTB1EN
                 	LDI  R26,LOW(@0+(@1))
                 	LDI  R27,HIGH(@0+(@1))
                 	CALL __EEPROMWRB
                 	.ENDM
                 
                 	.MACRO __PUTW1EN
                 	LDI  R26,LOW(@0+(@1))
                 	LDI  R27,HIGH(@0+(@1))
                 	CALL __EEPROMWRW
                 	.ENDM
                 
                 	.MACRO __PUTD1EN
                 	LDI  R26,LOW(@0+(@1))
                 	LDI  R27,HIGH(@0+(@1))
                 	CALL __EEPROMWRD
                 	.ENDM
                 
                 	.MACRO __PUTBR0MN
                 	STS  @0+(@1),R0
                 	.ENDM
                 
                 	.MACRO __PUTBMRN
                 	STS  @0+(@1),R@2
                 	.ENDM
                 
                 	.MACRO __PUTWMRN
                 	STS  @0+(@1),R@2
                 	STS  @0+(@1)+1,R@3
                 	.ENDM
                 
                 	.MACRO __PUTBZR
                 	STD  Z+@1,R@0
                 	.ENDM
                 
                 	.MACRO __PUTWZR
                 	STD  Z+@2,R@0
                 	STD  Z+@2+1,R@1
                 	.ENDM
                 
                 	.MACRO __GETW1R
                 	MOV  R30,R@0
                 	MOV  R31,R@1
                 	.ENDM
                 
                 	.MACRO __GETW2R
                 	MOV  R26,R@0
                 	MOV  R27,R@1
                 	.ENDM
                 
                 	.MACRO __GETWRN
                 	LDI  R@0,LOW(@2)
                 	LDI  R@1,HIGH(@2)
                 	.ENDM
                 
                 	.MACRO __PUTW1R
                 	MOV  R@0,R30
                 	MOV  R@1,R31
                 	.ENDM
                 
                 	.MACRO __PUTW2R
                 	MOV  R@0,R26
                 	MOV  R@1,R27
                 	.ENDM
                 
                 	.MACRO __ADDWRN
                 	SUBI R@0,LOW(-@2)
                 	SBCI R@1,HIGH(-@2)
                 	.ENDM
                 
                 	.MACRO __ADDWRR
                 	ADD  R@0,R@2
                 	ADC  R@1,R@3
                 	.ENDM
                 
                 	.MACRO __SUBWRN
                 	SUBI R@0,LOW(@2)
                 	SBCI R@1,HIGH(@2)
                 	.ENDM
                 
                 	.MACRO __SUBWRR
                 	SUB  R@0,R@2
                 	SBC  R@1,R@3
                 	.ENDM
                 
                 	.MACRO __ANDWRN
                 	ANDI R@0,LOW(@2)
                 	ANDI R@1,HIGH(@2)
                 	.ENDM
                 
                 	.MACRO __ANDWRR
                 	AND  R@0,R@2
                 	AND  R@1,R@3
                 	.ENDM
                 
                 	.MACRO __ORWRN
                 	ORI  R@0,LOW(@2)
                 	ORI  R@1,HIGH(@2)
                 	.ENDM
                 
                 	.MACRO __ORWRR
                 	OR   R@0,R@2
                 	OR   R@1,R@3
                 	.ENDM
                 
                 	.MACRO __EORWRR
                 	EOR  R@0,R@2
                 	EOR  R@1,R@3
                 	.ENDM
                 
                 	.MACRO __GETWRS
                 	LDD  R@0,Y+@2
                 	LDD  R@1,Y+@2+1
                 	.ENDM
                 
                 	.MACRO __PUTBSR
                 	STD  Y+@1,R@0
                 	.ENDM
                 
                 	.MACRO __PUTWSR
                 	STD  Y+@2,R@0
                 	STD  Y+@2+1,R@1
                 	.ENDM
                 
                 	.MACRO __MOVEWRR
                 	MOV  R@0,R@2
                 	MOV  R@1,R@3
                 	.ENDM
                 
                 	.MACRO __INWR
                 	IN   R@0,@2
                 	IN   R@1,@2+1
                 	.ENDM
                 
                 	.MACRO __OUTWR
                 	OUT  @2+1,R@1
                 	OUT  @2,R@0
                 	.ENDM
                 
                 	.MACRO __CALL1MN
                 	LDS  R30,@0+(@1)
                 	LDS  R31,@0+(@1)+1
                 	ICALL
                 	.ENDM
                 
                 	.MACRO __CALL1FN
                 	LDI  R30,LOW(2*@0+(@1))
                 	LDI  R31,HIGH(2*@0+(@1))
                 	CALL __GETW1PF
                 	ICALL
                 	.ENDM
                 
                 	.MACRO __CALL2EN
                 	PUSH R26
                 	PUSH R27
                 	LDI  R26,LOW(@0+(@1))
                 	LDI  R27,HIGH(@0+(@1))
                 	CALL __EEPROMRDW
                 	POP  R27
                 	POP  R26
                 	ICALL
                 	.ENDM
                 
                 	.MACRO __CALL2EX
                 	SUBI R26,LOW(-@0)
                 	SBCI R27,HIGH(-@0)
                 	CALL __EEPROMRDD
                 	ICALL
                 	.ENDM
                 
                 	.MACRO __GETW1STACK
                 	IN   R30,SPL
                 	IN   R31,SPH
                 	ADIW R30,@0+1
                 	LD   R0,Z+
                 	LD   R31,Z
                 	MOV  R30,R0
                 	.ENDM
                 
                 	.MACRO __GETD1STACK
                 	IN   R30,SPL
                 	IN   R31,SPH
                 	ADIW R30,@0+1
                 	LD   R0,Z+
                 	LD   R1,Z+
                 	LD   R22,Z
                 	MOVW R30,R0
                 	.ENDM
                 
                 	.MACRO __NBST
                 	BST  R@0,@1
                 	IN   R30,SREG
                 	LDI  R31,0x40
                 	EOR  R30,R31
                 	OUT  SREG,R30
                 	.ENDM
                 
                 
                 	.MACRO __PUTB1SN
                 	LDD  R26,Y+@0
                 	LDD  R27,Y+@0+1
                 	SUBI R26,LOW(-@1)
                 	SBCI R27,HIGH(-@1)
                 	ST   X,R30
                 	.ENDM
                 
                 	.MACRO __PUTW1SN
                 	LDD  R26,Y+@0
                 	LDD  R27,Y+@0+1
                 	SUBI R26,LOW(-@1)
                 	SBCI R27,HIGH(-@1)
                 	ST   X+,R30
                 	ST   X,R31
                 	.ENDM
                 
                 	.MACRO __PUTD1SN
                 	LDD  R26,Y+@0
                 	LDD  R27,Y+@0+1
                 	SUBI R26,LOW(-@1)
                 	SBCI R27,HIGH(-@1)
                 	CALL __PUTDP1
                 	.ENDM
                 
                 	.MACRO __PUTB1SNS
                 	LDD  R26,Y+@0
                 	LDD  R27,Y+@0+1
                 	ADIW R26,@1
                 	ST   X,R30
                 	.ENDM
                 
                 	.MACRO __PUTW1SNS
                 	LDD  R26,Y+@0
                 	LDD  R27,Y+@0+1
                 	ADIW R26,@1
                 	ST   X+,R30
                 	ST   X,R31
                 	.ENDM
                 
                 	.MACRO __PUTD1SNS
                 	LDD  R26,Y+@0
                 	LDD  R27,Y+@0+1
                 	ADIW R26,@1
                 	CALL __PUTDP1
                 	.ENDM
                 
                 	.MACRO __PUTB1PMN
                 	LDS  R26,@0
                 	LDS  R27,@0+1
                 	SUBI R26,LOW(-@1)
                 	SBCI R27,HIGH(-@1)
                 	ST   X,R30
                 	.ENDM
                 
                 	.MACRO __PUTW1PMN
                 	LDS  R26,@0
                 	LDS  R27,@0+1
                 	SUBI R26,LOW(-@1)
                 	SBCI R27,HIGH(-@1)
                 	ST   X+,R30
                 	ST   X,R31
                 	.ENDM
                 
                 	.MACRO __PUTD1PMN
                 	LDS  R26,@0
                 	LDS  R27,@0+1
                 	SUBI R26,LOW(-@1)
                 	SBCI R27,HIGH(-@1)
                 	CALL __PUTDP1
                 	.ENDM
                 
                 	.MACRO __PUTB1PMNS
                 	LDS  R26,@0
                 	LDS  R27,@0+1
                 	ADIW R26,@1
                 	ST   X,R30
                 	.ENDM
                 
                 	.MACRO __PUTW1PMNS
                 	LDS  R26,@0
                 	LDS  R27,@0+1
                 	ADIW R26,@1
                 	ST   X+,R30
                 	ST   X,R31
                 	.ENDM
                 
                 	.MACRO __PUTD1PMNS
                 	LDS  R26,@0
                 	LDS  R27,@0+1
                 	ADIW R26,@1
                 	CALL __PUTDP1
                 	.ENDM
                 
                 	.MACRO __PUTB1RN
                 	MOVW R26,R@0
                 	SUBI R26,LOW(-@1)
                 	SBCI R27,HIGH(-@1)
                 	ST   X,R30
                 	.ENDM
                 
                 	.MACRO __PUTW1RN
                 	MOVW R26,R@0
                 	SUBI R26,LOW(-@1)
                 	SBCI R27,HIGH(-@1)
                 	ST   X+,R30
                 	ST   X,R31
                 	.ENDM
                 
                 	.MACRO __PUTD1RN
                 	MOVW R26,R@0
                 	SUBI R26,LOW(-@1)
                 	SBCI R27,HIGH(-@1)
                 	CALL __PUTDP1
                 	.ENDM
                 
                 	.MACRO __PUTB1RNS
                 	MOVW R26,R@0
                 	ADIW R26,@1
                 	ST   X,R30
                 	.ENDM
                 
                 	.MACRO __PUTW1RNS
                 	MOVW R26,R@0
                 	ADIW R26,@1
                 	ST   X+,R30
                 	ST   X,R31
                 	.ENDM
                 
                 	.MACRO __PUTD1RNS
                 	MOVW R26,R@0
                 	ADIW R26,@1
                 	CALL __PUTDP1
                 	.ENDM
                 
                 	.MACRO __PUTB1RON
                 	MOV  R26,R@0
                 	MOV  R27,R@1
                 	SUBI R26,LOW(-@2)
                 	SBCI R27,HIGH(-@2)
                 	ST   X,R30
                 	.ENDM
                 
                 	.MACRO __PUTW1RON
                 	MOV  R26,R@0
                 	MOV  R27,R@1
                 	SUBI R26,LOW(-@2)
                 	SBCI R27,HIGH(-@2)
                 	ST   X+,R30
                 	ST   X,R31
                 	.ENDM
                 
                 	.MACRO __PUTD1RON
                 	MOV  R26,R@0
                 	MOV  R27,R@1
                 	SUBI R26,LOW(-@2)
                 	SBCI R27,HIGH(-@2)
                 	CALL __PUTDP1
                 	.ENDM
                 
                 	.MACRO __PUTB1RONS
                 	MOV  R26,R@0
                 	MOV  R27,R@1
                 	ADIW R26,@2
                 	ST   X,R30
                 	.ENDM
                 
                 	.MACRO __PUTW1RONS
                 	MOV  R26,R@0
                 	MOV  R27,R@1
                 	ADIW R26,@2
                 	ST   X+,R30
                 	ST   X,R31
                 	.ENDM
                 
                 	.MACRO __PUTD1RONS
                 	MOV  R26,R@0
                 	MOV  R27,R@1
                 	ADIW R26,@2
                 	CALL __PUTDP1
                 	.ENDM
                 
                 
                 	.MACRO __GETB1SX
                 	MOVW R30,R28
                 	SUBI R30,LOW(-@0)
                 	SBCI R31,HIGH(-@0)
                 	LD   R30,Z
                 	.ENDM
                 
                 	.MACRO __GETB1HSX
                 	MOVW R30,R28
                 	SUBI R30,LOW(-@0)
                 	SBCI R31,HIGH(-@0)
                 	LD   R31,Z
                 	.ENDM
                 
                 	.MACRO __GETW1SX
                 	MOVW R30,R28
                 	SUBI R30,LOW(-@0)
                 	SBCI R31,HIGH(-@0)
                 	LD   R0,Z+
                 	LD   R31,Z
                 	MOV  R30,R0
                 	.ENDM
                 
                 	.MACRO __GETD1SX
                 	MOVW R30,R28
                 	SUBI R30,LOW(-@0)
                 	SBCI R31,HIGH(-@0)
                 	LD   R0,Z+
                 	LD   R1,Z+
                 	LD   R22,Z+
                 	LD   R23,Z
                 	MOVW R30,R0
                 	.ENDM
                 
                 	.MACRO __GETB2SX
                 	MOVW R26,R28
                 	SUBI R26,LOW(-@0)
                 	SBCI R27,HIGH(-@0)
                 	LD   R26,X
                 	.ENDM
                 
                 	.MACRO __GETW2SX
                 	MOVW R26,R28
                 	SUBI R26,LOW(-@0)
                 	SBCI R27,HIGH(-@0)
                 	LD   R0,X+
                 	LD   R27,X
                 	MOV  R26,R0
                 	.ENDM
                 
                 	.MACRO __GETD2SX
                 	MOVW R26,R28
                 	SUBI R26,LOW(-@0)
                 	SBCI R27,HIGH(-@0)
                 	LD   R0,X+
                 	LD   R1,X+
                 	LD   R24,X+
                 	LD   R25,X
                 	MOVW R26,R0
                 	.ENDM
                 
                 	.MACRO __GETBRSX
                 	MOVW R30,R28
                 	SUBI R30,LOW(-@1)
                 	SBCI R31,HIGH(-@1)
                 	LD   R@0,Z
                 	.ENDM
                 
                 	.MACRO __GETWRSX
                 	MOVW R30,R28
                 	SUBI R30,LOW(-@2)
                 	SBCI R31,HIGH(-@2)
                 	LD   R@0,Z+
                 	LD   R@1,Z
                 	.ENDM
                 
                 	.MACRO __GETBRSX2
                 	MOVW R26,R28
                 	SUBI R26,LOW(-@1)
                 	SBCI R27,HIGH(-@1)
                 	LD   R@0,X
                 	.ENDM
                 
                 	.MACRO __GETWRSX2
                 	MOVW R26,R28
                 	SUBI R26,LOW(-@2)
                 	SBCI R27,HIGH(-@2)
                 	LD   R@0,X+
                 	LD   R@1,X
                 	.ENDM
                 
                 	.MACRO __LSLW8SX
                 	MOVW R30,R28
                 	SUBI R30,LOW(-@0)
                 	SBCI R31,HIGH(-@0)
                 	LD   R31,Z
                 	CLR  R30
                 	.ENDM
                 
                 	.MACRO __PUTB1SX
                 	MOVW R26,R28
                 	SUBI R26,LOW(-@0)
                 	SBCI R27,HIGH(-@0)
                 	ST   X,R30
                 	.ENDM
                 
                 	.MACRO __PUTW1SX
                 	MOVW R26,R28
                 	SUBI R26,LOW(-@0)
                 	SBCI R27,HIGH(-@0)
                 	ST   X+,R30
                 	ST   X,R31
                 	.ENDM
                 
                 	.MACRO __PUTD1SX
                 	MOVW R26,R28
                 	SUBI R26,LOW(-@0)
                 	SBCI R27,HIGH(-@0)
                 	ST   X+,R30
                 	ST   X+,R31
                 	ST   X+,R22
                 	ST   X,R23
                 	.ENDM
                 
                 	.MACRO __CLRW1SX
                 	MOVW R26,R28
                 	SUBI R26,LOW(-@0)
                 	SBCI R27,HIGH(-@0)
                 	ST   X+,R30
                 	ST   X,R30
                 	.ENDM
                 
                 	.MACRO __CLRD1SX
                 	MOVW R26,R28
                 	SUBI R26,LOW(-@0)
                 	SBCI R27,HIGH(-@0)
                 	ST   X+,R30
                 	ST   X+,R30
                 	ST   X+,R30
                 	ST   X,R30
                 	.ENDM
                 
                 	.MACRO __PUTB2SX
                 	MOVW R30,R28
                 	SUBI R30,LOW(-@0)
                 	SBCI R31,HIGH(-@0)
                 	ST   Z,R26
                 	.ENDM
                 
                 	.MACRO __PUTW2SX
                 	MOVW R30,R28
                 	SUBI R30,LOW(-@0)
                 	SBCI R31,HIGH(-@0)
                 	ST   Z+,R26
                 	ST   Z,R27
                 	.ENDM
                 
                 	.MACRO __PUTD2SX
                 	MOVW R30,R28
                 	SUBI R30,LOW(-@0)
                 	SBCI R31,HIGH(-@0)
                 	ST   Z+,R26
                 	ST   Z+,R27
                 	ST   Z+,R24
                 	ST   Z,R25
                 	.ENDM
                 
                 	.MACRO __PUTBSRX
                 	MOVW R30,R28
                 	SUBI R30,LOW(-@1)
                 	SBCI R31,HIGH(-@1)
                 	ST   Z,R@0
                 	.ENDM
                 
                 	.MACRO __PUTWSRX
                 	MOVW R30,R28
                 	SUBI R30,LOW(-@2)
                 	SBCI R31,HIGH(-@2)
                 	ST   Z+,R@0
                 	ST   Z,R@1
                 	.ENDM
                 
                 	.MACRO __PUTB1SNX
                 	MOVW R26,R28
                 	SUBI R26,LOW(-@0)
                 	SBCI R27,HIGH(-@0)
                 	LD   R0,X+
                 	LD   R27,X
                 	MOV  R26,R0
                 	SUBI R26,LOW(-@1)
                 	SBCI R27,HIGH(-@1)
                 	ST   X,R30
                 	.ENDM
                 
                 	.MACRO __PUTW1SNX
                 	MOVW R26,R28
                 	SUBI R26,LOW(-@0)
                 	SBCI R27,HIGH(-@0)
                 	LD   R0,X+
                 	LD   R27,X
                 	MOV  R26,R0
                 	SUBI R26,LOW(-@1)
                 	SBCI R27,HIGH(-@1)
                 	ST   X+,R30
                 	ST   X,R31
                 	.ENDM
                 
                 	.MACRO __PUTD1SNX
                 	MOVW R26,R28
                 	SUBI R26,LOW(-@0)
                 	SBCI R27,HIGH(-@0)
                 	LD   R0,X+
                 	LD   R27,X
                 	MOV  R26,R0
                 	SUBI R26,LOW(-@1)
                 	SBCI R27,HIGH(-@1)
                 	ST   X+,R30
                 	ST   X+,R31
                 	ST   X+,R22
                 	ST   X,R23
                 	.ENDM
                 
                 	.MACRO __MULBRR
                 	MULS R@0,R@1
                 	MOVW R30,R0
                 	.ENDM
                 
                 	.MACRO __MULBRRU
                 	MUL  R@0,R@1
                 	MOVW R30,R0
                 	.ENDM
                 
                 	.MACRO __MULBRR0
                 	MULS R@0,R@1
                 	.ENDM
                 
                 	.MACRO __MULBRRU0
                 	MUL  R@0,R@1
                 	.ENDM
                 
                 	.MACRO __MULBNWRU
                 	LDI  R26,@2
                 	MUL  R26,R@0
                 	MOVW R30,R0
                 	MUL  R26,R@1
                 	ADD  R31,R0
                 	.ENDM
                 
                 ;NAME DEFINITIONS FOR GLOBAL VARIABLES ALLOCATED TO REGISTERS
                 	.DEF _speed=R4
                 	.DEF _speed_msb=R5
                 	.DEF _tem=R6
                 	.DEF _tem_msb=R7
                 	.DEF _thous=R8
                 	.DEF _thous_msb=R9
                 	.DEF _ACKSlave=R11
                 	.DEF _ACKMaster=R10
                 	.DEF _flag=R12
                 	.DEF _flag_msb=R13
                 
                 	.CSEG
                 	.ORG 0x00
                 
                 ;START OF CODE MARKER
                 __START_OF_CODE:
                 
                 ;INTERRUPT VECTORS
000000 940c 0050 	JMP  __RESET
000002 940c 0000 	JMP  0x00
000004 940c 0000 	JMP  0x00
000006 940c 0000 	JMP  0x00
000008 940c 0000 	JMP  0x00
00000a 940c 0000 	JMP  0x00
00000c 940c 0000 	JMP  0x00
00000e 940c 007f 	JMP  _timer1_compa_isr
000010 940c 0000 	JMP  0x00
000012 940c 0000 	JMP  0x00
000014 940c 0000 	JMP  0x00
000016 940c 0000 	JMP  0x00
000018 940c 008d 	JMP  _spi_isr
00001a 940c 0000 	JMP  0x00
00001c 940c 0000 	JMP  0x00
00001e 940c 0000 	JMP  0x00
000020 940c 0000 	JMP  0x00
000022 940c 0000 	JMP  0x00
000024 940c 0000 	JMP  0x00
000026 940c 0000 	JMP  0x00
000028 940c 0000 	JMP  0x00
                 
                 _tbl10_G100:
00002a 2710
00002b 03e8
00002c 0064
00002d 000a      	.DB  0x10,0x27,0xE8,0x3,0x64,0x0,0xA,0x0
00002e 0001      	.DB  0x1,0x0
                 _tbl16_G100:
00002f 1000
000030 0100
000031 0010
000032 0001      	.DB  0x0,0x10,0x0,0x1,0x10,0x0,0x1,0x0
                 
                 ;GLOBAL REGISTER VARIABLES INITIALIZATION
                 __REG_VARS:
000033 0001
000034 0000      	.DB  0x1,0x0,0x0,0x0
000035 0000
000036 162c      	.DB  0x0,0x0,0x2C,0x16
000037 0000      	.DB  0x0,0x0
                 
                 _0x0:
000038 6574
000039 706d
00003a 253d
00003b 2064      	.DB  0x74,0x65,0x6D,0x70,0x3D,0x25,0x64,0x20
00003c 7073
00003d 6565
00003e 3d64
00003f 6425      	.DB  0x73,0x70,0x65,0x65,0x64,0x3D,0x25,0x64
000040 6420
000041 7461
000042 3d61
000043 6425      	.DB  0x20,0x64,0x61,0x74,0x61,0x3D,0x25,0x64
000044 2020
000045 2020
000046 2020
000047 0020      	.DB  0x20,0x20,0x20,0x20,0x20,0x20,0x20,0x0
                 _0x2020003:
000048 c080      	.DB  0x80,0xC0
                 
                 __GLOBAL_INI_TBL:
000049 000a      	.DW  0x0A
00004a 0004      	.DW  0x04
00004b 0066      	.DW  __REG_VARS*2
                 
00004c 0002      	.DW  0x02
00004d 0281      	.DW  __base_y_G101
00004e 0090      	.DW  _0x2020003*2
                 
                 _0xFFFFFFFF:
00004f 0000      	.DW  0
                 
                 #define __GLOBAL_INI_TBL_PRESENT 1
                 
                 __RESET:
000050 94f8      	CLI
000051 27ee      	CLR  R30
000052 bbec      	OUT  EECR,R30
                 
                 ;INTERRUPT VECTORS ARE PLACED
                 ;AT THE START OF FLASH
000053 e0f1      	LDI  R31,1
000054 bffb      	OUT  GICR,R31
000055 bfeb      	OUT  GICR,R30
000056 bfe5      	OUT  MCUCR,R30
                 
                 ;CLEAR R2-R14
000057 e08d      	LDI  R24,(14-2)+1
000058 e0a2      	LDI  R26,2
000059 27bb      	CLR  R27
                 __CLEAR_REG:
00005a 93ed      	ST   X+,R30
00005b 958a      	DEC  R24
00005c f7e9      	BRNE __CLEAR_REG
                 
                 ;CLEAR SRAM
00005d e080      	LDI  R24,LOW(__CLEAR_SRAM_SIZE)
00005e e098      	LDI  R25,HIGH(__CLEAR_SRAM_SIZE)
00005f e6a0      	LDI  R26,__SRAM_START
                 __CLEAR_SRAM:
000060 93ed      	ST   X+,R30
000061 9701      	SBIW R24,1
000062 f7e9      	BRNE __CLEAR_SRAM
                 
                 ;GLOBAL VARIABLES INITIALIZATION
000063 e9e2      	LDI  R30,LOW(__GLOBAL_INI_TBL*2)
000064 e0f0      	LDI  R31,HIGH(__GLOBAL_INI_TBL*2)
                 __GLOBAL_INI_NEXT:
000065 9185      	LPM  R24,Z+
000066 9195      	LPM  R25,Z+
000067 9700      	SBIW R24,0
000068 f061      	BREQ __GLOBAL_INI_END
000069 91a5      	LPM  R26,Z+
00006a 91b5      	LPM  R27,Z+
00006b 9005      	LPM  R0,Z+
00006c 9015      	LPM  R1,Z+
00006d 01bf      	MOVW R22,R30
00006e 01f0      	MOVW R30,R0
                 __GLOBAL_INI_LOOP:
00006f 9005      	LPM  R0,Z+
000070 920d      	ST   X+,R0
000071 9701      	SBIW R24,1
000072 f7e1      	BRNE __GLOBAL_INI_LOOP
000073 01fb      	MOVW R30,R22
000074 cff0      	RJMP __GLOBAL_INI_NEXT
                 __GLOBAL_INI_END:
                 
                 ;HARDWARE STACK POINTER INITIALIZATION
000075 e5ef      	LDI  R30,LOW(__SRAM_END-__HEAP_SIZE)
000076 bfed      	OUT  SPL,R30
000077 e0e8      	LDI  R30,HIGH(__SRAM_END-__HEAP_SIZE)
000078 bfee      	OUT  SPH,R30
                 
                 ;DATA STACK POINTER INITIALIZATION
000079 e6c0      	LDI  R28,LOW(__SRAM_START+__DSTACK_SIZE)
00007a e0d2      	LDI  R29,HIGH(__SRAM_START+__DSTACK_SIZE)
                 
00007b 940c 00c1 	JMP  _main
                 
                 	.ESEG
                 	.ORG 0
                 
                 	.DSEG
                 	.ORG 0x260
                 
                 	.CSEG
                 ;/*******************************************************
                 ;This program was created by the
                 ;CodeWizardAVR V3.12 Advanced
                 ;Automatic Program Generator
                 ;© Copyright 1998-2014 Pavel Haiduc, HP InfoTech s.r.l.
                 ;http://www.hpinfotech.com
                 ;
                 ;Project :
                 ;Version :
                 ;Date    : 1/23/2019
                 ;Author  :
                 ;Company :
                 ;Comments:
                 ;
                 ;
                 ;Chip type               : ATmega32
                 ;Program type            : Application
                 ;AVR Core Clock frequency: 8.000000 MHz
                 ;Memory model            : Small
                 ;External RAM size       : 0
                 ;Data Stack size         : 512
                 ;*******************************************************/
                 ;
                 ;#include <mega32.h>
                 	#ifndef __SLEEP_DEFINED__
                 	#define __SLEEP_DEFINED__
                 	.EQU __se_bit=0x80
                 	.EQU __sm_mask=0x70
                 	.EQU __sm_powerdown=0x20
                 	.EQU __sm_powersave=0x30
                 	.EQU __sm_standby=0x60
                 	.EQU __sm_ext_standby=0x70
                 	.EQU __sm_adc_noise_red=0x10
                 	.SET power_ctrl_reg=mcucr
                 	#endif
                 ;#include <stdio.h>
                 ;// Alphanumeric LCD functions
                 ;#include <alcd.h>
                 ;#include <delay.h>
                 ;int speed=1;
                 ;int tem=0;
                 ;// Declare your global variables here
                 ;int thous=0;
                 ;unsigned char ACKSlave=22;
                 ;unsigned char ACKMaster=44;
                 ;char lcd_show[32];
                 ;// Timer1 output compare A interrupt service routine
                 ;void send_spi(){
                 ; 0000 0025 void send_spi(){
                 
                 	.CSEG
                 _send_spi:
                 ; .FSTART _send_spi
                 ; 0000 0026        // lcd_clear();
                 ; 0000 0027         //sprintf(lcd_show,"tr=%d ",ACKMaster);
                 ; 0000 0028         //lcd_puts(lcd_show);
                 ; 0000 0029         SPDR=ACKMaster;
00007d b8af      	OUT  0xF,R10
                 ; 0000 002A }
00007e 9508      	RET
                 ; .FEND
                 ;
                 ;interrupt [TIM1_COMPA] void timer1_compa_isr(void)
                 ; 0000 002D {
                 _timer1_compa_isr:
                 ; .FSTART _timer1_compa_isr
00007f 940e 0381 	CALL SUBOPT_0x0
                 ; 0000 002E     thous++;
000081 01f4      	MOVW R30,R8
000082 9631      	ADIW R30,1
000083 014f      	MOVW R8,R30
                 ; 0000 002F     if(thous==1000){
000084 eee8      	LDI  R30,LOW(1000)
000085 e0f3      	LDI  R31,HIGH(1000)
000086 15e8      	CP   R30,R8
000087 05f9      	CPC  R31,R9
000088 f419      	BRNE _0x3
                 ; 0000 0030         thous=0;
000089 2488      	CLR  R8
00008a 2499      	CLR  R9
                 ; 0000 0031         send_spi();
00008b dff1      	RCALL _send_spi
                 ; 0000 0032     }
                 ; 0000 0033 
                 ; 0000 0034 
                 ; 0000 0035 }
                 _0x3:
00008c c026      	RJMP _0xC
                 ; .FEND
                 ;int flag=0;
                 ;unsigned char data;
                 ;// SPI interrupt service routine
                 ;interrupt [SPI_STC] void spi_isr(void)
                 ; 0000 003A {
                 _spi_isr:
                 ; .FSTART _spi_isr
00008d 940e 0381 	CALL SUBOPT_0x0
                 ; 0000 003B 
                 ; 0000 003C data=SPDR;
00008f b1ef      	IN   R30,0xF
000090 93e0 0280 	STS  _data,R30
                 ; 0000 003D //sprintf(lcd_show,"r=%d ",data);
                 ; 0000 003E //lcd_puts(lcd_show);
                 ; 0000 003F if(flag==0){
000092 2c0c      	MOV  R0,R12
000093 280d      	OR   R0,R13
000094 f4a9      	BRNE _0x4
                 ; 0000 0040     tem=data;
000095 9060 0280 	LDS  R6,_data
000097 2477      	CLR  R7
                 ; 0000 0041     if(data%5==0){
000098 91a0 0280 	LDS  R26,_data
00009a 27bb      	CLR  R27
00009b e0e5      	LDI  R30,LOW(5)
00009c e0f0      	LDI  R31,HIGH(5)
00009d 940e 03f3 	CALL __MODW21
00009f 9730      	SBIW R30,0
0000a0 f441      	BRNE _0x5
                 ; 0000 0042         flag=1;
0000a1 e0e1      	LDI  R30,LOW(1)
0000a2 e0f0      	LDI  R31,HIGH(1)
0000a3 016f      	MOVW R12,R30
                 ; 0000 0043         //sprintf(lcd_show,"t=%d",x);
                 ; 0000 0044         //lcd_puts(lcd_show);
                 ; 0000 0045         delay_ms(50);
0000a4 e3a2      	LDI  R26,LOW(50)
0000a5 e0b0      	LDI  R27,0
0000a6 940e 03c9 	CALL _delay_ms
                 ; 0000 0046         SPDR=speed;
0000a8 b84f      	OUT  0xF,R4
                 ; 0000 0047 
                 ; 0000 0048     }
                 ; 0000 0049 }else{
                 _0x5:
0000a9 c009      	RJMP _0x6
                 _0x4:
                 ; 0000 004A     flag=0;
0000aa 24cc      	CLR  R12
0000ab 24dd      	CLR  R13
                 ; 0000 004B     if(data==ACKSlave){
0000ac 91a0 0280 	LDS  R26,_data
0000ae 16ba      	CP   R11,R26
0000af f419      	BRNE _0x7
                 ; 0000 004C         speed++;
0000b0 01f2      	MOVW R30,R4
0000b1 9631      	ADIW R30,1
0000b2 012f      	MOVW R4,R30
                 ; 0000 004D     }
                 ; 0000 004E     //sprintf(lcd_show,"rec=%d",data);
                 ; 0000 004F     //lcd_puts(lcd_show);
                 ; 0000 0050 }
                 _0x7:
                 _0x6:
                 ; 0000 0051 
                 ; 0000 0052 // Place your code here
                 ; 0000 0053 
                 ; 0000 0054 }
                 _0xC:
0000b3 91e9      	LD   R30,Y+
0000b4 bfef      	OUT  SREG,R30
0000b5 91f9      	LD   R31,Y+
0000b6 91e9      	LD   R30,Y+
0000b7 91b9      	LD   R27,Y+
0000b8 91a9      	LD   R26,Y+
0000b9 9199      	LD   R25,Y+
0000ba 9189      	LD   R24,Y+
0000bb 9179      	LD   R23,Y+
0000bc 9169      	LD   R22,Y+
0000bd 90f9      	LD   R15,Y+
0000be 9019      	LD   R1,Y+
0000bf 9009      	LD   R0,Y+
0000c0 9518      	RETI
                 ; .FEND
                 ;
                 ;void main(void)
                 ; 0000 0057 {
                 _main:
                 ; .FSTART _main
                 ; 0000 0058 // Declare your local variables here
                 ; 0000 0059 
                 ; 0000 005A // Input/Output Ports initialization
                 ; 0000 005B // Port A initialization
                 ; 0000 005C // Function: Bit7=In Bit6=In Bit5=In Bit4=In Bit3=In Bit2=In Bit1=In Bit0=In
                 ; 0000 005D DDRA=(0<<DDA7) | (0<<DDA6) | (0<<DDA5) | (0<<DDA4) | (0<<DDA3) | (0<<DDA2) | (0<<DDA1) | (0<<DDA0);
0000c1 e0e0      	LDI  R30,LOW(0)
0000c2 bbea      	OUT  0x1A,R30
                 ; 0000 005E // State: Bit7=T Bit6=T Bit5=T Bit4=T Bit3=T Bit2=T Bit1=T Bit0=T
                 ; 0000 005F PORTA=(0<<PORTA7) | (0<<PORTA6) | (0<<PORTA5) | (0<<PORTA4) | (0<<PORTA3) | (0<<PORTA2) | (0<<PORTA1) | (0<<PORTA0);
0000c3 bbeb      	OUT  0x1B,R30
                 ; 0000 0060 
                 ; 0000 0061 // Port B initialization
                 ; 0000 0062 // Function: Bit7=Out Bit6=In Bit5=Out Bit4=Out Bit3=In Bit2=In Bit1=In Bit0=In
                 ; 0000 0063 DDRB=(1<<DDB7) | (0<<DDB6) | (1<<DDB5) | (1<<DDB4) | (0<<DDB3) | (0<<DDB2) | (0<<DDB1) | (0<<DDB0);
0000c4 ebe0      	LDI  R30,LOW(176)
0000c5 bbe7      	OUT  0x17,R30
                 ; 0000 0064 // State: Bit7=0 Bit6=T Bit5=0 Bit4=0 Bit3=T Bit2=T Bit1=T Bit0=T
                 ; 0000 0065 PORTB=(0<<PORTB7) | (0<<PORTB6) | (0<<PORTB5) | (0<<PORTB4) | (0<<PORTB3) | (0<<PORTB2) | (0<<PORTB1) | (0<<PORTB0);
0000c6 e0e0      	LDI  R30,LOW(0)
0000c7 bbe8      	OUT  0x18,R30
                 ; 0000 0066 
                 ; 0000 0067 // Port C initialization
                 ; 0000 0068 // Function: Bit7=In Bit6=In Bit5=In Bit4=In Bit3=In Bit2=In Bit1=In Bit0=In
                 ; 0000 0069 DDRC=(0<<DDC7) | (0<<DDC6) | (0<<DDC5) | (0<<DDC4) | (0<<DDC3) | (0<<DDC2) | (0<<DDC1) | (0<<DDC0);
0000c8 bbe4      	OUT  0x14,R30
                 ; 0000 006A // State: Bit7=T Bit6=T Bit5=T Bit4=T Bit3=T Bit2=T Bit1=T Bit0=T
                 ; 0000 006B PORTC=(0<<PORTC7) | (0<<PORTC6) | (0<<PORTC5) | (0<<PORTC4) | (0<<PORTC3) | (0<<PORTC2) | (0<<PORTC1) | (0<<PORTC0);
0000c9 bbe5      	OUT  0x15,R30
                 ; 0000 006C 
                 ; 0000 006D // Port D initialization
                 ; 0000 006E // Function: Bit7=In Bit6=In Bit5=In Bit4=In Bit3=In Bit2=In Bit1=In Bit0=In
                 ; 0000 006F DDRD=(0<<DDD7) | (0<<DDD6) | (0<<DDD5) | (0<<DDD4) | (0<<DDD3) | (0<<DDD2) | (0<<DDD1) | (0<<DDD0);
0000ca bbe1      	OUT  0x11,R30
                 ; 0000 0070 // State: Bit7=T Bit6=T Bit5=T Bit4=T Bit3=T Bit2=T Bit1=T Bit0=T
                 ; 0000 0071 PORTD=(0<<PORTD7) | (0<<PORTD6) | (0<<PORTD5) | (0<<PORTD4) | (0<<PORTD3) | (0<<PORTD2) | (0<<PORTD1) | (0<<PORTD0);
0000cb bbe2      	OUT  0x12,R30
                 ; 0000 0072 
                 ; 0000 0073 // Timer/Counter 0 initialization
                 ; 0000 0074 // Clock source: System Clock
                 ; 0000 0075 // Clock value: Timer 0 Stopped
                 ; 0000 0076 // Mode: Normal top=0xFF
                 ; 0000 0077 // OC0 output: Disconnected
                 ; 0000 0078 TCCR0=(0<<WGM00) | (0<<COM01) | (0<<COM00) | (0<<WGM01) | (0<<CS02) | (0<<CS01) | (0<<CS00);
0000cc bfe3      	OUT  0x33,R30
                 ; 0000 0079 TCNT0=0x00;
0000cd bfe2      	OUT  0x32,R30
                 ; 0000 007A OCR0=0x00;
0000ce bfec      	OUT  0x3C,R30
                 ; 0000 007B 
                 ; 0000 007C // Timer/Counter 1 initialization
                 ; 0000 007D // Clock source: System Clock
                 ; 0000 007E // Clock value: 8000.000 kHz
                 ; 0000 007F // Mode: CTC top=OCR1A
                 ; 0000 0080 // OC1A output: Disconnected
                 ; 0000 0081 // OC1B output: Disconnected
                 ; 0000 0082 // Noise Canceler: Off
                 ; 0000 0083 // Input Capture on Falling Edge
                 ; 0000 0084 // Timer Period: 1 ms
                 ; 0000 0085 // Timer1 Overflow Interrupt: Off
                 ; 0000 0086 // Input Capture Interrupt: Off
                 ; 0000 0087 // Compare A Match Interrupt: On
                 ; 0000 0088 // Compare B Match Interrupt: Off
                 ; 0000 0089 TCCR1A=(0<<COM1A1) | (0<<COM1A0) | (0<<COM1B1) | (0<<COM1B0) | (0<<WGM11) | (0<<WGM10);
0000cf bdef      	OUT  0x2F,R30
                 ; 0000 008A TCCR1B=(0<<ICNC1) | (0<<ICES1) | (0<<WGM13) | (1<<WGM12) | (0<<CS12) | (0<<CS11) | (1<<CS10);
0000d0 e0e9      	LDI  R30,LOW(9)
0000d1 bdee      	OUT  0x2E,R30
                 ; 0000 008B TCNT1H=0x00;
0000d2 e0e0      	LDI  R30,LOW(0)
0000d3 bded      	OUT  0x2D,R30
                 ; 0000 008C TCNT1L=0x00;
0000d4 bdec      	OUT  0x2C,R30
                 ; 0000 008D ICR1H=0x00;
0000d5 bde7      	OUT  0x27,R30
                 ; 0000 008E ICR1L=0x00;
0000d6 bde6      	OUT  0x26,R30
                 ; 0000 008F OCR1AH=0x1F;
0000d7 e1ef      	LDI  R30,LOW(31)
0000d8 bdeb      	OUT  0x2B,R30
                 ; 0000 0090 OCR1AL=0x3F;
0000d9 e3ef      	LDI  R30,LOW(63)
0000da bdea      	OUT  0x2A,R30
                 ; 0000 0091 OCR1BH=0x00;
0000db e0e0      	LDI  R30,LOW(0)
0000dc bde9      	OUT  0x29,R30
                 ; 0000 0092 OCR1BL=0x00;
0000dd bde8      	OUT  0x28,R30
                 ; 0000 0093 
                 ; 0000 0094 // Timer/Counter 2 initialization
                 ; 0000 0095 // Clock source: System Clock
                 ; 0000 0096 // Clock value: Timer2 Stopped
                 ; 0000 0097 // Mode: Normal top=0xFF
                 ; 0000 0098 // OC2 output: Disconnected
                 ; 0000 0099 ASSR=0<<AS2;
0000de bde2      	OUT  0x22,R30
                 ; 0000 009A TCCR2=(0<<PWM2) | (0<<COM21) | (0<<COM20) | (0<<CTC2) | (0<<CS22) | (0<<CS21) | (0<<CS20);
0000df bde5      	OUT  0x25,R30
                 ; 0000 009B TCNT2=0x00;
0000e0 bde4      	OUT  0x24,R30
                 ; 0000 009C OCR2=0x00;
0000e1 bde3      	OUT  0x23,R30
                 ; 0000 009D 
                 ; 0000 009E // Timer(s)/Counter(s) Interrupt(s) initialization
                 ; 0000 009F TIMSK=(0<<OCIE2) | (0<<TOIE2) | (0<<TICIE1) | (1<<OCIE1A) | (0<<OCIE1B) | (0<<TOIE1) | (0<<OCIE0) | (0<<TOIE0);
0000e2 e1e0      	LDI  R30,LOW(16)
0000e3 bfe9      	OUT  0x39,R30
                 ; 0000 00A0 
                 ; 0000 00A1 // External Interrupt(s) initialization
                 ; 0000 00A2 // INT0: Off
                 ; 0000 00A3 // INT1: Off
                 ; 0000 00A4 // INT2: Off
                 ; 0000 00A5 MCUCR=(0<<ISC11) | (0<<ISC10) | (0<<ISC01) | (0<<ISC00);
0000e4 e0e0      	LDI  R30,LOW(0)
0000e5 bfe5      	OUT  0x35,R30
                 ; 0000 00A6 MCUCSR=(0<<ISC2);
0000e6 bfe4      	OUT  0x34,R30
                 ; 0000 00A7 
                 ; 0000 00A8 // USART initialization
                 ; 0000 00A9 // USART disabled
                 ; 0000 00AA UCSRB=(0<<RXCIE) | (0<<TXCIE) | (0<<UDRIE) | (0<<RXEN) | (0<<TXEN) | (0<<UCSZ2) | (0<<RXB8) | (0<<TXB8);
0000e7 b9ea      	OUT  0xA,R30
                 ; 0000 00AB 
                 ; 0000 00AC // Analog Comparator initialization
                 ; 0000 00AD // Analog Comparator: Off
                 ; 0000 00AE // The Analog Comparator's positive input is
                 ; 0000 00AF // connected to the AIN0 pin
                 ; 0000 00B0 // The Analog Comparator's negative input is
                 ; 0000 00B1 // connected to the AIN1 pin
                 ; 0000 00B2 ACSR=(1<<ACD) | (0<<ACBG) | (0<<ACO) | (0<<ACI) | (0<<ACIE) | (0<<ACIC) | (0<<ACIS1) | (0<<ACIS0);
0000e8 e8e0      	LDI  R30,LOW(128)
0000e9 b9e8      	OUT  0x8,R30
                 ; 0000 00B3 SFIOR=(0<<ACME);
0000ea e0e0      	LDI  R30,LOW(0)
0000eb bfe0      	OUT  0x30,R30
                 ; 0000 00B4 
                 ; 0000 00B5 // ADC initialization
                 ; 0000 00B6 // ADC disabled
                 ; 0000 00B7 ADCSRA=(0<<ADEN) | (0<<ADSC) | (0<<ADATE) | (0<<ADIF) | (0<<ADIE) | (0<<ADPS2) | (0<<ADPS1) | (0<<ADPS0);
0000ec b9e6      	OUT  0x6,R30
                 ; 0000 00B8 
                 ; 0000 00B9 // SPI initialization
                 ; 0000 00BA // SPI Type: Master
                 ; 0000 00BB // SPI Clock Rate: 500.000 kHz
                 ; 0000 00BC // SPI Clock Phase: Cycle Start
                 ; 0000 00BD // SPI Clock Polarity: Low
                 ; 0000 00BE // SPI Data Order: MSB First
                 ; 0000 00BF SPCR=(1<<SPIE) | (1<<SPE) | (0<<DORD) | (1<<MSTR) | (0<<CPOL) | (0<<CPHA) | (0<<SPR1) | (1<<SPR0);
0000ed ede1      	LDI  R30,LOW(209)
0000ee b9ed      	OUT  0xD,R30
                 ; 0000 00C0 SPSR=(0<<SPI2X);
0000ef e0e0      	LDI  R30,LOW(0)
0000f0 b9ee      	OUT  0xE,R30
                 ; 0000 00C1 
                 ; 0000 00C2 // Clear the SPI interrupt flag
                 ; 0000 00C3 #asm
                 ; 0000 00C4     in   r30,spsr
0000f1 b1ee          in   r30,spsr
                 ; 0000 00C5     in   r30,spdr
0000f2 b1ef          in   r30,spdr
                 ; 0000 00C6 #endasm
                 ; 0000 00C7 
                 ; 0000 00C8 // TWI initialization
                 ; 0000 00C9 // TWI disabled
                 ; 0000 00CA TWCR=(0<<TWEA) | (0<<TWSTA) | (0<<TWSTO) | (0<<TWEN) | (0<<TWIE);
0000f3 e0e0      	LDI  R30,LOW(0)
0000f4 bfe6      	OUT  0x36,R30
                 ; 0000 00CB 
                 ; 0000 00CC // Alphanumeric LCD initialization
                 ; 0000 00CD // Connections are specified in the
                 ; 0000 00CE // Project|Configure|C Compiler|Libraries|Alphanumeric LCD menu:
                 ; 0000 00CF // RS - PORTA Bit 0
                 ; 0000 00D0 // RD - PORTA Bit 1
                 ; 0000 00D1 // EN - PORTA Bit 2
                 ; 0000 00D2 // D4 - PORTA Bit 4
                 ; 0000 00D3 // D5 - PORTA Bit 5
                 ; 0000 00D4 // D6 - PORTA Bit 6
                 ; 0000 00D5 // D7 - PORTA Bit 7
                 ; 0000 00D6 // Characters/line: 16
                 ; 0000 00D7 lcd_init(16);
0000f5 e1a0      	LDI  R26,LOW(16)
0000f6 940e 0339 	CALL _lcd_init
                 ; 0000 00D8 
                 ; 0000 00D9 // Global enable interrupts
                 ; 0000 00DA #asm("sei")
0000f8 9478      	sei
                 ; 0000 00DB 
                 ; 0000 00DC while (1)
                 _0x8:
                 ; 0000 00DD       {
                 ; 0000 00DE          lcd_gotoxy(0,0);
0000f9 e0e0      	LDI  R30,LOW(0)
0000fa 93ea      	ST   -Y,R30
0000fb e0a0      	LDI  R26,LOW(0)
0000fc 940e 02e9 	CALL _lcd_gotoxy
                 ; 0000 00DF          sprintf(lcd_show,"temp=%d speed=%d data=%d       ",tem,speed,data);
0000fe e6e0      	LDI  R30,LOW(_lcd_show)
0000ff e0f2      	LDI  R31,HIGH(_lcd_show)
000100 93fa      	ST   -Y,R31
000101 93ea      	ST   -Y,R30
                +
000102 e7e0     +LDI R30 , LOW ( 2 * _0x0 + ( 0 ) )
000103 e0f0     +LDI R31 , HIGH ( 2 * _0x0 + ( 0 ) )
                 	__POINTW1FN _0x0,0
000104 93fa      	ST   -Y,R31
000105 93ea      	ST   -Y,R30
000106 01f3      	MOVW R30,R6
000107 940e 03db 	CALL __CWD1
000109 940e 0409 	CALL __PUTPARD1
00010b 01f2      	MOVW R30,R4
00010c 940e 03db 	CALL __CWD1
00010e 940e 0409 	CALL __PUTPARD1
000110 91e0 0280 	LDS  R30,_data
000112 27ff      	CLR  R31
000113 2766      	CLR  R22
000114 2777      	CLR  R23
000115 940e 0409 	CALL __PUTPARD1
000117 e08c      	LDI  R24,12
000118 940e 0295 	CALL _sprintf
00011a 9660      	ADIW R28,16
                 ; 0000 00E0          lcd_puts(lcd_show);
00011b e6a0      	LDI  R26,LOW(_lcd_show)
00011c e0b2      	LDI  R27,HIGH(_lcd_show)
00011d 940e 0328 	CALL _lcd_puts
                 ; 0000 00E1       }
00011f cfd9      	RJMP _0x8
                 ; 0000 00E2 }
                 _0xB:
000120 cfff      	RJMP _0xB
                 ; .FEND
                 	#ifndef __SLEEP_DEFINED__
                 	#endif
                 
                 	.CSEG
                 _put_buff_G100:
                 ; .FSTART _put_buff_G100
000121 93ba      	ST   -Y,R27
000122 93aa      	ST   -Y,R26
000123 931a      	ST   -Y,R17
000124 930a      	ST   -Y,R16
000125 81aa      	LDD  R26,Y+2
000126 81bb      	LDD  R27,Y+2+1
000127 9612      	ADIW R26,2
000128 940e 0401 	CALL __GETW1P
00012a 9730      	SBIW R30,0
00012b f159      	BREQ _0x2000010
00012c 81aa      	LDD  R26,Y+2
00012d 81bb      	LDD  R27,Y+2+1
00012e 9614      	ADIW R26,4
00012f 940e 0401 	CALL __GETW1P
000131 018f      	MOVW R16,R30
000132 9730      	SBIW R30,0
000133 f061      	BREQ _0x2000012
                +
000134 3002     +CPI R16 , LOW ( 2 )
000135 e0e0     +LDI R30 , HIGH ( 2 )
000136 071e     +CPC R17 , R30
                 	__CPWRN 16,17,2
000137 f098      	BRLO _0x2000013
000138 01f8      	MOVW R30,R16
000139 9731      	SBIW R30,1
00013a 018f      	MOVW R16,R30
                +
00013b 81aa     +LDD R26 , Y + 2
00013c 81bb     +LDD R27 , Y + 2 + 1
00013d 9614     +ADIW R26 , 4
00013e 93ed     +ST X + , R30
00013f 93fc     +ST X , R31
                 	__PUTW1SNS 2,4
                 _0x2000012:
000140 81aa      	LDD  R26,Y+2
000141 81bb      	LDD  R27,Y+2+1
000142 9612      	ADIW R26,2
000143 91ed      	LD   R30,X+
000144 91fd      	LD   R31,X+
000145 9631      	ADIW R30,1
000146 93fe      	ST   -X,R31
000147 93ee      	ST   -X,R30
000148 9731      	SBIW R30,1
000149 81ac      	LDD  R26,Y+4
00014a 83a0      	STD  Z+0,R26
                 _0x2000013:
00014b 81aa      	LDD  R26,Y+2
00014c 81bb      	LDD  R27,Y+2+1
00014d 940e 0401 	CALL __GETW1P
00014f 23ff      	TST  R31
000150 f02a      	BRMI _0x2000014
000151 91ed      	LD   R30,X+
000152 91fd      	LD   R31,X+
000153 9631      	ADIW R30,1
000154 93fe      	ST   -X,R31
000155 93ee      	ST   -X,R30
                 _0x2000014:
000156 c006      	RJMP _0x2000015
                 _0x2000010:
000157 81aa      	LDD  R26,Y+2
000158 81bb      	LDD  R27,Y+2+1
000159 efef      	LDI  R30,LOW(65535)
00015a efff      	LDI  R31,HIGH(65535)
00015b 93ed      	ST   X+,R30
00015c 93fc      	ST   X,R31
                 _0x2000015:
00015d 8119      	LDD  R17,Y+1
00015e 8108      	LDD  R16,Y+0
00015f 9625      	ADIW R28,5
000160 9508      	RET
                 ; .FEND
                 __print_G100:
                 ; .FSTART __print_G100
000161 93ba      	ST   -Y,R27
000162 93aa      	ST   -Y,R26
000163 9726      	SBIW R28,6
000164 940e 040e 	CALL __SAVELOCR6
000166 e010      	LDI  R17,0
000167 85ac      	LDD  R26,Y+12
000168 85bd      	LDD  R27,Y+12+1
000169 e0e0      	LDI  R30,LOW(0)
00016a e0f0      	LDI  R31,HIGH(0)
00016b 93ed      	ST   X+,R30
00016c 93fc      	ST   X,R31
                 _0x2000016:
00016d 89ea      	LDD  R30,Y+18
00016e 89fb      	LDD  R31,Y+18+1
00016f 9631      	ADIW R30,1
000170 8bea      	STD  Y+18,R30
000171 8bfb      	STD  Y+18+1,R31
000172 9731      	SBIW R30,1
000173 91e4      	LPM  R30,Z
000174 2f2e      	MOV  R18,R30
000175 30e0      	CPI  R30,0
000176 f409      	BRNE PC+2
000177 c115      	RJMP _0x2000018
000178 2fe1      	MOV  R30,R17
000179 30e0      	CPI  R30,0
00017a f439      	BRNE _0x200001C
00017b 3225      	CPI  R18,37
00017c f411      	BRNE _0x200001D
00017d e011      	LDI  R17,LOW(1)
00017e c002      	RJMP _0x200001E
                 _0x200001D:
00017f 940e 038f 	CALL SUBOPT_0x1
                 _0x200001E:
000181 c10a      	RJMP _0x200001B
                 _0x200001C:
000182 30e1      	CPI  R30,LOW(0x1)
000183 f4a9      	BRNE _0x200001F
000184 3225      	CPI  R18,37
000185 f419      	BRNE _0x2000020
000186 940e 038f 	CALL SUBOPT_0x1
000188 c102      	RJMP _0x20000CC
                 _0x2000020:
000189 e012      	LDI  R17,LOW(2)
00018a e040      	LDI  R20,LOW(0)
00018b e000      	LDI  R16,LOW(0)
00018c 322d      	CPI  R18,45
00018d f411      	BRNE _0x2000021
00018e e001      	LDI  R16,LOW(1)
00018f c0fc      	RJMP _0x200001B
                 _0x2000021:
000190 322b      	CPI  R18,43
000191 f411      	BRNE _0x2000022
000192 e24b      	LDI  R20,LOW(43)
000193 c0f8      	RJMP _0x200001B
                 _0x2000022:
000194 3220      	CPI  R18,32
000195 f411      	BRNE _0x2000023
000196 e240      	LDI  R20,LOW(32)
000197 c0f4      	RJMP _0x200001B
                 _0x2000023:
000198 c002      	RJMP _0x2000024
                 _0x200001F:
000199 30e2      	CPI  R30,LOW(0x2)
00019a f439      	BRNE _0x2000025
                 _0x2000024:
00019b e050      	LDI  R21,LOW(0)
00019c e013      	LDI  R17,LOW(3)
00019d 3320      	CPI  R18,48
00019e f411      	BRNE _0x2000026
00019f 6800      	ORI  R16,LOW(128)
0001a0 c0eb      	RJMP _0x200001B
                 _0x2000026:
0001a1 c003      	RJMP _0x2000027
                 _0x2000025:
0001a2 30e3      	CPI  R30,LOW(0x3)
0001a3 f009      	BREQ PC+2
0001a4 c0e7      	RJMP _0x200001B
                 _0x2000027:
0001a5 3320      	CPI  R18,48
0001a6 f010      	BRLO _0x200002A
0001a7 332a      	CPI  R18,58
0001a8 f008      	BRLO _0x200002B
                 _0x200002A:
0001a9 c007      	RJMP _0x2000029
                 _0x200002B:
0001aa e0aa      	LDI  R26,LOW(10)
0001ab 9f5a      	MUL  R21,R26
0001ac 2d50      	MOV  R21,R0
0001ad 2fe2      	MOV  R30,R18
0001ae 53e0      	SUBI R30,LOW(48)
0001af 0f5e      	ADD  R21,R30
0001b0 c0db      	RJMP _0x200001B
                 _0x2000029:
0001b1 2fe2      	MOV  R30,R18
0001b2 36e3      	CPI  R30,LOW(0x63)
0001b3 f449      	BRNE _0x200002F
0001b4 940e 0396 	CALL SUBOPT_0x2
0001b6 89e8      	LDD  R30,Y+16
0001b7 89f9      	LDD  R31,Y+16+1
0001b8 81a4      	LDD  R26,Z+4
0001b9 93aa      	ST   -Y,R26
0001ba 940e 039c 	CALL SUBOPT_0x3
0001bc c0ce      	RJMP _0x2000030
                 _0x200002F:
0001bd 37e3      	CPI  R30,LOW(0x73)
0001be f441      	BRNE _0x2000032
0001bf 940e 0396 	CALL SUBOPT_0x2
0001c1 940e 03a2 	CALL SUBOPT_0x4
0001c3 940e 0368 	CALL _strlen
0001c5 2f1e      	MOV  R17,R30
0001c6 c00a      	RJMP _0x2000033
                 _0x2000032:
0001c7 37e0      	CPI  R30,LOW(0x70)
0001c8 f461      	BRNE _0x2000035
0001c9 940e 0396 	CALL SUBOPT_0x2
0001cb 940e 03a2 	CALL SUBOPT_0x4
0001cd 940e 0374 	CALL _strlenf
0001cf 2f1e      	MOV  R17,R30
0001d0 6008      	ORI  R16,LOW(8)
                 _0x2000033:
0001d1 6002      	ORI  R16,LOW(2)
0001d2 770f      	ANDI R16,LOW(127)
0001d3 e030      	LDI  R19,LOW(0)
0001d4 c034      	RJMP _0x2000036
                 _0x2000035:
0001d5 36e4      	CPI  R30,LOW(0x64)
0001d6 f011      	BREQ _0x2000039
0001d7 36e9      	CPI  R30,LOW(0x69)
0001d8 f411      	BRNE _0x200003A
                 _0x2000039:
0001d9 6004      	ORI  R16,LOW(4)
0001da c002      	RJMP _0x200003B
                 _0x200003A:
0001db 37e5      	CPI  R30,LOW(0x75)
0001dc f431      	BRNE _0x200003C
                 _0x200003B:
0001dd e5e4      	LDI  R30,LOW(_tbl10_G100*2)
0001de e0f0      	LDI  R31,HIGH(_tbl10_G100*2)
0001df 83ee      	STD  Y+6,R30
0001e0 83ff      	STD  Y+6+1,R31
0001e1 e015      	LDI  R17,LOW(5)
0001e2 c00c      	RJMP _0x200003D
                 _0x200003C:
0001e3 35e8      	CPI  R30,LOW(0x58)
0001e4 f411      	BRNE _0x200003F
0001e5 6008      	ORI  R16,LOW(8)
0001e6 c003      	RJMP _0x2000040
                 _0x200003F:
0001e7 37e8      	CPI  R30,LOW(0x78)
0001e8 f009      	BREQ PC+2
0001e9 c0a1      	RJMP _0x2000071
                 _0x2000040:
0001ea e5ee      	LDI  R30,LOW(_tbl16_G100*2)
0001eb e0f0      	LDI  R31,HIGH(_tbl16_G100*2)
0001ec 83ee      	STD  Y+6,R30
0001ed 83ff      	STD  Y+6+1,R31
0001ee e014      	LDI  R17,LOW(4)
                 _0x200003D:
0001ef ff02      	SBRS R16,2
0001f0 c014      	RJMP _0x2000042
0001f1 940e 0396 	CALL SUBOPT_0x2
0001f3 940e 03ac 	CALL SUBOPT_0x5
0001f5 85ab      	LDD  R26,Y+11
0001f6 23aa      	TST  R26
0001f7 f43a      	BRPL _0x2000043
0001f8 85ea      	LDD  R30,Y+10
0001f9 85fb      	LDD  R31,Y+10+1
0001fa 940e 03d7 	CALL __ANEGW1
0001fc 87ea      	STD  Y+10,R30
0001fd 87fb      	STD  Y+10+1,R31
0001fe e24d      	LDI  R20,LOW(45)
                 _0x2000043:
0001ff 3040      	CPI  R20,0
000200 f011      	BREQ _0x2000044
000201 5f1f      	SUBI R17,-LOW(1)
000202 c001      	RJMP _0x2000045
                 _0x2000044:
000203 7f0b      	ANDI R16,LOW(251)
                 _0x2000045:
000204 c004      	RJMP _0x2000046
                 _0x2000042:
000205 940e 0396 	CALL SUBOPT_0x2
000207 940e 03ac 	CALL SUBOPT_0x5
                 _0x2000046:
                 _0x2000036:
000209 fd00      	SBRC R16,0
00020a c011      	RJMP _0x2000047
                 _0x2000048:
00020b 1715      	CP   R17,R21
00020c f478      	BRSH _0x200004A
00020d ff07      	SBRS R16,7
00020e c008      	RJMP _0x200004B
00020f ff02      	SBRS R16,2
000210 c004      	RJMP _0x200004C
000211 7f0b      	ANDI R16,LOW(251)
000212 2f24      	MOV  R18,R20
000213 5011      	SUBI R17,LOW(1)
000214 c001      	RJMP _0x200004D
                 _0x200004C:
000215 e320      	LDI  R18,LOW(48)
                 _0x200004D:
000216 c001      	RJMP _0x200004E
                 _0x200004B:
000217 e220      	LDI  R18,LOW(32)
                 _0x200004E:
000218 940e 038f 	CALL SUBOPT_0x1
00021a 5051      	SUBI R21,LOW(1)
00021b cfef      	RJMP _0x2000048
                 _0x200004A:
                 _0x2000047:
00021c 2f31      	MOV  R19,R17
00021d ff01      	SBRS R16,1
00021e c017      	RJMP _0x200004F
                 _0x2000050:
00021f 3030      	CPI  R19,0
000220 f0a1      	BREQ _0x2000052
000221 ff03      	SBRS R16,3
000222 c006      	RJMP _0x2000053
000223 81ee      	LDD  R30,Y+6
000224 81ff      	LDD  R31,Y+6+1
000225 9125      	LPM  R18,Z+
000226 83ee      	STD  Y+6,R30
000227 83ff      	STD  Y+6+1,R31
000228 c005      	RJMP _0x2000054
                 _0x2000053:
000229 81ae      	LDD  R26,Y+6
00022a 81bf      	LDD  R27,Y+6+1
00022b 912d      	LD   R18,X+
00022c 83ae      	STD  Y+6,R26
00022d 83bf      	STD  Y+6+1,R27
                 _0x2000054:
00022e 940e 038f 	CALL SUBOPT_0x1
000230 3050      	CPI  R21,0
000231 f009      	BREQ _0x2000055
000232 5051      	SUBI R21,LOW(1)
                 _0x2000055:
000233 5031      	SUBI R19,LOW(1)
000234 cfea      	RJMP _0x2000050
                 _0x2000052:
000235 c04b      	RJMP _0x2000056
                 _0x200004F:
                 _0x2000058:
000236 e320      	LDI  R18,LOW(48)
000237 81ee      	LDD  R30,Y+6
000238 81ff      	LDD  R31,Y+6+1
000239 940e 0405 	CALL __GETW1PF
00023b 87e8      	STD  Y+8,R30
00023c 87f9      	STD  Y+8+1,R31
00023d 81ee      	LDD  R30,Y+6
00023e 81ff      	LDD  R31,Y+6+1
00023f 9632      	ADIW R30,2
000240 83ee      	STD  Y+6,R30
000241 83ff      	STD  Y+6+1,R31
                 _0x200005A:
000242 85e8      	LDD  R30,Y+8
000243 85f9      	LDD  R31,Y+8+1
000244 85aa      	LDD  R26,Y+10
000245 85bb      	LDD  R27,Y+10+1
000246 17ae      	CP   R26,R30
000247 07bf      	CPC  R27,R31
000248 f050      	BRLO _0x200005C
000249 5f2f      	SUBI R18,-LOW(1)
00024a 85a8      	LDD  R26,Y+8
00024b 85b9      	LDD  R27,Y+8+1
00024c 85ea      	LDD  R30,Y+10
00024d 85fb      	LDD  R31,Y+10+1
00024e 1bea      	SUB  R30,R26
00024f 0bfb      	SBC  R31,R27
000250 87ea      	STD  Y+10,R30
000251 87fb      	STD  Y+10+1,R31
000252 cfef      	RJMP _0x200005A
                 _0x200005C:
000253 332a      	CPI  R18,58
000254 f028      	BRLO _0x200005D
000255 ff03      	SBRS R16,3
000256 c002      	RJMP _0x200005E
000257 5f29      	SUBI R18,-LOW(7)
000258 c001      	RJMP _0x200005F
                 _0x200005E:
000259 5d29      	SUBI R18,-LOW(39)
                 _0x200005F:
                 _0x200005D:
00025a fd04      	SBRC R16,4
00025b c01a      	RJMP _0x2000061
00025c 3321      	CPI  R18,49
00025d f420      	BRSH _0x2000063
00025e 85a8      	LDD  R26,Y+8
00025f 85b9      	LDD  R27,Y+8+1
000260 9711      	SBIW R26,1
000261 f409      	BRNE _0x2000062
                 _0x2000063:
000262 c009      	RJMP _0x20000CD
                 _0x2000062:
000263 1753      	CP   R21,R19
000264 f010      	BRLO _0x2000067
000265 ff00      	SBRS R16,0
000266 c001      	RJMP _0x2000068
                 _0x2000067:
000267 c013      	RJMP _0x2000066
                 _0x2000068:
000268 e220      	LDI  R18,LOW(32)
000269 ff07      	SBRS R16,7
00026a c00b      	RJMP _0x2000069
00026b e320      	LDI  R18,LOW(48)
                 _0x20000CD:
00026c 6100      	ORI  R16,LOW(16)
00026d ff02      	SBRS R16,2
00026e c007      	RJMP _0x200006A
00026f 7f0b      	ANDI R16,LOW(251)
000270 934a      	ST   -Y,R20
000271 940e 039c 	CALL SUBOPT_0x3
000273 3050      	CPI  R21,0
000274 f009      	BREQ _0x200006B
000275 5051      	SUBI R21,LOW(1)
                 _0x200006B:
                 _0x200006A:
                 _0x2000069:
                 _0x2000061:
000276 940e 038f 	CALL SUBOPT_0x1
000278 3050      	CPI  R21,0
000279 f009      	BREQ _0x200006C
00027a 5051      	SUBI R21,LOW(1)
                 _0x200006C:
                 _0x2000066:
00027b 5031      	SUBI R19,LOW(1)
00027c 85a8      	LDD  R26,Y+8
00027d 85b9      	LDD  R27,Y+8+1
00027e 9712      	SBIW R26,2
00027f f008      	BRLO _0x2000059
000280 cfb5      	RJMP _0x2000058
                 _0x2000059:
                 _0x2000056:
000281 ff00      	SBRS R16,0
000282 c008      	RJMP _0x200006D
                 _0x200006E:
000283 3050      	CPI  R21,0
000284 f031      	BREQ _0x2000070
000285 5051      	SUBI R21,LOW(1)
000286 e2e0      	LDI  R30,LOW(32)
000287 93ea      	ST   -Y,R30
000288 940e 039c 	CALL SUBOPT_0x3
00028a cff8      	RJMP _0x200006E
                 _0x2000070:
                 _0x200006D:
                 _0x2000071:
                 _0x2000030:
                 _0x20000CC:
00028b e010      	LDI  R17,LOW(0)
                 _0x200001B:
00028c cee0      	RJMP _0x2000016
                 _0x2000018:
00028d 85ac      	LDD  R26,Y+12
00028e 85bd      	LDD  R27,Y+12+1
00028f 940e 0401 	CALL __GETW1P
000291 940e 0415 	CALL __LOADLOCR6
000293 9664      	ADIW R28,20
000294 9508      	RET
                 ; .FEND
                 _sprintf:
                 ; .FSTART _sprintf
000295 92ff      	PUSH R15
000296 2ef8      	MOV  R15,R24
000297 9726      	SBIW R28,6
000298 940e 0410 	CALL __SAVELOCR4
00029a 940e 03b4 	CALL SUBOPT_0x6
00029c 9730      	SBIW R30,0
00029d f419      	BRNE _0x2000072
00029e efef      	LDI  R30,LOW(65535)
00029f efff      	LDI  R31,HIGH(65535)
0002a0 c023      	RJMP _0x2080002
                 _0x2000072:
0002a1 01de      	MOVW R26,R28
0002a2 9616      	ADIW R26,6
0002a3 940e 03d3 	CALL __ADDW2R15
0002a5 018d      	MOVW R16,R26
0002a6 940e 03b4 	CALL SUBOPT_0x6
0002a8 83ee      	STD  Y+6,R30
0002a9 83ff      	STD  Y+6+1,R31
0002aa e0e0      	LDI  R30,LOW(0)
0002ab 87e8      	STD  Y+8,R30
0002ac 87e9      	STD  Y+8+1,R30
0002ad 01de      	MOVW R26,R28
0002ae 961a      	ADIW R26,10
0002af 940e 03d3 	CALL __ADDW2R15
0002b1 940e 0401 	CALL __GETW1P
0002b3 93fa      	ST   -Y,R31
0002b4 93ea      	ST   -Y,R30
0002b5 931a      	ST   -Y,R17
0002b6 930a      	ST   -Y,R16
0002b7 e2e1      	LDI  R30,LOW(_put_buff_G100)
0002b8 e0f1      	LDI  R31,HIGH(_put_buff_G100)
0002b9 93fa      	ST   -Y,R31
0002ba 93ea      	ST   -Y,R30
0002bb 01de      	MOVW R26,R28
0002bc 961a      	ADIW R26,10
0002bd dea3      	RCALL __print_G100
0002be 019f      	MOVW R18,R30
0002bf 81ae      	LDD  R26,Y+6
0002c0 81bf      	LDD  R27,Y+6+1
0002c1 e0e0      	LDI  R30,LOW(0)
0002c2 93ec      	ST   X,R30
0002c3 01f9      	MOVW R30,R18
                 _0x2080002:
0002c4 940e 0417 	CALL __LOADLOCR4
0002c6 962a      	ADIW R28,10
0002c7 90ff      	POP  R15
0002c8 9508      	RET
                 ; .FEND
                 	#ifndef __SLEEP_DEFINED__
                 	#endif
                 
                 	.DSEG
                 
                 	.CSEG
                 __lcd_write_nibble_G101:
                 ; .FSTART __lcd_write_nibble_G101
0002c9 93aa      	ST   -Y,R26
0002ca b3eb      	IN   R30,0x1B
0002cb 70ef      	ANDI R30,LOW(0xF)
0002cc 2fae      	MOV  R26,R30
0002cd 81e8      	LD   R30,Y
0002ce 7fe0      	ANDI R30,LOW(0xF0)
0002cf 2bea      	OR   R30,R26
0002d0 bbeb      	OUT  0x1B,R30
                +
0002d1 e08d     +LDI R24 , LOW ( 13 )
                +__DELAY_USB_LOOP :
0002d2 958a     +DEC R24
0002d3 f7f1     +BRNE __DELAY_USB_LOOP
                 	__DELAY_USB 13
0002d4 9ada      	SBI  0x1B,2
                +
0002d5 e08d     +LDI R24 , LOW ( 13 )
                +__DELAY_USB_LOOP :
0002d6 958a     +DEC R24
0002d7 f7f1     +BRNE __DELAY_USB_LOOP
                 	__DELAY_USB 13
0002d8 98da      	CBI  0x1B,2
                +
0002d9 e08d     +LDI R24 , LOW ( 13 )
                +__DELAY_USB_LOOP :
0002da 958a     +DEC R24
0002db f7f1     +BRNE __DELAY_USB_LOOP
                 	__DELAY_USB 13
0002dc c089      	RJMP _0x2080001
                 ; .FEND
                 __lcd_write_data:
                 ; .FSTART __lcd_write_data
0002dd 93aa      	ST   -Y,R26
0002de 81a8      	LD   R26,Y
0002df dfe9      	RCALL __lcd_write_nibble_G101
0002e0 81e8          ld    r30,y
0002e1 95e2          swap  r30
0002e2 83e8          st    y,r30
0002e3 81a8      	LD   R26,Y
0002e4 dfe4      	RCALL __lcd_write_nibble_G101
                +
0002e5 e885     +LDI R24 , LOW ( 133 )
                +__DELAY_USB_LOOP :
0002e6 958a     +DEC R24
0002e7 f7f1     +BRNE __DELAY_USB_LOOP
                 	__DELAY_USB 133
0002e8 c07d      	RJMP _0x2080001
                 ; .FEND
                 _lcd_gotoxy:
                 ; .FSTART _lcd_gotoxy
0002e9 93aa      	ST   -Y,R26
0002ea 81e8      	LD   R30,Y
0002eb e0f0      	LDI  R31,0
0002ec 57ef      	SUBI R30,LOW(-__base_y_G101)
0002ed 4ffd      	SBCI R31,HIGH(-__base_y_G101)
0002ee 81e0      	LD   R30,Z
0002ef 81a9      	LDD  R26,Y+1
0002f0 0fae      	ADD  R26,R30
0002f1 dfeb      	RCALL __lcd_write_data
0002f2 81e9      	LDD  R30,Y+1
0002f3 93e0 0285 	STS  __lcd_x,R30
0002f5 81e8      	LD   R30,Y
0002f6 93e0 0286 	STS  __lcd_y,R30
0002f8 9622      	ADIW R28,2
0002f9 9508      	RET
                 ; .FEND
                 _lcd_clear:
                 ; .FSTART _lcd_clear
0002fa e0a2      	LDI  R26,LOW(2)
0002fb 940e 03bb 	CALL SUBOPT_0x7
0002fd e0ac      	LDI  R26,LOW(12)
0002fe dfde      	RCALL __lcd_write_data
0002ff e0a1      	LDI  R26,LOW(1)
000300 940e 03bb 	CALL SUBOPT_0x7
000302 e0e0      	LDI  R30,LOW(0)
000303 93e0 0286 	STS  __lcd_y,R30
000305 93e0 0285 	STS  __lcd_x,R30
000307 9508      	RET
                 ; .FEND
                 _lcd_putchar:
                 ; .FSTART _lcd_putchar
000308 93aa      	ST   -Y,R26
000309 81a8      	LD   R26,Y
00030a 30aa      	CPI  R26,LOW(0xA)
00030b f031      	BREQ _0x2020005
00030c 91e0 0287 	LDS  R30,__lcd_maxx
00030e 91a0 0285 	LDS  R26,__lcd_x
000310 17ae      	CP   R26,R30
000311 f060      	BRLO _0x2020004
                 _0x2020005:
000312 e0e0      	LDI  R30,LOW(0)
000313 93ea      	ST   -Y,R30
000314 91a0 0286 	LDS  R26,__lcd_y
000316 5faf      	SUBI R26,-LOW(1)
000317 93a0 0286 	STS  __lcd_y,R26
000319 dfcf      	RCALL _lcd_gotoxy
00031a 81a8      	LD   R26,Y
00031b 30aa      	CPI  R26,LOW(0xA)
00031c f409      	BRNE _0x2020007
00031d c048      	RJMP _0x2080001
                 _0x2020007:
                 _0x2020004:
00031e 91e0 0285 	LDS  R30,__lcd_x
000320 5fef      	SUBI R30,-LOW(1)
000321 93e0 0285 	STS  __lcd_x,R30
000323 9ad8      	SBI  0x1B,0
000324 81a8      	LD   R26,Y
000325 dfb7      	RCALL __lcd_write_data
000326 98d8      	CBI  0x1B,0
000327 c03e      	RJMP _0x2080001
                 ; .FEND
                 _lcd_puts:
                 ; .FSTART _lcd_puts
000328 93ba      	ST   -Y,R27
000329 93aa      	ST   -Y,R26
00032a 931a      	ST   -Y,R17
                 _0x2020008:
00032b 81a9      	LDD  R26,Y+1
00032c 81ba      	LDD  R27,Y+1+1
00032d 91ed      	LD   R30,X+
00032e 83a9      	STD  Y+1,R26
00032f 83ba      	STD  Y+1+1,R27
000330 2f1e      	MOV  R17,R30
000331 30e0      	CPI  R30,0
000332 f019      	BREQ _0x202000A
000333 2fa1      	MOV  R26,R17
000334 dfd3      	RCALL _lcd_putchar
000335 cff5      	RJMP _0x2020008
                 _0x202000A:
000336 8118      	LDD  R17,Y+0
000337 9623      	ADIW R28,3
000338 9508      	RET
                 ; .FEND
                 _lcd_init:
                 ; .FSTART _lcd_init
000339 93aa      	ST   -Y,R26
00033a b3ea      	IN   R30,0x1A
00033b 6fe0      	ORI  R30,LOW(0xF0)
00033c bbea      	OUT  0x1A,R30
00033d 9ad2      	SBI  0x1A,2
00033e 9ad0      	SBI  0x1A,0
00033f 9ad1      	SBI  0x1A,1
000340 98da      	CBI  0x1B,2
000341 98d8      	CBI  0x1B,0
000342 98d9      	CBI  0x1B,1
000343 81e8      	LD   R30,Y
000344 93e0 0287 	STS  __lcd_maxx,R30
000346 58e0      	SUBI R30,-LOW(128)
                +
000347 93e0 0283+STS __base_y_G101 + ( 2 ) , R30
                 	__PUTB1MN __base_y_G101,2
000349 81e8      	LD   R30,Y
00034a 54e0      	SUBI R30,-LOW(192)
                +
00034b 93e0 0284+STS __base_y_G101 + ( 3 ) , R30
                 	__PUTB1MN __base_y_G101,3
00034d e1a4      	LDI  R26,LOW(20)
00034e e0b0      	LDI  R27,0
00034f 940e 03c9 	CALL _delay_ms
000351 940e 03c1 	CALL SUBOPT_0x8
000353 940e 03c1 	CALL SUBOPT_0x8
000355 940e 03c1 	CALL SUBOPT_0x8
000357 e2a0      	LDI  R26,LOW(32)
000358 df70      	RCALL __lcd_write_nibble_G101
                +
000359 ec88     +LDI R24 , LOW ( 200 )
00035a e090     +LDI R25 , HIGH ( 200 )
                +__DELAY_USW_LOOP :
00035b 9701     +SBIW R24 , 1
00035c f7f1     +BRNE __DELAY_USW_LOOP
                 	__DELAY_USW 200
00035d e2a8      	LDI  R26,LOW(40)
00035e df7e      	RCALL __lcd_write_data
00035f e0a4      	LDI  R26,LOW(4)
000360 df7c      	RCALL __lcd_write_data
000361 e8a5      	LDI  R26,LOW(133)
000362 df7a      	RCALL __lcd_write_data
000363 e0a6      	LDI  R26,LOW(6)
000364 df78      	RCALL __lcd_write_data
000365 df94      	RCALL _lcd_clear
                 _0x2080001:
000366 9621      	ADIW R28,1
000367 9508      	RET
                 ; .FEND
                 
                 	.CSEG
                 
                 	.CSEG
                 _strlen:
                 ; .FSTART _strlen
000368 93ba      	ST   -Y,R27
000369 93aa      	ST   -Y,R26
00036a 91a9          ld   r26,y+
00036b 91b9          ld   r27,y+
00036c 27ee          clr  r30
00036d 27ff          clr  r31
                 strlen0:
00036e 916d          ld   r22,x+
00036f 2366          tst  r22
000370 f011          breq strlen1
000371 9631          adiw r30,1
000372 cffb          rjmp strlen0
                 strlen1:
000373 9508          ret
                 ; .FEND
                 _strlenf:
                 ; .FSTART _strlenf
000374 93ba      	ST   -Y,R27
000375 93aa      	ST   -Y,R26
000376 27aa          clr  r26
000377 27bb          clr  r27
000378 91e9          ld   r30,y+
000379 91f9          ld   r31,y+
                 strlenf0:
00037a 9005      	lpm  r0,z+
00037b 2000          tst  r0
00037c f011          breq strlenf1
00037d 9611          adiw r26,1
00037e cffb          rjmp strlenf0
                 strlenf1:
00037f 01fd          movw r30,r26
000380 9508          ret
                 ; .FEND
                 
                 	.DSEG
                 _lcd_show:
000260           	.BYTE 0x20
                 _data:
000280           	.BYTE 0x1
                 __base_y_G101:
000281           	.BYTE 0x4
                 __lcd_x:
000285           	.BYTE 0x1
                 __lcd_y:
000286           	.BYTE 0x1
                 __lcd_maxx:
000287           	.BYTE 0x1
                 
                 	.CSEG
                 ;OPTIMIZER ADDED SUBROUTINE, CALLED 2 TIMES, CODE SIZE REDUCTION:8 WORDS
                 SUBOPT_0x0:
000381 920a      	ST   -Y,R0
000382 921a      	ST   -Y,R1
000383 92fa      	ST   -Y,R15
000384 936a      	ST   -Y,R22
000385 937a      	ST   -Y,R23
000386 938a      	ST   -Y,R24
000387 939a      	ST   -Y,R25
000388 93aa      	ST   -Y,R26
000389 93ba      	ST   -Y,R27
00038a 93ea      	ST   -Y,R30
00038b 93fa      	ST   -Y,R31
00038c b7ef      	IN   R30,SREG
00038d 93ea      	ST   -Y,R30
00038e 9508      	RET
                 
                 ;OPTIMIZER ADDED SUBROUTINE, CALLED 5 TIMES, CODE SIZE REDUCTION:13 WORDS
                 SUBOPT_0x1:
00038f 932a      	ST   -Y,R18
000390 85ad      	LDD  R26,Y+13
000391 85be      	LDD  R27,Y+13+1
000392 85ef      	LDD  R30,Y+15
000393 89f8      	LDD  R31,Y+15+1
000394 9509      	ICALL
000395 9508      	RET
                 
                 ;OPTIMIZER ADDED SUBROUTINE, CALLED 5 TIMES, CODE SIZE REDUCTION:9 WORDS
                 SUBOPT_0x2:
000396 89e8      	LDD  R30,Y+16
000397 89f9      	LDD  R31,Y+16+1
000398 9734      	SBIW R30,4
000399 8be8      	STD  Y+16,R30
00039a 8bf9      	STD  Y+16+1,R31
00039b 9508      	RET
                 
                 ;OPTIMIZER ADDED SUBROUTINE, CALLED 3 TIMES, CODE SIZE REDUCTION:3 WORDS
                 SUBOPT_0x3:
00039c 85ad      	LDD  R26,Y+13
00039d 85be      	LDD  R27,Y+13+1
00039e 85ef      	LDD  R30,Y+15
00039f 89f8      	LDD  R31,Y+15+1
0003a0 9509      	ICALL
0003a1 9508      	RET
                 
                 ;OPTIMIZER ADDED SUBROUTINE, CALLED 2 TIMES, CODE SIZE REDUCTION:4 WORDS
                 SUBOPT_0x4:
0003a2 89a8      	LDD  R26,Y+16
0003a3 89b9      	LDD  R27,Y+16+1
0003a4 9614      	ADIW R26,4
0003a5 940e 0401 	CALL __GETW1P
0003a7 83ee      	STD  Y+6,R30
0003a8 83ff      	STD  Y+6+1,R31
0003a9 81ae      	LDD  R26,Y+6
0003aa 81bf      	LDD  R27,Y+6+1
0003ab 9508      	RET
                 
                 ;OPTIMIZER ADDED SUBROUTINE, CALLED 2 TIMES, CODE SIZE REDUCTION:2 WORDS
                 SUBOPT_0x5:
0003ac 89a8      	LDD  R26,Y+16
0003ad 89b9      	LDD  R27,Y+16+1
0003ae 9614      	ADIW R26,4
0003af 940e 0401 	CALL __GETW1P
0003b1 87ea      	STD  Y+10,R30
0003b2 87fb      	STD  Y+10+1,R31
0003b3 9508      	RET
                 
                 ;OPTIMIZER ADDED SUBROUTINE, CALLED 2 TIMES, CODE SIZE REDUCTION:1 WORDS
                 SUBOPT_0x6:
0003b4 01de      	MOVW R26,R28
0003b5 961c      	ADIW R26,12
0003b6 940e 03d3 	CALL __ADDW2R15
0003b8 940e 0401 	CALL __GETW1P
0003ba 9508      	RET
                 
                 ;OPTIMIZER ADDED SUBROUTINE, CALLED 2 TIMES, CODE SIZE REDUCTION:1 WORDS
                 SUBOPT_0x7:
0003bb 940e 02dd 	CALL __lcd_write_data
0003bd e0a3      	LDI  R26,LOW(3)
0003be e0b0      	LDI  R27,0
0003bf 940c 03c9 	JMP  _delay_ms
                 
                 ;OPTIMIZER ADDED SUBROUTINE, CALLED 3 TIMES, CODE SIZE REDUCTION:7 WORDS
                 SUBOPT_0x8:
0003c1 e3a0      	LDI  R26,LOW(48)
0003c2 940e 02c9 	CALL __lcd_write_nibble_G101
                +
0003c4 ec88     +LDI R24 , LOW ( 200 )
0003c5 e090     +LDI R25 , HIGH ( 200 )
                +__DELAY_USW_LOOP :
0003c6 9701     +SBIW R24 , 1
0003c7 f7f1     +BRNE __DELAY_USW_LOOP
                 	__DELAY_USW 200
0003c8 9508      	RET
                 
                 
                 	.CSEG
                 _delay_ms:
0003c9 9610      	adiw r26,0
0003ca f039      	breq __delay_ms1
                 __delay_ms0:
                +
0003cb ed80     +LDI R24 , LOW ( 0x7D0 )
0003cc e097     +LDI R25 , HIGH ( 0x7D0 )
                +__DELAY_USW_LOOP :
0003cd 9701     +SBIW R24 , 1
0003ce f7f1     +BRNE __DELAY_USW_LOOP
                 	__DELAY_USW 0x7D0
0003cf 95a8      	wdr
0003d0 9711      	sbiw r26,1
0003d1 f7c9      	brne __delay_ms0
                 __delay_ms1:
0003d2 9508      	ret
                 
                 __ADDW2R15:
0003d3 2400      	CLR  R0
0003d4 0daf      	ADD  R26,R15
0003d5 1db0      	ADC  R27,R0
0003d6 9508      	RET
                 
                 __ANEGW1:
0003d7 95f1      	NEG  R31
0003d8 95e1      	NEG  R30
0003d9 40f0      	SBCI R31,0
0003da 9508      	RET
                 
                 __CWD1:
0003db 2f6f      	MOV  R22,R31
0003dc 0f66      	ADD  R22,R22
0003dd 0b66      	SBC  R22,R22
0003de 2f76      	MOV  R23,R22
0003df 9508      	RET
                 
                 __DIVW21U:
0003e0 2400      	CLR  R0
0003e1 2411      	CLR  R1
0003e2 e190      	LDI  R25,16
                 __DIVW21U1:
0003e3 0faa      	LSL  R26
0003e4 1fbb      	ROL  R27
0003e5 1c00      	ROL  R0
0003e6 1c11      	ROL  R1
0003e7 1a0e      	SUB  R0,R30
0003e8 0a1f      	SBC  R1,R31
0003e9 f418      	BRCC __DIVW21U2
0003ea 0e0e      	ADD  R0,R30
0003eb 1e1f      	ADC  R1,R31
0003ec c001      	RJMP __DIVW21U3
                 __DIVW21U2:
0003ed 60a1      	SBR  R26,1
                 __DIVW21U3:
0003ee 959a      	DEC  R25
0003ef f799      	BRNE __DIVW21U1
0003f0 01fd      	MOVW R30,R26
0003f1 01d0      	MOVW R26,R0
0003f2 9508      	RET
                 
                 __MODW21:
0003f3 94e8      	CLT
0003f4 ffb7      	SBRS R27,7
0003f5 c004      	RJMP __MODW211
0003f6 95a0      	COM  R26
0003f7 95b0      	COM  R27
0003f8 9611      	ADIW R26,1
0003f9 9468      	SET
                 __MODW211:
0003fa fdf7      	SBRC R31,7
0003fb dfdb      	RCALL __ANEGW1
0003fc dfe3      	RCALL __DIVW21U
0003fd 01fd      	MOVW R30,R26
0003fe f40e      	BRTC __MODW212
0003ff dfd7      	RCALL __ANEGW1
                 __MODW212:
000400 9508      	RET
                 
                 __GETW1P:
000401 91ed      	LD   R30,X+
000402 91fc      	LD   R31,X
000403 9711      	SBIW R26,1
000404 9508      	RET
                 
                 __GETW1PF:
000405 9005      	LPM  R0,Z+
000406 91f4      	LPM  R31,Z
000407 2de0      	MOV  R30,R0
000408 9508      	RET
                 
                 __PUTPARD1:
000409 937a      	ST   -Y,R23
00040a 936a      	ST   -Y,R22
00040b 93fa      	ST   -Y,R31
00040c 93ea      	ST   -Y,R30
00040d 9508      	RET
                 
                 __SAVELOCR6:
00040e 935a      	ST   -Y,R21
                 __SAVELOCR5:
00040f 934a      	ST   -Y,R20
                 __SAVELOCR4:
000410 933a      	ST   -Y,R19
                 __SAVELOCR3:
000411 932a      	ST   -Y,R18
                 __SAVELOCR2:
000412 931a      	ST   -Y,R17
000413 930a      	ST   -Y,R16
000414 9508      	RET
                 
                 __LOADLOCR6:
000415 815d      	LDD  R21,Y+5
                 __LOADLOCR5:
000416 814c      	LDD  R20,Y+4
                 __LOADLOCR4:
000417 813b      	LDD  R19,Y+3
                 __LOADLOCR3:
000418 812a      	LDD  R18,Y+2
                 __LOADLOCR2:
000419 8119      	LDD  R17,Y+1
00041a 8108      	LD   R16,Y
00041b 9508      	RET
                 
                 ;END OF CODE MARKER
                 __END_OF_CODE:


RESOURCE USE INFORMATION
------------------------

Notice:
The register and instruction counts are symbol table hit counts,
and hence implicitly used resources are not counted, eg, the
'lpm' instruction without operands implicitly uses r0 and z,
none of which are counted.

x,y,z are separate entities in the symbol table and are
counted separately from r26..r31 here.

.dseg memory usage only counts static data declared with .byte

ATmega32 register use summary:
r0 :  20 r1 :   7 r2 :   0 r3 :   0 r4 :   4 r5 :   0 r6 :   2 r7 :   1 
r8 :   4 r9 :   2 r10:   1 r11:   1 r12:   3 r13:   2 r14:   0 r15:   6 
r16:  34 r17:  24 r18:  29 r19:   8 r20:   9 r21:  17 r22:  14 r23:   5 
r24:  25 r25:   9 r26: 114 r27:  44 r28:  14 r29:   1 r30: 235 r31:  68 
x  :  23 y  : 189 z  :  15 
Registers used: 31 out of 35 (88.6%)

ATmega32 instruction use summary:
.lds  :   0 .lds.l:   0 .sts  :   0 .sts.l:   0 adc   :   2 add   :   5 
adiw  :  27 and   :   0 andi  :   6 asr   :   0 bclr  :   0 bld   :   0 
brbc  :   0 brbs  :   0 brcc  :   1 brcs  :   0 break :   0 breq  :  17 
brge  :   0 brhc  :   0 brhs  :   0 brid  :   0 brie  :   0 brlo  :   8 
brlt  :   0 brmi  :   1 brne  :  35 brpl  :   1 brsh  :   2 brtc  :   1 
brts  :   0 brvc  :   0 brvs  :   0 bset  :   0 bst   :   0 call  :  59 
cbi   :   5 cbr   :   0 clc   :   0 clh   :   0 cli   :   1 cln   :   0 
clr   :  18 cls   :   0 clt   :   1 clv   :   0 clz   :   0 com   :   2 
cp    :   6 cpc   :   3 cpi   :  33 cpse  :   0 dec   :   6 des   :   0 
eor   :   0 fmul  :   0 fmuls :   0 fmulsu:   0 icall :   2 ijmp  :   0 
in    :   6 inc   :   0 jmp   :  23 ld    :  38 ldd   :  75 ldi   : 109 
lds   :   8 lpm   :  14 lsl   :   1 lsr   :   0 mov   :  17 movw  :  24 
mul   :   1 muls  :   0 mulsu :   0 neg   :   2 nop   :   0 or    :   2 
ori   :   7 out   :  46 pop   :   1 push  :   1 rcall :  18 ret   :  29 
reti  :   1 rjmp  :  63 rol   :   3 ror   :   0 sbc   :   3 sbci  :   2 
sbi   :   5 sbic  :   0 sbis  :   0 sbiw  :  20 sbr   :   1 sbrc  :   3 
sbrs  :  11 sec   :   0 seh   :   0 sei   :   1 sen   :   0 ser   :   0 
ses   :   0 set   :   1 sev   :   0 sez   :   0 sleep :   0 spm   :   0 
st    :  71 std   :  31 sts   :  10 sub   :   2 subi  :  18 swap  :   1 
tst   :   4 wdr   :   1 
Instructions used: 62 out of 116 (53.4%)

ATmega32 memory use summary [bytes]:
Segment   Begin    End      Code   Data   Used    Size   Use%
---------------------------------------------------------------
[.cseg] 0x000000 0x000838   2028     76   2104   32768   6.4%
[.dseg] 0x000060 0x000288      0     40     40    2048   2.0%
[.eseg] 0x000000 0x000000      0      0      0    1024   0.0%

Assembly complete, 0 errors, 10 warnings
