
AVRASM ver. 2.1.30  D:\university\7term\micro_graderi\project\complete_oneMaster_oneSlave\codeVision\previous\maste\Debug\List\master.asm Wed Jan 23 11:09:51 2019

D:\university\7term\micro_graderi\project\complete_oneMaster_oneSlave\codeVision\previous\maste\Debug\List\master.asm(1088): warning: Register r5 already defined by the .DEF directive
D:\university\7term\micro_graderi\project\complete_oneMaster_oneSlave\codeVision\previous\maste\Debug\List\master.asm(1089): warning: Register r4 already defined by the .DEF directive
D:\university\7term\micro_graderi\project\complete_oneMaster_oneSlave\codeVision\previous\maste\Debug\List\master.asm(1090): warning: Register r7 already defined by the .DEF directive
                 
                 
                 ;CodeVisionAVR C Compiler V3.12 Advanced
                 ;(C) Copyright 1998-2014 Pavel Haiduc, HP InfoTech s.r.l.
                 ;http://www.hpinfotech.com
                 
                 ;Build configuration    : Debug
                 ;Chip type              : ATmega32
                 ;Program type           : Application
                 ;Clock frequency        : 8.000000 MHz
                 ;Memory model           : Small
                 ;Optimize for           : Size
                 ;(s)printf features     : int, width
                 ;(s)scanf features      : int, width
                 ;External RAM size      : 0
                 ;Data Stack size        : 512 byte(s)
                 ;Heap size              : 0 byte(s)
                 ;Promote 'char' to 'int': Yes
                 ;'char' is unsigned     : Yes
                 ;8 bit enums            : Yes
                 ;Global 'const' stored in FLASH: Yes
                 ;Enhanced function parameter passing: Yes
                 ;Enhanced core instructions: On
                 ;Automatic register allocation for global variables: On
                 ;Smart register allocation: On
                 
                 	#define _MODEL_SMALL_
                 
                 	#pragma AVRPART ADMIN PART_NAME ATmega32
                 	#pragma AVRPART MEMORY PROG_FLASH 32768
                 	#pragma AVRPART MEMORY EEPROM 1024
                 	#pragma AVRPART MEMORY INT_SRAM SIZE 2048
                 	#pragma AVRPART MEMORY INT_SRAM START_ADDR 0x60
                 
                 	#define CALL_SUPPORTED 1
                 
                 	.LISTMAC
                 	.EQU UDRE=0x5
                 	.EQU RXC=0x7
                 	.EQU USR=0xB
                 	.EQU UDR=0xC
                 	.EQU SPSR=0xE
                 	.EQU SPDR=0xF
                 	.EQU EERE=0x0
                 	.EQU EEWE=0x1
                 	.EQU EEMWE=0x2
                 	.EQU EECR=0x1C
                 	.EQU EEDR=0x1D
                 	.EQU EEARL=0x1E
                 	.EQU EEARH=0x1F
                 	.EQU WDTCR=0x21
                 	.EQU MCUCR=0x35
                 	.EQU GICR=0x3B
                 	.EQU SPL=0x3D
                 	.EQU SPH=0x3E
                 	.EQU SREG=0x3F
                 
                 	.DEF R0X0=R0
                 	.DEF R0X1=R1
                 	.DEF R0X2=R2
                 	.DEF R0X3=R3
                 	.DEF R0X4=R4
                 	.DEF R0X5=R5
                 	.DEF R0X6=R6
                 	.DEF R0X7=R7
                 	.DEF R0X8=R8
                 	.DEF R0X9=R9
                 	.DEF R0XA=R10
                 	.DEF R0XB=R11
                 	.DEF R0XC=R12
                 	.DEF R0XD=R13
                 	.DEF R0XE=R14
                 	.DEF R0XF=R15
                 	.DEF R0X10=R16
                 	.DEF R0X11=R17
                 	.DEF R0X12=R18
                 	.DEF R0X13=R19
                 	.DEF R0X14=R20
                 	.DEF R0X15=R21
                 	.DEF R0X16=R22
                 	.DEF R0X17=R23
                 	.DEF R0X18=R24
                 	.DEF R0X19=R25
                 	.DEF R0X1A=R26
                 	.DEF R0X1B=R27
                 	.DEF R0X1C=R28
                 	.DEF R0X1D=R29
                 	.DEF R0X1E=R30
                 	.DEF R0X1F=R31
                 
                 	.EQU __SRAM_START=0x0060
                 	.EQU __SRAM_END=0x085F
                 	.EQU __DSTACK_SIZE=0x0200
                 	.EQU __HEAP_SIZE=0x0000
                 	.EQU __CLEAR_SRAM_SIZE=__SRAM_END-__SRAM_START+1
                 
                 	.MACRO __CPD1N
                 	CPI  R30,LOW(@0)
                 	LDI  R26,HIGH(@0)
                 	CPC  R31,R26
                 	LDI  R26,BYTE3(@0)
                 	CPC  R22,R26
                 	LDI  R26,BYTE4(@0)
                 	CPC  R23,R26
                 	.ENDM
                 
                 	.MACRO __CPD2N
                 	CPI  R26,LOW(@0)
                 	LDI  R30,HIGH(@0)
                 	CPC  R27,R30
                 	LDI  R30,BYTE3(@0)
                 	CPC  R24,R30
                 	LDI  R30,BYTE4(@0)
                 	CPC  R25,R30
                 	.ENDM
                 
                 	.MACRO __CPWRR
                 	CP   R@0,R@2
                 	CPC  R@1,R@3
                 	.ENDM
                 
                 	.MACRO __CPWRN
                 	CPI  R@0,LOW(@2)
                 	LDI  R30,HIGH(@2)
                 	CPC  R@1,R30
                 	.ENDM
                 
                 	.MACRO __ADDB1MN
                 	SUBI R30,LOW(-@0-(@1))
                 	.ENDM
                 
                 	.MACRO __ADDB2MN
                 	SUBI R26,LOW(-@0-(@1))
                 	.ENDM
                 
                 	.MACRO __ADDW1MN
                 	SUBI R30,LOW(-@0-(@1))
                 	SBCI R31,HIGH(-@0-(@1))
                 	.ENDM
                 
                 	.MACRO __ADDW2MN
                 	SUBI R26,LOW(-@0-(@1))
                 	SBCI R27,HIGH(-@0-(@1))
                 	.ENDM
                 
                 	.MACRO __ADDW1FN
                 	SUBI R30,LOW(-2*@0-(@1))
                 	SBCI R31,HIGH(-2*@0-(@1))
                 	.ENDM
                 
                 	.MACRO __ADDD1FN
                 	SUBI R30,LOW(-2*@0-(@1))
                 	SBCI R31,HIGH(-2*@0-(@1))
                 	SBCI R22,BYTE3(-2*@0-(@1))
                 	.ENDM
                 
                 	.MACRO __ADDD1N
                 	SUBI R30,LOW(-@0)
                 	SBCI R31,HIGH(-@0)
                 	SBCI R22,BYTE3(-@0)
                 	SBCI R23,BYTE4(-@0)
                 	.ENDM
                 
                 	.MACRO __ADDD2N
                 	SUBI R26,LOW(-@0)
                 	SBCI R27,HIGH(-@0)
                 	SBCI R24,BYTE3(-@0)
                 	SBCI R25,BYTE4(-@0)
                 	.ENDM
                 
                 	.MACRO __SUBD1N
                 	SUBI R30,LOW(@0)
                 	SBCI R31,HIGH(@0)
                 	SBCI R22,BYTE3(@0)
                 	SBCI R23,BYTE4(@0)
                 	.ENDM
                 
                 	.MACRO __SUBD2N
                 	SUBI R26,LOW(@0)
                 	SBCI R27,HIGH(@0)
                 	SBCI R24,BYTE3(@0)
                 	SBCI R25,BYTE4(@0)
                 	.ENDM
                 
                 	.MACRO __ANDBMNN
                 	LDS  R30,@0+(@1)
                 	ANDI R30,LOW(@2)
                 	STS  @0+(@1),R30
                 	.ENDM
                 
                 	.MACRO __ANDWMNN
                 	LDS  R30,@0+(@1)
                 	ANDI R30,LOW(@2)
                 	STS  @0+(@1),R30
                 	LDS  R30,@0+(@1)+1
                 	ANDI R30,HIGH(@2)
                 	STS  @0+(@1)+1,R30
                 	.ENDM
                 
                 	.MACRO __ANDD1N
                 	ANDI R30,LOW(@0)
                 	ANDI R31,HIGH(@0)
                 	ANDI R22,BYTE3(@0)
                 	ANDI R23,BYTE4(@0)
                 	.ENDM
                 
                 	.MACRO __ANDD2N
                 	ANDI R26,LOW(@0)
                 	ANDI R27,HIGH(@0)
                 	ANDI R24,BYTE3(@0)
                 	ANDI R25,BYTE4(@0)
                 	.ENDM
                 
                 	.MACRO __ORBMNN
                 	LDS  R30,@0+(@1)
                 	ORI  R30,LOW(@2)
                 	STS  @0+(@1),R30
                 	.ENDM
                 
                 	.MACRO __ORWMNN
                 	LDS  R30,@0+(@1)
                 	ORI  R30,LOW(@2)
                 	STS  @0+(@1),R30
                 	LDS  R30,@0+(@1)+1
                 	ORI  R30,HIGH(@2)
                 	STS  @0+(@1)+1,R30
                 	.ENDM
                 
                 	.MACRO __ORD1N
                 	ORI  R30,LOW(@0)
                 	ORI  R31,HIGH(@0)
                 	ORI  R22,BYTE3(@0)
                 	ORI  R23,BYTE4(@0)
                 	.ENDM
                 
                 	.MACRO __ORD2N
                 	ORI  R26,LOW(@0)
                 	ORI  R27,HIGH(@0)
                 	ORI  R24,BYTE3(@0)
                 	ORI  R25,BYTE4(@0)
                 	.ENDM
                 
                 	.MACRO __DELAY_USB
                 	LDI  R24,LOW(@0)
                 __DELAY_USB_LOOP:
                 	DEC  R24
                 	BRNE __DELAY_USB_LOOP
                 	.ENDM
                 
                 	.MACRO __DELAY_USW
                 	LDI  R24,LOW(@0)
                 	LDI  R25,HIGH(@0)
                 __DELAY_USW_LOOP:
                 	SBIW R24,1
                 	BRNE __DELAY_USW_LOOP
                 	.ENDM
                 
                 	.MACRO __GETD1S
                 	LDD  R30,Y+@0
                 	LDD  R31,Y+@0+1
                 	LDD  R22,Y+@0+2
                 	LDD  R23,Y+@0+3
                 	.ENDM
                 
                 	.MACRO __GETD2S
                 	LDD  R26,Y+@0
                 	LDD  R27,Y+@0+1
                 	LDD  R24,Y+@0+2
                 	LDD  R25,Y+@0+3
                 	.ENDM
                 
                 	.MACRO __PUTD1S
                 	STD  Y+@0,R30
                 	STD  Y+@0+1,R31
                 	STD  Y+@0+2,R22
                 	STD  Y+@0+3,R23
                 	.ENDM
                 
                 	.MACRO __PUTD2S
                 	STD  Y+@0,R26
                 	STD  Y+@0+1,R27
                 	STD  Y+@0+2,R24
                 	STD  Y+@0+3,R25
                 	.ENDM
                 
                 	.MACRO __PUTDZ2
                 	STD  Z+@0,R26
                 	STD  Z+@0+1,R27
                 	STD  Z+@0+2,R24
                 	STD  Z+@0+3,R25
                 	.ENDM
                 
                 	.MACRO __CLRD1S
                 	STD  Y+@0,R30
                 	STD  Y+@0+1,R30
                 	STD  Y+@0+2,R30
                 	STD  Y+@0+3,R30
                 	.ENDM
                 
                 	.MACRO __POINTB1MN
                 	LDI  R30,LOW(@0+(@1))
                 	.ENDM
                 
                 	.MACRO __POINTW1MN
                 	LDI  R30,LOW(@0+(@1))
                 	LDI  R31,HIGH(@0+(@1))
                 	.ENDM
                 
                 	.MACRO __POINTD1M
                 	LDI  R30,LOW(@0)
                 	LDI  R31,HIGH(@0)
                 	LDI  R22,BYTE3(@0)
                 	LDI  R23,BYTE4(@0)
                 	.ENDM
                 
                 	.MACRO __POINTW1FN
                 	LDI  R30,LOW(2*@0+(@1))
                 	LDI  R31,HIGH(2*@0+(@1))
                 	.ENDM
                 
                 	.MACRO __POINTD1FN
                 	LDI  R30,LOW(2*@0+(@1))
                 	LDI  R31,HIGH(2*@0+(@1))
                 	LDI  R22,BYTE3(2*@0+(@1))
                 	LDI  R23,BYTE4(2*@0+(@1))
                 	.ENDM
                 
                 	.MACRO __POINTB2MN
                 	LDI  R26,LOW(@0+(@1))
                 	.ENDM
                 
                 	.MACRO __POINTW2MN
                 	LDI  R26,LOW(@0+(@1))
                 	LDI  R27,HIGH(@0+(@1))
                 	.ENDM
                 
                 	.MACRO __POINTW2FN
                 	LDI  R26,LOW(2*@0+(@1))
                 	LDI  R27,HIGH(2*@0+(@1))
                 	.ENDM
                 
                 	.MACRO __POINTD2FN
                 	LDI  R26,LOW(2*@0+(@1))
                 	LDI  R27,HIGH(2*@0+(@1))
                 	LDI  R24,BYTE3(2*@0+(@1))
                 	LDI  R25,BYTE4(2*@0+(@1))
                 	.ENDM
                 
                 	.MACRO __POINTBRM
                 	LDI  R@0,LOW(@1)
                 	.ENDM
                 
                 	.MACRO __POINTWRM
                 	LDI  R@0,LOW(@2)
                 	LDI  R@1,HIGH(@2)
                 	.ENDM
                 
                 	.MACRO __POINTBRMN
                 	LDI  R@0,LOW(@1+(@2))
                 	.ENDM
                 
                 	.MACRO __POINTWRMN
                 	LDI  R@0,LOW(@2+(@3))
                 	LDI  R@1,HIGH(@2+(@3))
                 	.ENDM
                 
                 	.MACRO __POINTWRFN
                 	LDI  R@0,LOW(@2*2+(@3))
                 	LDI  R@1,HIGH(@2*2+(@3))
                 	.ENDM
                 
                 	.MACRO __GETD1N
                 	LDI  R30,LOW(@0)
                 	LDI  R31,HIGH(@0)
                 	LDI  R22,BYTE3(@0)
                 	LDI  R23,BYTE4(@0)
                 	.ENDM
                 
                 	.MACRO __GETD2N
                 	LDI  R26,LOW(@0)
                 	LDI  R27,HIGH(@0)
                 	LDI  R24,BYTE3(@0)
                 	LDI  R25,BYTE4(@0)
                 	.ENDM
                 
                 	.MACRO __GETB1MN
                 	LDS  R30,@0+(@1)
                 	.ENDM
                 
                 	.MACRO __GETB1HMN
                 	LDS  R31,@0+(@1)
                 	.ENDM
                 
                 	.MACRO __GETW1MN
                 	LDS  R30,@0+(@1)
                 	LDS  R31,@0+(@1)+1
                 	.ENDM
                 
                 	.MACRO __GETD1MN
                 	LDS  R30,@0+(@1)
                 	LDS  R31,@0+(@1)+1
                 	LDS  R22,@0+(@1)+2
                 	LDS  R23,@0+(@1)+3
                 	.ENDM
                 
                 	.MACRO __GETBRMN
                 	LDS  R@0,@1+(@2)
                 	.ENDM
                 
                 	.MACRO __GETWRMN
                 	LDS  R@0,@2+(@3)
                 	LDS  R@1,@2+(@3)+1
                 	.ENDM
                 
                 	.MACRO __GETWRZ
                 	LDD  R@0,Z+@2
                 	LDD  R@1,Z+@2+1
                 	.ENDM
                 
                 	.MACRO __GETD2Z
                 	LDD  R26,Z+@0
                 	LDD  R27,Z+@0+1
                 	LDD  R24,Z+@0+2
                 	LDD  R25,Z+@0+3
                 	.ENDM
                 
                 	.MACRO __GETB2MN
                 	LDS  R26,@0+(@1)
                 	.ENDM
                 
                 	.MACRO __GETW2MN
                 	LDS  R26,@0+(@1)
                 	LDS  R27,@0+(@1)+1
                 	.ENDM
                 
                 	.MACRO __GETD2MN
                 	LDS  R26,@0+(@1)
                 	LDS  R27,@0+(@1)+1
                 	LDS  R24,@0+(@1)+2
                 	LDS  R25,@0+(@1)+3
                 	.ENDM
                 
                 	.MACRO __PUTB1MN
                 	STS  @0+(@1),R30
                 	.ENDM
                 
                 	.MACRO __PUTW1MN
                 	STS  @0+(@1),R30
                 	STS  @0+(@1)+1,R31
                 	.ENDM
                 
                 	.MACRO __PUTD1MN
                 	STS  @0+(@1),R30
                 	STS  @0+(@1)+1,R31
                 	STS  @0+(@1)+2,R22
                 	STS  @0+(@1)+3,R23
                 	.ENDM
                 
                 	.MACRO __PUTB1EN
                 	LDI  R26,LOW(@0+(@1))
                 	LDI  R27,HIGH(@0+(@1))
                 	CALL __EEPROMWRB
                 	.ENDM
                 
                 	.MACRO __PUTW1EN
                 	LDI  R26,LOW(@0+(@1))
                 	LDI  R27,HIGH(@0+(@1))
                 	CALL __EEPROMWRW
                 	.ENDM
                 
                 	.MACRO __PUTD1EN
                 	LDI  R26,LOW(@0+(@1))
                 	LDI  R27,HIGH(@0+(@1))
                 	CALL __EEPROMWRD
                 	.ENDM
                 
                 	.MACRO __PUTBR0MN
                 	STS  @0+(@1),R0
                 	.ENDM
                 
                 	.MACRO __PUTBMRN
                 	STS  @0+(@1),R@2
                 	.ENDM
                 
                 	.MACRO __PUTWMRN
                 	STS  @0+(@1),R@2
                 	STS  @0+(@1)+1,R@3
                 	.ENDM
                 
                 	.MACRO __PUTBZR
                 	STD  Z+@1,R@0
                 	.ENDM
                 
                 	.MACRO __PUTWZR
                 	STD  Z+@2,R@0
                 	STD  Z+@2+1,R@1
                 	.ENDM
                 
                 	.MACRO __GETW1R
                 	MOV  R30,R@0
                 	MOV  R31,R@1
                 	.ENDM
                 
                 	.MACRO __GETW2R
                 	MOV  R26,R@0
                 	MOV  R27,R@1
                 	.ENDM
                 
                 	.MACRO __GETWRN
                 	LDI  R@0,LOW(@2)
                 	LDI  R@1,HIGH(@2)
                 	.ENDM
                 
                 	.MACRO __PUTW1R
                 	MOV  R@0,R30
                 	MOV  R@1,R31
                 	.ENDM
                 
                 	.MACRO __PUTW2R
                 	MOV  R@0,R26
                 	MOV  R@1,R27
                 	.ENDM
                 
                 	.MACRO __ADDWRN
                 	SUBI R@0,LOW(-@2)
                 	SBCI R@1,HIGH(-@2)
                 	.ENDM
                 
                 	.MACRO __ADDWRR
                 	ADD  R@0,R@2
                 	ADC  R@1,R@3
                 	.ENDM
                 
                 	.MACRO __SUBWRN
                 	SUBI R@0,LOW(@2)
                 	SBCI R@1,HIGH(@2)
                 	.ENDM
                 
                 	.MACRO __SUBWRR
                 	SUB  R@0,R@2
                 	SBC  R@1,R@3
                 	.ENDM
                 
                 	.MACRO __ANDWRN
                 	ANDI R@0,LOW(@2)
                 	ANDI R@1,HIGH(@2)
                 	.ENDM
                 
                 	.MACRO __ANDWRR
                 	AND  R@0,R@2
                 	AND  R@1,R@3
                 	.ENDM
                 
                 	.MACRO __ORWRN
                 	ORI  R@0,LOW(@2)
                 	ORI  R@1,HIGH(@2)
                 	.ENDM
                 
                 	.MACRO __ORWRR
                 	OR   R@0,R@2
                 	OR   R@1,R@3
                 	.ENDM
                 
                 	.MACRO __EORWRR
                 	EOR  R@0,R@2
                 	EOR  R@1,R@3
                 	.ENDM
                 
                 	.MACRO __GETWRS
                 	LDD  R@0,Y+@2
                 	LDD  R@1,Y+@2+1
                 	.ENDM
                 
                 	.MACRO __PUTBSR
                 	STD  Y+@1,R@0
                 	.ENDM
                 
                 	.MACRO __PUTWSR
                 	STD  Y+@2,R@0
                 	STD  Y+@2+1,R@1
                 	.ENDM
                 
                 	.MACRO __MOVEWRR
                 	MOV  R@0,R@2
                 	MOV  R@1,R@3
                 	.ENDM
                 
                 	.MACRO __INWR
                 	IN   R@0,@2
                 	IN   R@1,@2+1
                 	.ENDM
                 
                 	.MACRO __OUTWR
                 	OUT  @2+1,R@1
                 	OUT  @2,R@0
                 	.ENDM
                 
                 	.MACRO __CALL1MN
                 	LDS  R30,@0+(@1)
                 	LDS  R31,@0+(@1)+1
                 	ICALL
                 	.ENDM
                 
                 	.MACRO __CALL1FN
                 	LDI  R30,LOW(2*@0+(@1))
                 	LDI  R31,HIGH(2*@0+(@1))
                 	CALL __GETW1PF
                 	ICALL
                 	.ENDM
                 
                 	.MACRO __CALL2EN
                 	PUSH R26
                 	PUSH R27
                 	LDI  R26,LOW(@0+(@1))
                 	LDI  R27,HIGH(@0+(@1))
                 	CALL __EEPROMRDW
                 	POP  R27
                 	POP  R26
                 	ICALL
                 	.ENDM
                 
                 	.MACRO __CALL2EX
                 	SUBI R26,LOW(-@0)
                 	SBCI R27,HIGH(-@0)
                 	CALL __EEPROMRDD
                 	ICALL
                 	.ENDM
                 
                 	.MACRO __GETW1STACK
                 	IN   R30,SPL
                 	IN   R31,SPH
                 	ADIW R30,@0+1
                 	LD   R0,Z+
                 	LD   R31,Z
                 	MOV  R30,R0
                 	.ENDM
                 
                 	.MACRO __GETD1STACK
                 	IN   R30,SPL
                 	IN   R31,SPH
                 	ADIW R30,@0+1
                 	LD   R0,Z+
                 	LD   R1,Z+
                 	LD   R22,Z
                 	MOVW R30,R0
                 	.ENDM
                 
                 	.MACRO __NBST
                 	BST  R@0,@1
                 	IN   R30,SREG
                 	LDI  R31,0x40
                 	EOR  R30,R31
                 	OUT  SREG,R30
                 	.ENDM
                 
                 
                 	.MACRO __PUTB1SN
                 	LDD  R26,Y+@0
                 	LDD  R27,Y+@0+1
                 	SUBI R26,LOW(-@1)
                 	SBCI R27,HIGH(-@1)
                 	ST   X,R30
                 	.ENDM
                 
                 	.MACRO __PUTW1SN
                 	LDD  R26,Y+@0
                 	LDD  R27,Y+@0+1
                 	SUBI R26,LOW(-@1)
                 	SBCI R27,HIGH(-@1)
                 	ST   X+,R30
                 	ST   X,R31
                 	.ENDM
                 
                 	.MACRO __PUTD1SN
                 	LDD  R26,Y+@0
                 	LDD  R27,Y+@0+1
                 	SUBI R26,LOW(-@1)
                 	SBCI R27,HIGH(-@1)
                 	CALL __PUTDP1
                 	.ENDM
                 
                 	.MACRO __PUTB1SNS
                 	LDD  R26,Y+@0
                 	LDD  R27,Y+@0+1
                 	ADIW R26,@1
                 	ST   X,R30
                 	.ENDM
                 
                 	.MACRO __PUTW1SNS
                 	LDD  R26,Y+@0
                 	LDD  R27,Y+@0+1
                 	ADIW R26,@1
                 	ST   X+,R30
                 	ST   X,R31
                 	.ENDM
                 
                 	.MACRO __PUTD1SNS
                 	LDD  R26,Y+@0
                 	LDD  R27,Y+@0+1
                 	ADIW R26,@1
                 	CALL __PUTDP1
                 	.ENDM
                 
                 	.MACRO __PUTB1PMN
                 	LDS  R26,@0
                 	LDS  R27,@0+1
                 	SUBI R26,LOW(-@1)
                 	SBCI R27,HIGH(-@1)
                 	ST   X,R30
                 	.ENDM
                 
                 	.MACRO __PUTW1PMN
                 	LDS  R26,@0
                 	LDS  R27,@0+1
                 	SUBI R26,LOW(-@1)
                 	SBCI R27,HIGH(-@1)
                 	ST   X+,R30
                 	ST   X,R31
                 	.ENDM
                 
                 	.MACRO __PUTD1PMN
                 	LDS  R26,@0
                 	LDS  R27,@0+1
                 	SUBI R26,LOW(-@1)
                 	SBCI R27,HIGH(-@1)
                 	CALL __PUTDP1
                 	.ENDM
                 
                 	.MACRO __PUTB1PMNS
                 	LDS  R26,@0
                 	LDS  R27,@0+1
                 	ADIW R26,@1
                 	ST   X,R30
                 	.ENDM
                 
                 	.MACRO __PUTW1PMNS
                 	LDS  R26,@0
                 	LDS  R27,@0+1
                 	ADIW R26,@1
                 	ST   X+,R30
                 	ST   X,R31
                 	.ENDM
                 
                 	.MACRO __PUTD1PMNS
                 	LDS  R26,@0
                 	LDS  R27,@0+1
                 	ADIW R26,@1
                 	CALL __PUTDP1
                 	.ENDM
                 
                 	.MACRO __PUTB1RN
                 	MOVW R26,R@0
                 	SUBI R26,LOW(-@1)
                 	SBCI R27,HIGH(-@1)
                 	ST   X,R30
                 	.ENDM
                 
                 	.MACRO __PUTW1RN
                 	MOVW R26,R@0
                 	SUBI R26,LOW(-@1)
                 	SBCI R27,HIGH(-@1)
                 	ST   X+,R30
                 	ST   X,R31
                 	.ENDM
                 
                 	.MACRO __PUTD1RN
                 	MOVW R26,R@0
                 	SUBI R26,LOW(-@1)
                 	SBCI R27,HIGH(-@1)
                 	CALL __PUTDP1
                 	.ENDM
                 
                 	.MACRO __PUTB1RNS
                 	MOVW R26,R@0
                 	ADIW R26,@1
                 	ST   X,R30
                 	.ENDM
                 
                 	.MACRO __PUTW1RNS
                 	MOVW R26,R@0
                 	ADIW R26,@1
                 	ST   X+,R30
                 	ST   X,R31
                 	.ENDM
                 
                 	.MACRO __PUTD1RNS
                 	MOVW R26,R@0
                 	ADIW R26,@1
                 	CALL __PUTDP1
                 	.ENDM
                 
                 	.MACRO __PUTB1RON
                 	MOV  R26,R@0
                 	MOV  R27,R@1
                 	SUBI R26,LOW(-@2)
                 	SBCI R27,HIGH(-@2)
                 	ST   X,R30
                 	.ENDM
                 
                 	.MACRO __PUTW1RON
                 	MOV  R26,R@0
                 	MOV  R27,R@1
                 	SUBI R26,LOW(-@2)
                 	SBCI R27,HIGH(-@2)
                 	ST   X+,R30
                 	ST   X,R31
                 	.ENDM
                 
                 	.MACRO __PUTD1RON
                 	MOV  R26,R@0
                 	MOV  R27,R@1
                 	SUBI R26,LOW(-@2)
                 	SBCI R27,HIGH(-@2)
                 	CALL __PUTDP1
                 	.ENDM
                 
                 	.MACRO __PUTB1RONS
                 	MOV  R26,R@0
                 	MOV  R27,R@1
                 	ADIW R26,@2
                 	ST   X,R30
                 	.ENDM
                 
                 	.MACRO __PUTW1RONS
                 	MOV  R26,R@0
                 	MOV  R27,R@1
                 	ADIW R26,@2
                 	ST   X+,R30
                 	ST   X,R31
                 	.ENDM
                 
                 	.MACRO __PUTD1RONS
                 	MOV  R26,R@0
                 	MOV  R27,R@1
                 	ADIW R26,@2
                 	CALL __PUTDP1
                 	.ENDM
                 
                 
                 	.MACRO __GETB1SX
                 	MOVW R30,R28
                 	SUBI R30,LOW(-@0)
                 	SBCI R31,HIGH(-@0)
                 	LD   R30,Z
                 	.ENDM
                 
                 	.MACRO __GETB1HSX
                 	MOVW R30,R28
                 	SUBI R30,LOW(-@0)
                 	SBCI R31,HIGH(-@0)
                 	LD   R31,Z
                 	.ENDM
                 
                 	.MACRO __GETW1SX
                 	MOVW R30,R28
                 	SUBI R30,LOW(-@0)
                 	SBCI R31,HIGH(-@0)
                 	LD   R0,Z+
                 	LD   R31,Z
                 	MOV  R30,R0
                 	.ENDM
                 
                 	.MACRO __GETD1SX
                 	MOVW R30,R28
                 	SUBI R30,LOW(-@0)
                 	SBCI R31,HIGH(-@0)
                 	LD   R0,Z+
                 	LD   R1,Z+
                 	LD   R22,Z+
                 	LD   R23,Z
                 	MOVW R30,R0
                 	.ENDM
                 
                 	.MACRO __GETB2SX
                 	MOVW R26,R28
                 	SUBI R26,LOW(-@0)
                 	SBCI R27,HIGH(-@0)
                 	LD   R26,X
                 	.ENDM
                 
                 	.MACRO __GETW2SX
                 	MOVW R26,R28
                 	SUBI R26,LOW(-@0)
                 	SBCI R27,HIGH(-@0)
                 	LD   R0,X+
                 	LD   R27,X
                 	MOV  R26,R0
                 	.ENDM
                 
                 	.MACRO __GETD2SX
                 	MOVW R26,R28
                 	SUBI R26,LOW(-@0)
                 	SBCI R27,HIGH(-@0)
                 	LD   R0,X+
                 	LD   R1,X+
                 	LD   R24,X+
                 	LD   R25,X
                 	MOVW R26,R0
                 	.ENDM
                 
                 	.MACRO __GETBRSX
                 	MOVW R30,R28
                 	SUBI R30,LOW(-@1)
                 	SBCI R31,HIGH(-@1)
                 	LD   R@0,Z
                 	.ENDM
                 
                 	.MACRO __GETWRSX
                 	MOVW R30,R28
                 	SUBI R30,LOW(-@2)
                 	SBCI R31,HIGH(-@2)
                 	LD   R@0,Z+
                 	LD   R@1,Z
                 	.ENDM
                 
                 	.MACRO __GETBRSX2
                 	MOVW R26,R28
                 	SUBI R26,LOW(-@1)
                 	SBCI R27,HIGH(-@1)
                 	LD   R@0,X
                 	.ENDM
                 
                 	.MACRO __GETWRSX2
                 	MOVW R26,R28
                 	SUBI R26,LOW(-@2)
                 	SBCI R27,HIGH(-@2)
                 	LD   R@0,X+
                 	LD   R@1,X
                 	.ENDM
                 
                 	.MACRO __LSLW8SX
                 	MOVW R30,R28
                 	SUBI R30,LOW(-@0)
                 	SBCI R31,HIGH(-@0)
                 	LD   R31,Z
                 	CLR  R30
                 	.ENDM
                 
                 	.MACRO __PUTB1SX
                 	MOVW R26,R28
                 	SUBI R26,LOW(-@0)
                 	SBCI R27,HIGH(-@0)
                 	ST   X,R30
                 	.ENDM
                 
                 	.MACRO __PUTW1SX
                 	MOVW R26,R28
                 	SUBI R26,LOW(-@0)
                 	SBCI R27,HIGH(-@0)
                 	ST   X+,R30
                 	ST   X,R31
                 	.ENDM
                 
                 	.MACRO __PUTD1SX
                 	MOVW R26,R28
                 	SUBI R26,LOW(-@0)
                 	SBCI R27,HIGH(-@0)
                 	ST   X+,R30
                 	ST   X+,R31
                 	ST   X+,R22
                 	ST   X,R23
                 	.ENDM
                 
                 	.MACRO __CLRW1SX
                 	MOVW R26,R28
                 	SUBI R26,LOW(-@0)
                 	SBCI R27,HIGH(-@0)
                 	ST   X+,R30
                 	ST   X,R30
                 	.ENDM
                 
                 	.MACRO __CLRD1SX
                 	MOVW R26,R28
                 	SUBI R26,LOW(-@0)
                 	SBCI R27,HIGH(-@0)
                 	ST   X+,R30
                 	ST   X+,R30
                 	ST   X+,R30
                 	ST   X,R30
                 	.ENDM
                 
                 	.MACRO __PUTB2SX
                 	MOVW R30,R28
                 	SUBI R30,LOW(-@0)
                 	SBCI R31,HIGH(-@0)
                 	ST   Z,R26
                 	.ENDM
                 
                 	.MACRO __PUTW2SX
                 	MOVW R30,R28
                 	SUBI R30,LOW(-@0)
                 	SBCI R31,HIGH(-@0)
                 	ST   Z+,R26
                 	ST   Z,R27
                 	.ENDM
                 
                 	.MACRO __PUTD2SX
                 	MOVW R30,R28
                 	SUBI R30,LOW(-@0)
                 	SBCI R31,HIGH(-@0)
                 	ST   Z+,R26
                 	ST   Z+,R27
                 	ST   Z+,R24
                 	ST   Z,R25
                 	.ENDM
                 
                 	.MACRO __PUTBSRX
                 	MOVW R30,R28
                 	SUBI R30,LOW(-@1)
                 	SBCI R31,HIGH(-@1)
                 	ST   Z,R@0
                 	.ENDM
                 
                 	.MACRO __PUTWSRX
                 	MOVW R30,R28
                 	SUBI R30,LOW(-@2)
                 	SBCI R31,HIGH(-@2)
                 	ST   Z+,R@0
                 	ST   Z,R@1
                 	.ENDM
                 
                 	.MACRO __PUTB1SNX
                 	MOVW R26,R28
                 	SUBI R26,LOW(-@0)
                 	SBCI R27,HIGH(-@0)
                 	LD   R0,X+
                 	LD   R27,X
                 	MOV  R26,R0
                 	SUBI R26,LOW(-@1)
                 	SBCI R27,HIGH(-@1)
                 	ST   X,R30
                 	.ENDM
                 
                 	.MACRO __PUTW1SNX
                 	MOVW R26,R28
                 	SUBI R26,LOW(-@0)
                 	SBCI R27,HIGH(-@0)
                 	LD   R0,X+
                 	LD   R27,X
                 	MOV  R26,R0
                 	SUBI R26,LOW(-@1)
                 	SBCI R27,HIGH(-@1)
                 	ST   X+,R30
                 	ST   X,R31
                 	.ENDM
                 
                 	.MACRO __PUTD1SNX
                 	MOVW R26,R28
                 	SUBI R26,LOW(-@0)
                 	SBCI R27,HIGH(-@0)
                 	LD   R0,X+
                 	LD   R27,X
                 	MOV  R26,R0
                 	SUBI R26,LOW(-@1)
                 	SBCI R27,HIGH(-@1)
                 	ST   X+,R30
                 	ST   X+,R31
                 	ST   X+,R22
                 	ST   X,R23
                 	.ENDM
                 
                 	.MACRO __MULBRR
                 	MULS R@0,R@1
                 	MOVW R30,R0
                 	.ENDM
                 
                 	.MACRO __MULBRRU
                 	MUL  R@0,R@1
                 	MOVW R30,R0
                 	.ENDM
                 
                 	.MACRO __MULBRR0
                 	MULS R@0,R@1
                 	.ENDM
                 
                 	.MACRO __MULBRRU0
                 	MUL  R@0,R@1
                 	.ENDM
                 
                 	.MACRO __MULBNWRU
                 	LDI  R26,@2
                 	MUL  R26,R@0
                 	MOVW R30,R0
                 	MUL  R26,R@1
                 	ADD  R31,R0
                 	.ENDM
                 
                 ;NAME DEFINITIONS FOR GLOBAL VARIABLES ALLOCATED TO REGISTERS
                 	.DEF __lcd_x=R5
                 	.DEF __lcd_y=R4
                 	.DEF __lcd_maxx=R7
                 
                 	.CSEG
                 	.ORG 0x00
                 
                 ;START OF CODE MARKER
                 __START_OF_CODE:
                 
                 ;INTERRUPT VECTORS
000000 940c 0049 	JMP  __RESET
000002 940c 0000 	JMP  0x00
000004 940c 0000 	JMP  0x00
000006 940c 0000 	JMP  0x00
000008 940c 0000 	JMP  0x00
00000a 940c 0000 	JMP  0x00
00000c 940c 0000 	JMP  0x00
00000e 940c 0000 	JMP  0x00
000010 940c 0000 	JMP  0x00
000012 940c 0000 	JMP  0x00
000014 940c 0000 	JMP  0x00
000016 940c 0000 	JMP  0x00
000018 940c 0000 	JMP  0x00
00001a 940c 0000 	JMP  0x00
00001c 940c 0000 	JMP  0x00
00001e 940c 0000 	JMP  0x00
000020 940c 0000 	JMP  0x00
000022 940c 0000 	JMP  0x00
000024 940c 0000 	JMP  0x00
000026 940c 0000 	JMP  0x00
000028 940c 0000 	JMP  0x00
                 
                 _tbl10_G102:
00002a 2710
00002b 03e8
00002c 0064
00002d 000a      	.DB  0x10,0x27,0xE8,0x3,0x64,0x0,0xA,0x0
00002e 0001      	.DB  0x1,0x0
                 _tbl16_G102:
00002f 1000
000030 0100
000031 0010
000032 0001      	.DB  0x0,0x10,0x0,0x1,0x10,0x0,0x1,0x0
                 
                 _0x0:
000033 3a54
000034 6425
000035 7420
000036 3a6f      	.DB  0x54,0x3A,0x25,0x64,0x20,0x74,0x6F,0x3A
000037 6425
000038 7220
000039 253a
00003a 0a64      	.DB  0x25,0x64,0x20,0x72,0x3A,0x25,0x64,0xA
00003b 5400
00003c 253a
00003d 2064
00003e 6f74      	.DB  0x0,0x54,0x3A,0x25,0x64,0x20,0x74,0x6F
00003f 253a
000040 2064
000041 3a72
000042 6425      	.DB  0x3A,0x25,0x64,0x20,0x72,0x3A,0x25,0x64
D:\university\7term\micro_graderi\project\complete_oneMaster_oneSlave\codeVision\previous\maste\Debug\List\master.asm(1132): warning: .cseg .db misalignment - padding zero byte
000043 0000      	.DB  0x0
                 _0x2000003:
000044 c080      	.DB  0x80,0xC0
                 
                 __GLOBAL_INI_TBL:
000045 0002      	.DW  0x02
000046 0260      	.DW  __base_y_G100
000047 0088      	.DW  _0x2000003*2
                 
                 _0xFFFFFFFF:
000048 0000      	.DW  0
                 
                 #define __GLOBAL_INI_TBL_PRESENT 1
                 
                 __RESET:
000049 94f8      	CLI
00004a 27ee      	CLR  R30
00004b bbec      	OUT  EECR,R30
                 
                 ;INTERRUPT VECTORS ARE PLACED
                 ;AT THE START OF FLASH
00004c e0f1      	LDI  R31,1
00004d bffb      	OUT  GICR,R31
00004e bfeb      	OUT  GICR,R30
00004f bfe5      	OUT  MCUCR,R30
                 
                 ;CLEAR R2-R14
000050 e08d      	LDI  R24,(14-2)+1
000051 e0a2      	LDI  R26,2
000052 27bb      	CLR  R27
                 __CLEAR_REG:
000053 93ed      	ST   X+,R30
000054 958a      	DEC  R24
000055 f7e9      	BRNE __CLEAR_REG
                 
                 ;CLEAR SRAM
000056 e080      	LDI  R24,LOW(__CLEAR_SRAM_SIZE)
000057 e098      	LDI  R25,HIGH(__CLEAR_SRAM_SIZE)
000058 e6a0      	LDI  R26,__SRAM_START
                 __CLEAR_SRAM:
000059 93ed      	ST   X+,R30
00005a 9701      	SBIW R24,1
00005b f7e9      	BRNE __CLEAR_SRAM
                 
                 ;GLOBAL VARIABLES INITIALIZATION
00005c e8ea      	LDI  R30,LOW(__GLOBAL_INI_TBL*2)
00005d e0f0      	LDI  R31,HIGH(__GLOBAL_INI_TBL*2)
                 __GLOBAL_INI_NEXT:
00005e 9185      	LPM  R24,Z+
00005f 9195      	LPM  R25,Z+
000060 9700      	SBIW R24,0
000061 f061      	BREQ __GLOBAL_INI_END
000062 91a5      	LPM  R26,Z+
000063 91b5      	LPM  R27,Z+
000064 9005      	LPM  R0,Z+
000065 9015      	LPM  R1,Z+
000066 01bf      	MOVW R22,R30
000067 01f0      	MOVW R30,R0
                 __GLOBAL_INI_LOOP:
000068 9005      	LPM  R0,Z+
000069 920d      	ST   X+,R0
00006a 9701      	SBIW R24,1
00006b f7e1      	BRNE __GLOBAL_INI_LOOP
00006c 01fb      	MOVW R30,R22
00006d cff0      	RJMP __GLOBAL_INI_NEXT
                 __GLOBAL_INI_END:
                 
                 ;HARDWARE STACK POINTER INITIALIZATION
00006e e5ef      	LDI  R30,LOW(__SRAM_END-__HEAP_SIZE)
00006f bfed      	OUT  SPL,R30
000070 e0e8      	LDI  R30,HIGH(__SRAM_END-__HEAP_SIZE)
000071 bfee      	OUT  SPH,R30
                 
                 ;DATA STACK POINTER INITIALIZATION
000072 e6c0      	LDI  R28,LOW(__SRAM_START+__DSTACK_SIZE)
000073 e0d2      	LDI  R29,HIGH(__SRAM_START+__DSTACK_SIZE)
                 
000074 940c 0084 	JMP  _main
                 
                 	.ESEG
                 	.ORG 0
                 
                 	.DSEG
                 	.ORG 0x260
                 
                 	.CSEG
                 ;/*******************************************************
                 ;This program was created by the
                 ;CodeWizardAVR V3.12 Advanced
                 ;Automatic Program Generator
                 ;© Copyright 1998-2014 Pavel Haiduc, HP InfoTech s.r.l.
                 ;http://www.hpinfotech.com
                 ;
                 ;Project :
                 ;Version :
                 ;Date    : 1/20/2019
                 ;Author  :
                 ;Company :
                 ;Comments:
                 ;
                 ;
                 ;Chip type               : ATmega32
                 ;Program type            : Application
                 ;AVR Core Clock frequency: 8.000000 MHz
                 ;Memory model            : Small
                 ;External RAM size       : 0
                 ;Data Stack size         : 512
                 ;*******************************************************/
                 ;
                 ;#include <mega32.h>
                 	#ifndef __SLEEP_DEFINED__
                 	#define __SLEEP_DEFINED__
                 	.EQU __se_bit=0x80
                 	.EQU __sm_mask=0x70
                 	.EQU __sm_powerdown=0x20
                 	.EQU __sm_powersave=0x30
                 	.EQU __sm_standby=0x60
                 	.EQU __sm_ext_standby=0x70
                 	.EQU __sm_adc_noise_red=0x10
                 	.SET power_ctrl_reg=mcucr
                 	#endif
                 ;
                 ;// Alphanumeric LCD functions
                 ;#include <alcd.h>
                 ;#include <delay.h>
                 ;// Declare your global variables here
                 ;
                 ;// SPI functions
                 ;#include <spi.h>
                 ;#include <stdio.h>
                 ;void spi_init_master (void)
                 ; 0000 0023 {
                 
                 	.CSEG
                 ; 0000 0024     DDRB = (1<<5)|(1<<3);              //Set MOSI, SCK as Output
                 ; 0000 0025     SPCR = (1<<SPE)|(1<<MSTR); //Enable SPI, Set as Master
                 ; 0000 0026                                        //Prescaler: Fosc/16, Enable Interrupts
                 ; 0000 0027 }
                 ;unsigned char spi_tranceiver (unsigned char data)
                 ; 0000 0029 {
                 _spi_tranceiver:
                 ; .FSTART _spi_tranceiver
                 ; 0000 002A     SPDR = data;                       //Load data into the buffer
000076 93aa      	ST   -Y,R26
                 ;	data -> Y+0
000077 81e8      	LD   R30,Y
000078 b9ef      	OUT  0xF,R30
                 ; 0000 002B     while(!(SPSR & (1<<SPIF) )){
                 _0x3:
000079 9977      	SBIC 0xE,7
00007a c007      	RJMP _0x5
                 ; 0000 002C         PORTD.1=1;
00007b 9a91      	SBI  0x12,1
                 ; 0000 002D         delay_ms(100);
00007c e6a4      	LDI  R26,LOW(100)
00007d e0b0      	LDI  R27,0
00007e 940e 03a8 	CALL _delay_ms
                 ; 0000 002E         PORTD.1=0;
000080 9891      	CBI  0x12,1
                 ; 0000 002F     }       //Wait until transmission complete
000081 cff7      	RJMP _0x3
                 _0x5:
                 ; 0000 0030     return(SPDR);                      //Return received data
000082 b1ef      	IN   R30,0xF
000083 c112      	RJMP _0x20A0002
                 ; 0000 0031 }
                 ; .FEND
                 ;void led_blink (unsigned char i)
                 ; 0000 0033 {
                 ; 0000 0034     //Blink LED "i" number of times
                 ; 0000 0035     for (; i>0; --i)
                 ;	i -> Y+0
                 ; 0000 0036     {
                 ; 0000 0037         PORTD|=(1<<0);
                 ; 0000 0038         delay_ms(100);
                 ; 0000 0039         PORTD=(0<<0);
                 ; 0000 003A         delay_ms(100);
                 ; 0000 003B     }
                 ; 0000 003C }
                 ;void main(void)
                 ; 0000 003E {
                 _main:
                 ; .FSTART _main
                 ; 0000 003F     unsigned char data;                 //Received data stored here
                 ; 0000 0040     unsigned char x = 0;
                 ; 0000 0041     unsigned char ACKSlave=22;
                 ; 0000 0042     unsigned char ACKMaster=44;
                 ; 0000 0043     char lcd_show[32];
                 ; 0000 0044     int whichSlave=0;
                 ; 0000 0045     unsigned char flagToSendTemp=44;
                 ; 0000 0046 // Declare your local variables here
                 ; 0000 0047 
                 ; 0000 0048 // Input/Output Ports initialization
                 ; 0000 0049 // Port A initialization
                 ; 0000 004A // Function: Bit7=In Bit6=In Bit5=In Bit4=In Bit3=In Bit2=In Bit1=In Bit0=In
                 ; 0000 004B DDRA=(0<<DDA7) | (0<<DDA6) | (0<<DDA5) | (0<<DDA4) | (0<<DDA3) | (0<<DDA2) | (0<<DDA1) | (0<<DDA0);
000084 97a1      	SBIW R28,33
000085 e2ec      	LDI  R30,LOW(44)
000086 83e8      	ST   Y,R30
                 ;	data -> R17
                 ;	x -> R16
                 ;	ACKSlave -> R19
                 ;	ACKMaster -> R18
                 ;	lcd_show -> Y+1
                 ;	whichSlave -> R20,R21
                 ;	flagToSendTemp -> Y+0
000087 e000      	LDI  R16,0
000088 e136      	LDI  R19,22
000089 e22c      	LDI  R18,44
                +
00008a e040     +LDI R20 , LOW ( 0 )
00008b e050     +LDI R21 , HIGH ( 0 )
                 	__GETWRN 20,21,0
00008c e0e0      	LDI  R30,LOW(0)
00008d bbea      	OUT  0x1A,R30
                 ; 0000 004C // State: Bit7=T Bit6=T Bit5=T Bit4=T Bit3=T Bit2=T Bit1=T Bit0=T
                 ; 0000 004D PORTA=(0<<PORTA7) | (0<<PORTA6) | (0<<PORTA5) | (0<<PORTA4) | (0<<PORTA3) | (0<<PORTA2) | (0<<PORTA1) | (0<<PORTA0);
00008e bbeb      	OUT  0x1B,R30
                 ; 0000 004E 
                 ; 0000 004F // Port B initialization
                 ; 0000 0050 // Function: Bit7=Out Bit6=In Bit5=Out Bit4=Out Bit3=In Bit2=In Bit1=In Bit0=In
                 ; 0000 0051 DDRB=(1<<DDB7) | (0<<DDB6) | (1<<DDB5) | (1<<DDB4) | (0<<DDB3) | (0<<DDB2) | (0<<DDB1) | (0<<DDB0);
00008f ebe0      	LDI  R30,LOW(176)
000090 bbe7      	OUT  0x17,R30
                 ; 0000 0052 // State: Bit7=0 Bit6=T Bit5=0 Bit4=0 Bit3=T Bit2=T Bit1=T Bit0=T
                 ; 0000 0053 PORTB=(0<<PORTB7) | (0<<PORTB6) | (0<<PORTB5) | (0<<PORTB4) | (0<<PORTB3) | (0<<PORTB2) | (0<<PORTB1) | (0<<PORTB0);
000091 e0e0      	LDI  R30,LOW(0)
000092 bbe8      	OUT  0x18,R30
                 ; 0000 0054 
                 ; 0000 0055 // Port C initialization
                 ; 0000 0056 // Function: Bit7=In Bit6=In Bit5=In Bit4=In Bit3=In Bit2=In Bit1=In Bit0=In
                 ; 0000 0057 DDRC=(0<<DDC7) | (0<<DDC6) | (0<<DDC5) | (0<<DDC4) | (0<<DDC3) | (0<<DDC2) | (0<<DDC1) | (0<<DDC0);
000093 bbe4      	OUT  0x14,R30
                 ; 0000 0058 // State: Bit7=T Bit6=T Bit5=T Bit4=T Bit3=T Bit2=T Bit1=T Bit0=T
                 ; 0000 0059 PORTC=(0<<PORTC7) | (0<<PORTC6) | (0<<PORTC5) | (0<<PORTC4) | (0<<PORTC3) | (0<<PORTC2) | (0<<PORTC1) | (0<<PORTC0);
000094 bbe5      	OUT  0x15,R30
                 ; 0000 005A 
                 ; 0000 005B // Port D initialization
                 ; 0000 005C // Function: Bit7=In Bit6=In Bit5=In Bit4=In Bit3=In Bit2=In Bit1=In Bit0=In
                 ; 0000 005D DDRD=(0<<DDD7) | (0<<DDD6) | (0<<DDD5) | (0<<DDD4) | (0<<DDD3) | (0<<DDD2) | (0<<DDD1) | (0<<DDD0);
000095 bbe1      	OUT  0x11,R30
                 ; 0000 005E // State: Bit7=T Bit6=T Bit5=T Bit4=T Bit3=T Bit2=T Bit1=T Bit0=T
                 ; 0000 005F PORTD=(0<<PORTD7) | (0<<PORTD6) | (0<<PORTD5) | (0<<PORTD4) | (0<<PORTD3) | (0<<PORTD2) | (0<<PORTD1) | (0<<PORTD0);
000096 bbe2      	OUT  0x12,R30
                 ; 0000 0060 
                 ; 0000 0061 // Timer/Counter 0 initialization
                 ; 0000 0062 // Clock source: System Clock
                 ; 0000 0063 // Clock value: Timer 0 Stopped
                 ; 0000 0064 // Mode: Normal top=0xFF
                 ; 0000 0065 // OC0 output: Disconnected
                 ; 0000 0066 TCCR0=(0<<WGM00) | (0<<COM01) | (0<<COM00) | (0<<WGM01) | (0<<CS02) | (0<<CS01) | (0<<CS00);
000097 bfe3      	OUT  0x33,R30
                 ; 0000 0067 TCNT0=0x00;
000098 bfe2      	OUT  0x32,R30
                 ; 0000 0068 OCR0=0x00;
000099 bfec      	OUT  0x3C,R30
                 ; 0000 0069 
                 ; 0000 006A // Timer/Counter 1 initialization
                 ; 0000 006B // Clock source: System Clock
                 ; 0000 006C // Clock value: Timer1 Stopped
                 ; 0000 006D // Mode: Normal top=0xFFFF
                 ; 0000 006E // OC1A output: Disconnected
                 ; 0000 006F // OC1B output: Disconnected
                 ; 0000 0070 // Noise Canceler: Off
                 ; 0000 0071 // Input Capture on Falling Edge
                 ; 0000 0072 // Timer1 Overflow Interrupt: Off
                 ; 0000 0073 // Input Capture Interrupt: Off
                 ; 0000 0074 // Compare A Match Interrupt: Off
                 ; 0000 0075 // Compare B Match Interrupt: Off
                 ; 0000 0076 TCCR1A=(0<<COM1A1) | (0<<COM1A0) | (0<<COM1B1) | (0<<COM1B0) | (0<<WGM11) | (0<<WGM10);
00009a bdef      	OUT  0x2F,R30
                 ; 0000 0077 TCCR1B=(0<<ICNC1) | (0<<ICES1) | (0<<WGM13) | (0<<WGM12) | (0<<CS12) | (0<<CS11) | (0<<CS10);
00009b bdee      	OUT  0x2E,R30
                 ; 0000 0078 TCNT1H=0x00;
00009c bded      	OUT  0x2D,R30
                 ; 0000 0079 TCNT1L=0x00;
00009d bdec      	OUT  0x2C,R30
                 ; 0000 007A ICR1H=0x00;
00009e bde7      	OUT  0x27,R30
                 ; 0000 007B ICR1L=0x00;
00009f bde6      	OUT  0x26,R30
                 ; 0000 007C OCR1AH=0x00;
0000a0 bdeb      	OUT  0x2B,R30
                 ; 0000 007D OCR1AL=0x00;
0000a1 bdea      	OUT  0x2A,R30
                 ; 0000 007E OCR1BH=0x00;
0000a2 bde9      	OUT  0x29,R30
                 ; 0000 007F OCR1BL=0x00;
0000a3 bde8      	OUT  0x28,R30
                 ; 0000 0080 
                 ; 0000 0081 // Timer/Counter 2 initialization
                 ; 0000 0082 // Clock source: System Clock
                 ; 0000 0083 // Clock value: Timer2 Stopped
                 ; 0000 0084 // Mode: Normal top=0xFF
                 ; 0000 0085 // OC2 output: Disconnected
                 ; 0000 0086 ASSR=0<<AS2;
0000a4 bde2      	OUT  0x22,R30
                 ; 0000 0087 TCCR2=(0<<PWM2) | (0<<COM21) | (0<<COM20) | (0<<CTC2) | (0<<CS22) | (0<<CS21) | (0<<CS20);
0000a5 bde5      	OUT  0x25,R30
                 ; 0000 0088 TCNT2=0x00;
0000a6 bde4      	OUT  0x24,R30
                 ; 0000 0089 OCR2=0x00;
0000a7 bde3      	OUT  0x23,R30
                 ; 0000 008A 
                 ; 0000 008B // Timer(s)/Counter(s) Interrupt(s) initialization
                 ; 0000 008C TIMSK=(0<<OCIE2) | (0<<TOIE2) | (0<<TICIE1) | (0<<OCIE1A) | (0<<OCIE1B) | (0<<TOIE1) | (0<<OCIE0) | (0<<TOIE0);
0000a8 bfe9      	OUT  0x39,R30
                 ; 0000 008D 
                 ; 0000 008E // External Interrupt(s) initialization
                 ; 0000 008F // INT0: Off
                 ; 0000 0090 // INT1: Off
                 ; 0000 0091 // INT2: Off
                 ; 0000 0092 MCUCR=(0<<ISC11) | (0<<ISC10) | (0<<ISC01) | (0<<ISC00);
0000a9 bfe5      	OUT  0x35,R30
                 ; 0000 0093 MCUCSR=(0<<ISC2);
0000aa bfe4      	OUT  0x34,R30
                 ; 0000 0094 
                 ; 0000 0095 // USART initialization
                 ; 0000 0096 // USART disabled
                 ; 0000 0097 UCSRB=(0<<RXCIE) | (0<<TXCIE) | (0<<UDRIE) | (0<<RXEN) | (0<<TXEN) | (0<<UCSZ2) | (0<<RXB8) | (0<<TXB8);
0000ab b9ea      	OUT  0xA,R30
                 ; 0000 0098 
                 ; 0000 0099 // Analog Comparator initialization
                 ; 0000 009A // Analog Comparator: Off
                 ; 0000 009B // The Analog Comparator's positive input is
                 ; 0000 009C // connected to the AIN0 pin
                 ; 0000 009D // The Analog Comparator's negative input is
                 ; 0000 009E // connected to the AIN1 pin
                 ; 0000 009F ACSR=(1<<ACD) | (0<<ACBG) | (0<<ACO) | (0<<ACI) | (0<<ACIE) | (0<<ACIC) | (0<<ACIS1) | (0<<ACIS0);
0000ac e8e0      	LDI  R30,LOW(128)
0000ad b9e8      	OUT  0x8,R30
                 ; 0000 00A0 SFIOR=(0<<ACME);
0000ae e0e0      	LDI  R30,LOW(0)
0000af bfe0      	OUT  0x30,R30
                 ; 0000 00A1 
                 ; 0000 00A2 // ADC initialization
                 ; 0000 00A3 // ADC disabled
                 ; 0000 00A4 ADCSRA=(0<<ADEN) | (0<<ADSC) | (0<<ADATE) | (0<<ADIF) | (0<<ADIE) | (0<<ADPS2) | (0<<ADPS1) | (0<<ADPS0);
0000b0 b9e6      	OUT  0x6,R30
                 ; 0000 00A5 
                 ; 0000 00A6 // SPI initialization
                 ; 0000 00A7 // SPI Type: Master
                 ; 0000 00A8 // SPI Clock Rate: 2000.000 kHz
                 ; 0000 00A9 // SPI Clock Phase: Cycle Start
                 ; 0000 00AA // SPI Clock Polarity: Low
                 ; 0000 00AB // SPI Data Order: MSB First
                 ; 0000 00AC SPCR=(0<<SPIE) | (1<<SPE) | (0<<DORD) | (1<<MSTR) | (0<<CPOL) | (0<<CPHA) | (0<<SPR1) | (0<<SPR0);
0000b1 e5e0      	LDI  R30,LOW(80)
0000b2 b9ed      	OUT  0xD,R30
                 ; 0000 00AD SPSR=(0<<SPI2X);
0000b3 e0e0      	LDI  R30,LOW(0)
0000b4 b9ee      	OUT  0xE,R30
                 ; 0000 00AE 
                 ; 0000 00AF // TWI initialization
                 ; 0000 00B0 // TWI disabled
                 ; 0000 00B1 TWCR=(0<<TWEA) | (0<<TWSTA) | (0<<TWSTO) | (0<<TWEN) | (0<<TWIE);
0000b5 bfe6      	OUT  0x36,R30
                 ; 0000 00B2 
                 ; 0000 00B3 // Alphanumeric LCD initialization
                 ; 0000 00B4 // Connections are specified in the
                 ; 0000 00B5 // Project|Configure|C Compiler|Libraries|Alphanumeric LCD menu:
                 ; 0000 00B6 // RS - PORTA Bit 0
                 ; 0000 00B7 // RD - PORTA Bit 1
                 ; 0000 00B8 // EN - PORTA Bit 2
                 ; 0000 00B9 // D4 - PORTA Bit 4
                 ; 0000 00BA // D5 - PORTA Bit 5
                 ; 0000 00BB // D6 - PORTA Bit 6
                 ; 0000 00BC // D7 - PORTA Bit 7
                 ; 0000 00BD // Characters/line: 16
                 ; 0000 00BE lcd_init(16);
0000b6 e1a0      	LDI  R26,LOW(16)
0000b7 d0b2      	RCALL _lcd_init
                 ; 0000 00BF //spi_init_master();
                 ; 0000 00C0 DDRB.0=1;
0000b8 9ab8      	SBI  0x17,0
                 ; 0000 00C1 DDRB.1=1;
0000b9 9ab9      	SBI  0x17,1
                 ; 0000 00C2 DDRB.2=1;
0000ba 9aba      	SBI  0x17,2
                 ; 0000 00C3 PORTB.0=1;
0000bb 9ac0      	SBI  0x18,0
                 ; 0000 00C4 PORTB.1=1;
0000bc 9ac1      	SBI  0x18,1
                 ; 0000 00C5 PORTB.2=1;
0000bd 9ac2      	SBI  0x18,2
                 ; 0000 00C6 DDRD.0=1;
0000be 9a88      	SBI  0x11,0
                 ; 0000 00C7 DDRD.1=1;
0000bf 9a89      	SBI  0x11,1
                 ; 0000 00C8 x=2;
0000c0 e002      	LDI  R16,LOW(2)
                 ; 0000 00C9 whichSlave=0;
                +
0000c1 e040     +LDI R20 , LOW ( 0 )
0000c2 e050     +LDI R21 , HIGH ( 0 )
                 	__GETWRN 20,21,0
                 ; 0000 00CA DDRD.7=1;
0000c3 9a8f      	SBI  0x11,7
                 ; 0000 00CB PORTD.7=1;
0000c4 9a97      	SBI  0x12,7
                 ; 0000 00CC while (1)
                 _0x21:
                 ; 0000 00CD       {
                 ; 0000 00CE 
                 ; 0000 00CF 
                 ; 0000 00D0         PORTD.7=0;
0000c5 9897      	CBI  0x12,7
                 ; 0000 00D1         delay_ms(200);
0000c6 eca8      	LDI  R26,LOW(200)
0000c7 e0b0      	LDI  R27,0
0000c8 940e 03a8 	CALL _delay_ms
                 ; 0000 00D2         data = 0x00;                    //Reset ACK in "data"
0000ca e010      	LDI  R17,LOW(0)
                 ; 0000 00D3         data = spi_tranceiver(ACKMaster);
0000cb 2fa2      	MOV  R26,R18
0000cc dfa9      	RCALL _spi_tranceiver
0000cd 2f1e      	MOV  R17,R30
                 ; 0000 00D4         lcd_clear();
0000ce d069      	RCALL _lcd_clear
                 ; 0000 00D5         sprintf(lcd_show,"T:%d to:%d r:%d\n",ACKMaster,whichSlave,data);
0000cf 01fe      	MOVW R30,R28
0000d0 9631      	ADIW R30,1
0000d1 93fa      	ST   -Y,R31
0000d2 93ea      	ST   -Y,R30
                +
0000d3 e6e6     +LDI R30 , LOW ( 2 * _0x0 + ( 0 ) )
0000d4 e0f0     +LDI R31 , HIGH ( 2 * _0x0 + ( 0 ) )
                 	__POINTW1FN _0x0,0
0000d5 93fa      	ST   -Y,R31
0000d6 93ea      	ST   -Y,R30
0000d7 2fe2      	MOV  R30,R18
0000d8 940e 0359 	CALL SUBOPT_0x0
0000da 940e 035f 	CALL SUBOPT_0x1
0000dc 940e 0366 	CALL SUBOPT_0x2
                 ; 0000 00D6         lcd_puts(lcd_show);
                 ; 0000 00D7         if(data%4==0){
0000de 2fa1      	MOV  R26,R17
0000df 27bb      	CLR  R27
0000e0 e0e4      	LDI  R30,LOW(4)
0000e1 e0f0      	LDI  R31,HIGH(4)
0000e2 940e 03d2 	CALL __MODW21
0000e4 9730      	SBIW R30,0
0000e5 f4c1      	BRNE _0x26
                 ; 0000 00D8             data = 0x00;                    //Reset ACK in "data"
0000e6 e010      	LDI  R17,LOW(0)
                 ; 0000 00D9             data = spi_tranceiver(x);
0000e7 2fa0      	MOV  R26,R16
0000e8 df8d      	RCALL _spi_tranceiver
0000e9 2f1e      	MOV  R17,R30
                 ; 0000 00DA             sprintf(lcd_show,"T:%d to:%d r:%d",x,whichSlave,data);
0000ea 01fe      	MOVW R30,R28
0000eb 9631      	ADIW R30,1
0000ec 93fa      	ST   -Y,R31
0000ed 93ea      	ST   -Y,R30
                +
0000ee e7e7     +LDI R30 , LOW ( 2 * _0x0 + ( 17 ) )
0000ef e0f0     +LDI R31 , HIGH ( 2 * _0x0 + ( 17 ) )
                 	__POINTW1FN _0x0,17
0000f0 93fa      	ST   -Y,R31
0000f1 93ea      	ST   -Y,R30
0000f2 2fe0      	MOV  R30,R16
0000f3 940e 0359 	CALL SUBOPT_0x0
0000f5 940e 035f 	CALL SUBOPT_0x1
0000f7 940e 0366 	CALL SUBOPT_0x2
                 ; 0000 00DB             lcd_puts(lcd_show);
                 ; 0000 00DC             if(data==ACKSlave){
0000f9 1731      	CP   R19,R17
0000fa f419      	BRNE _0x27
                 ; 0000 00DD                 x++;
0000fb 5f0f      	SUBI R16,-1
                 ; 0000 00DE                 whichSlave++;
                +
0000fc 5f4f     +SUBI R20 , LOW ( - 1 )
0000fd 4f5f     +SBCI R21 , HIGH ( - 1 )
                 	__ADDWRN 20,21,1
                 ; 0000 00DF             }
                 ; 0000 00E0         }
                 _0x27:
                 ; 0000 00E1         PORTD.0=1;
                 _0x26:
0000fe 9a90      	SBI  0x12,0
                 ; 0000 00E2         delay_ms(100);
0000ff e6a4      	LDI  R26,LOW(100)
000100 e0b0      	LDI  R27,0
000101 940e 03a8 	CALL _delay_ms
                 ; 0000 00E3         PORTD.0=0;
000103 9890      	CBI  0x12,0
                 ; 0000 00E4 
                 ; 0000 00E5 
                 ; 0000 00E6 
                 ; 0000 00E7         PORTD.7=1;
000104 9a97      	SBI  0x12,7
                 ; 0000 00E8         delay_ms(200);
000105 eca8      	LDI  R26,LOW(200)
000106 e0b0      	LDI  R27,0
000107 940e 03a8 	CALL _delay_ms
                 ; 0000 00E9 
                 ; 0000 00EA       }
000109 cfbb      	RJMP _0x21
                 ; 0000 00EB }
                 _0x2E:
00010a cfff      	RJMP _0x2E
                 ; .FEND
                 ;
                 ;/*
                 ;         if(whichSlave==0){
                 ;               PORTB.0=0;
                 ;        }else{
                 ;            if(whichSlave==1){
                 ;                PORTB.1=0;
                 ;            }else{
                 ;                if(whichSlave==2){
                 ;                   PORTB.2=0;
                 ;                }
                 ;            }
                 ;        }
                 ;        if(whichSlave==0){
                 ;               PORTB.0=1;
                 ;        }else{
                 ;            if(whichSlave==1){
                 ;                PORTB.1=1;
                 ;            }else{
                 ;                if(whichSlave==2){
                 ;                   PORTB.2=1;
                 ;                }
                 ;            }
                 ;        }
                 ;
                 ;        if(whichSlave==3){
                 ;            whichSlave=0;
                 ;        }
                 ;*/
                 	#ifndef __SLEEP_DEFINED__
                 	#endif
                 
                 	.DSEG
                 
                 	.CSEG
                 __lcd_write_nibble_G100:
                 ; .FSTART __lcd_write_nibble_G100
00010b 93aa      	ST   -Y,R26
00010c b3e5      	IN   R30,0x15
00010d 70ef      	ANDI R30,LOW(0xF)
00010e 2fae      	MOV  R26,R30
00010f 81e8      	LD   R30,Y
000110 7fe0      	ANDI R30,LOW(0xF0)
000111 2bea      	OR   R30,R26
000112 bbe5      	OUT  0x15,R30
                +
000113 e08d     +LDI R24 , LOW ( 13 )
                +__DELAY_USB_LOOP :
000114 958a     +DEC R24
000115 f7f1     +BRNE __DELAY_USB_LOOP
                 	__DELAY_USB 13
000116 9aaa      	SBI  0x15,2
                +
000117 e08d     +LDI R24 , LOW ( 13 )
                +__DELAY_USB_LOOP :
000118 958a     +DEC R24
000119 f7f1     +BRNE __DELAY_USB_LOOP
                 	__DELAY_USB 13
00011a 98aa      	CBI  0x15,2
                +
00011b e08d     +LDI R24 , LOW ( 13 )
                +__DELAY_USB_LOOP :
00011c 958a     +DEC R24
00011d f7f1     +BRNE __DELAY_USB_LOOP
                 	__DELAY_USB 13
00011e c077      	RJMP _0x20A0002
                 ; .FEND
                 __lcd_write_data:
                 ; .FSTART __lcd_write_data
00011f 93aa      	ST   -Y,R26
000120 81a8      	LD   R26,Y
000121 dfe9      	RCALL __lcd_write_nibble_G100
000122 81e8          ld    r30,y
000123 95e2          swap  r30
000124 83e8          st    y,r30
000125 81a8      	LD   R26,Y
000126 dfe4      	RCALL __lcd_write_nibble_G100
                +
000127 e885     +LDI R24 , LOW ( 133 )
                +__DELAY_USB_LOOP :
000128 958a     +DEC R24
000129 f7f1     +BRNE __DELAY_USB_LOOP
                 	__DELAY_USB 133
00012a c06b      	RJMP _0x20A0002
                 ; .FEND
                 _lcd_gotoxy:
                 ; .FSTART _lcd_gotoxy
00012b 93aa      	ST   -Y,R26
00012c 81e8      	LD   R30,Y
00012d e0f0      	LDI  R31,0
00012e 5ae0      	SUBI R30,LOW(-__base_y_G100)
00012f 4ffd      	SBCI R31,HIGH(-__base_y_G100)
000130 81e0      	LD   R30,Z
000131 81a9      	LDD  R26,Y+1
000132 0fae      	ADD  R26,R30
000133 dfeb      	RCALL __lcd_write_data
000134 8059      	LDD  R5,Y+1
000135 8048      	LDD  R4,Y+0
000136 9622      	ADIW R28,2
000137 9508      	RET
                 ; .FEND
                 _lcd_clear:
                 ; .FSTART _lcd_clear
000138 e0a2      	LDI  R26,LOW(2)
000139 940e 036e 	CALL SUBOPT_0x3
00013b e0ac      	LDI  R26,LOW(12)
00013c dfe2      	RCALL __lcd_write_data
00013d e0a1      	LDI  R26,LOW(1)
00013e 940e 036e 	CALL SUBOPT_0x3
000140 e0e0      	LDI  R30,LOW(0)
000141 2e4e      	MOV  R4,R30
000142 2e5e      	MOV  R5,R30
000143 9508      	RET
                 ; .FEND
                 _lcd_putchar:
                 ; .FSTART _lcd_putchar
000144 93aa      	ST   -Y,R26
000145 81a8      	LD   R26,Y
000146 30aa      	CPI  R26,LOW(0xA)
000147 f011      	BREQ _0x2000005
000148 1457      	CP   R5,R7
000149 f048      	BRLO _0x2000004
                 _0x2000005:
00014a e0e0      	LDI  R30,LOW(0)
00014b 93ea      	ST   -Y,R30
00014c 9443      	INC  R4
00014d 2da4      	MOV  R26,R4
00014e dfdc      	RCALL _lcd_gotoxy
00014f 81a8      	LD   R26,Y
000150 30aa      	CPI  R26,LOW(0xA)
000151 f409      	BRNE _0x2000007
000152 c043      	RJMP _0x20A0002
                 _0x2000007:
                 _0x2000004:
000153 9453      	INC  R5
000154 9aa8      	SBI  0x15,0
000155 81a8      	LD   R26,Y
000156 dfc8      	RCALL __lcd_write_data
000157 98a8      	CBI  0x15,0
000158 c03d      	RJMP _0x20A0002
                 ; .FEND
                 _lcd_puts:
                 ; .FSTART _lcd_puts
000159 93ba      	ST   -Y,R27
00015a 93aa      	ST   -Y,R26
00015b 931a      	ST   -Y,R17
                 _0x2000008:
00015c 81a9      	LDD  R26,Y+1
00015d 81ba      	LDD  R27,Y+1+1
00015e 91ed      	LD   R30,X+
00015f 83a9      	STD  Y+1,R26
000160 83ba      	STD  Y+1+1,R27
000161 2f1e      	MOV  R17,R30
000162 30e0      	CPI  R30,0
000163 f019      	BREQ _0x200000A
000164 2fa1      	MOV  R26,R17
000165 dfde      	RCALL _lcd_putchar
000166 cff5      	RJMP _0x2000008
                 _0x200000A:
000167 8118      	LDD  R17,Y+0
000168 9623      	ADIW R28,3
000169 9508      	RET
                 ; .FEND
                 _lcd_init:
                 ; .FSTART _lcd_init
00016a 93aa      	ST   -Y,R26
00016b b3e4      	IN   R30,0x14
00016c 6fe0      	ORI  R30,LOW(0xF0)
00016d bbe4      	OUT  0x14,R30
00016e 9aa2      	SBI  0x14,2
00016f 9aa0      	SBI  0x14,0
000170 9aa1      	SBI  0x14,1
000171 98aa      	CBI  0x15,2
000172 98a8      	CBI  0x15,0
000173 98a9      	CBI  0x15,1
000174 8078      	LDD  R7,Y+0
000175 81e8      	LD   R30,Y
000176 58e0      	SUBI R30,-LOW(128)
                +
000177 93e0 0262+STS __base_y_G100 + ( 2 ) , R30
                 	__PUTB1MN __base_y_G100,2
000179 81e8      	LD   R30,Y
00017a 54e0      	SUBI R30,-LOW(192)
                +
00017b 93e0 0263+STS __base_y_G100 + ( 3 ) , R30
                 	__PUTB1MN __base_y_G100,3
00017d e1a4      	LDI  R26,LOW(20)
00017e e0b0      	LDI  R27,0
00017f 940e 03a8 	CALL _delay_ms
000181 940e 0374 	CALL SUBOPT_0x4
000183 940e 0374 	CALL SUBOPT_0x4
000185 940e 0374 	CALL SUBOPT_0x4
000187 e2a0      	LDI  R26,LOW(32)
000188 df82      	RCALL __lcd_write_nibble_G100
                +
000189 ec88     +LDI R24 , LOW ( 200 )
00018a e090     +LDI R25 , HIGH ( 200 )
                +__DELAY_USW_LOOP :
00018b 9701     +SBIW R24 , 1
00018c f7f1     +BRNE __DELAY_USW_LOOP
                 	__DELAY_USW 200
00018d e2a8      	LDI  R26,LOW(40)
00018e df90      	RCALL __lcd_write_data
00018f e0a4      	LDI  R26,LOW(4)
000190 df8e      	RCALL __lcd_write_data
000191 e8a5      	LDI  R26,LOW(133)
000192 df8c      	RCALL __lcd_write_data
000193 e0a6      	LDI  R26,LOW(6)
000194 df8a      	RCALL __lcd_write_data
000195 dfa2      	RCALL _lcd_clear
                 _0x20A0002:
000196 9621      	ADIW R28,1
000197 9508      	RET
                 ; .FEND
                 	#ifndef __SLEEP_DEFINED__
                 	#endif
                 
                 	.CSEG
                 	#ifndef __SLEEP_DEFINED__
                 	#endif
                 
                 	.CSEG
                 _put_buff_G102:
                 ; .FSTART _put_buff_G102
000198 93ba      	ST   -Y,R27
000199 93aa      	ST   -Y,R26
00019a 931a      	ST   -Y,R17
00019b 930a      	ST   -Y,R16
00019c 81aa      	LDD  R26,Y+2
00019d 81bb      	LDD  R27,Y+2+1
00019e 9612      	ADIW R26,2
00019f 940e 03e0 	CALL __GETW1P
0001a1 9730      	SBIW R30,0
0001a2 f159      	BREQ _0x2040010
0001a3 81aa      	LDD  R26,Y+2
0001a4 81bb      	LDD  R27,Y+2+1
0001a5 9614      	ADIW R26,4
0001a6 940e 03e0 	CALL __GETW1P
0001a8 018f      	MOVW R16,R30
0001a9 9730      	SBIW R30,0
0001aa f061      	BREQ _0x2040012
                +
0001ab 3002     +CPI R16 , LOW ( 2 )
0001ac e0e0     +LDI R30 , HIGH ( 2 )
0001ad 071e     +CPC R17 , R30
                 	__CPWRN 16,17,2
0001ae f098      	BRLO _0x2040013
0001af 01f8      	MOVW R30,R16
0001b0 9731      	SBIW R30,1
0001b1 018f      	MOVW R16,R30
                +
0001b2 81aa     +LDD R26 , Y + 2
0001b3 81bb     +LDD R27 , Y + 2 + 1
0001b4 9614     +ADIW R26 , 4
0001b5 93ed     +ST X + , R30
0001b6 93fc     +ST X , R31
                 	__PUTW1SNS 2,4
                 _0x2040012:
0001b7 81aa      	LDD  R26,Y+2
0001b8 81bb      	LDD  R27,Y+2+1
0001b9 9612      	ADIW R26,2
0001ba 91ed      	LD   R30,X+
0001bb 91fd      	LD   R31,X+
0001bc 9631      	ADIW R30,1
0001bd 93fe      	ST   -X,R31
0001be 93ee      	ST   -X,R30
0001bf 9731      	SBIW R30,1
0001c0 81ac      	LDD  R26,Y+4
0001c1 83a0      	STD  Z+0,R26
                 _0x2040013:
0001c2 81aa      	LDD  R26,Y+2
0001c3 81bb      	LDD  R27,Y+2+1
0001c4 940e 03e0 	CALL __GETW1P
0001c6 23ff      	TST  R31
0001c7 f02a      	BRMI _0x2040014
0001c8 91ed      	LD   R30,X+
0001c9 91fd      	LD   R31,X+
0001ca 9631      	ADIW R30,1
0001cb 93fe      	ST   -X,R31
0001cc 93ee      	ST   -X,R30
                 _0x2040014:
0001cd c006      	RJMP _0x2040015
                 _0x2040010:
0001ce 81aa      	LDD  R26,Y+2
0001cf 81bb      	LDD  R27,Y+2+1
0001d0 efef      	LDI  R30,LOW(65535)
0001d1 efff      	LDI  R31,HIGH(65535)
0001d2 93ed      	ST   X+,R30
0001d3 93fc      	ST   X,R31
                 _0x2040015:
0001d4 8119      	LDD  R17,Y+1
0001d5 8108      	LDD  R16,Y+0
0001d6 9625      	ADIW R28,5
0001d7 9508      	RET
                 ; .FEND
                 __print_G102:
                 ; .FSTART __print_G102
0001d8 93ba      	ST   -Y,R27
0001d9 93aa      	ST   -Y,R26
0001da 9726      	SBIW R28,6
0001db 940e 03ed 	CALL __SAVELOCR6
0001dd e010      	LDI  R17,0
0001de 85ac      	LDD  R26,Y+12
0001df 85bd      	LDD  R27,Y+12+1
0001e0 e0e0      	LDI  R30,LOW(0)
0001e1 e0f0      	LDI  R31,HIGH(0)
0001e2 93ed      	ST   X+,R30
0001e3 93fc      	ST   X,R31
                 _0x2040016:
0001e4 89ea      	LDD  R30,Y+18
0001e5 89fb      	LDD  R31,Y+18+1
0001e6 9631      	ADIW R30,1
0001e7 8bea      	STD  Y+18,R30
0001e8 8bfb      	STD  Y+18+1,R31
0001e9 9731      	SBIW R30,1
0001ea 91e4      	LPM  R30,Z
0001eb 2f2e      	MOV  R18,R30
0001ec 30e0      	CPI  R30,0
0001ed f409      	BRNE PC+2
0001ee c115      	RJMP _0x2040018
0001ef 2fe1      	MOV  R30,R17
0001f0 30e0      	CPI  R30,0
0001f1 f439      	BRNE _0x204001C
0001f2 3225      	CPI  R18,37
0001f3 f411      	BRNE _0x204001D
0001f4 e011      	LDI  R17,LOW(1)
0001f5 c002      	RJMP _0x204001E
                 _0x204001D:
0001f6 940e 037c 	CALL SUBOPT_0x5
                 _0x204001E:
0001f8 c10a      	RJMP _0x204001B
                 _0x204001C:
0001f9 30e1      	CPI  R30,LOW(0x1)
0001fa f4a9      	BRNE _0x204001F
0001fb 3225      	CPI  R18,37
0001fc f419      	BRNE _0x2040020
0001fd 940e 037c 	CALL SUBOPT_0x5
0001ff c102      	RJMP _0x20400CC
                 _0x2040020:
000200 e012      	LDI  R17,LOW(2)
000201 e040      	LDI  R20,LOW(0)
000202 e000      	LDI  R16,LOW(0)
000203 322d      	CPI  R18,45
000204 f411      	BRNE _0x2040021
000205 e001      	LDI  R16,LOW(1)
000206 c0fc      	RJMP _0x204001B
                 _0x2040021:
000207 322b      	CPI  R18,43
000208 f411      	BRNE _0x2040022
000209 e24b      	LDI  R20,LOW(43)
00020a c0f8      	RJMP _0x204001B
                 _0x2040022:
00020b 3220      	CPI  R18,32
00020c f411      	BRNE _0x2040023
00020d e240      	LDI  R20,LOW(32)
00020e c0f4      	RJMP _0x204001B
                 _0x2040023:
00020f c002      	RJMP _0x2040024
                 _0x204001F:
000210 30e2      	CPI  R30,LOW(0x2)
000211 f439      	BRNE _0x2040025
                 _0x2040024:
000212 e050      	LDI  R21,LOW(0)
000213 e013      	LDI  R17,LOW(3)
000214 3320      	CPI  R18,48
000215 f411      	BRNE _0x2040026
000216 6800      	ORI  R16,LOW(128)
000217 c0eb      	RJMP _0x204001B
                 _0x2040026:
000218 c003      	RJMP _0x2040027
                 _0x2040025:
000219 30e3      	CPI  R30,LOW(0x3)
00021a f009      	BREQ PC+2
00021b c0e7      	RJMP _0x204001B
                 _0x2040027:
00021c 3320      	CPI  R18,48
00021d f010      	BRLO _0x204002A
00021e 332a      	CPI  R18,58
00021f f008      	BRLO _0x204002B
                 _0x204002A:
000220 c007      	RJMP _0x2040029
                 _0x204002B:
000221 e0aa      	LDI  R26,LOW(10)
000222 9f5a      	MUL  R21,R26
000223 2d50      	MOV  R21,R0
000224 2fe2      	MOV  R30,R18
000225 53e0      	SUBI R30,LOW(48)
000226 0f5e      	ADD  R21,R30
000227 c0db      	RJMP _0x204001B
                 _0x2040029:
000228 2fe2      	MOV  R30,R18
000229 36e3      	CPI  R30,LOW(0x63)
00022a f449      	BRNE _0x204002F
00022b 940e 0383 	CALL SUBOPT_0x6
00022d 89e8      	LDD  R30,Y+16
00022e 89f9      	LDD  R31,Y+16+1
00022f 81a4      	LDD  R26,Z+4
000230 93aa      	ST   -Y,R26
000231 940e 0389 	CALL SUBOPT_0x7
000233 c0ce      	RJMP _0x2040030
                 _0x204002F:
000234 37e3      	CPI  R30,LOW(0x73)
000235 f441      	BRNE _0x2040032
000236 940e 0383 	CALL SUBOPT_0x6
000238 940e 038f 	CALL SUBOPT_0x8
00023a 940e 0340 	CALL _strlen
00023c 2f1e      	MOV  R17,R30
00023d c00a      	RJMP _0x2040033
                 _0x2040032:
00023e 37e0      	CPI  R30,LOW(0x70)
00023f f461      	BRNE _0x2040035
000240 940e 0383 	CALL SUBOPT_0x6
000242 940e 038f 	CALL SUBOPT_0x8
000244 940e 034c 	CALL _strlenf
000246 2f1e      	MOV  R17,R30
000247 6008      	ORI  R16,LOW(8)
                 _0x2040033:
000248 6002      	ORI  R16,LOW(2)
000249 770f      	ANDI R16,LOW(127)
00024a e030      	LDI  R19,LOW(0)
00024b c034      	RJMP _0x2040036
                 _0x2040035:
00024c 36e4      	CPI  R30,LOW(0x64)
00024d f011      	BREQ _0x2040039
00024e 36e9      	CPI  R30,LOW(0x69)
00024f f411      	BRNE _0x204003A
                 _0x2040039:
000250 6004      	ORI  R16,LOW(4)
000251 c002      	RJMP _0x204003B
                 _0x204003A:
000252 37e5      	CPI  R30,LOW(0x75)
000253 f431      	BRNE _0x204003C
                 _0x204003B:
000254 e5e4      	LDI  R30,LOW(_tbl10_G102*2)
000255 e0f0      	LDI  R31,HIGH(_tbl10_G102*2)
000256 83ee      	STD  Y+6,R30
000257 83ff      	STD  Y+6+1,R31
000258 e015      	LDI  R17,LOW(5)
000259 c00c      	RJMP _0x204003D
                 _0x204003C:
00025a 35e8      	CPI  R30,LOW(0x58)
00025b f411      	BRNE _0x204003F
00025c 6008      	ORI  R16,LOW(8)
00025d c003      	RJMP _0x2040040
                 _0x204003F:
00025e 37e8      	CPI  R30,LOW(0x78)
00025f f009      	BREQ PC+2
000260 c0a1      	RJMP _0x2040071
                 _0x2040040:
000261 e5ee      	LDI  R30,LOW(_tbl16_G102*2)
000262 e0f0      	LDI  R31,HIGH(_tbl16_G102*2)
000263 83ee      	STD  Y+6,R30
000264 83ff      	STD  Y+6+1,R31
000265 e014      	LDI  R17,LOW(4)
                 _0x204003D:
000266 ff02      	SBRS R16,2
000267 c014      	RJMP _0x2040042
000268 940e 0383 	CALL SUBOPT_0x6
00026a 940e 0399 	CALL SUBOPT_0x9
00026c 85ab      	LDD  R26,Y+11
00026d 23aa      	TST  R26
00026e f43a      	BRPL _0x2040043
00026f 85ea      	LDD  R30,Y+10
000270 85fb      	LDD  R31,Y+10+1
000271 940e 03b6 	CALL __ANEGW1
000273 87ea      	STD  Y+10,R30
000274 87fb      	STD  Y+10+1,R31
000275 e24d      	LDI  R20,LOW(45)
                 _0x2040043:
000276 3040      	CPI  R20,0
000277 f011      	BREQ _0x2040044
000278 5f1f      	SUBI R17,-LOW(1)
000279 c001      	RJMP _0x2040045
                 _0x2040044:
00027a 7f0b      	ANDI R16,LOW(251)
                 _0x2040045:
00027b c004      	RJMP _0x2040046
                 _0x2040042:
00027c 940e 0383 	CALL SUBOPT_0x6
00027e 940e 0399 	CALL SUBOPT_0x9
                 _0x2040046:
                 _0x2040036:
000280 fd00      	SBRC R16,0
000281 c011      	RJMP _0x2040047
                 _0x2040048:
000282 1715      	CP   R17,R21
000283 f478      	BRSH _0x204004A
000284 ff07      	SBRS R16,7
000285 c008      	RJMP _0x204004B
000286 ff02      	SBRS R16,2
000287 c004      	RJMP _0x204004C
000288 7f0b      	ANDI R16,LOW(251)
000289 2f24      	MOV  R18,R20
00028a 5011      	SUBI R17,LOW(1)
00028b c001      	RJMP _0x204004D
                 _0x204004C:
00028c e320      	LDI  R18,LOW(48)
                 _0x204004D:
00028d c001      	RJMP _0x204004E
                 _0x204004B:
00028e e220      	LDI  R18,LOW(32)
                 _0x204004E:
00028f 940e 037c 	CALL SUBOPT_0x5
000291 5051      	SUBI R21,LOW(1)
000292 cfef      	RJMP _0x2040048
                 _0x204004A:
                 _0x2040047:
000293 2f31      	MOV  R19,R17
000294 ff01      	SBRS R16,1
000295 c017      	RJMP _0x204004F
                 _0x2040050:
000296 3030      	CPI  R19,0
000297 f0a1      	BREQ _0x2040052
000298 ff03      	SBRS R16,3
000299 c006      	RJMP _0x2040053
00029a 81ee      	LDD  R30,Y+6
00029b 81ff      	LDD  R31,Y+6+1
00029c 9125      	LPM  R18,Z+
00029d 83ee      	STD  Y+6,R30
00029e 83ff      	STD  Y+6+1,R31
00029f c005      	RJMP _0x2040054
                 _0x2040053:
0002a0 81ae      	LDD  R26,Y+6
0002a1 81bf      	LDD  R27,Y+6+1
0002a2 912d      	LD   R18,X+
0002a3 83ae      	STD  Y+6,R26
0002a4 83bf      	STD  Y+6+1,R27
                 _0x2040054:
0002a5 940e 037c 	CALL SUBOPT_0x5
0002a7 3050      	CPI  R21,0
0002a8 f009      	BREQ _0x2040055
0002a9 5051      	SUBI R21,LOW(1)
                 _0x2040055:
0002aa 5031      	SUBI R19,LOW(1)
0002ab cfea      	RJMP _0x2040050
                 _0x2040052:
0002ac c04b      	RJMP _0x2040056
                 _0x204004F:
                 _0x2040058:
0002ad e320      	LDI  R18,LOW(48)
0002ae 81ee      	LDD  R30,Y+6
0002af 81ff      	LDD  R31,Y+6+1
0002b0 940e 03e4 	CALL __GETW1PF
0002b2 87e8      	STD  Y+8,R30
0002b3 87f9      	STD  Y+8+1,R31
0002b4 81ee      	LDD  R30,Y+6
0002b5 81ff      	LDD  R31,Y+6+1
0002b6 9632      	ADIW R30,2
0002b7 83ee      	STD  Y+6,R30
0002b8 83ff      	STD  Y+6+1,R31
                 _0x204005A:
0002b9 85e8      	LDD  R30,Y+8
0002ba 85f9      	LDD  R31,Y+8+1
0002bb 85aa      	LDD  R26,Y+10
0002bc 85bb      	LDD  R27,Y+10+1
0002bd 17ae      	CP   R26,R30
0002be 07bf      	CPC  R27,R31
0002bf f050      	BRLO _0x204005C
0002c0 5f2f      	SUBI R18,-LOW(1)
0002c1 85a8      	LDD  R26,Y+8
0002c2 85b9      	LDD  R27,Y+8+1
0002c3 85ea      	LDD  R30,Y+10
0002c4 85fb      	LDD  R31,Y+10+1
0002c5 1bea      	SUB  R30,R26
0002c6 0bfb      	SBC  R31,R27
0002c7 87ea      	STD  Y+10,R30
0002c8 87fb      	STD  Y+10+1,R31
0002c9 cfef      	RJMP _0x204005A
                 _0x204005C:
0002ca 332a      	CPI  R18,58
0002cb f028      	BRLO _0x204005D
0002cc ff03      	SBRS R16,3
0002cd c002      	RJMP _0x204005E
0002ce 5f29      	SUBI R18,-LOW(7)
0002cf c001      	RJMP _0x204005F
                 _0x204005E:
0002d0 5d29      	SUBI R18,-LOW(39)
                 _0x204005F:
                 _0x204005D:
0002d1 fd04      	SBRC R16,4
0002d2 c01a      	RJMP _0x2040061
0002d3 3321      	CPI  R18,49
0002d4 f420      	BRSH _0x2040063
0002d5 85a8      	LDD  R26,Y+8
0002d6 85b9      	LDD  R27,Y+8+1
0002d7 9711      	SBIW R26,1
0002d8 f409      	BRNE _0x2040062
                 _0x2040063:
0002d9 c009      	RJMP _0x20400CD
                 _0x2040062:
0002da 1753      	CP   R21,R19
0002db f010      	BRLO _0x2040067
0002dc ff00      	SBRS R16,0
0002dd c001      	RJMP _0x2040068
                 _0x2040067:
0002de c013      	RJMP _0x2040066
                 _0x2040068:
0002df e220      	LDI  R18,LOW(32)
0002e0 ff07      	SBRS R16,7
0002e1 c00b      	RJMP _0x2040069
0002e2 e320      	LDI  R18,LOW(48)
                 _0x20400CD:
0002e3 6100      	ORI  R16,LOW(16)
0002e4 ff02      	SBRS R16,2
0002e5 c007      	RJMP _0x204006A
0002e6 7f0b      	ANDI R16,LOW(251)
0002e7 934a      	ST   -Y,R20
0002e8 940e 0389 	CALL SUBOPT_0x7
0002ea 3050      	CPI  R21,0
0002eb f009      	BREQ _0x204006B
0002ec 5051      	SUBI R21,LOW(1)
                 _0x204006B:
                 _0x204006A:
                 _0x2040069:
                 _0x2040061:
0002ed 940e 037c 	CALL SUBOPT_0x5
0002ef 3050      	CPI  R21,0
0002f0 f009      	BREQ _0x204006C
0002f1 5051      	SUBI R21,LOW(1)
                 _0x204006C:
                 _0x2040066:
0002f2 5031      	SUBI R19,LOW(1)
0002f3 85a8      	LDD  R26,Y+8
0002f4 85b9      	LDD  R27,Y+8+1
0002f5 9712      	SBIW R26,2
0002f6 f008      	BRLO _0x2040059
0002f7 cfb5      	RJMP _0x2040058
                 _0x2040059:
                 _0x2040056:
0002f8 ff00      	SBRS R16,0
0002f9 c008      	RJMP _0x204006D
                 _0x204006E:
0002fa 3050      	CPI  R21,0
0002fb f031      	BREQ _0x2040070
0002fc 5051      	SUBI R21,LOW(1)
0002fd e2e0      	LDI  R30,LOW(32)
0002fe 93ea      	ST   -Y,R30
0002ff 940e 0389 	CALL SUBOPT_0x7
000301 cff8      	RJMP _0x204006E
                 _0x2040070:
                 _0x204006D:
                 _0x2040071:
                 _0x2040030:
                 _0x20400CC:
000302 e010      	LDI  R17,LOW(0)
                 _0x204001B:
000303 cee0      	RJMP _0x2040016
                 _0x2040018:
000304 85ac      	LDD  R26,Y+12
000305 85bd      	LDD  R27,Y+12+1
000306 940e 03e0 	CALL __GETW1P
000308 940e 03f4 	CALL __LOADLOCR6
00030a 9664      	ADIW R28,20
00030b 9508      	RET
                 ; .FEND
                 _sprintf:
                 ; .FSTART _sprintf
00030c 92ff      	PUSH R15
00030d 2ef8      	MOV  R15,R24
00030e 9726      	SBIW R28,6
00030f 940e 03ef 	CALL __SAVELOCR4
000311 940e 03a1 	CALL SUBOPT_0xA
000313 9730      	SBIW R30,0
000314 f419      	BRNE _0x2040072
000315 efef      	LDI  R30,LOW(65535)
000316 efff      	LDI  R31,HIGH(65535)
000317 c023      	RJMP _0x20A0001
                 _0x2040072:
000318 01de      	MOVW R26,R28
000319 9616      	ADIW R26,6
00031a 940e 03b2 	CALL __ADDW2R15
00031c 018d      	MOVW R16,R26
00031d 940e 03a1 	CALL SUBOPT_0xA
00031f 83ee      	STD  Y+6,R30
000320 83ff      	STD  Y+6+1,R31
000321 e0e0      	LDI  R30,LOW(0)
000322 87e8      	STD  Y+8,R30
000323 87e9      	STD  Y+8+1,R30
000324 01de      	MOVW R26,R28
000325 961a      	ADIW R26,10
000326 940e 03b2 	CALL __ADDW2R15
000328 940e 03e0 	CALL __GETW1P
00032a 93fa      	ST   -Y,R31
00032b 93ea      	ST   -Y,R30
00032c 931a      	ST   -Y,R17
00032d 930a      	ST   -Y,R16
00032e e9e8      	LDI  R30,LOW(_put_buff_G102)
00032f e0f1      	LDI  R31,HIGH(_put_buff_G102)
000330 93fa      	ST   -Y,R31
000331 93ea      	ST   -Y,R30
000332 01de      	MOVW R26,R28
000333 961a      	ADIW R26,10
000334 dea3      	RCALL __print_G102
000335 019f      	MOVW R18,R30
000336 81ae      	LDD  R26,Y+6
000337 81bf      	LDD  R27,Y+6+1
000338 e0e0      	LDI  R30,LOW(0)
000339 93ec      	ST   X,R30
00033a 01f9      	MOVW R30,R18
                 _0x20A0001:
00033b 940e 03f6 	CALL __LOADLOCR4
00033d 962a      	ADIW R28,10
00033e 90ff      	POP  R15
00033f 9508      	RET
                 ; .FEND
                 
                 	.CSEG
                 
                 	.CSEG
                 _strlen:
                 ; .FSTART _strlen
000340 93ba      	ST   -Y,R27
000341 93aa      	ST   -Y,R26
000342 91a9          ld   r26,y+
000343 91b9          ld   r27,y+
000344 27ee          clr  r30
000345 27ff          clr  r31
                 strlen0:
000346 916d          ld   r22,x+
000347 2366          tst  r22
000348 f011          breq strlen1
000349 9631          adiw r30,1
00034a cffb          rjmp strlen0
                 strlen1:
00034b 9508          ret
                 ; .FEND
                 _strlenf:
                 ; .FSTART _strlenf
00034c 93ba      	ST   -Y,R27
00034d 93aa      	ST   -Y,R26
00034e 27aa          clr  r26
00034f 27bb          clr  r27
000350 91e9          ld   r30,y+
000351 91f9          ld   r31,y+
                 strlenf0:
000352 9005      	lpm  r0,z+
000353 2000          tst  r0
000354 f011          breq strlenf1
000355 9611          adiw r26,1
000356 cffb          rjmp strlenf0
                 strlenf1:
000357 01fd          movw r30,r26
000358 9508          ret
                 ; .FEND
                 
                 	.DSEG
                 __base_y_G100:
000260           	.BYTE 0x4
                 
                 	.CSEG
                 ;OPTIMIZER ADDED SUBROUTINE, CALLED 4 TIMES, CODE SIZE REDUCTION:6 WORDS
                 SUBOPT_0x0:
000359 27ff      	CLR  R31
00035a 2766      	CLR  R22
00035b 2777      	CLR  R23
00035c 940e 03e8 	CALL __PUTPARD1
00035e 9508      	RET
                 
                 ;OPTIMIZER ADDED SUBROUTINE, CALLED 2 TIMES, CODE SIZE REDUCTION:3 WORDS
                 SUBOPT_0x1:
00035f 01fa      	MOVW R30,R20
000360 940e 03ba 	CALL __CWD1
000362 940e 03e8 	CALL __PUTPARD1
000364 2fe1      	MOV  R30,R17
000365 cff3      	RJMP SUBOPT_0x0
                 
                 ;OPTIMIZER ADDED SUBROUTINE, CALLED 2 TIMES, CODE SIZE REDUCTION:3 WORDS
                 SUBOPT_0x2:
000366 e08c      	LDI  R24,12
000367 940e 030c 	CALL _sprintf
000369 9660      	ADIW R28,16
00036a 01de      	MOVW R26,R28
00036b 9611      	ADIW R26,1
00036c 940c 0159 	JMP  _lcd_puts
                 
                 ;OPTIMIZER ADDED SUBROUTINE, CALLED 2 TIMES, CODE SIZE REDUCTION:1 WORDS
                 SUBOPT_0x3:
00036e 940e 011f 	CALL __lcd_write_data
000370 e0a3      	LDI  R26,LOW(3)
000371 e0b0      	LDI  R27,0
000372 940c 03a8 	JMP  _delay_ms
                 
                 ;OPTIMIZER ADDED SUBROUTINE, CALLED 3 TIMES, CODE SIZE REDUCTION:7 WORDS
                 SUBOPT_0x4:
000374 e3a0      	LDI  R26,LOW(48)
000375 940e 010b 	CALL __lcd_write_nibble_G100
                +
000377 ec88     +LDI R24 , LOW ( 200 )
000378 e090     +LDI R25 , HIGH ( 200 )
                +__DELAY_USW_LOOP :
000379 9701     +SBIW R24 , 1
00037a f7f1     +BRNE __DELAY_USW_LOOP
                 	__DELAY_USW 200
00037b 9508      	RET
                 
                 ;OPTIMIZER ADDED SUBROUTINE, CALLED 5 TIMES, CODE SIZE REDUCTION:13 WORDS
                 SUBOPT_0x5:
00037c 932a      	ST   -Y,R18
00037d 85ad      	LDD  R26,Y+13
00037e 85be      	LDD  R27,Y+13+1
00037f 85ef      	LDD  R30,Y+15
000380 89f8      	LDD  R31,Y+15+1
000381 9509      	ICALL
000382 9508      	RET
                 
                 ;OPTIMIZER ADDED SUBROUTINE, CALLED 5 TIMES, CODE SIZE REDUCTION:9 WORDS
                 SUBOPT_0x6:
000383 89e8      	LDD  R30,Y+16
000384 89f9      	LDD  R31,Y+16+1
000385 9734      	SBIW R30,4
000386 8be8      	STD  Y+16,R30
000387 8bf9      	STD  Y+16+1,R31
000388 9508      	RET
                 
                 ;OPTIMIZER ADDED SUBROUTINE, CALLED 3 TIMES, CODE SIZE REDUCTION:3 WORDS
                 SUBOPT_0x7:
000389 85ad      	LDD  R26,Y+13
00038a 85be      	LDD  R27,Y+13+1
00038b 85ef      	LDD  R30,Y+15
00038c 89f8      	LDD  R31,Y+15+1
00038d 9509      	ICALL
00038e 9508      	RET
                 
                 ;OPTIMIZER ADDED SUBROUTINE, CALLED 2 TIMES, CODE SIZE REDUCTION:4 WORDS
                 SUBOPT_0x8:
00038f 89a8      	LDD  R26,Y+16
000390 89b9      	LDD  R27,Y+16+1
000391 9614      	ADIW R26,4
000392 940e 03e0 	CALL __GETW1P
000394 83ee      	STD  Y+6,R30
000395 83ff      	STD  Y+6+1,R31
000396 81ae      	LDD  R26,Y+6
000397 81bf      	LDD  R27,Y+6+1
000398 9508      	RET
                 
                 ;OPTIMIZER ADDED SUBROUTINE, CALLED 2 TIMES, CODE SIZE REDUCTION:2 WORDS
                 SUBOPT_0x9:
000399 89a8      	LDD  R26,Y+16
00039a 89b9      	LDD  R27,Y+16+1
00039b 9614      	ADIW R26,4
00039c 940e 03e0 	CALL __GETW1P
00039e 87ea      	STD  Y+10,R30
00039f 87fb      	STD  Y+10+1,R31
0003a0 9508      	RET
                 
                 ;OPTIMIZER ADDED SUBROUTINE, CALLED 2 TIMES, CODE SIZE REDUCTION:1 WORDS
                 SUBOPT_0xA:
0003a1 01de      	MOVW R26,R28
0003a2 961c      	ADIW R26,12
0003a3 940e 03b2 	CALL __ADDW2R15
0003a5 940e 03e0 	CALL __GETW1P
0003a7 9508      	RET
                 
                 
                 	.CSEG
                 _delay_ms:
0003a8 9610      	adiw r26,0
0003a9 f039      	breq __delay_ms1
                 __delay_ms0:
                +
0003aa ed80     +LDI R24 , LOW ( 0x7D0 )
0003ab e097     +LDI R25 , HIGH ( 0x7D0 )
                +__DELAY_USW_LOOP :
0003ac 9701     +SBIW R24 , 1
0003ad f7f1     +BRNE __DELAY_USW_LOOP
                 	__DELAY_USW 0x7D0
0003ae 95a8      	wdr
0003af 9711      	sbiw r26,1
0003b0 f7c9      	brne __delay_ms0
                 __delay_ms1:
0003b1 9508      	ret
                 
                 __ADDW2R15:
0003b2 2400      	CLR  R0
0003b3 0daf      	ADD  R26,R15
0003b4 1db0      	ADC  R27,R0
0003b5 9508      	RET
                 
                 __ANEGW1:
0003b6 95f1      	NEG  R31
0003b7 95e1      	NEG  R30
0003b8 40f0      	SBCI R31,0
0003b9 9508      	RET
                 
                 __CWD1:
0003ba 2f6f      	MOV  R22,R31
0003bb 0f66      	ADD  R22,R22
0003bc 0b66      	SBC  R22,R22
0003bd 2f76      	MOV  R23,R22
0003be 9508      	RET
                 
                 __DIVW21U:
0003bf 2400      	CLR  R0
0003c0 2411      	CLR  R1
0003c1 e190      	LDI  R25,16
                 __DIVW21U1:
0003c2 0faa      	LSL  R26
0003c3 1fbb      	ROL  R27
0003c4 1c00      	ROL  R0
0003c5 1c11      	ROL  R1
0003c6 1a0e      	SUB  R0,R30
0003c7 0a1f      	SBC  R1,R31
0003c8 f418      	BRCC __DIVW21U2
0003c9 0e0e      	ADD  R0,R30
0003ca 1e1f      	ADC  R1,R31
0003cb c001      	RJMP __DIVW21U3
                 __DIVW21U2:
0003cc 60a1      	SBR  R26,1
                 __DIVW21U3:
0003cd 959a      	DEC  R25
0003ce f799      	BRNE __DIVW21U1
0003cf 01fd      	MOVW R30,R26
0003d0 01d0      	MOVW R26,R0
0003d1 9508      	RET
                 
                 __MODW21:
0003d2 94e8      	CLT
0003d3 ffb7      	SBRS R27,7
0003d4 c004      	RJMP __MODW211
0003d5 95a0      	COM  R26
0003d6 95b0      	COM  R27
0003d7 9611      	ADIW R26,1
0003d8 9468      	SET
                 __MODW211:
0003d9 fdf7      	SBRC R31,7
0003da dfdb      	RCALL __ANEGW1
0003db dfe3      	RCALL __DIVW21U
0003dc 01fd      	MOVW R30,R26
0003dd f40e      	BRTC __MODW212
0003de dfd7      	RCALL __ANEGW1
                 __MODW212:
0003df 9508      	RET
                 
                 __GETW1P:
0003e0 91ed      	LD   R30,X+
0003e1 91fc      	LD   R31,X
0003e2 9711      	SBIW R26,1
0003e3 9508      	RET
                 
                 __GETW1PF:
0003e4 9005      	LPM  R0,Z+
0003e5 91f4      	LPM  R31,Z
0003e6 2de0      	MOV  R30,R0
0003e7 9508      	RET
                 
                 __PUTPARD1:
0003e8 937a      	ST   -Y,R23
0003e9 936a      	ST   -Y,R22
0003ea 93fa      	ST   -Y,R31
0003eb 93ea      	ST   -Y,R30
0003ec 9508      	RET
                 
                 __SAVELOCR6:
0003ed 935a      	ST   -Y,R21
                 __SAVELOCR5:
0003ee 934a      	ST   -Y,R20
                 __SAVELOCR4:
0003ef 933a      	ST   -Y,R19
                 __SAVELOCR3:
0003f0 932a      	ST   -Y,R18
                 __SAVELOCR2:
0003f1 931a      	ST   -Y,R17
0003f2 930a      	ST   -Y,R16
0003f3 9508      	RET
                 
                 __LOADLOCR6:
0003f4 815d      	LDD  R21,Y+5
                 __LOADLOCR5:
0003f5 814c      	LDD  R20,Y+4
                 __LOADLOCR4:
0003f6 813b      	LDD  R19,Y+3
                 __LOADLOCR3:
0003f7 812a      	LDD  R18,Y+2
                 __LOADLOCR2:
0003f8 8119      	LDD  R17,Y+1
0003f9 8108      	LD   R16,Y
0003fa 9508      	RET
                 
                 ;END OF CODE MARKER
                 __END_OF_CODE:


RESOURCE USE INFORMATION
------------------------

Notice:
The register and instruction counts are symbol table hit counts,
and hence implicitly used resources are not counted, eg, the
'lpm' instruction without operands implicitly uses r0 and z,
none of which are counted.

x,y,z are separate entities in the symbol table and are
counted separately from r26..r31 here.

.dseg memory usage only counts static data declared with .byte

ATmega32 register use summary:
r0 :  16 r1 :   5 r2 :   0 r3 :   0 r4 :   4 r5 :   4 r6 :   0 r7 :   2 
r8 :   0 r9 :   0 r10:   0 r11:   0 r12:   0 r13:   0 r14:   0 r15:   4 
r16:  39 r17:  31 r18:  32 r19:  10 r20:  13 r21:  20 r22:  12 r23:   3 
r24:  23 r25:   7 r26: 112 r27:  44 r28:  18 r29:   1 r30: 209 r31:  65 
x  :  23 y  : 172 z  :  15 
Registers used: 25 out of 35 (71.4%)

ATmega32 instruction use summary:
.lds  :   0 .lds.l:   0 .sts  :   0 .sts.l:   0 adc   :   2 add   :   5 
adiw  :  28 and   :   0 andi  :   6 asr   :   0 bclr  :   0 bld   :   0 
brbc  :   0 brbs  :   0 brcc  :   1 brcs  :   0 break :   0 breq  :  17 
brge  :   0 brhc  :   0 brhs  :   0 brid  :   0 brie  :   0 brlo  :   8 
brlt  :   0 brmi  :   1 brne  :  33 brpl  :   1 brsh  :   2 brtc  :   1 
brts  :   0 brvc  :   0 brvs  :   0 bset  :   0 bst   :   0 call  :  61 
cbi   :   8 cbr   :   0 clc   :   0 clh   :   0 cli   :   1 cln   :   0 
clr   :  13 cls   :   0 clt   :   1 clv   :   0 clz   :   0 com   :   2 
cp    :   5 cpc   :   2 cpi   :  33 cpse  :   0 dec   :   6 des   :   0 
eor   :   0 fmul  :   0 fmuls :   0 fmulsu:   0 icall :   2 ijmp  :   0 
in    :   3 inc   :   2 jmp   :  24 ld    :  26 ldd   :  77 ldi   : 110 
lds   :   0 lpm   :  14 lsl   :   1 lsr   :   0 mov   :  27 movw  :  21 
mul   :   1 muls  :   0 mulsu :   0 neg   :   2 nop   :   0 or    :   1 
ori   :   7 out   :  44 pop   :   1 push  :   1 rcall :  21 ret   :  28 
reti  :   0 rjmp  :  65 rol   :   3 ror   :   0 sbc   :   3 sbci  :   3 
sbi   :  18 sbic  :   1 sbis  :   0 sbiw  :  21 sbr   :   1 sbrc  :   3 
sbrs  :  11 sec   :   0 seh   :   0 sei   :   0 sen   :   0 ser   :   0 
ses   :   0 set   :   1 sev   :   0 sez   :   0 sleep :   0 spm   :   0 
st    :  64 std   :  31 sts   :   2 sub   :   2 subi  :  18 swap  :   1 
tst   :   4 wdr   :   1 
Instructions used: 61 out of 116 (52.6%)

ATmega32 memory use summary [bytes]:
Segment   Begin    End      Code   Data   Used    Size   Use%
---------------------------------------------------------------
[.cseg] 0x000000 0x0007f6   1976     62   2038   32768   6.2%
[.dseg] 0x000060 0x000264      0      4      4    2048   0.2%
[.eseg] 0x000000 0x000000      0      0      0    1024   0.0%

Assembly complete, 0 errors, 4 warnings
