
AVRASM ver. 2.1.30  D:\university\7term\micro_graderi\project\spi\slave\Debug\List\slave.asm Mon Jan 21 11:05:26 2019

D:\university\7term\micro_graderi\project\spi\slave\Debug\List\slave.asm(1088): warning: Register r5 already defined by the .DEF directive
D:\university\7term\micro_graderi\project\spi\slave\Debug\List\slave.asm(1089): warning: Register r4 already defined by the .DEF directive
D:\university\7term\micro_graderi\project\spi\slave\Debug\List\slave.asm(1090): warning: Register r7 already defined by the .DEF directive
                 
                 
                 ;CodeVisionAVR C Compiler V3.12 Advanced
                 ;(C) Copyright 1998-2014 Pavel Haiduc, HP InfoTech s.r.l.
                 ;http://www.hpinfotech.com
                 
                 ;Build configuration    : Debug
                 ;Chip type              : ATmega32
                 ;Program type           : Application
                 ;Clock frequency        : 8.000000 MHz
                 ;Memory model           : Small
                 ;Optimize for           : Size
                 ;(s)printf features     : int, width
                 ;(s)scanf features      : int, width
                 ;External RAM size      : 0
                 ;Data Stack size        : 512 byte(s)
                 ;Heap size              : 0 byte(s)
                 ;Promote 'char' to 'int': Yes
                 ;'char' is unsigned     : Yes
                 ;8 bit enums            : Yes
                 ;Global 'const' stored in FLASH: Yes
                 ;Enhanced function parameter passing: Yes
                 ;Enhanced core instructions: On
                 ;Automatic register allocation for global variables: On
                 ;Smart register allocation: On
                 
                 	#define _MODEL_SMALL_
                 
                 	#pragma AVRPART ADMIN PART_NAME ATmega32
                 	#pragma AVRPART MEMORY PROG_FLASH 32768
                 	#pragma AVRPART MEMORY EEPROM 1024
                 	#pragma AVRPART MEMORY INT_SRAM SIZE 2048
                 	#pragma AVRPART MEMORY INT_SRAM START_ADDR 0x60
                 
                 	#define CALL_SUPPORTED 1
                 
                 	.LISTMAC
                 	.EQU UDRE=0x5
                 	.EQU RXC=0x7
                 	.EQU USR=0xB
                 	.EQU UDR=0xC
                 	.EQU SPSR=0xE
                 	.EQU SPDR=0xF
                 	.EQU EERE=0x0
                 	.EQU EEWE=0x1
                 	.EQU EEMWE=0x2
                 	.EQU EECR=0x1C
                 	.EQU EEDR=0x1D
                 	.EQU EEARL=0x1E
                 	.EQU EEARH=0x1F
                 	.EQU WDTCR=0x21
                 	.EQU MCUCR=0x35
                 	.EQU GICR=0x3B
                 	.EQU SPL=0x3D
                 	.EQU SPH=0x3E
                 	.EQU SREG=0x3F
                 
                 	.DEF R0X0=R0
                 	.DEF R0X1=R1
                 	.DEF R0X2=R2
                 	.DEF R0X3=R3
                 	.DEF R0X4=R4
                 	.DEF R0X5=R5
                 	.DEF R0X6=R6
                 	.DEF R0X7=R7
                 	.DEF R0X8=R8
                 	.DEF R0X9=R9
                 	.DEF R0XA=R10
                 	.DEF R0XB=R11
                 	.DEF R0XC=R12
                 	.DEF R0XD=R13
                 	.DEF R0XE=R14
                 	.DEF R0XF=R15
                 	.DEF R0X10=R16
                 	.DEF R0X11=R17
                 	.DEF R0X12=R18
                 	.DEF R0X13=R19
                 	.DEF R0X14=R20
                 	.DEF R0X15=R21
                 	.DEF R0X16=R22
                 	.DEF R0X17=R23
                 	.DEF R0X18=R24
                 	.DEF R0X19=R25
                 	.DEF R0X1A=R26
                 	.DEF R0X1B=R27
                 	.DEF R0X1C=R28
                 	.DEF R0X1D=R29
                 	.DEF R0X1E=R30
                 	.DEF R0X1F=R31
                 
                 	.EQU __SRAM_START=0x0060
                 	.EQU __SRAM_END=0x085F
                 	.EQU __DSTACK_SIZE=0x0200
                 	.EQU __HEAP_SIZE=0x0000
                 	.EQU __CLEAR_SRAM_SIZE=__SRAM_END-__SRAM_START+1
                 
                 	.MACRO __CPD1N
                 	CPI  R30,LOW(@0)
                 	LDI  R26,HIGH(@0)
                 	CPC  R31,R26
                 	LDI  R26,BYTE3(@0)
                 	CPC  R22,R26
                 	LDI  R26,BYTE4(@0)
                 	CPC  R23,R26
                 	.ENDM
                 
                 	.MACRO __CPD2N
                 	CPI  R26,LOW(@0)
                 	LDI  R30,HIGH(@0)
                 	CPC  R27,R30
                 	LDI  R30,BYTE3(@0)
                 	CPC  R24,R30
                 	LDI  R30,BYTE4(@0)
                 	CPC  R25,R30
                 	.ENDM
                 
                 	.MACRO __CPWRR
                 	CP   R@0,R@2
                 	CPC  R@1,R@3
                 	.ENDM
                 
                 	.MACRO __CPWRN
                 	CPI  R@0,LOW(@2)
                 	LDI  R30,HIGH(@2)
                 	CPC  R@1,R30
                 	.ENDM
                 
                 	.MACRO __ADDB1MN
                 	SUBI R30,LOW(-@0-(@1))
                 	.ENDM
                 
                 	.MACRO __ADDB2MN
                 	SUBI R26,LOW(-@0-(@1))
                 	.ENDM
                 
                 	.MACRO __ADDW1MN
                 	SUBI R30,LOW(-@0-(@1))
                 	SBCI R31,HIGH(-@0-(@1))
                 	.ENDM
                 
                 	.MACRO __ADDW2MN
                 	SUBI R26,LOW(-@0-(@1))
                 	SBCI R27,HIGH(-@0-(@1))
                 	.ENDM
                 
                 	.MACRO __ADDW1FN
                 	SUBI R30,LOW(-2*@0-(@1))
                 	SBCI R31,HIGH(-2*@0-(@1))
                 	.ENDM
                 
                 	.MACRO __ADDD1FN
                 	SUBI R30,LOW(-2*@0-(@1))
                 	SBCI R31,HIGH(-2*@0-(@1))
                 	SBCI R22,BYTE3(-2*@0-(@1))
                 	.ENDM
                 
                 	.MACRO __ADDD1N
                 	SUBI R30,LOW(-@0)
                 	SBCI R31,HIGH(-@0)
                 	SBCI R22,BYTE3(-@0)
                 	SBCI R23,BYTE4(-@0)
                 	.ENDM
                 
                 	.MACRO __ADDD2N
                 	SUBI R26,LOW(-@0)
                 	SBCI R27,HIGH(-@0)
                 	SBCI R24,BYTE3(-@0)
                 	SBCI R25,BYTE4(-@0)
                 	.ENDM
                 
                 	.MACRO __SUBD1N
                 	SUBI R30,LOW(@0)
                 	SBCI R31,HIGH(@0)
                 	SBCI R22,BYTE3(@0)
                 	SBCI R23,BYTE4(@0)
                 	.ENDM
                 
                 	.MACRO __SUBD2N
                 	SUBI R26,LOW(@0)
                 	SBCI R27,HIGH(@0)
                 	SBCI R24,BYTE3(@0)
                 	SBCI R25,BYTE4(@0)
                 	.ENDM
                 
                 	.MACRO __ANDBMNN
                 	LDS  R30,@0+(@1)
                 	ANDI R30,LOW(@2)
                 	STS  @0+(@1),R30
                 	.ENDM
                 
                 	.MACRO __ANDWMNN
                 	LDS  R30,@0+(@1)
                 	ANDI R30,LOW(@2)
                 	STS  @0+(@1),R30
                 	LDS  R30,@0+(@1)+1
                 	ANDI R30,HIGH(@2)
                 	STS  @0+(@1)+1,R30
                 	.ENDM
                 
                 	.MACRO __ANDD1N
                 	ANDI R30,LOW(@0)
                 	ANDI R31,HIGH(@0)
                 	ANDI R22,BYTE3(@0)
                 	ANDI R23,BYTE4(@0)
                 	.ENDM
                 
                 	.MACRO __ANDD2N
                 	ANDI R26,LOW(@0)
                 	ANDI R27,HIGH(@0)
                 	ANDI R24,BYTE3(@0)
                 	ANDI R25,BYTE4(@0)
                 	.ENDM
                 
                 	.MACRO __ORBMNN
                 	LDS  R30,@0+(@1)
                 	ORI  R30,LOW(@2)
                 	STS  @0+(@1),R30
                 	.ENDM
                 
                 	.MACRO __ORWMNN
                 	LDS  R30,@0+(@1)
                 	ORI  R30,LOW(@2)
                 	STS  @0+(@1),R30
                 	LDS  R30,@0+(@1)+1
                 	ORI  R30,HIGH(@2)
                 	STS  @0+(@1)+1,R30
                 	.ENDM
                 
                 	.MACRO __ORD1N
                 	ORI  R30,LOW(@0)
                 	ORI  R31,HIGH(@0)
                 	ORI  R22,BYTE3(@0)
                 	ORI  R23,BYTE4(@0)
                 	.ENDM
                 
                 	.MACRO __ORD2N
                 	ORI  R26,LOW(@0)
                 	ORI  R27,HIGH(@0)
                 	ORI  R24,BYTE3(@0)
                 	ORI  R25,BYTE4(@0)
                 	.ENDM
                 
                 	.MACRO __DELAY_USB
                 	LDI  R24,LOW(@0)
                 __DELAY_USB_LOOP:
                 	DEC  R24
                 	BRNE __DELAY_USB_LOOP
                 	.ENDM
                 
                 	.MACRO __DELAY_USW
                 	LDI  R24,LOW(@0)
                 	LDI  R25,HIGH(@0)
                 __DELAY_USW_LOOP:
                 	SBIW R24,1
                 	BRNE __DELAY_USW_LOOP
                 	.ENDM
                 
                 	.MACRO __GETD1S
                 	LDD  R30,Y+@0
                 	LDD  R31,Y+@0+1
                 	LDD  R22,Y+@0+2
                 	LDD  R23,Y+@0+3
                 	.ENDM
                 
                 	.MACRO __GETD2S
                 	LDD  R26,Y+@0
                 	LDD  R27,Y+@0+1
                 	LDD  R24,Y+@0+2
                 	LDD  R25,Y+@0+3
                 	.ENDM
                 
                 	.MACRO __PUTD1S
                 	STD  Y+@0,R30
                 	STD  Y+@0+1,R31
                 	STD  Y+@0+2,R22
                 	STD  Y+@0+3,R23
                 	.ENDM
                 
                 	.MACRO __PUTD2S
                 	STD  Y+@0,R26
                 	STD  Y+@0+1,R27
                 	STD  Y+@0+2,R24
                 	STD  Y+@0+3,R25
                 	.ENDM
                 
                 	.MACRO __PUTDZ2
                 	STD  Z+@0,R26
                 	STD  Z+@0+1,R27
                 	STD  Z+@0+2,R24
                 	STD  Z+@0+3,R25
                 	.ENDM
                 
                 	.MACRO __CLRD1S
                 	STD  Y+@0,R30
                 	STD  Y+@0+1,R30
                 	STD  Y+@0+2,R30
                 	STD  Y+@0+3,R30
                 	.ENDM
                 
                 	.MACRO __POINTB1MN
                 	LDI  R30,LOW(@0+(@1))
                 	.ENDM
                 
                 	.MACRO __POINTW1MN
                 	LDI  R30,LOW(@0+(@1))
                 	LDI  R31,HIGH(@0+(@1))
                 	.ENDM
                 
                 	.MACRO __POINTD1M
                 	LDI  R30,LOW(@0)
                 	LDI  R31,HIGH(@0)
                 	LDI  R22,BYTE3(@0)
                 	LDI  R23,BYTE4(@0)
                 	.ENDM
                 
                 	.MACRO __POINTW1FN
                 	LDI  R30,LOW(2*@0+(@1))
                 	LDI  R31,HIGH(2*@0+(@1))
                 	.ENDM
                 
                 	.MACRO __POINTD1FN
                 	LDI  R30,LOW(2*@0+(@1))
                 	LDI  R31,HIGH(2*@0+(@1))
                 	LDI  R22,BYTE3(2*@0+(@1))
                 	LDI  R23,BYTE4(2*@0+(@1))
                 	.ENDM
                 
                 	.MACRO __POINTB2MN
                 	LDI  R26,LOW(@0+(@1))
                 	.ENDM
                 
                 	.MACRO __POINTW2MN
                 	LDI  R26,LOW(@0+(@1))
                 	LDI  R27,HIGH(@0+(@1))
                 	.ENDM
                 
                 	.MACRO __POINTW2FN
                 	LDI  R26,LOW(2*@0+(@1))
                 	LDI  R27,HIGH(2*@0+(@1))
                 	.ENDM
                 
                 	.MACRO __POINTD2FN
                 	LDI  R26,LOW(2*@0+(@1))
                 	LDI  R27,HIGH(2*@0+(@1))
                 	LDI  R24,BYTE3(2*@0+(@1))
                 	LDI  R25,BYTE4(2*@0+(@1))
                 	.ENDM
                 
                 	.MACRO __POINTBRM
                 	LDI  R@0,LOW(@1)
                 	.ENDM
                 
                 	.MACRO __POINTWRM
                 	LDI  R@0,LOW(@2)
                 	LDI  R@1,HIGH(@2)
                 	.ENDM
                 
                 	.MACRO __POINTBRMN
                 	LDI  R@0,LOW(@1+(@2))
                 	.ENDM
                 
                 	.MACRO __POINTWRMN
                 	LDI  R@0,LOW(@2+(@3))
                 	LDI  R@1,HIGH(@2+(@3))
                 	.ENDM
                 
                 	.MACRO __POINTWRFN
                 	LDI  R@0,LOW(@2*2+(@3))
                 	LDI  R@1,HIGH(@2*2+(@3))
                 	.ENDM
                 
                 	.MACRO __GETD1N
                 	LDI  R30,LOW(@0)
                 	LDI  R31,HIGH(@0)
                 	LDI  R22,BYTE3(@0)
                 	LDI  R23,BYTE4(@0)
                 	.ENDM
                 
                 	.MACRO __GETD2N
                 	LDI  R26,LOW(@0)
                 	LDI  R27,HIGH(@0)
                 	LDI  R24,BYTE3(@0)
                 	LDI  R25,BYTE4(@0)
                 	.ENDM
                 
                 	.MACRO __GETB1MN
                 	LDS  R30,@0+(@1)
                 	.ENDM
                 
                 	.MACRO __GETB1HMN
                 	LDS  R31,@0+(@1)
                 	.ENDM
                 
                 	.MACRO __GETW1MN
                 	LDS  R30,@0+(@1)
                 	LDS  R31,@0+(@1)+1
                 	.ENDM
                 
                 	.MACRO __GETD1MN
                 	LDS  R30,@0+(@1)
                 	LDS  R31,@0+(@1)+1
                 	LDS  R22,@0+(@1)+2
                 	LDS  R23,@0+(@1)+3
                 	.ENDM
                 
                 	.MACRO __GETBRMN
                 	LDS  R@0,@1+(@2)
                 	.ENDM
                 
                 	.MACRO __GETWRMN
                 	LDS  R@0,@2+(@3)
                 	LDS  R@1,@2+(@3)+1
                 	.ENDM
                 
                 	.MACRO __GETWRZ
                 	LDD  R@0,Z+@2
                 	LDD  R@1,Z+@2+1
                 	.ENDM
                 
                 	.MACRO __GETD2Z
                 	LDD  R26,Z+@0
                 	LDD  R27,Z+@0+1
                 	LDD  R24,Z+@0+2
                 	LDD  R25,Z+@0+3
                 	.ENDM
                 
                 	.MACRO __GETB2MN
                 	LDS  R26,@0+(@1)
                 	.ENDM
                 
                 	.MACRO __GETW2MN
                 	LDS  R26,@0+(@1)
                 	LDS  R27,@0+(@1)+1
                 	.ENDM
                 
                 	.MACRO __GETD2MN
                 	LDS  R26,@0+(@1)
                 	LDS  R27,@0+(@1)+1
                 	LDS  R24,@0+(@1)+2
                 	LDS  R25,@0+(@1)+3
                 	.ENDM
                 
                 	.MACRO __PUTB1MN
                 	STS  @0+(@1),R30
                 	.ENDM
                 
                 	.MACRO __PUTW1MN
                 	STS  @0+(@1),R30
                 	STS  @0+(@1)+1,R31
                 	.ENDM
                 
                 	.MACRO __PUTD1MN
                 	STS  @0+(@1),R30
                 	STS  @0+(@1)+1,R31
                 	STS  @0+(@1)+2,R22
                 	STS  @0+(@1)+3,R23
                 	.ENDM
                 
                 	.MACRO __PUTB1EN
                 	LDI  R26,LOW(@0+(@1))
                 	LDI  R27,HIGH(@0+(@1))
                 	CALL __EEPROMWRB
                 	.ENDM
                 
                 	.MACRO __PUTW1EN
                 	LDI  R26,LOW(@0+(@1))
                 	LDI  R27,HIGH(@0+(@1))
                 	CALL __EEPROMWRW
                 	.ENDM
                 
                 	.MACRO __PUTD1EN
                 	LDI  R26,LOW(@0+(@1))
                 	LDI  R27,HIGH(@0+(@1))
                 	CALL __EEPROMWRD
                 	.ENDM
                 
                 	.MACRO __PUTBR0MN
                 	STS  @0+(@1),R0
                 	.ENDM
                 
                 	.MACRO __PUTBMRN
                 	STS  @0+(@1),R@2
                 	.ENDM
                 
                 	.MACRO __PUTWMRN
                 	STS  @0+(@1),R@2
                 	STS  @0+(@1)+1,R@3
                 	.ENDM
                 
                 	.MACRO __PUTBZR
                 	STD  Z+@1,R@0
                 	.ENDM
                 
                 	.MACRO __PUTWZR
                 	STD  Z+@2,R@0
                 	STD  Z+@2+1,R@1
                 	.ENDM
                 
                 	.MACRO __GETW1R
                 	MOV  R30,R@0
                 	MOV  R31,R@1
                 	.ENDM
                 
                 	.MACRO __GETW2R
                 	MOV  R26,R@0
                 	MOV  R27,R@1
                 	.ENDM
                 
                 	.MACRO __GETWRN
                 	LDI  R@0,LOW(@2)
                 	LDI  R@1,HIGH(@2)
                 	.ENDM
                 
                 	.MACRO __PUTW1R
                 	MOV  R@0,R30
                 	MOV  R@1,R31
                 	.ENDM
                 
                 	.MACRO __PUTW2R
                 	MOV  R@0,R26
                 	MOV  R@1,R27
                 	.ENDM
                 
                 	.MACRO __ADDWRN
                 	SUBI R@0,LOW(-@2)
                 	SBCI R@1,HIGH(-@2)
                 	.ENDM
                 
                 	.MACRO __ADDWRR
                 	ADD  R@0,R@2
                 	ADC  R@1,R@3
                 	.ENDM
                 
                 	.MACRO __SUBWRN
                 	SUBI R@0,LOW(@2)
                 	SBCI R@1,HIGH(@2)
                 	.ENDM
                 
                 	.MACRO __SUBWRR
                 	SUB  R@0,R@2
                 	SBC  R@1,R@3
                 	.ENDM
                 
                 	.MACRO __ANDWRN
                 	ANDI R@0,LOW(@2)
                 	ANDI R@1,HIGH(@2)
                 	.ENDM
                 
                 	.MACRO __ANDWRR
                 	AND  R@0,R@2
                 	AND  R@1,R@3
                 	.ENDM
                 
                 	.MACRO __ORWRN
                 	ORI  R@0,LOW(@2)
                 	ORI  R@1,HIGH(@2)
                 	.ENDM
                 
                 	.MACRO __ORWRR
                 	OR   R@0,R@2
                 	OR   R@1,R@3
                 	.ENDM
                 
                 	.MACRO __EORWRR
                 	EOR  R@0,R@2
                 	EOR  R@1,R@3
                 	.ENDM
                 
                 	.MACRO __GETWRS
                 	LDD  R@0,Y+@2
                 	LDD  R@1,Y+@2+1
                 	.ENDM
                 
                 	.MACRO __PUTBSR
                 	STD  Y+@1,R@0
                 	.ENDM
                 
                 	.MACRO __PUTWSR
                 	STD  Y+@2,R@0
                 	STD  Y+@2+1,R@1
                 	.ENDM
                 
                 	.MACRO __MOVEWRR
                 	MOV  R@0,R@2
                 	MOV  R@1,R@3
                 	.ENDM
                 
                 	.MACRO __INWR
                 	IN   R@0,@2
                 	IN   R@1,@2+1
                 	.ENDM
                 
                 	.MACRO __OUTWR
                 	OUT  @2+1,R@1
                 	OUT  @2,R@0
                 	.ENDM
                 
                 	.MACRO __CALL1MN
                 	LDS  R30,@0+(@1)
                 	LDS  R31,@0+(@1)+1
                 	ICALL
                 	.ENDM
                 
                 	.MACRO __CALL1FN
                 	LDI  R30,LOW(2*@0+(@1))
                 	LDI  R31,HIGH(2*@0+(@1))
                 	CALL __GETW1PF
                 	ICALL
                 	.ENDM
                 
                 	.MACRO __CALL2EN
                 	PUSH R26
                 	PUSH R27
                 	LDI  R26,LOW(@0+(@1))
                 	LDI  R27,HIGH(@0+(@1))
                 	CALL __EEPROMRDW
                 	POP  R27
                 	POP  R26
                 	ICALL
                 	.ENDM
                 
                 	.MACRO __CALL2EX
                 	SUBI R26,LOW(-@0)
                 	SBCI R27,HIGH(-@0)
                 	CALL __EEPROMRDD
                 	ICALL
                 	.ENDM
                 
                 	.MACRO __GETW1STACK
                 	IN   R30,SPL
                 	IN   R31,SPH
                 	ADIW R30,@0+1
                 	LD   R0,Z+
                 	LD   R31,Z
                 	MOV  R30,R0
                 	.ENDM
                 
                 	.MACRO __GETD1STACK
                 	IN   R30,SPL
                 	IN   R31,SPH
                 	ADIW R30,@0+1
                 	LD   R0,Z+
                 	LD   R1,Z+
                 	LD   R22,Z
                 	MOVW R30,R0
                 	.ENDM
                 
                 	.MACRO __NBST
                 	BST  R@0,@1
                 	IN   R30,SREG
                 	LDI  R31,0x40
                 	EOR  R30,R31
                 	OUT  SREG,R30
                 	.ENDM
                 
                 
                 	.MACRO __PUTB1SN
                 	LDD  R26,Y+@0
                 	LDD  R27,Y+@0+1
                 	SUBI R26,LOW(-@1)
                 	SBCI R27,HIGH(-@1)
                 	ST   X,R30
                 	.ENDM
                 
                 	.MACRO __PUTW1SN
                 	LDD  R26,Y+@0
                 	LDD  R27,Y+@0+1
                 	SUBI R26,LOW(-@1)
                 	SBCI R27,HIGH(-@1)
                 	ST   X+,R30
                 	ST   X,R31
                 	.ENDM
                 
                 	.MACRO __PUTD1SN
                 	LDD  R26,Y+@0
                 	LDD  R27,Y+@0+1
                 	SUBI R26,LOW(-@1)
                 	SBCI R27,HIGH(-@1)
                 	CALL __PUTDP1
                 	.ENDM
                 
                 	.MACRO __PUTB1SNS
                 	LDD  R26,Y+@0
                 	LDD  R27,Y+@0+1
                 	ADIW R26,@1
                 	ST   X,R30
                 	.ENDM
                 
                 	.MACRO __PUTW1SNS
                 	LDD  R26,Y+@0
                 	LDD  R27,Y+@0+1
                 	ADIW R26,@1
                 	ST   X+,R30
                 	ST   X,R31
                 	.ENDM
                 
                 	.MACRO __PUTD1SNS
                 	LDD  R26,Y+@0
                 	LDD  R27,Y+@0+1
                 	ADIW R26,@1
                 	CALL __PUTDP1
                 	.ENDM
                 
                 	.MACRO __PUTB1PMN
                 	LDS  R26,@0
                 	LDS  R27,@0+1
                 	SUBI R26,LOW(-@1)
                 	SBCI R27,HIGH(-@1)
                 	ST   X,R30
                 	.ENDM
                 
                 	.MACRO __PUTW1PMN
                 	LDS  R26,@0
                 	LDS  R27,@0+1
                 	SUBI R26,LOW(-@1)
                 	SBCI R27,HIGH(-@1)
                 	ST   X+,R30
                 	ST   X,R31
                 	.ENDM
                 
                 	.MACRO __PUTD1PMN
                 	LDS  R26,@0
                 	LDS  R27,@0+1
                 	SUBI R26,LOW(-@1)
                 	SBCI R27,HIGH(-@1)
                 	CALL __PUTDP1
                 	.ENDM
                 
                 	.MACRO __PUTB1PMNS
                 	LDS  R26,@0
                 	LDS  R27,@0+1
                 	ADIW R26,@1
                 	ST   X,R30
                 	.ENDM
                 
                 	.MACRO __PUTW1PMNS
                 	LDS  R26,@0
                 	LDS  R27,@0+1
                 	ADIW R26,@1
                 	ST   X+,R30
                 	ST   X,R31
                 	.ENDM
                 
                 	.MACRO __PUTD1PMNS
                 	LDS  R26,@0
                 	LDS  R27,@0+1
                 	ADIW R26,@1
                 	CALL __PUTDP1
                 	.ENDM
                 
                 	.MACRO __PUTB1RN
                 	MOVW R26,R@0
                 	SUBI R26,LOW(-@1)
                 	SBCI R27,HIGH(-@1)
                 	ST   X,R30
                 	.ENDM
                 
                 	.MACRO __PUTW1RN
                 	MOVW R26,R@0
                 	SUBI R26,LOW(-@1)
                 	SBCI R27,HIGH(-@1)
                 	ST   X+,R30
                 	ST   X,R31
                 	.ENDM
                 
                 	.MACRO __PUTD1RN
                 	MOVW R26,R@0
                 	SUBI R26,LOW(-@1)
                 	SBCI R27,HIGH(-@1)
                 	CALL __PUTDP1
                 	.ENDM
                 
                 	.MACRO __PUTB1RNS
                 	MOVW R26,R@0
                 	ADIW R26,@1
                 	ST   X,R30
                 	.ENDM
                 
                 	.MACRO __PUTW1RNS
                 	MOVW R26,R@0
                 	ADIW R26,@1
                 	ST   X+,R30
                 	ST   X,R31
                 	.ENDM
                 
                 	.MACRO __PUTD1RNS
                 	MOVW R26,R@0
                 	ADIW R26,@1
                 	CALL __PUTDP1
                 	.ENDM
                 
                 	.MACRO __PUTB1RON
                 	MOV  R26,R@0
                 	MOV  R27,R@1
                 	SUBI R26,LOW(-@2)
                 	SBCI R27,HIGH(-@2)
                 	ST   X,R30
                 	.ENDM
                 
                 	.MACRO __PUTW1RON
                 	MOV  R26,R@0
                 	MOV  R27,R@1
                 	SUBI R26,LOW(-@2)
                 	SBCI R27,HIGH(-@2)
                 	ST   X+,R30
                 	ST   X,R31
                 	.ENDM
                 
                 	.MACRO __PUTD1RON
                 	MOV  R26,R@0
                 	MOV  R27,R@1
                 	SUBI R26,LOW(-@2)
                 	SBCI R27,HIGH(-@2)
                 	CALL __PUTDP1
                 	.ENDM
                 
                 	.MACRO __PUTB1RONS
                 	MOV  R26,R@0
                 	MOV  R27,R@1
                 	ADIW R26,@2
                 	ST   X,R30
                 	.ENDM
                 
                 	.MACRO __PUTW1RONS
                 	MOV  R26,R@0
                 	MOV  R27,R@1
                 	ADIW R26,@2
                 	ST   X+,R30
                 	ST   X,R31
                 	.ENDM
                 
                 	.MACRO __PUTD1RONS
                 	MOV  R26,R@0
                 	MOV  R27,R@1
                 	ADIW R26,@2
                 	CALL __PUTDP1
                 	.ENDM
                 
                 
                 	.MACRO __GETB1SX
                 	MOVW R30,R28
                 	SUBI R30,LOW(-@0)
                 	SBCI R31,HIGH(-@0)
                 	LD   R30,Z
                 	.ENDM
                 
                 	.MACRO __GETB1HSX
                 	MOVW R30,R28
                 	SUBI R30,LOW(-@0)
                 	SBCI R31,HIGH(-@0)
                 	LD   R31,Z
                 	.ENDM
                 
                 	.MACRO __GETW1SX
                 	MOVW R30,R28
                 	SUBI R30,LOW(-@0)
                 	SBCI R31,HIGH(-@0)
                 	LD   R0,Z+
                 	LD   R31,Z
                 	MOV  R30,R0
                 	.ENDM
                 
                 	.MACRO __GETD1SX
                 	MOVW R30,R28
                 	SUBI R30,LOW(-@0)
                 	SBCI R31,HIGH(-@0)
                 	LD   R0,Z+
                 	LD   R1,Z+
                 	LD   R22,Z+
                 	LD   R23,Z
                 	MOVW R30,R0
                 	.ENDM
                 
                 	.MACRO __GETB2SX
                 	MOVW R26,R28
                 	SUBI R26,LOW(-@0)
                 	SBCI R27,HIGH(-@0)
                 	LD   R26,X
                 	.ENDM
                 
                 	.MACRO __GETW2SX
                 	MOVW R26,R28
                 	SUBI R26,LOW(-@0)
                 	SBCI R27,HIGH(-@0)
                 	LD   R0,X+
                 	LD   R27,X
                 	MOV  R26,R0
                 	.ENDM
                 
                 	.MACRO __GETD2SX
                 	MOVW R26,R28
                 	SUBI R26,LOW(-@0)
                 	SBCI R27,HIGH(-@0)
                 	LD   R0,X+
                 	LD   R1,X+
                 	LD   R24,X+
                 	LD   R25,X
                 	MOVW R26,R0
                 	.ENDM
                 
                 	.MACRO __GETBRSX
                 	MOVW R30,R28
                 	SUBI R30,LOW(-@1)
                 	SBCI R31,HIGH(-@1)
                 	LD   R@0,Z
                 	.ENDM
                 
                 	.MACRO __GETWRSX
                 	MOVW R30,R28
                 	SUBI R30,LOW(-@2)
                 	SBCI R31,HIGH(-@2)
                 	LD   R@0,Z+
                 	LD   R@1,Z
                 	.ENDM
                 
                 	.MACRO __GETBRSX2
                 	MOVW R26,R28
                 	SUBI R26,LOW(-@1)
                 	SBCI R27,HIGH(-@1)
                 	LD   R@0,X
                 	.ENDM
                 
                 	.MACRO __GETWRSX2
                 	MOVW R26,R28
                 	SUBI R26,LOW(-@2)
                 	SBCI R27,HIGH(-@2)
                 	LD   R@0,X+
                 	LD   R@1,X
                 	.ENDM
                 
                 	.MACRO __LSLW8SX
                 	MOVW R30,R28
                 	SUBI R30,LOW(-@0)
                 	SBCI R31,HIGH(-@0)
                 	LD   R31,Z
                 	CLR  R30
                 	.ENDM
                 
                 	.MACRO __PUTB1SX
                 	MOVW R26,R28
                 	SUBI R26,LOW(-@0)
                 	SBCI R27,HIGH(-@0)
                 	ST   X,R30
                 	.ENDM
                 
                 	.MACRO __PUTW1SX
                 	MOVW R26,R28
                 	SUBI R26,LOW(-@0)
                 	SBCI R27,HIGH(-@0)
                 	ST   X+,R30
                 	ST   X,R31
                 	.ENDM
                 
                 	.MACRO __PUTD1SX
                 	MOVW R26,R28
                 	SUBI R26,LOW(-@0)
                 	SBCI R27,HIGH(-@0)
                 	ST   X+,R30
                 	ST   X+,R31
                 	ST   X+,R22
                 	ST   X,R23
                 	.ENDM
                 
                 	.MACRO __CLRW1SX
                 	MOVW R26,R28
                 	SUBI R26,LOW(-@0)
                 	SBCI R27,HIGH(-@0)
                 	ST   X+,R30
                 	ST   X,R30
                 	.ENDM
                 
                 	.MACRO __CLRD1SX
                 	MOVW R26,R28
                 	SUBI R26,LOW(-@0)
                 	SBCI R27,HIGH(-@0)
                 	ST   X+,R30
                 	ST   X+,R30
                 	ST   X+,R30
                 	ST   X,R30
                 	.ENDM
                 
                 	.MACRO __PUTB2SX
                 	MOVW R30,R28
                 	SUBI R30,LOW(-@0)
                 	SBCI R31,HIGH(-@0)
                 	ST   Z,R26
                 	.ENDM
                 
                 	.MACRO __PUTW2SX
                 	MOVW R30,R28
                 	SUBI R30,LOW(-@0)
                 	SBCI R31,HIGH(-@0)
                 	ST   Z+,R26
                 	ST   Z,R27
                 	.ENDM
                 
                 	.MACRO __PUTD2SX
                 	MOVW R30,R28
                 	SUBI R30,LOW(-@0)
                 	SBCI R31,HIGH(-@0)
                 	ST   Z+,R26
                 	ST   Z+,R27
                 	ST   Z+,R24
                 	ST   Z,R25
                 	.ENDM
                 
                 	.MACRO __PUTBSRX
                 	MOVW R30,R28
                 	SUBI R30,LOW(-@1)
                 	SBCI R31,HIGH(-@1)
                 	ST   Z,R@0
                 	.ENDM
                 
                 	.MACRO __PUTWSRX
                 	MOVW R30,R28
                 	SUBI R30,LOW(-@2)
                 	SBCI R31,HIGH(-@2)
                 	ST   Z+,R@0
                 	ST   Z,R@1
                 	.ENDM
                 
                 	.MACRO __PUTB1SNX
                 	MOVW R26,R28
                 	SUBI R26,LOW(-@0)
                 	SBCI R27,HIGH(-@0)
                 	LD   R0,X+
                 	LD   R27,X
                 	MOV  R26,R0
                 	SUBI R26,LOW(-@1)
                 	SBCI R27,HIGH(-@1)
                 	ST   X,R30
                 	.ENDM
                 
                 	.MACRO __PUTW1SNX
                 	MOVW R26,R28
                 	SUBI R26,LOW(-@0)
                 	SBCI R27,HIGH(-@0)
                 	LD   R0,X+
                 	LD   R27,X
                 	MOV  R26,R0
                 	SUBI R26,LOW(-@1)
                 	SBCI R27,HIGH(-@1)
                 	ST   X+,R30
                 	ST   X,R31
                 	.ENDM
                 
                 	.MACRO __PUTD1SNX
                 	MOVW R26,R28
                 	SUBI R26,LOW(-@0)
                 	SBCI R27,HIGH(-@0)
                 	LD   R0,X+
                 	LD   R27,X
                 	MOV  R26,R0
                 	SUBI R26,LOW(-@1)
                 	SBCI R27,HIGH(-@1)
                 	ST   X+,R30
                 	ST   X+,R31
                 	ST   X+,R22
                 	ST   X,R23
                 	.ENDM
                 
                 	.MACRO __MULBRR
                 	MULS R@0,R@1
                 	MOVW R30,R0
                 	.ENDM
                 
                 	.MACRO __MULBRRU
                 	MUL  R@0,R@1
                 	MOVW R30,R0
                 	.ENDM
                 
                 	.MACRO __MULBRR0
                 	MULS R@0,R@1
                 	.ENDM
                 
                 	.MACRO __MULBRRU0
                 	MUL  R@0,R@1
                 	.ENDM
                 
                 	.MACRO __MULBNWRU
                 	LDI  R26,@2
                 	MUL  R26,R@0
                 	MOVW R30,R0
                 	MUL  R26,R@1
                 	ADD  R31,R0
                 	.ENDM
                 
                 ;NAME DEFINITIONS FOR GLOBAL VARIABLES ALLOCATED TO REGISTERS
                 	.DEF __lcd_x=R5
                 	.DEF __lcd_y=R4
                 	.DEF __lcd_maxx=R7
                 
                 	.CSEG
                 	.ORG 0x00
                 
                 ;START OF CODE MARKER
                 __START_OF_CODE:
                 
                 ;INTERRUPT VECTORS
000000 940c 0044 	JMP  __RESET
000002 940c 0000 	JMP  0x00
000004 940c 0000 	JMP  0x00
000006 940c 0000 	JMP  0x00
000008 940c 0000 	JMP  0x00
00000a 940c 0000 	JMP  0x00
00000c 940c 0000 	JMP  0x00
00000e 940c 0000 	JMP  0x00
000010 940c 0000 	JMP  0x00
000012 940c 0000 	JMP  0x00
000014 940c 0000 	JMP  0x00
000016 940c 0000 	JMP  0x00
000018 940c 0000 	JMP  0x00
00001a 940c 0000 	JMP  0x00
00001c 940c 0000 	JMP  0x00
00001e 940c 0000 	JMP  0x00
000020 940c 0000 	JMP  0x00
000022 940c 0000 	JMP  0x00
000024 940c 0000 	JMP  0x00
000026 940c 0000 	JMP  0x00
000028 940c 0000 	JMP  0x00
                 
                 _tbl10_G102:
00002a 2710
00002b 03e8
00002c 0064
00002d 000a      	.DB  0x10,0x27,0xE8,0x3,0x64,0x0,0xA,0x0
00002e 0001      	.DB  0x1,0x0
                 _tbl16_G102:
00002f 1000
000030 0100
000031 0010
000032 0001      	.DB  0x0,0x10,0x0,0x1,0x10,0x0,0x1,0x0
                 
                 _0x0:
000033 3d74
000034 6425
000035 7220
000036 253d      	.DB  0x74,0x3D,0x25,0x64,0x20,0x72,0x3D,0x25
000037 0a64
000038 7400
000039 3d74
00003a 6425      	.DB  0x64,0xA,0x0,0x74,0x74,0x3D,0x25,0x64
00003b 7220
00003c 3d72
00003d 6425
D:\university\7term\micro_graderi\project\spi\slave\Debug\List\slave.asm(1130): warning: .cseg .db misalignment - padding zero byte
00003e 0000      	.DB  0x20,0x72,0x72,0x3D,0x25,0x64,0x0
                 _0x2000003:
00003f c080      	.DB  0x80,0xC0
                 
                 __GLOBAL_INI_TBL:
000040 0002      	.DW  0x02
000041 0260      	.DW  __base_y_G100
000042 007e      	.DW  _0x2000003*2
                 
                 _0xFFFFFFFF:
000043 0000      	.DW  0
                 
                 #define __GLOBAL_INI_TBL_PRESENT 1
                 
                 __RESET:
000044 94f8      	CLI
000045 27ee      	CLR  R30
000046 bbec      	OUT  EECR,R30
                 
                 ;INTERRUPT VECTORS ARE PLACED
                 ;AT THE START OF FLASH
000047 e0f1      	LDI  R31,1
000048 bffb      	OUT  GICR,R31
000049 bfeb      	OUT  GICR,R30
00004a bfe5      	OUT  MCUCR,R30
                 
                 ;CLEAR R2-R14
00004b e08d      	LDI  R24,(14-2)+1
00004c e0a2      	LDI  R26,2
00004d 27bb      	CLR  R27
                 __CLEAR_REG:
00004e 93ed      	ST   X+,R30
00004f 958a      	DEC  R24
000050 f7e9      	BRNE __CLEAR_REG
                 
                 ;CLEAR SRAM
000051 e080      	LDI  R24,LOW(__CLEAR_SRAM_SIZE)
000052 e098      	LDI  R25,HIGH(__CLEAR_SRAM_SIZE)
000053 e6a0      	LDI  R26,__SRAM_START
                 __CLEAR_SRAM:
000054 93ed      	ST   X+,R30
000055 9701      	SBIW R24,1
000056 f7e9      	BRNE __CLEAR_SRAM
                 
                 ;GLOBAL VARIABLES INITIALIZATION
000057 e8e0      	LDI  R30,LOW(__GLOBAL_INI_TBL*2)
000058 e0f0      	LDI  R31,HIGH(__GLOBAL_INI_TBL*2)
                 __GLOBAL_INI_NEXT:
000059 9185      	LPM  R24,Z+
00005a 9195      	LPM  R25,Z+
00005b 9700      	SBIW R24,0
00005c f061      	BREQ __GLOBAL_INI_END
00005d 91a5      	LPM  R26,Z+
00005e 91b5      	LPM  R27,Z+
00005f 9005      	LPM  R0,Z+
000060 9015      	LPM  R1,Z+
000061 01bf      	MOVW R22,R30
000062 01f0      	MOVW R30,R0
                 __GLOBAL_INI_LOOP:
000063 9005      	LPM  R0,Z+
000064 920d      	ST   X+,R0
000065 9701      	SBIW R24,1
000066 f7e1      	BRNE __GLOBAL_INI_LOOP
000067 01fb      	MOVW R30,R22
000068 cff0      	RJMP __GLOBAL_INI_NEXT
                 __GLOBAL_INI_END:
                 
                 ;HARDWARE STACK POINTER INITIALIZATION
000069 e5ef      	LDI  R30,LOW(__SRAM_END-__HEAP_SIZE)
00006a bfed      	OUT  SPL,R30
00006b e0e8      	LDI  R30,HIGH(__SRAM_END-__HEAP_SIZE)
00006c bfee      	OUT  SPH,R30
                 
                 ;DATA STACK POINTER INITIALIZATION
00006d e6c0      	LDI  R28,LOW(__SRAM_START+__DSTACK_SIZE)
00006e e0d2      	LDI  R29,HIGH(__SRAM_START+__DSTACK_SIZE)
                 
00006f 940c 007f 	JMP  _main
                 
                 	.ESEG
                 	.ORG 0
                 
                 	.DSEG
                 	.ORG 0x260
                 
                 	.CSEG
                 ;/*******************************************************
                 ;This program was created by the
                 ;CodeWizardAVR V3.12 Advanced
                 ;Automatic Program Generator
                 ;© Copyright 1998-2014 Pavel Haiduc, HP InfoTech s.r.l.
                 ;http://www.hpinfotech.com
                 ;
                 ;Project :
                 ;Version :
                 ;Date    : 1/20/2019
                 ;Author  :
                 ;Company :
                 ;Comments:
                 ;
                 ;
                 ;Chip type               : ATmega32
                 ;Program type            : Application
                 ;AVR Core Clock frequency: 8.000000 MHz
                 ;Memory model            : Small
                 ;External RAM size       : 0
                 ;Data Stack size         : 512
                 ;*******************************************************/
                 ;
                 ;#include <mega32.h>
                 	#ifndef __SLEEP_DEFINED__
                 	#define __SLEEP_DEFINED__
                 	.EQU __se_bit=0x80
                 	.EQU __sm_mask=0x70
                 	.EQU __sm_powerdown=0x20
                 	.EQU __sm_powersave=0x30
                 	.EQU __sm_standby=0x60
                 	.EQU __sm_ext_standby=0x70
                 	.EQU __sm_adc_noise_red=0x10
                 	.SET power_ctrl_reg=mcucr
                 	#endif
                 ;
                 ;// Alphanumeric LCD functions
                 ;#include <alcd.h>
                 ;
                 ;// Declare your global variables here
                 ;#include <delay.h>
                 ;// SPI functions
                 ;#include <spi.h>
                 ;#include <stdio.h>
                 ; unsigned char spi_tranceiver (unsigned char data)
                 ; 0000 0023 {
                 
                 	.CSEG
                 _spi_tranceiver:
                 ; .FSTART _spi_tranceiver
                 ; 0000 0024     SPDR = data;                                  //Load data into buffer
000071 93aa      	ST   -Y,R26
                 ;	data -> Y+0
000072 81e8      	LD   R30,Y
000073 b9ef      	OUT  0xF,R30
                 ; 0000 0025     while(!(SPSR & (1<<SPIF) )){
                 _0x3:
000074 9977      	SBIC 0xE,7
000075 c007      	RJMP _0x5
                 ; 0000 0026         PORTD.1=1;
000076 9a91      	SBI  0x12,1
                 ; 0000 0027         delay_ms(300);
000077 e2ac      	LDI  R26,LOW(300)
000078 e0b1      	LDI  R27,HIGH(300)
000079 940e 038d 	CALL _delay_ms
                 ; 0000 0028         PORTD.1=0;
00007b 9891      	CBI  0x12,1
                 ; 0000 0029     }                  //Wait until transmission complete
00007c cff7      	RJMP _0x3
                 _0x5:
                 ; 0000 002A 
                 ; 0000 002B     return(SPDR);                                 //Return received data
00007d b1ef      	IN   R30,0xF
00007e c104      	RJMP _0x20A0002
                 ; 0000 002C }
                 ; .FEND
                 ;void main(void)
                 ; 0000 002E {
                 _main:
                 ; .FSTART _main
                 ; 0000 002F unsigned char data_r,data_t;
                 ; 0000 0030 char lcd_show[32];
                 ; 0000 0031 unsigned char ACKSlave=22;
                 ; 0000 0032 unsigned char ACKMaster=44;
                 ; 0000 0033 // Declare your local variables here
                 ; 0000 0034 
                 ; 0000 0035 // Input/Output Ports initialization
                 ; 0000 0036 // Port A initialization
                 ; 0000 0037 // Function: Bit7=In Bit6=In Bit5=In Bit4=In Bit3=In Bit2=In Bit1=In Bit0=In
                 ; 0000 0038 DDRA=(0<<DDA7) | (0<<DDA6) | (0<<DDA5) | (0<<DDA4) | (0<<DDA3) | (0<<DDA2) | (0<<DDA1) | (0<<DDA0);
00007f 97a0      	SBIW R28,32
                 ;	data_r -> R17
                 ;	data_t -> R16
                 ;	lcd_show -> Y+0
                 ;	ACKSlave -> R19
                 ;	ACKMaster -> R18
000080 e136      	LDI  R19,22
000081 e22c      	LDI  R18,44
000082 e0e0      	LDI  R30,LOW(0)
000083 bbea      	OUT  0x1A,R30
                 ; 0000 0039 // State: Bit7=T Bit6=T Bit5=T Bit4=T Bit3=T Bit2=T Bit1=T Bit0=T
                 ; 0000 003A PORTA=(0<<PORTA7) | (0<<PORTA6) | (0<<PORTA5) | (0<<PORTA4) | (0<<PORTA3) | (0<<PORTA2) | (0<<PORTA1) | (0<<PORTA0);
000084 bbeb      	OUT  0x1B,R30
                 ; 0000 003B 
                 ; 0000 003C // Port B initialization
                 ; 0000 003D // Function: Bit7=In Bit6=Out Bit5=In Bit4=In Bit3=In Bit2=In Bit1=In Bit0=In
                 ; 0000 003E DDRB=(0<<DDB7) | (1<<DDB6) | (0<<DDB5) | (0<<DDB4) | (0<<DDB3) | (0<<DDB2) | (0<<DDB1) | (0<<DDB0);
000085 e4e0      	LDI  R30,LOW(64)
000086 bbe7      	OUT  0x17,R30
                 ; 0000 003F // State: Bit7=T Bit6=0 Bit5=T Bit4=T Bit3=T Bit2=T Bit1=T Bit0=T
                 ; 0000 0040 PORTB=(0<<PORTB7) | (0<<PORTB6) | (0<<PORTB5) | (0<<PORTB4) | (0<<PORTB3) | (0<<PORTB2) | (0<<PORTB1) | (0<<PORTB0);
000087 e0e0      	LDI  R30,LOW(0)
000088 bbe8      	OUT  0x18,R30
                 ; 0000 0041 
                 ; 0000 0042 // Port C initialization
                 ; 0000 0043 // Function: Bit7=In Bit6=In Bit5=In Bit4=In Bit3=In Bit2=In Bit1=In Bit0=In
                 ; 0000 0044 DDRC=(0<<DDC7) | (0<<DDC6) | (0<<DDC5) | (0<<DDC4) | (0<<DDC3) | (0<<DDC2) | (0<<DDC1) | (0<<DDC0);
000089 bbe4      	OUT  0x14,R30
                 ; 0000 0045 // State: Bit7=T Bit6=T Bit5=T Bit4=T Bit3=T Bit2=T Bit1=T Bit0=T
                 ; 0000 0046 PORTC=(0<<PORTC7) | (0<<PORTC6) | (0<<PORTC5) | (0<<PORTC4) | (0<<PORTC3) | (0<<PORTC2) | (0<<PORTC1) | (0<<PORTC0);
00008a bbe5      	OUT  0x15,R30
                 ; 0000 0047 
                 ; 0000 0048 // Port D initialization
                 ; 0000 0049 // Function: Bit7=In Bit6=In Bit5=In Bit4=In Bit3=In Bit2=In Bit1=In Bit0=In
                 ; 0000 004A DDRD=(0<<DDD7) | (0<<DDD6) | (0<<DDD5) | (0<<DDD4) | (0<<DDD3) | (0<<DDD2) | (0<<DDD1) | (0<<DDD0);
00008b bbe1      	OUT  0x11,R30
                 ; 0000 004B // State: Bit7=T Bit6=T Bit5=T Bit4=T Bit3=T Bit2=T Bit1=T Bit0=T
                 ; 0000 004C PORTD=(0<<PORTD7) | (0<<PORTD6) | (0<<PORTD5) | (0<<PORTD4) | (0<<PORTD3) | (0<<PORTD2) | (0<<PORTD1) | (0<<PORTD0);
00008c bbe2      	OUT  0x12,R30
                 ; 0000 004D 
                 ; 0000 004E // Timer/Counter 0 initialization
                 ; 0000 004F // Clock source: System Clock
                 ; 0000 0050 // Clock value: Timer 0 Stopped
                 ; 0000 0051 // Mode: Normal top=0xFF
                 ; 0000 0052 // OC0 output: Disconnected
                 ; 0000 0053 TCCR0=(0<<WGM00) | (0<<COM01) | (0<<COM00) | (0<<WGM01) | (0<<CS02) | (0<<CS01) | (0<<CS00);
00008d bfe3      	OUT  0x33,R30
                 ; 0000 0054 TCNT0=0x00;
00008e bfe2      	OUT  0x32,R30
                 ; 0000 0055 OCR0=0x00;
00008f bfec      	OUT  0x3C,R30
                 ; 0000 0056 
                 ; 0000 0057 // Timer/Counter 1 initialization
                 ; 0000 0058 // Clock source: System Clock
                 ; 0000 0059 // Clock value: Timer1 Stopped
                 ; 0000 005A // Mode: Normal top=0xFFFF
                 ; 0000 005B // OC1A output: Disconnected
                 ; 0000 005C // OC1B output: Disconnected
                 ; 0000 005D // Noise Canceler: Off
                 ; 0000 005E // Input Capture on Falling Edge
                 ; 0000 005F // Timer1 Overflow Interrupt: Off
                 ; 0000 0060 // Input Capture Interrupt: Off
                 ; 0000 0061 // Compare A Match Interrupt: Off
                 ; 0000 0062 // Compare B Match Interrupt: Off
                 ; 0000 0063 TCCR1A=(0<<COM1A1) | (0<<COM1A0) | (0<<COM1B1) | (0<<COM1B0) | (0<<WGM11) | (0<<WGM10);
000090 bdef      	OUT  0x2F,R30
                 ; 0000 0064 TCCR1B=(0<<ICNC1) | (0<<ICES1) | (0<<WGM13) | (0<<WGM12) | (0<<CS12) | (0<<CS11) | (0<<CS10);
000091 bdee      	OUT  0x2E,R30
                 ; 0000 0065 TCNT1H=0x00;
000092 bded      	OUT  0x2D,R30
                 ; 0000 0066 TCNT1L=0x00;
000093 bdec      	OUT  0x2C,R30
                 ; 0000 0067 ICR1H=0x00;
000094 bde7      	OUT  0x27,R30
                 ; 0000 0068 ICR1L=0x00;
000095 bde6      	OUT  0x26,R30
                 ; 0000 0069 OCR1AH=0x00;
000096 bdeb      	OUT  0x2B,R30
                 ; 0000 006A OCR1AL=0x00;
000097 bdea      	OUT  0x2A,R30
                 ; 0000 006B OCR1BH=0x00;
000098 bde9      	OUT  0x29,R30
                 ; 0000 006C OCR1BL=0x00;
000099 bde8      	OUT  0x28,R30
                 ; 0000 006D 
                 ; 0000 006E // Timer/Counter 2 initialization
                 ; 0000 006F // Clock source: System Clock
                 ; 0000 0070 // Clock value: Timer2 Stopped
                 ; 0000 0071 // Mode: Normal top=0xFF
                 ; 0000 0072 // OC2 output: Disconnected
                 ; 0000 0073 ASSR=0<<AS2;
00009a bde2      	OUT  0x22,R30
                 ; 0000 0074 TCCR2=(0<<PWM2) | (0<<COM21) | (0<<COM20) | (0<<CTC2) | (0<<CS22) | (0<<CS21) | (0<<CS20);
00009b bde5      	OUT  0x25,R30
                 ; 0000 0075 TCNT2=0x00;
00009c bde4      	OUT  0x24,R30
                 ; 0000 0076 OCR2=0x00;
00009d bde3      	OUT  0x23,R30
                 ; 0000 0077 
                 ; 0000 0078 // Timer(s)/Counter(s) Interrupt(s) initialization
                 ; 0000 0079 TIMSK=(0<<OCIE2) | (0<<TOIE2) | (0<<TICIE1) | (0<<OCIE1A) | (0<<OCIE1B) | (0<<TOIE1) | (0<<OCIE0) | (0<<TOIE0);
00009e bfe9      	OUT  0x39,R30
                 ; 0000 007A 
                 ; 0000 007B // External Interrupt(s) initialization
                 ; 0000 007C // INT0: Off
                 ; 0000 007D // INT1: Off
                 ; 0000 007E // INT2: Off
                 ; 0000 007F MCUCR=(0<<ISC11) | (0<<ISC10) | (0<<ISC01) | (0<<ISC00);
00009f bfe5      	OUT  0x35,R30
                 ; 0000 0080 MCUCSR=(0<<ISC2);
0000a0 bfe4      	OUT  0x34,R30
                 ; 0000 0081 
                 ; 0000 0082 // USART initialization
                 ; 0000 0083 // USART disabled
                 ; 0000 0084 UCSRB=(0<<RXCIE) | (0<<TXCIE) | (0<<UDRIE) | (0<<RXEN) | (0<<TXEN) | (0<<UCSZ2) | (0<<RXB8) | (0<<TXB8);
0000a1 b9ea      	OUT  0xA,R30
                 ; 0000 0085 
                 ; 0000 0086 // Analog Comparator initialization
                 ; 0000 0087 // Analog Comparator: Off
                 ; 0000 0088 // The Analog Comparator's positive input is
                 ; 0000 0089 // connected to the AIN0 pin
                 ; 0000 008A // The Analog Comparator's negative input is
                 ; 0000 008B // connected to the AIN1 pin
                 ; 0000 008C ACSR=(1<<ACD) | (0<<ACBG) | (0<<ACO) | (0<<ACI) | (0<<ACIE) | (0<<ACIC) | (0<<ACIS1) | (0<<ACIS0);
0000a2 e8e0      	LDI  R30,LOW(128)
0000a3 b9e8      	OUT  0x8,R30
                 ; 0000 008D SFIOR=(0<<ACME);
0000a4 e0e0      	LDI  R30,LOW(0)
0000a5 bfe0      	OUT  0x30,R30
                 ; 0000 008E 
                 ; 0000 008F // ADC initialization
                 ; 0000 0090 // ADC disabled
                 ; 0000 0091 ADCSRA=(0<<ADEN) | (0<<ADSC) | (0<<ADATE) | (0<<ADIF) | (0<<ADIE) | (0<<ADPS2) | (0<<ADPS1) | (0<<ADPS0);
0000a6 b9e6      	OUT  0x6,R30
                 ; 0000 0092 
                 ; 0000 0093 // SPI initialization
                 ; 0000 0094 // SPI Type: Slave
                 ; 0000 0095 // SPI Clock Rate: 2000.000 kHz
                 ; 0000 0096 // SPI Clock Phase: Cycle Start
                 ; 0000 0097 // SPI Clock Polarity: Low
                 ; 0000 0098 // SPI Data Order: MSB First
                 ; 0000 0099 SPCR=(0<<SPIE) | (1<<SPE) | (0<<DORD) | (0<<MSTR) | (0<<CPOL) | (0<<CPHA) | (0<<SPR1) | (0<<SPR0);
0000a7 e4e0      	LDI  R30,LOW(64)
0000a8 b9ed      	OUT  0xD,R30
                 ; 0000 009A SPSR=(0<<SPI2X);
0000a9 e0e0      	LDI  R30,LOW(0)
0000aa b9ee      	OUT  0xE,R30
                 ; 0000 009B 
                 ; 0000 009C // TWI initialization
                 ; 0000 009D // TWI disabled
                 ; 0000 009E TWCR=(0<<TWEA) | (0<<TWSTA) | (0<<TWSTO) | (0<<TWEN) | (0<<TWIE);
0000ab bfe6      	OUT  0x36,R30
                 ; 0000 009F 
                 ; 0000 00A0 // Alphanumeric LCD initialization
                 ; 0000 00A1 // Connections are specified in the
                 ; 0000 00A2 // Project|Configure|C Compiler|Libraries|Alphanumeric LCD menu:
                 ; 0000 00A3 // RS - PORTA Bit 0
                 ; 0000 00A4 // RD - PORTA Bit 1
                 ; 0000 00A5 // EN - PORTA Bit 2
                 ; 0000 00A6 // D4 - PORTA Bit 4
                 ; 0000 00A7 // D5 - PORTA Bit 5
                 ; 0000 00A8 // D6 - PORTA Bit 6
                 ; 0000 00A9 // D7 - PORTA Bit 7
                 ; 0000 00AA // Characters/line: 16
                 ; 0000 00AB lcd_init(16);
0000ac e1a0      	LDI  R26,LOW(16)
0000ad d0a9      	RCALL _lcd_init
                 ; 0000 00AC DDRD.0=1;
0000ae 9a88      	SBI  0x11,0
                 ; 0000 00AD DDRD.1=1;
0000af 9a89      	SBI  0x11,1
                 ; 0000 00AE data_r=0;
0000b0 e010      	LDI  R17,LOW(0)
                 ; 0000 00AF data_t=1;
0000b1 e001      	LDI  R16,LOW(1)
                 ; 0000 00B0 while (1)
                 _0xE:
                 ; 0000 00B1       {
                 ; 0000 00B2 
                 ; 0000 00B3 
                 ; 0000 00B4       delay_ms(500);
0000b2 efa4      	LDI  R26,LOW(500)
0000b3 e0b1      	LDI  R27,HIGH(500)
0000b4 940e 038d 	CALL _delay_ms
                 ; 0000 00B5       data_r=0;
0000b6 e010      	LDI  R17,LOW(0)
                 ; 0000 00B6       data_r = spi_tranceiver(data_t);
0000b7 2fa0      	MOV  R26,R16
0000b8 dfb8      	RCALL _spi_tranceiver
0000b9 2f1e      	MOV  R17,R30
                 ; 0000 00B7       lcd_clear();
0000ba d06a      	RCALL _lcd_clear
                 ; 0000 00B8       sprintf(lcd_show,"t=%d r=%d\n",data_t,data_r);
0000bb 01fe      	MOVW R30,R28
0000bc 93fa      	ST   -Y,R31
0000bd 93ea      	ST   -Y,R30
                +
0000be e6e6     +LDI R30 , LOW ( 2 * _0x0 + ( 0 ) )
0000bf e0f0     +LDI R31 , HIGH ( 2 * _0x0 + ( 0 ) )
                 	__POINTW1FN _0x0,0
0000c0 93fa      	ST   -Y,R31
0000c1 93ea      	ST   -Y,R30
0000c2 2fe0      	MOV  R30,R16
0000c3 940e 0346 	CALL SUBOPT_0x0
0000c5 2fe1      	MOV  R30,R17
0000c6 940e 0346 	CALL SUBOPT_0x0
0000c8 940e 034c 	CALL SUBOPT_0x1
                 ; 0000 00B9       lcd_puts(lcd_show);
                 ; 0000 00BA       if(data_r==ACKMaster){
0000ca 1721      	CP   R18,R17
0000cb f501      	BRNE _0x11
                 ; 0000 00BB             if(data_t%4==0){
0000cc 2fa0      	MOV  R26,R16
0000cd 27bb      	CLR  R27
0000ce e0e4      	LDI  R30,LOW(4)
0000cf e0f0      	LDI  R31,HIGH(4)
0000d0 940e 03b2 	CALL __MODW21
0000d2 9730      	SBIW R30,0
0000d3 f4b9      	BRNE _0x12
                 ; 0000 00BC                 delay_ms(200);
0000d4 eca8      	LDI  R26,LOW(200)
0000d5 e0b0      	LDI  R27,0
0000d6 940e 038d 	CALL _delay_ms
                 ; 0000 00BD                 data_r=0;
0000d8 e010      	LDI  R17,LOW(0)
                 ; 0000 00BE                 data_r = spi_tranceiver(ACKSlave);
0000d9 2fa3      	MOV  R26,R19
0000da df96      	RCALL _spi_tranceiver
0000db 2f1e      	MOV  R17,R30
                 ; 0000 00BF                 sprintf(lcd_show,"tt=%d rr=%d",ACKSlave,data_r);
0000dc 01fe      	MOVW R30,R28
0000dd 93fa      	ST   -Y,R31
0000de 93ea      	ST   -Y,R30
                +
0000df e7e1     +LDI R30 , LOW ( 2 * _0x0 + ( 11 ) )
0000e0 e0f0     +LDI R31 , HIGH ( 2 * _0x0 + ( 11 ) )
                 	__POINTW1FN _0x0,11
0000e1 93fa      	ST   -Y,R31
0000e2 93ea      	ST   -Y,R30
0000e3 2fe3      	MOV  R30,R19
0000e4 940e 0346 	CALL SUBOPT_0x0
0000e6 2fe1      	MOV  R30,R17
0000e7 940e 0346 	CALL SUBOPT_0x0
0000e9 940e 034c 	CALL SUBOPT_0x1
                 ; 0000 00C0                 lcd_puts(lcd_show);
                 ; 0000 00C1             }
                 ; 0000 00C2             data_t++;
                 _0x12:
0000eb 5f0f      	SUBI R16,-1
                 ; 0000 00C3       }
                 ; 0000 00C4 
                 ; 0000 00C5       PORTD.0=1;
                 _0x11:
0000ec 9a90      	SBI  0x12,0
                 ; 0000 00C6 
                 ; 0000 00C7       delay_ms(100);
0000ed e6a4      	LDI  R26,LOW(100)
0000ee e0b0      	LDI  R27,0
0000ef 940e 038d 	CALL _delay_ms
                 ; 0000 00C8       PORTD.0=0;
0000f1 9890      	CBI  0x12,0
                 ; 0000 00C9       delay_ms(500);
0000f2 efa4      	LDI  R26,LOW(500)
0000f3 e0b1      	LDI  R27,HIGH(500)
0000f4 940e 038d 	CALL _delay_ms
                 ; 0000 00CA       // Place your code here
                 ; 0000 00CB 
                 ; 0000 00CC       }
0000f6 cfbb      	RJMP _0xE
                 ; 0000 00CD }
                 _0x17:
0000f7 cfff      	RJMP _0x17
                 ; .FEND
                 	#ifndef __SLEEP_DEFINED__
                 	#endif
                 
                 	.DSEG
                 
                 	.CSEG
                 __lcd_write_nibble_G100:
                 ; .FSTART __lcd_write_nibble_G100
0000f8 93aa      	ST   -Y,R26
0000f9 b3eb      	IN   R30,0x1B
0000fa 70ef      	ANDI R30,LOW(0xF)
0000fb 2fae      	MOV  R26,R30
0000fc 81e8      	LD   R30,Y
0000fd 7fe0      	ANDI R30,LOW(0xF0)
0000fe 2bea      	OR   R30,R26
0000ff bbeb      	OUT  0x1B,R30
                +
000100 e08d     +LDI R24 , LOW ( 13 )
                +__DELAY_USB_LOOP :
000101 958a     +DEC R24
000102 f7f1     +BRNE __DELAY_USB_LOOP
                 	__DELAY_USB 13
000103 9ada      	SBI  0x1B,2
                +
000104 e08d     +LDI R24 , LOW ( 13 )
                +__DELAY_USB_LOOP :
000105 958a     +DEC R24
000106 f7f1     +BRNE __DELAY_USB_LOOP
                 	__DELAY_USB 13
000107 98da      	CBI  0x1B,2
                +
000108 e08d     +LDI R24 , LOW ( 13 )
                +__DELAY_USB_LOOP :
000109 958a     +DEC R24
00010a f7f1     +BRNE __DELAY_USB_LOOP
                 	__DELAY_USB 13
00010b c077      	RJMP _0x20A0002
                 ; .FEND
                 __lcd_write_data:
                 ; .FSTART __lcd_write_data
00010c 93aa      	ST   -Y,R26
00010d 81a8      	LD   R26,Y
00010e dfe9      	RCALL __lcd_write_nibble_G100
00010f 81e8          ld    r30,y
000110 95e2          swap  r30
000111 83e8          st    y,r30
000112 81a8      	LD   R26,Y
000113 dfe4      	RCALL __lcd_write_nibble_G100
                +
000114 e885     +LDI R24 , LOW ( 133 )
                +__DELAY_USB_LOOP :
000115 958a     +DEC R24
000116 f7f1     +BRNE __DELAY_USB_LOOP
                 	__DELAY_USB 133
000117 c06b      	RJMP _0x20A0002
                 ; .FEND
                 _lcd_gotoxy:
                 ; .FSTART _lcd_gotoxy
000118 93aa      	ST   -Y,R26
000119 81e8      	LD   R30,Y
00011a e0f0      	LDI  R31,0
00011b 5ae0      	SUBI R30,LOW(-__base_y_G100)
00011c 4ffd      	SBCI R31,HIGH(-__base_y_G100)
00011d 81e0      	LD   R30,Z
00011e 81a9      	LDD  R26,Y+1
00011f 0fae      	ADD  R26,R30
000120 dfeb      	RCALL __lcd_write_data
000121 8059      	LDD  R5,Y+1
000122 8048      	LDD  R4,Y+0
000123 9622      	ADIW R28,2
000124 9508      	RET
                 ; .FEND
                 _lcd_clear:
                 ; .FSTART _lcd_clear
000125 e0a2      	LDI  R26,LOW(2)
000126 940e 0353 	CALL SUBOPT_0x2
000128 e0ac      	LDI  R26,LOW(12)
000129 dfe2      	RCALL __lcd_write_data
00012a e0a1      	LDI  R26,LOW(1)
00012b 940e 0353 	CALL SUBOPT_0x2
00012d e0e0      	LDI  R30,LOW(0)
00012e 2e4e      	MOV  R4,R30
00012f 2e5e      	MOV  R5,R30
000130 9508      	RET
                 ; .FEND
                 _lcd_putchar:
                 ; .FSTART _lcd_putchar
000131 93aa      	ST   -Y,R26
000132 81a8      	LD   R26,Y
000133 30aa      	CPI  R26,LOW(0xA)
000134 f011      	BREQ _0x2000005
000135 1457      	CP   R5,R7
000136 f048      	BRLO _0x2000004
                 _0x2000005:
000137 e0e0      	LDI  R30,LOW(0)
000138 93ea      	ST   -Y,R30
000139 9443      	INC  R4
00013a 2da4      	MOV  R26,R4
00013b dfdc      	RCALL _lcd_gotoxy
00013c 81a8      	LD   R26,Y
00013d 30aa      	CPI  R26,LOW(0xA)
00013e f409      	BRNE _0x2000007
00013f c043      	RJMP _0x20A0002
                 _0x2000007:
                 _0x2000004:
000140 9453      	INC  R5
000141 9ad8      	SBI  0x1B,0
000142 81a8      	LD   R26,Y
000143 dfc8      	RCALL __lcd_write_data
000144 98d8      	CBI  0x1B,0
000145 c03d      	RJMP _0x20A0002
                 ; .FEND
                 _lcd_puts:
                 ; .FSTART _lcd_puts
000146 93ba      	ST   -Y,R27
000147 93aa      	ST   -Y,R26
000148 931a      	ST   -Y,R17
                 _0x2000008:
000149 81a9      	LDD  R26,Y+1
00014a 81ba      	LDD  R27,Y+1+1
00014b 91ed      	LD   R30,X+
00014c 83a9      	STD  Y+1,R26
00014d 83ba      	STD  Y+1+1,R27
00014e 2f1e      	MOV  R17,R30
00014f 30e0      	CPI  R30,0
000150 f019      	BREQ _0x200000A
000151 2fa1      	MOV  R26,R17
000152 dfde      	RCALL _lcd_putchar
000153 cff5      	RJMP _0x2000008
                 _0x200000A:
000154 8118      	LDD  R17,Y+0
000155 9623      	ADIW R28,3
000156 9508      	RET
                 ; .FEND
                 _lcd_init:
                 ; .FSTART _lcd_init
000157 93aa      	ST   -Y,R26
000158 b3ea      	IN   R30,0x1A
000159 6fe0      	ORI  R30,LOW(0xF0)
00015a bbea      	OUT  0x1A,R30
00015b 9ad2      	SBI  0x1A,2
00015c 9ad0      	SBI  0x1A,0
00015d 9ad1      	SBI  0x1A,1
00015e 98da      	CBI  0x1B,2
00015f 98d8      	CBI  0x1B,0
000160 98d9      	CBI  0x1B,1
000161 8078      	LDD  R7,Y+0
000162 81e8      	LD   R30,Y
000163 58e0      	SUBI R30,-LOW(128)
                +
000164 93e0 0262+STS __base_y_G100 + ( 2 ) , R30
                 	__PUTB1MN __base_y_G100,2
000166 81e8      	LD   R30,Y
000167 54e0      	SUBI R30,-LOW(192)
                +
000168 93e0 0263+STS __base_y_G100 + ( 3 ) , R30
                 	__PUTB1MN __base_y_G100,3
00016a e1a4      	LDI  R26,LOW(20)
00016b e0b0      	LDI  R27,0
00016c 940e 038d 	CALL _delay_ms
00016e 940e 0359 	CALL SUBOPT_0x3
000170 940e 0359 	CALL SUBOPT_0x3
000172 940e 0359 	CALL SUBOPT_0x3
000174 e2a0      	LDI  R26,LOW(32)
000175 df82      	RCALL __lcd_write_nibble_G100
                +
000176 ec88     +LDI R24 , LOW ( 200 )
000177 e090     +LDI R25 , HIGH ( 200 )
                +__DELAY_USW_LOOP :
000178 9701     +SBIW R24 , 1
000179 f7f1     +BRNE __DELAY_USW_LOOP
                 	__DELAY_USW 200
00017a e2a8      	LDI  R26,LOW(40)
00017b df90      	RCALL __lcd_write_data
00017c e0a4      	LDI  R26,LOW(4)
00017d df8e      	RCALL __lcd_write_data
00017e e8a5      	LDI  R26,LOW(133)
00017f df8c      	RCALL __lcd_write_data
000180 e0a6      	LDI  R26,LOW(6)
000181 df8a      	RCALL __lcd_write_data
000182 dfa2      	RCALL _lcd_clear
                 _0x20A0002:
000183 9621      	ADIW R28,1
000184 9508      	RET
                 ; .FEND
                 	#ifndef __SLEEP_DEFINED__
                 	#endif
                 
                 	.CSEG
                 	#ifndef __SLEEP_DEFINED__
                 	#endif
                 
                 	.CSEG
                 _put_buff_G102:
                 ; .FSTART _put_buff_G102
000185 93ba      	ST   -Y,R27
000186 93aa      	ST   -Y,R26
000187 931a      	ST   -Y,R17
000188 930a      	ST   -Y,R16
000189 81aa      	LDD  R26,Y+2
00018a 81bb      	LDD  R27,Y+2+1
00018b 9612      	ADIW R26,2
00018c 940e 03c0 	CALL __GETW1P
00018e 9730      	SBIW R30,0
00018f f159      	BREQ _0x2040010
000190 81aa      	LDD  R26,Y+2
000191 81bb      	LDD  R27,Y+2+1
000192 9614      	ADIW R26,4
000193 940e 03c0 	CALL __GETW1P
000195 018f      	MOVW R16,R30
000196 9730      	SBIW R30,0
000197 f061      	BREQ _0x2040012
                +
000198 3002     +CPI R16 , LOW ( 2 )
000199 e0e0     +LDI R30 , HIGH ( 2 )
00019a 071e     +CPC R17 , R30
                 	__CPWRN 16,17,2
00019b f098      	BRLO _0x2040013
00019c 01f8      	MOVW R30,R16
00019d 9731      	SBIW R30,1
00019e 018f      	MOVW R16,R30
                +
00019f 81aa     +LDD R26 , Y + 2
0001a0 81bb     +LDD R27 , Y + 2 + 1
0001a1 9614     +ADIW R26 , 4
0001a2 93ed     +ST X + , R30
0001a3 93fc     +ST X , R31
                 	__PUTW1SNS 2,4
                 _0x2040012:
0001a4 81aa      	LDD  R26,Y+2
0001a5 81bb      	LDD  R27,Y+2+1
0001a6 9612      	ADIW R26,2
0001a7 91ed      	LD   R30,X+
0001a8 91fd      	LD   R31,X+
0001a9 9631      	ADIW R30,1
0001aa 93fe      	ST   -X,R31
0001ab 93ee      	ST   -X,R30
0001ac 9731      	SBIW R30,1
0001ad 81ac      	LDD  R26,Y+4
0001ae 83a0      	STD  Z+0,R26
                 _0x2040013:
0001af 81aa      	LDD  R26,Y+2
0001b0 81bb      	LDD  R27,Y+2+1
0001b1 940e 03c0 	CALL __GETW1P
0001b3 23ff      	TST  R31
0001b4 f02a      	BRMI _0x2040014
0001b5 91ed      	LD   R30,X+
0001b6 91fd      	LD   R31,X+
0001b7 9631      	ADIW R30,1
0001b8 93fe      	ST   -X,R31
0001b9 93ee      	ST   -X,R30
                 _0x2040014:
0001ba c006      	RJMP _0x2040015
                 _0x2040010:
0001bb 81aa      	LDD  R26,Y+2
0001bc 81bb      	LDD  R27,Y+2+1
0001bd efef      	LDI  R30,LOW(65535)
0001be efff      	LDI  R31,HIGH(65535)
0001bf 93ed      	ST   X+,R30
0001c0 93fc      	ST   X,R31
                 _0x2040015:
0001c1 8119      	LDD  R17,Y+1
0001c2 8108      	LDD  R16,Y+0
0001c3 9625      	ADIW R28,5
0001c4 9508      	RET
                 ; .FEND
                 __print_G102:
                 ; .FSTART __print_G102
0001c5 93ba      	ST   -Y,R27
0001c6 93aa      	ST   -Y,R26
0001c7 9726      	SBIW R28,6
0001c8 940e 03cd 	CALL __SAVELOCR6
0001ca e010      	LDI  R17,0
0001cb 85ac      	LDD  R26,Y+12
0001cc 85bd      	LDD  R27,Y+12+1
0001cd e0e0      	LDI  R30,LOW(0)
0001ce e0f0      	LDI  R31,HIGH(0)
0001cf 93ed      	ST   X+,R30
0001d0 93fc      	ST   X,R31
                 _0x2040016:
0001d1 89ea      	LDD  R30,Y+18
0001d2 89fb      	LDD  R31,Y+18+1
0001d3 9631      	ADIW R30,1
0001d4 8bea      	STD  Y+18,R30
0001d5 8bfb      	STD  Y+18+1,R31
0001d6 9731      	SBIW R30,1
0001d7 91e4      	LPM  R30,Z
0001d8 2f2e      	MOV  R18,R30
0001d9 30e0      	CPI  R30,0
0001da f409      	BRNE PC+2
0001db c115      	RJMP _0x2040018
0001dc 2fe1      	MOV  R30,R17
0001dd 30e0      	CPI  R30,0
0001de f439      	BRNE _0x204001C
0001df 3225      	CPI  R18,37
0001e0 f411      	BRNE _0x204001D
0001e1 e011      	LDI  R17,LOW(1)
0001e2 c002      	RJMP _0x204001E
                 _0x204001D:
0001e3 940e 0361 	CALL SUBOPT_0x4
                 _0x204001E:
0001e5 c10a      	RJMP _0x204001B
                 _0x204001C:
0001e6 30e1      	CPI  R30,LOW(0x1)
0001e7 f4a9      	BRNE _0x204001F
0001e8 3225      	CPI  R18,37
0001e9 f419      	BRNE _0x2040020
0001ea 940e 0361 	CALL SUBOPT_0x4
0001ec c102      	RJMP _0x20400CC
                 _0x2040020:
0001ed e012      	LDI  R17,LOW(2)
0001ee e040      	LDI  R20,LOW(0)
0001ef e000      	LDI  R16,LOW(0)
0001f0 322d      	CPI  R18,45
0001f1 f411      	BRNE _0x2040021
0001f2 e001      	LDI  R16,LOW(1)
0001f3 c0fc      	RJMP _0x204001B
                 _0x2040021:
0001f4 322b      	CPI  R18,43
0001f5 f411      	BRNE _0x2040022
0001f6 e24b      	LDI  R20,LOW(43)
0001f7 c0f8      	RJMP _0x204001B
                 _0x2040022:
0001f8 3220      	CPI  R18,32
0001f9 f411      	BRNE _0x2040023
0001fa e240      	LDI  R20,LOW(32)
0001fb c0f4      	RJMP _0x204001B
                 _0x2040023:
0001fc c002      	RJMP _0x2040024
                 _0x204001F:
0001fd 30e2      	CPI  R30,LOW(0x2)
0001fe f439      	BRNE _0x2040025
                 _0x2040024:
0001ff e050      	LDI  R21,LOW(0)
000200 e013      	LDI  R17,LOW(3)
000201 3320      	CPI  R18,48
000202 f411      	BRNE _0x2040026
000203 6800      	ORI  R16,LOW(128)
000204 c0eb      	RJMP _0x204001B
                 _0x2040026:
000205 c003      	RJMP _0x2040027
                 _0x2040025:
000206 30e3      	CPI  R30,LOW(0x3)
000207 f009      	BREQ PC+2
000208 c0e7      	RJMP _0x204001B
                 _0x2040027:
000209 3320      	CPI  R18,48
00020a f010      	BRLO _0x204002A
00020b 332a      	CPI  R18,58
00020c f008      	BRLO _0x204002B
                 _0x204002A:
00020d c007      	RJMP _0x2040029
                 _0x204002B:
00020e e0aa      	LDI  R26,LOW(10)
00020f 9f5a      	MUL  R21,R26
000210 2d50      	MOV  R21,R0
000211 2fe2      	MOV  R30,R18
000212 53e0      	SUBI R30,LOW(48)
000213 0f5e      	ADD  R21,R30
000214 c0db      	RJMP _0x204001B
                 _0x2040029:
000215 2fe2      	MOV  R30,R18
000216 36e3      	CPI  R30,LOW(0x63)
000217 f449      	BRNE _0x204002F
000218 940e 0368 	CALL SUBOPT_0x5
00021a 89e8      	LDD  R30,Y+16
00021b 89f9      	LDD  R31,Y+16+1
00021c 81a4      	LDD  R26,Z+4
00021d 93aa      	ST   -Y,R26
00021e 940e 036e 	CALL SUBOPT_0x6
000220 c0ce      	RJMP _0x2040030
                 _0x204002F:
000221 37e3      	CPI  R30,LOW(0x73)
000222 f441      	BRNE _0x2040032
000223 940e 0368 	CALL SUBOPT_0x5
000225 940e 0374 	CALL SUBOPT_0x7
000227 940e 032d 	CALL _strlen
000229 2f1e      	MOV  R17,R30
00022a c00a      	RJMP _0x2040033
                 _0x2040032:
00022b 37e0      	CPI  R30,LOW(0x70)
00022c f461      	BRNE _0x2040035
00022d 940e 0368 	CALL SUBOPT_0x5
00022f 940e 0374 	CALL SUBOPT_0x7
000231 940e 0339 	CALL _strlenf
000233 2f1e      	MOV  R17,R30
000234 6008      	ORI  R16,LOW(8)
                 _0x2040033:
000235 6002      	ORI  R16,LOW(2)
000236 770f      	ANDI R16,LOW(127)
000237 e030      	LDI  R19,LOW(0)
000238 c034      	RJMP _0x2040036
                 _0x2040035:
000239 36e4      	CPI  R30,LOW(0x64)
00023a f011      	BREQ _0x2040039
00023b 36e9      	CPI  R30,LOW(0x69)
00023c f411      	BRNE _0x204003A
                 _0x2040039:
00023d 6004      	ORI  R16,LOW(4)
00023e c002      	RJMP _0x204003B
                 _0x204003A:
00023f 37e5      	CPI  R30,LOW(0x75)
000240 f431      	BRNE _0x204003C
                 _0x204003B:
000241 e5e4      	LDI  R30,LOW(_tbl10_G102*2)
000242 e0f0      	LDI  R31,HIGH(_tbl10_G102*2)
000243 83ee      	STD  Y+6,R30
000244 83ff      	STD  Y+6+1,R31
000245 e015      	LDI  R17,LOW(5)
000246 c00c      	RJMP _0x204003D
                 _0x204003C:
000247 35e8      	CPI  R30,LOW(0x58)
000248 f411      	BRNE _0x204003F
000249 6008      	ORI  R16,LOW(8)
00024a c003      	RJMP _0x2040040
                 _0x204003F:
00024b 37e8      	CPI  R30,LOW(0x78)
00024c f009      	BREQ PC+2
00024d c0a1      	RJMP _0x2040071
                 _0x2040040:
00024e e5ee      	LDI  R30,LOW(_tbl16_G102*2)
00024f e0f0      	LDI  R31,HIGH(_tbl16_G102*2)
000250 83ee      	STD  Y+6,R30
000251 83ff      	STD  Y+6+1,R31
000252 e014      	LDI  R17,LOW(4)
                 _0x204003D:
000253 ff02      	SBRS R16,2
000254 c014      	RJMP _0x2040042
000255 940e 0368 	CALL SUBOPT_0x5
000257 940e 037e 	CALL SUBOPT_0x8
000259 85ab      	LDD  R26,Y+11
00025a 23aa      	TST  R26
00025b f43a      	BRPL _0x2040043
00025c 85ea      	LDD  R30,Y+10
00025d 85fb      	LDD  R31,Y+10+1
00025e 940e 039b 	CALL __ANEGW1
000260 87ea      	STD  Y+10,R30
000261 87fb      	STD  Y+10+1,R31
000262 e24d      	LDI  R20,LOW(45)
                 _0x2040043:
000263 3040      	CPI  R20,0
000264 f011      	BREQ _0x2040044
000265 5f1f      	SUBI R17,-LOW(1)
000266 c001      	RJMP _0x2040045
                 _0x2040044:
000267 7f0b      	ANDI R16,LOW(251)
                 _0x2040045:
000268 c004      	RJMP _0x2040046
                 _0x2040042:
000269 940e 0368 	CALL SUBOPT_0x5
00026b 940e 037e 	CALL SUBOPT_0x8
                 _0x2040046:
                 _0x2040036:
00026d fd00      	SBRC R16,0
00026e c011      	RJMP _0x2040047
                 _0x2040048:
00026f 1715      	CP   R17,R21
000270 f478      	BRSH _0x204004A
000271 ff07      	SBRS R16,7
000272 c008      	RJMP _0x204004B
000273 ff02      	SBRS R16,2
000274 c004      	RJMP _0x204004C
000275 7f0b      	ANDI R16,LOW(251)
000276 2f24      	MOV  R18,R20
000277 5011      	SUBI R17,LOW(1)
000278 c001      	RJMP _0x204004D
                 _0x204004C:
000279 e320      	LDI  R18,LOW(48)
                 _0x204004D:
00027a c001      	RJMP _0x204004E
                 _0x204004B:
00027b e220      	LDI  R18,LOW(32)
                 _0x204004E:
00027c 940e 0361 	CALL SUBOPT_0x4
00027e 5051      	SUBI R21,LOW(1)
00027f cfef      	RJMP _0x2040048
                 _0x204004A:
                 _0x2040047:
000280 2f31      	MOV  R19,R17
000281 ff01      	SBRS R16,1
000282 c017      	RJMP _0x204004F
                 _0x2040050:
000283 3030      	CPI  R19,0
000284 f0a1      	BREQ _0x2040052
000285 ff03      	SBRS R16,3
000286 c006      	RJMP _0x2040053
000287 81ee      	LDD  R30,Y+6
000288 81ff      	LDD  R31,Y+6+1
000289 9125      	LPM  R18,Z+
00028a 83ee      	STD  Y+6,R30
00028b 83ff      	STD  Y+6+1,R31
00028c c005      	RJMP _0x2040054
                 _0x2040053:
00028d 81ae      	LDD  R26,Y+6
00028e 81bf      	LDD  R27,Y+6+1
00028f 912d      	LD   R18,X+
000290 83ae      	STD  Y+6,R26
000291 83bf      	STD  Y+6+1,R27
                 _0x2040054:
000292 940e 0361 	CALL SUBOPT_0x4
000294 3050      	CPI  R21,0
000295 f009      	BREQ _0x2040055
000296 5051      	SUBI R21,LOW(1)
                 _0x2040055:
000297 5031      	SUBI R19,LOW(1)
000298 cfea      	RJMP _0x2040050
                 _0x2040052:
000299 c04b      	RJMP _0x2040056
                 _0x204004F:
                 _0x2040058:
00029a e320      	LDI  R18,LOW(48)
00029b 81ee      	LDD  R30,Y+6
00029c 81ff      	LDD  R31,Y+6+1
00029d 940e 03c4 	CALL __GETW1PF
00029f 87e8      	STD  Y+8,R30
0002a0 87f9      	STD  Y+8+1,R31
0002a1 81ee      	LDD  R30,Y+6
0002a2 81ff      	LDD  R31,Y+6+1
0002a3 9632      	ADIW R30,2
0002a4 83ee      	STD  Y+6,R30
0002a5 83ff      	STD  Y+6+1,R31
                 _0x204005A:
0002a6 85e8      	LDD  R30,Y+8
0002a7 85f9      	LDD  R31,Y+8+1
0002a8 85aa      	LDD  R26,Y+10
0002a9 85bb      	LDD  R27,Y+10+1
0002aa 17ae      	CP   R26,R30
0002ab 07bf      	CPC  R27,R31
0002ac f050      	BRLO _0x204005C
0002ad 5f2f      	SUBI R18,-LOW(1)
0002ae 85a8      	LDD  R26,Y+8
0002af 85b9      	LDD  R27,Y+8+1
0002b0 85ea      	LDD  R30,Y+10
0002b1 85fb      	LDD  R31,Y+10+1
0002b2 1bea      	SUB  R30,R26
0002b3 0bfb      	SBC  R31,R27
0002b4 87ea      	STD  Y+10,R30
0002b5 87fb      	STD  Y+10+1,R31
0002b6 cfef      	RJMP _0x204005A
                 _0x204005C:
0002b7 332a      	CPI  R18,58
0002b8 f028      	BRLO _0x204005D
0002b9 ff03      	SBRS R16,3
0002ba c002      	RJMP _0x204005E
0002bb 5f29      	SUBI R18,-LOW(7)
0002bc c001      	RJMP _0x204005F
                 _0x204005E:
0002bd 5d29      	SUBI R18,-LOW(39)
                 _0x204005F:
                 _0x204005D:
0002be fd04      	SBRC R16,4
0002bf c01a      	RJMP _0x2040061
0002c0 3321      	CPI  R18,49
0002c1 f420      	BRSH _0x2040063
0002c2 85a8      	LDD  R26,Y+8
0002c3 85b9      	LDD  R27,Y+8+1
0002c4 9711      	SBIW R26,1
0002c5 f409      	BRNE _0x2040062
                 _0x2040063:
0002c6 c009      	RJMP _0x20400CD
                 _0x2040062:
0002c7 1753      	CP   R21,R19
0002c8 f010      	BRLO _0x2040067
0002c9 ff00      	SBRS R16,0
0002ca c001      	RJMP _0x2040068
                 _0x2040067:
0002cb c013      	RJMP _0x2040066
                 _0x2040068:
0002cc e220      	LDI  R18,LOW(32)
0002cd ff07      	SBRS R16,7
0002ce c00b      	RJMP _0x2040069
0002cf e320      	LDI  R18,LOW(48)
                 _0x20400CD:
0002d0 6100      	ORI  R16,LOW(16)
0002d1 ff02      	SBRS R16,2
0002d2 c007      	RJMP _0x204006A
0002d3 7f0b      	ANDI R16,LOW(251)
0002d4 934a      	ST   -Y,R20
0002d5 940e 036e 	CALL SUBOPT_0x6
0002d7 3050      	CPI  R21,0
0002d8 f009      	BREQ _0x204006B
0002d9 5051      	SUBI R21,LOW(1)
                 _0x204006B:
                 _0x204006A:
                 _0x2040069:
                 _0x2040061:
0002da 940e 0361 	CALL SUBOPT_0x4
0002dc 3050      	CPI  R21,0
0002dd f009      	BREQ _0x204006C
0002de 5051      	SUBI R21,LOW(1)
                 _0x204006C:
                 _0x2040066:
0002df 5031      	SUBI R19,LOW(1)
0002e0 85a8      	LDD  R26,Y+8
0002e1 85b9      	LDD  R27,Y+8+1
0002e2 9712      	SBIW R26,2
0002e3 f008      	BRLO _0x2040059
0002e4 cfb5      	RJMP _0x2040058
                 _0x2040059:
                 _0x2040056:
0002e5 ff00      	SBRS R16,0
0002e6 c008      	RJMP _0x204006D
                 _0x204006E:
0002e7 3050      	CPI  R21,0
0002e8 f031      	BREQ _0x2040070
0002e9 5051      	SUBI R21,LOW(1)
0002ea e2e0      	LDI  R30,LOW(32)
0002eb 93ea      	ST   -Y,R30
0002ec 940e 036e 	CALL SUBOPT_0x6
0002ee cff8      	RJMP _0x204006E
                 _0x2040070:
                 _0x204006D:
                 _0x2040071:
                 _0x2040030:
                 _0x20400CC:
0002ef e010      	LDI  R17,LOW(0)
                 _0x204001B:
0002f0 cee0      	RJMP _0x2040016
                 _0x2040018:
0002f1 85ac      	LDD  R26,Y+12
0002f2 85bd      	LDD  R27,Y+12+1
0002f3 940e 03c0 	CALL __GETW1P
0002f5 940e 03d4 	CALL __LOADLOCR6
0002f7 9664      	ADIW R28,20
0002f8 9508      	RET
                 ; .FEND
                 _sprintf:
                 ; .FSTART _sprintf
0002f9 92ff      	PUSH R15
0002fa 2ef8      	MOV  R15,R24
0002fb 9726      	SBIW R28,6
0002fc 940e 03cf 	CALL __SAVELOCR4
0002fe 940e 0386 	CALL SUBOPT_0x9
000300 9730      	SBIW R30,0
000301 f419      	BRNE _0x2040072
000302 efef      	LDI  R30,LOW(65535)
000303 efff      	LDI  R31,HIGH(65535)
000304 c023      	RJMP _0x20A0001
                 _0x2040072:
000305 01de      	MOVW R26,R28
000306 9616      	ADIW R26,6
000307 940e 0397 	CALL __ADDW2R15
000309 018d      	MOVW R16,R26
00030a 940e 0386 	CALL SUBOPT_0x9
00030c 83ee      	STD  Y+6,R30
00030d 83ff      	STD  Y+6+1,R31
00030e e0e0      	LDI  R30,LOW(0)
00030f 87e8      	STD  Y+8,R30
000310 87e9      	STD  Y+8+1,R30
000311 01de      	MOVW R26,R28
000312 961a      	ADIW R26,10
000313 940e 0397 	CALL __ADDW2R15
000315 940e 03c0 	CALL __GETW1P
000317 93fa      	ST   -Y,R31
000318 93ea      	ST   -Y,R30
000319 931a      	ST   -Y,R17
00031a 930a      	ST   -Y,R16
00031b e8e5      	LDI  R30,LOW(_put_buff_G102)
00031c e0f1      	LDI  R31,HIGH(_put_buff_G102)
00031d 93fa      	ST   -Y,R31
00031e 93ea      	ST   -Y,R30
00031f 01de      	MOVW R26,R28
000320 961a      	ADIW R26,10
000321 dea3      	RCALL __print_G102
000322 019f      	MOVW R18,R30
000323 81ae      	LDD  R26,Y+6
000324 81bf      	LDD  R27,Y+6+1
000325 e0e0      	LDI  R30,LOW(0)
000326 93ec      	ST   X,R30
000327 01f9      	MOVW R30,R18
                 _0x20A0001:
000328 940e 03d6 	CALL __LOADLOCR4
00032a 962a      	ADIW R28,10
00032b 90ff      	POP  R15
00032c 9508      	RET
                 ; .FEND
                 
                 	.CSEG
                 
                 	.CSEG
                 _strlen:
                 ; .FSTART _strlen
00032d 93ba      	ST   -Y,R27
00032e 93aa      	ST   -Y,R26
00032f 91a9          ld   r26,y+
000330 91b9          ld   r27,y+
000331 27ee          clr  r30
000332 27ff          clr  r31
                 strlen0:
000333 916d          ld   r22,x+
000334 2366          tst  r22
000335 f011          breq strlen1
000336 9631          adiw r30,1
000337 cffb          rjmp strlen0
                 strlen1:
000338 9508          ret
                 ; .FEND
                 _strlenf:
                 ; .FSTART _strlenf
000339 93ba      	ST   -Y,R27
00033a 93aa      	ST   -Y,R26
00033b 27aa          clr  r26
00033c 27bb          clr  r27
00033d 91e9          ld   r30,y+
00033e 91f9          ld   r31,y+
                 strlenf0:
00033f 9005      	lpm  r0,z+
000340 2000          tst  r0
000341 f011          breq strlenf1
000342 9611          adiw r26,1
000343 cffb          rjmp strlenf0
                 strlenf1:
000344 01fd          movw r30,r26
000345 9508          ret
                 ; .FEND
                 
                 	.DSEG
                 __base_y_G100:
000260           	.BYTE 0x4
                 
                 	.CSEG
                 ;OPTIMIZER ADDED SUBROUTINE, CALLED 4 TIMES, CODE SIZE REDUCTION:6 WORDS
                 SUBOPT_0x0:
000346 27ff      	CLR  R31
000347 2766      	CLR  R22
000348 2777      	CLR  R23
000349 940e 03c8 	CALL __PUTPARD1
00034b 9508      	RET
                 
                 ;OPTIMIZER ADDED SUBROUTINE, CALLED 2 TIMES, CODE SIZE REDUCTION:3 WORDS
                 SUBOPT_0x1:
00034c e088      	LDI  R24,8
00034d 940e 02f9 	CALL _sprintf
00034f 962c      	ADIW R28,12
000350 01de      	MOVW R26,R28
000351 940c 0146 	JMP  _lcd_puts
                 
                 ;OPTIMIZER ADDED SUBROUTINE, CALLED 2 TIMES, CODE SIZE REDUCTION:1 WORDS
                 SUBOPT_0x2:
000353 940e 010c 	CALL __lcd_write_data
000355 e0a3      	LDI  R26,LOW(3)
000356 e0b0      	LDI  R27,0
000357 940c 038d 	JMP  _delay_ms
                 
                 ;OPTIMIZER ADDED SUBROUTINE, CALLED 3 TIMES, CODE SIZE REDUCTION:7 WORDS
                 SUBOPT_0x3:
000359 e3a0      	LDI  R26,LOW(48)
00035a 940e 00f8 	CALL __lcd_write_nibble_G100
                +
00035c ec88     +LDI R24 , LOW ( 200 )
00035d e090     +LDI R25 , HIGH ( 200 )
                +__DELAY_USW_LOOP :
00035e 9701     +SBIW R24 , 1
00035f f7f1     +BRNE __DELAY_USW_LOOP
                 	__DELAY_USW 200
000360 9508      	RET
                 
                 ;OPTIMIZER ADDED SUBROUTINE, CALLED 5 TIMES, CODE SIZE REDUCTION:13 WORDS
                 SUBOPT_0x4:
000361 932a      	ST   -Y,R18
000362 85ad      	LDD  R26,Y+13
000363 85be      	LDD  R27,Y+13+1
000364 85ef      	LDD  R30,Y+15
000365 89f8      	LDD  R31,Y+15+1
000366 9509      	ICALL
000367 9508      	RET
                 
                 ;OPTIMIZER ADDED SUBROUTINE, CALLED 5 TIMES, CODE SIZE REDUCTION:9 WORDS
                 SUBOPT_0x5:
000368 89e8      	LDD  R30,Y+16
000369 89f9      	LDD  R31,Y+16+1
00036a 9734      	SBIW R30,4
00036b 8be8      	STD  Y+16,R30
00036c 8bf9      	STD  Y+16+1,R31
00036d 9508      	RET
                 
                 ;OPTIMIZER ADDED SUBROUTINE, CALLED 3 TIMES, CODE SIZE REDUCTION:3 WORDS
                 SUBOPT_0x6:
00036e 85ad      	LDD  R26,Y+13
00036f 85be      	LDD  R27,Y+13+1
000370 85ef      	LDD  R30,Y+15
000371 89f8      	LDD  R31,Y+15+1
000372 9509      	ICALL
000373 9508      	RET
                 
                 ;OPTIMIZER ADDED SUBROUTINE, CALLED 2 TIMES, CODE SIZE REDUCTION:4 WORDS
                 SUBOPT_0x7:
000374 89a8      	LDD  R26,Y+16
000375 89b9      	LDD  R27,Y+16+1
000376 9614      	ADIW R26,4
000377 940e 03c0 	CALL __GETW1P
000379 83ee      	STD  Y+6,R30
00037a 83ff      	STD  Y+6+1,R31
00037b 81ae      	LDD  R26,Y+6
00037c 81bf      	LDD  R27,Y+6+1
00037d 9508      	RET
                 
                 ;OPTIMIZER ADDED SUBROUTINE, CALLED 2 TIMES, CODE SIZE REDUCTION:2 WORDS
                 SUBOPT_0x8:
00037e 89a8      	LDD  R26,Y+16
00037f 89b9      	LDD  R27,Y+16+1
000380 9614      	ADIW R26,4
000381 940e 03c0 	CALL __GETW1P
000383 87ea      	STD  Y+10,R30
000384 87fb      	STD  Y+10+1,R31
000385 9508      	RET
                 
                 ;OPTIMIZER ADDED SUBROUTINE, CALLED 2 TIMES, CODE SIZE REDUCTION:1 WORDS
                 SUBOPT_0x9:
000386 01de      	MOVW R26,R28
000387 961c      	ADIW R26,12
000388 940e 0397 	CALL __ADDW2R15
00038a 940e 03c0 	CALL __GETW1P
00038c 9508      	RET
                 
                 
                 	.CSEG
                 _delay_ms:
00038d 9610      	adiw r26,0
00038e f039      	breq __delay_ms1
                 __delay_ms0:
                +
00038f ed80     +LDI R24 , LOW ( 0x7D0 )
000390 e097     +LDI R25 , HIGH ( 0x7D0 )
                +__DELAY_USW_LOOP :
000391 9701     +SBIW R24 , 1
000392 f7f1     +BRNE __DELAY_USW_LOOP
                 	__DELAY_USW 0x7D0
000393 95a8      	wdr
000394 9711      	sbiw r26,1
000395 f7c9      	brne __delay_ms0
                 __delay_ms1:
000396 9508      	ret
                 
                 __ADDW2R15:
000397 2400      	CLR  R0
000398 0daf      	ADD  R26,R15
000399 1db0      	ADC  R27,R0
00039a 9508      	RET
                 
                 __ANEGW1:
00039b 95f1      	NEG  R31
00039c 95e1      	NEG  R30
00039d 40f0      	SBCI R31,0
00039e 9508      	RET
                 
                 __DIVW21U:
00039f 2400      	CLR  R0
0003a0 2411      	CLR  R1
0003a1 e190      	LDI  R25,16
                 __DIVW21U1:
0003a2 0faa      	LSL  R26
0003a3 1fbb      	ROL  R27
0003a4 1c00      	ROL  R0
0003a5 1c11      	ROL  R1
0003a6 1a0e      	SUB  R0,R30
0003a7 0a1f      	SBC  R1,R31
0003a8 f418      	BRCC __DIVW21U2
0003a9 0e0e      	ADD  R0,R30
0003aa 1e1f      	ADC  R1,R31
0003ab c001      	RJMP __DIVW21U3
                 __DIVW21U2:
0003ac 60a1      	SBR  R26,1
                 __DIVW21U3:
0003ad 959a      	DEC  R25
0003ae f799      	BRNE __DIVW21U1
0003af 01fd      	MOVW R30,R26
0003b0 01d0      	MOVW R26,R0
0003b1 9508      	RET
                 
                 __MODW21:
0003b2 94e8      	CLT
0003b3 ffb7      	SBRS R27,7
0003b4 c004      	RJMP __MODW211
0003b5 95a0      	COM  R26
0003b6 95b0      	COM  R27
0003b7 9611      	ADIW R26,1
0003b8 9468      	SET
                 __MODW211:
0003b9 fdf7      	SBRC R31,7
0003ba dfe0      	RCALL __ANEGW1
0003bb dfe3      	RCALL __DIVW21U
0003bc 01fd      	MOVW R30,R26
0003bd f40e      	BRTC __MODW212
0003be dfdc      	RCALL __ANEGW1
                 __MODW212:
0003bf 9508      	RET
                 
                 __GETW1P:
0003c0 91ed      	LD   R30,X+
0003c1 91fc      	LD   R31,X
0003c2 9711      	SBIW R26,1
0003c3 9508      	RET
                 
                 __GETW1PF:
0003c4 9005      	LPM  R0,Z+
0003c5 91f4      	LPM  R31,Z
0003c6 2de0      	MOV  R30,R0
0003c7 9508      	RET
                 
                 __PUTPARD1:
0003c8 937a      	ST   -Y,R23
0003c9 936a      	ST   -Y,R22
0003ca 93fa      	ST   -Y,R31
0003cb 93ea      	ST   -Y,R30
0003cc 9508      	RET
                 
                 __SAVELOCR6:
0003cd 935a      	ST   -Y,R21
                 __SAVELOCR5:
0003ce 934a      	ST   -Y,R20
                 __SAVELOCR4:
0003cf 933a      	ST   -Y,R19
                 __SAVELOCR3:
0003d0 932a      	ST   -Y,R18
                 __SAVELOCR2:
0003d1 931a      	ST   -Y,R17
0003d2 930a      	ST   -Y,R16
0003d3 9508      	RET
                 
                 __LOADLOCR6:
0003d4 815d      	LDD  R21,Y+5
                 __LOADLOCR5:
0003d5 814c      	LDD  R20,Y+4
                 __LOADLOCR4:
0003d6 813b      	LDD  R19,Y+3
                 __LOADLOCR3:
0003d7 812a      	LDD  R18,Y+2
                 __LOADLOCR2:
0003d8 8119      	LDD  R17,Y+1
0003d9 8108      	LD   R16,Y
0003da 9508      	RET
                 
                 ;END OF CODE MARKER
                 __END_OF_CODE:


RESOURCE USE INFORMATION
------------------------

Notice:
The register and instruction counts are symbol table hit counts,
and hence implicitly used resources are not counted, eg, the
'lpm' instruction without operands implicitly uses r0 and z,
none of which are counted.

x,y,z are separate entities in the symbol table and are
counted separately from r26..r31 here.

.dseg memory usage only counts static data declared with .byte

ATmega32 register use summary:
r0 :  16 r1 :   5 r2 :   0 r3 :   0 r4 :   4 r5 :   4 r6 :   0 r7 :   2 
r8 :   0 r9 :   0 r10:   0 r11:   0 r12:   0 r13:   0 r14:   0 r15:   4 
r16:  39 r17:  32 r18:  31 r19:  11 r20:   9 r21:  17 r22:   6 r23:   2 
r24:  23 r25:   7 r26: 112 r27:  45 r28:  18 r29:   1 r30: 205 r31:  64 
x  :  23 y  : 171 z  :  15 
Registers used: 25 out of 35 (71.4%)

ATmega32 instruction use summary:
.lds  :   0 .lds.l:   0 .sts  :   0 .sts.l:   0 adc   :   2 add   :   4 
adiw  :  25 and   :   0 andi  :   6 asr   :   0 bclr  :   0 bld   :   0 
brbc  :   0 brbs  :   0 brcc  :   1 brcs  :   0 break :   0 breq  :  17 
brge  :   0 brhc  :   0 brhs  :   0 brid  :   0 brie  :   0 brlo  :   8 
brlt  :   0 brmi  :   1 brne  :  33 brpl  :   1 brsh  :   2 brtc  :   1 
brts  :   0 brvc  :   0 brvs  :   0 bset  :   0 bst   :   0 call  :  60 
cbi   :   7 cbr   :   0 clc   :   0 clh   :   0 cli   :   1 cln   :   0 
clr   :  13 cls   :   0 clt   :   1 clv   :   0 clz   :   0 com   :   2 
cp    :   5 cpc   :   2 cpi   :  33 cpse  :   0 dec   :   6 des   :   0 
eor   :   0 fmul  :   0 fmuls :   0 fmulsu:   0 icall :   2 ijmp  :   0 
in    :   3 inc   :   2 jmp   :  24 ld    :  26 ldd   :  77 ldi   : 107 
lds   :   0 lpm   :  14 lsl   :   1 lsr   :   0 mov   :  26 movw  :  20 
mul   :   1 muls  :   0 mulsu :   0 neg   :   2 nop   :   0 or    :   1 
ori   :   7 out   :  44 pop   :   1 push  :   1 rcall :  21 ret   :  27 
reti  :   0 rjmp  :  64 rol   :   3 ror   :   0 sbc   :   2 sbci  :   2 
sbi   :   9 sbic  :   1 sbis  :   0 sbiw  :  21 sbr   :   1 sbrc  :   3 
sbrs  :  11 sec   :   0 seh   :   0 sei   :   0 sen   :   0 ser   :   0 
ses   :   0 set   :   1 sev   :   0 sez   :   0 sleep :   0 spm   :   0 
st    :  63 std   :  31 sts   :   2 sub   :   2 subi  :  17 swap  :   1 
tst   :   4 wdr   :   1 
Instructions used: 61 out of 116 (52.6%)

ATmega32 memory use summary [bytes]:
Segment   Begin    End      Code   Data   Used    Size   Use%
---------------------------------------------------------------
[.cseg] 0x000000 0x0007b6   1922     52   1974   32768   6.0%
[.dseg] 0x000060 0x000264      0      4      4    2048   0.2%
[.eseg] 0x000000 0x000000      0      0      0    1024   0.0%

Assembly complete, 0 errors, 4 warnings
