
AVRASM ver. 2.1.30  D:\university\7term\micro_graderi\project\adc\2\codeVisionAdc\codeVisionAdc\Debug\List\adc.asm Tue Jan 22 21:13:01 2019

D:\university\7term\micro_graderi\project\adc\2\codeVisionAdc\codeVisionAdc\Debug\List\adc.asm(1088): warning: Register r5 already defined by the .DEF directive
D:\university\7term\micro_graderi\project\adc\2\codeVisionAdc\codeVisionAdc\Debug\List\adc.asm(1089): warning: Register r4 already defined by the .DEF directive
D:\university\7term\micro_graderi\project\adc\2\codeVisionAdc\codeVisionAdc\Debug\List\adc.asm(1090): warning: Register r7 already defined by the .DEF directive
                 
                 
                 ;CodeVisionAVR C Compiler V3.12 Advanced
                 ;(C) Copyright 1998-2014 Pavel Haiduc, HP InfoTech s.r.l.
                 ;http://www.hpinfotech.com
                 
                 ;Build configuration    : Debug
                 ;Chip type              : ATmega32
                 ;Program type           : Application
                 ;Clock frequency        : 8.000000 MHz
                 ;Memory model           : Small
                 ;Optimize for           : Size
                 ;(s)printf features     : int, width
                 ;(s)scanf features      : int, width
                 ;External RAM size      : 0
                 ;Data Stack size        : 512 byte(s)
                 ;Heap size              : 0 byte(s)
                 ;Promote 'char' to 'int': Yes
                 ;'char' is unsigned     : Yes
                 ;8 bit enums            : Yes
                 ;Global 'const' stored in FLASH: Yes
                 ;Enhanced function parameter passing: Yes
                 ;Enhanced core instructions: On
                 ;Automatic register allocation for global variables: On
                 ;Smart register allocation: On
                 
                 	#define _MODEL_SMALL_
                 
                 	#pragma AVRPART ADMIN PART_NAME ATmega32
                 	#pragma AVRPART MEMORY PROG_FLASH 32768
                 	#pragma AVRPART MEMORY EEPROM 1024
                 	#pragma AVRPART MEMORY INT_SRAM SIZE 2048
                 	#pragma AVRPART MEMORY INT_SRAM START_ADDR 0x60
                 
                 	#define CALL_SUPPORTED 1
                 
                 	.LISTMAC
                 	.EQU UDRE=0x5
                 	.EQU RXC=0x7
                 	.EQU USR=0xB
                 	.EQU UDR=0xC
                 	.EQU SPSR=0xE
                 	.EQU SPDR=0xF
                 	.EQU EERE=0x0
                 	.EQU EEWE=0x1
                 	.EQU EEMWE=0x2
                 	.EQU EECR=0x1C
                 	.EQU EEDR=0x1D
                 	.EQU EEARL=0x1E
                 	.EQU EEARH=0x1F
                 	.EQU WDTCR=0x21
                 	.EQU MCUCR=0x35
                 	.EQU GICR=0x3B
                 	.EQU SPL=0x3D
                 	.EQU SPH=0x3E
                 	.EQU SREG=0x3F
                 
                 	.DEF R0X0=R0
                 	.DEF R0X1=R1
                 	.DEF R0X2=R2
                 	.DEF R0X3=R3
                 	.DEF R0X4=R4
                 	.DEF R0X5=R5
                 	.DEF R0X6=R6
                 	.DEF R0X7=R7
                 	.DEF R0X8=R8
                 	.DEF R0X9=R9
                 	.DEF R0XA=R10
                 	.DEF R0XB=R11
                 	.DEF R0XC=R12
                 	.DEF R0XD=R13
                 	.DEF R0XE=R14
                 	.DEF R0XF=R15
                 	.DEF R0X10=R16
                 	.DEF R0X11=R17
                 	.DEF R0X12=R18
                 	.DEF R0X13=R19
                 	.DEF R0X14=R20
                 	.DEF R0X15=R21
                 	.DEF R0X16=R22
                 	.DEF R0X17=R23
                 	.DEF R0X18=R24
                 	.DEF R0X19=R25
                 	.DEF R0X1A=R26
                 	.DEF R0X1B=R27
                 	.DEF R0X1C=R28
                 	.DEF R0X1D=R29
                 	.DEF R0X1E=R30
                 	.DEF R0X1F=R31
                 
                 	.EQU __SRAM_START=0x0060
                 	.EQU __SRAM_END=0x085F
                 	.EQU __DSTACK_SIZE=0x0200
                 	.EQU __HEAP_SIZE=0x0000
                 	.EQU __CLEAR_SRAM_SIZE=__SRAM_END-__SRAM_START+1
                 
                 	.MACRO __CPD1N
                 	CPI  R30,LOW(@0)
                 	LDI  R26,HIGH(@0)
                 	CPC  R31,R26
                 	LDI  R26,BYTE3(@0)
                 	CPC  R22,R26
                 	LDI  R26,BYTE4(@0)
                 	CPC  R23,R26
                 	.ENDM
                 
                 	.MACRO __CPD2N
                 	CPI  R26,LOW(@0)
                 	LDI  R30,HIGH(@0)
                 	CPC  R27,R30
                 	LDI  R30,BYTE3(@0)
                 	CPC  R24,R30
                 	LDI  R30,BYTE4(@0)
                 	CPC  R25,R30
                 	.ENDM
                 
                 	.MACRO __CPWRR
                 	CP   R@0,R@2
                 	CPC  R@1,R@3
                 	.ENDM
                 
                 	.MACRO __CPWRN
                 	CPI  R@0,LOW(@2)
                 	LDI  R30,HIGH(@2)
                 	CPC  R@1,R30
                 	.ENDM
                 
                 	.MACRO __ADDB1MN
                 	SUBI R30,LOW(-@0-(@1))
                 	.ENDM
                 
                 	.MACRO __ADDB2MN
                 	SUBI R26,LOW(-@0-(@1))
                 	.ENDM
                 
                 	.MACRO __ADDW1MN
                 	SUBI R30,LOW(-@0-(@1))
                 	SBCI R31,HIGH(-@0-(@1))
                 	.ENDM
                 
                 	.MACRO __ADDW2MN
                 	SUBI R26,LOW(-@0-(@1))
                 	SBCI R27,HIGH(-@0-(@1))
                 	.ENDM
                 
                 	.MACRO __ADDW1FN
                 	SUBI R30,LOW(-2*@0-(@1))
                 	SBCI R31,HIGH(-2*@0-(@1))
                 	.ENDM
                 
                 	.MACRO __ADDD1FN
                 	SUBI R30,LOW(-2*@0-(@1))
                 	SBCI R31,HIGH(-2*@0-(@1))
                 	SBCI R22,BYTE3(-2*@0-(@1))
                 	.ENDM
                 
                 	.MACRO __ADDD1N
                 	SUBI R30,LOW(-@0)
                 	SBCI R31,HIGH(-@0)
                 	SBCI R22,BYTE3(-@0)
                 	SBCI R23,BYTE4(-@0)
                 	.ENDM
                 
                 	.MACRO __ADDD2N
                 	SUBI R26,LOW(-@0)
                 	SBCI R27,HIGH(-@0)
                 	SBCI R24,BYTE3(-@0)
                 	SBCI R25,BYTE4(-@0)
                 	.ENDM
                 
                 	.MACRO __SUBD1N
                 	SUBI R30,LOW(@0)
                 	SBCI R31,HIGH(@0)
                 	SBCI R22,BYTE3(@0)
                 	SBCI R23,BYTE4(@0)
                 	.ENDM
                 
                 	.MACRO __SUBD2N
                 	SUBI R26,LOW(@0)
                 	SBCI R27,HIGH(@0)
                 	SBCI R24,BYTE3(@0)
                 	SBCI R25,BYTE4(@0)
                 	.ENDM
                 
                 	.MACRO __ANDBMNN
                 	LDS  R30,@0+(@1)
                 	ANDI R30,LOW(@2)
                 	STS  @0+(@1),R30
                 	.ENDM
                 
                 	.MACRO __ANDWMNN
                 	LDS  R30,@0+(@1)
                 	ANDI R30,LOW(@2)
                 	STS  @0+(@1),R30
                 	LDS  R30,@0+(@1)+1
                 	ANDI R30,HIGH(@2)
                 	STS  @0+(@1)+1,R30
                 	.ENDM
                 
                 	.MACRO __ANDD1N
                 	ANDI R30,LOW(@0)
                 	ANDI R31,HIGH(@0)
                 	ANDI R22,BYTE3(@0)
                 	ANDI R23,BYTE4(@0)
                 	.ENDM
                 
                 	.MACRO __ANDD2N
                 	ANDI R26,LOW(@0)
                 	ANDI R27,HIGH(@0)
                 	ANDI R24,BYTE3(@0)
                 	ANDI R25,BYTE4(@0)
                 	.ENDM
                 
                 	.MACRO __ORBMNN
                 	LDS  R30,@0+(@1)
                 	ORI  R30,LOW(@2)
                 	STS  @0+(@1),R30
                 	.ENDM
                 
                 	.MACRO __ORWMNN
                 	LDS  R30,@0+(@1)
                 	ORI  R30,LOW(@2)
                 	STS  @0+(@1),R30
                 	LDS  R30,@0+(@1)+1
                 	ORI  R30,HIGH(@2)
                 	STS  @0+(@1)+1,R30
                 	.ENDM
                 
                 	.MACRO __ORD1N
                 	ORI  R30,LOW(@0)
                 	ORI  R31,HIGH(@0)
                 	ORI  R22,BYTE3(@0)
                 	ORI  R23,BYTE4(@0)
                 	.ENDM
                 
                 	.MACRO __ORD2N
                 	ORI  R26,LOW(@0)
                 	ORI  R27,HIGH(@0)
                 	ORI  R24,BYTE3(@0)
                 	ORI  R25,BYTE4(@0)
                 	.ENDM
                 
                 	.MACRO __DELAY_USB
                 	LDI  R24,LOW(@0)
                 __DELAY_USB_LOOP:
                 	DEC  R24
                 	BRNE __DELAY_USB_LOOP
                 	.ENDM
                 
                 	.MACRO __DELAY_USW
                 	LDI  R24,LOW(@0)
                 	LDI  R25,HIGH(@0)
                 __DELAY_USW_LOOP:
                 	SBIW R24,1
                 	BRNE __DELAY_USW_LOOP
                 	.ENDM
                 
                 	.MACRO __GETD1S
                 	LDD  R30,Y+@0
                 	LDD  R31,Y+@0+1
                 	LDD  R22,Y+@0+2
                 	LDD  R23,Y+@0+3
                 	.ENDM
                 
                 	.MACRO __GETD2S
                 	LDD  R26,Y+@0
                 	LDD  R27,Y+@0+1
                 	LDD  R24,Y+@0+2
                 	LDD  R25,Y+@0+3
                 	.ENDM
                 
                 	.MACRO __PUTD1S
                 	STD  Y+@0,R30
                 	STD  Y+@0+1,R31
                 	STD  Y+@0+2,R22
                 	STD  Y+@0+3,R23
                 	.ENDM
                 
                 	.MACRO __PUTD2S
                 	STD  Y+@0,R26
                 	STD  Y+@0+1,R27
                 	STD  Y+@0+2,R24
                 	STD  Y+@0+3,R25
                 	.ENDM
                 
                 	.MACRO __PUTDZ2
                 	STD  Z+@0,R26
                 	STD  Z+@0+1,R27
                 	STD  Z+@0+2,R24
                 	STD  Z+@0+3,R25
                 	.ENDM
                 
                 	.MACRO __CLRD1S
                 	STD  Y+@0,R30
                 	STD  Y+@0+1,R30
                 	STD  Y+@0+2,R30
                 	STD  Y+@0+3,R30
                 	.ENDM
                 
                 	.MACRO __POINTB1MN
                 	LDI  R30,LOW(@0+(@1))
                 	.ENDM
                 
                 	.MACRO __POINTW1MN
                 	LDI  R30,LOW(@0+(@1))
                 	LDI  R31,HIGH(@0+(@1))
                 	.ENDM
                 
                 	.MACRO __POINTD1M
                 	LDI  R30,LOW(@0)
                 	LDI  R31,HIGH(@0)
                 	LDI  R22,BYTE3(@0)
                 	LDI  R23,BYTE4(@0)
                 	.ENDM
                 
                 	.MACRO __POINTW1FN
                 	LDI  R30,LOW(2*@0+(@1))
                 	LDI  R31,HIGH(2*@0+(@1))
                 	.ENDM
                 
                 	.MACRO __POINTD1FN
                 	LDI  R30,LOW(2*@0+(@1))
                 	LDI  R31,HIGH(2*@0+(@1))
                 	LDI  R22,BYTE3(2*@0+(@1))
                 	LDI  R23,BYTE4(2*@0+(@1))
                 	.ENDM
                 
                 	.MACRO __POINTB2MN
                 	LDI  R26,LOW(@0+(@1))
                 	.ENDM
                 
                 	.MACRO __POINTW2MN
                 	LDI  R26,LOW(@0+(@1))
                 	LDI  R27,HIGH(@0+(@1))
                 	.ENDM
                 
                 	.MACRO __POINTW2FN
                 	LDI  R26,LOW(2*@0+(@1))
                 	LDI  R27,HIGH(2*@0+(@1))
                 	.ENDM
                 
                 	.MACRO __POINTD2FN
                 	LDI  R26,LOW(2*@0+(@1))
                 	LDI  R27,HIGH(2*@0+(@1))
                 	LDI  R24,BYTE3(2*@0+(@1))
                 	LDI  R25,BYTE4(2*@0+(@1))
                 	.ENDM
                 
                 	.MACRO __POINTBRM
                 	LDI  R@0,LOW(@1)
                 	.ENDM
                 
                 	.MACRO __POINTWRM
                 	LDI  R@0,LOW(@2)
                 	LDI  R@1,HIGH(@2)
                 	.ENDM
                 
                 	.MACRO __POINTBRMN
                 	LDI  R@0,LOW(@1+(@2))
                 	.ENDM
                 
                 	.MACRO __POINTWRMN
                 	LDI  R@0,LOW(@2+(@3))
                 	LDI  R@1,HIGH(@2+(@3))
                 	.ENDM
                 
                 	.MACRO __POINTWRFN
                 	LDI  R@0,LOW(@2*2+(@3))
                 	LDI  R@1,HIGH(@2*2+(@3))
                 	.ENDM
                 
                 	.MACRO __GETD1N
                 	LDI  R30,LOW(@0)
                 	LDI  R31,HIGH(@0)
                 	LDI  R22,BYTE3(@0)
                 	LDI  R23,BYTE4(@0)
                 	.ENDM
                 
                 	.MACRO __GETD2N
                 	LDI  R26,LOW(@0)
                 	LDI  R27,HIGH(@0)
                 	LDI  R24,BYTE3(@0)
                 	LDI  R25,BYTE4(@0)
                 	.ENDM
                 
                 	.MACRO __GETB1MN
                 	LDS  R30,@0+(@1)
                 	.ENDM
                 
                 	.MACRO __GETB1HMN
                 	LDS  R31,@0+(@1)
                 	.ENDM
                 
                 	.MACRO __GETW1MN
                 	LDS  R30,@0+(@1)
                 	LDS  R31,@0+(@1)+1
                 	.ENDM
                 
                 	.MACRO __GETD1MN
                 	LDS  R30,@0+(@1)
                 	LDS  R31,@0+(@1)+1
                 	LDS  R22,@0+(@1)+2
                 	LDS  R23,@0+(@1)+3
                 	.ENDM
                 
                 	.MACRO __GETBRMN
                 	LDS  R@0,@1+(@2)
                 	.ENDM
                 
                 	.MACRO __GETWRMN
                 	LDS  R@0,@2+(@3)
                 	LDS  R@1,@2+(@3)+1
                 	.ENDM
                 
                 	.MACRO __GETWRZ
                 	LDD  R@0,Z+@2
                 	LDD  R@1,Z+@2+1
                 	.ENDM
                 
                 	.MACRO __GETD2Z
                 	LDD  R26,Z+@0
                 	LDD  R27,Z+@0+1
                 	LDD  R24,Z+@0+2
                 	LDD  R25,Z+@0+3
                 	.ENDM
                 
                 	.MACRO __GETB2MN
                 	LDS  R26,@0+(@1)
                 	.ENDM
                 
                 	.MACRO __GETW2MN
                 	LDS  R26,@0+(@1)
                 	LDS  R27,@0+(@1)+1
                 	.ENDM
                 
                 	.MACRO __GETD2MN
                 	LDS  R26,@0+(@1)
                 	LDS  R27,@0+(@1)+1
                 	LDS  R24,@0+(@1)+2
                 	LDS  R25,@0+(@1)+3
                 	.ENDM
                 
                 	.MACRO __PUTB1MN
                 	STS  @0+(@1),R30
                 	.ENDM
                 
                 	.MACRO __PUTW1MN
                 	STS  @0+(@1),R30
                 	STS  @0+(@1)+1,R31
                 	.ENDM
                 
                 	.MACRO __PUTD1MN
                 	STS  @0+(@1),R30
                 	STS  @0+(@1)+1,R31
                 	STS  @0+(@1)+2,R22
                 	STS  @0+(@1)+3,R23
                 	.ENDM
                 
                 	.MACRO __PUTB1EN
                 	LDI  R26,LOW(@0+(@1))
                 	LDI  R27,HIGH(@0+(@1))
                 	CALL __EEPROMWRB
                 	.ENDM
                 
                 	.MACRO __PUTW1EN
                 	LDI  R26,LOW(@0+(@1))
                 	LDI  R27,HIGH(@0+(@1))
                 	CALL __EEPROMWRW
                 	.ENDM
                 
                 	.MACRO __PUTD1EN
                 	LDI  R26,LOW(@0+(@1))
                 	LDI  R27,HIGH(@0+(@1))
                 	CALL __EEPROMWRD
                 	.ENDM
                 
                 	.MACRO __PUTBR0MN
                 	STS  @0+(@1),R0
                 	.ENDM
                 
                 	.MACRO __PUTBMRN
                 	STS  @0+(@1),R@2
                 	.ENDM
                 
                 	.MACRO __PUTWMRN
                 	STS  @0+(@1),R@2
                 	STS  @0+(@1)+1,R@3
                 	.ENDM
                 
                 	.MACRO __PUTBZR
                 	STD  Z+@1,R@0
                 	.ENDM
                 
                 	.MACRO __PUTWZR
                 	STD  Z+@2,R@0
                 	STD  Z+@2+1,R@1
                 	.ENDM
                 
                 	.MACRO __GETW1R
                 	MOV  R30,R@0
                 	MOV  R31,R@1
                 	.ENDM
                 
                 	.MACRO __GETW2R
                 	MOV  R26,R@0
                 	MOV  R27,R@1
                 	.ENDM
                 
                 	.MACRO __GETWRN
                 	LDI  R@0,LOW(@2)
                 	LDI  R@1,HIGH(@2)
                 	.ENDM
                 
                 	.MACRO __PUTW1R
                 	MOV  R@0,R30
                 	MOV  R@1,R31
                 	.ENDM
                 
                 	.MACRO __PUTW2R
                 	MOV  R@0,R26
                 	MOV  R@1,R27
                 	.ENDM
                 
                 	.MACRO __ADDWRN
                 	SUBI R@0,LOW(-@2)
                 	SBCI R@1,HIGH(-@2)
                 	.ENDM
                 
                 	.MACRO __ADDWRR
                 	ADD  R@0,R@2
                 	ADC  R@1,R@3
                 	.ENDM
                 
                 	.MACRO __SUBWRN
                 	SUBI R@0,LOW(@2)
                 	SBCI R@1,HIGH(@2)
                 	.ENDM
                 
                 	.MACRO __SUBWRR
                 	SUB  R@0,R@2
                 	SBC  R@1,R@3
                 	.ENDM
                 
                 	.MACRO __ANDWRN
                 	ANDI R@0,LOW(@2)
                 	ANDI R@1,HIGH(@2)
                 	.ENDM
                 
                 	.MACRO __ANDWRR
                 	AND  R@0,R@2
                 	AND  R@1,R@3
                 	.ENDM
                 
                 	.MACRO __ORWRN
                 	ORI  R@0,LOW(@2)
                 	ORI  R@1,HIGH(@2)
                 	.ENDM
                 
                 	.MACRO __ORWRR
                 	OR   R@0,R@2
                 	OR   R@1,R@3
                 	.ENDM
                 
                 	.MACRO __EORWRR
                 	EOR  R@0,R@2
                 	EOR  R@1,R@3
                 	.ENDM
                 
                 	.MACRO __GETWRS
                 	LDD  R@0,Y+@2
                 	LDD  R@1,Y+@2+1
                 	.ENDM
                 
                 	.MACRO __PUTBSR
                 	STD  Y+@1,R@0
                 	.ENDM
                 
                 	.MACRO __PUTWSR
                 	STD  Y+@2,R@0
                 	STD  Y+@2+1,R@1
                 	.ENDM
                 
                 	.MACRO __MOVEWRR
                 	MOV  R@0,R@2
                 	MOV  R@1,R@3
                 	.ENDM
                 
                 	.MACRO __INWR
                 	IN   R@0,@2
                 	IN   R@1,@2+1
                 	.ENDM
                 
                 	.MACRO __OUTWR
                 	OUT  @2+1,R@1
                 	OUT  @2,R@0
                 	.ENDM
                 
                 	.MACRO __CALL1MN
                 	LDS  R30,@0+(@1)
                 	LDS  R31,@0+(@1)+1
                 	ICALL
                 	.ENDM
                 
                 	.MACRO __CALL1FN
                 	LDI  R30,LOW(2*@0+(@1))
                 	LDI  R31,HIGH(2*@0+(@1))
                 	CALL __GETW1PF
                 	ICALL
                 	.ENDM
                 
                 	.MACRO __CALL2EN
                 	PUSH R26
                 	PUSH R27
                 	LDI  R26,LOW(@0+(@1))
                 	LDI  R27,HIGH(@0+(@1))
                 	CALL __EEPROMRDW
                 	POP  R27
                 	POP  R26
                 	ICALL
                 	.ENDM
                 
                 	.MACRO __CALL2EX
                 	SUBI R26,LOW(-@0)
                 	SBCI R27,HIGH(-@0)
                 	CALL __EEPROMRDD
                 	ICALL
                 	.ENDM
                 
                 	.MACRO __GETW1STACK
                 	IN   R30,SPL
                 	IN   R31,SPH
                 	ADIW R30,@0+1
                 	LD   R0,Z+
                 	LD   R31,Z
                 	MOV  R30,R0
                 	.ENDM
                 
                 	.MACRO __GETD1STACK
                 	IN   R30,SPL
                 	IN   R31,SPH
                 	ADIW R30,@0+1
                 	LD   R0,Z+
                 	LD   R1,Z+
                 	LD   R22,Z
                 	MOVW R30,R0
                 	.ENDM
                 
                 	.MACRO __NBST
                 	BST  R@0,@1
                 	IN   R30,SREG
                 	LDI  R31,0x40
                 	EOR  R30,R31
                 	OUT  SREG,R30
                 	.ENDM
                 
                 
                 	.MACRO __PUTB1SN
                 	LDD  R26,Y+@0
                 	LDD  R27,Y+@0+1
                 	SUBI R26,LOW(-@1)
                 	SBCI R27,HIGH(-@1)
                 	ST   X,R30
                 	.ENDM
                 
                 	.MACRO __PUTW1SN
                 	LDD  R26,Y+@0
                 	LDD  R27,Y+@0+1
                 	SUBI R26,LOW(-@1)
                 	SBCI R27,HIGH(-@1)
                 	ST   X+,R30
                 	ST   X,R31
                 	.ENDM
                 
                 	.MACRO __PUTD1SN
                 	LDD  R26,Y+@0
                 	LDD  R27,Y+@0+1
                 	SUBI R26,LOW(-@1)
                 	SBCI R27,HIGH(-@1)
                 	CALL __PUTDP1
                 	.ENDM
                 
                 	.MACRO __PUTB1SNS
                 	LDD  R26,Y+@0
                 	LDD  R27,Y+@0+1
                 	ADIW R26,@1
                 	ST   X,R30
                 	.ENDM
                 
                 	.MACRO __PUTW1SNS
                 	LDD  R26,Y+@0
                 	LDD  R27,Y+@0+1
                 	ADIW R26,@1
                 	ST   X+,R30
                 	ST   X,R31
                 	.ENDM
                 
                 	.MACRO __PUTD1SNS
                 	LDD  R26,Y+@0
                 	LDD  R27,Y+@0+1
                 	ADIW R26,@1
                 	CALL __PUTDP1
                 	.ENDM
                 
                 	.MACRO __PUTB1PMN
                 	LDS  R26,@0
                 	LDS  R27,@0+1
                 	SUBI R26,LOW(-@1)
                 	SBCI R27,HIGH(-@1)
                 	ST   X,R30
                 	.ENDM
                 
                 	.MACRO __PUTW1PMN
                 	LDS  R26,@0
                 	LDS  R27,@0+1
                 	SUBI R26,LOW(-@1)
                 	SBCI R27,HIGH(-@1)
                 	ST   X+,R30
                 	ST   X,R31
                 	.ENDM
                 
                 	.MACRO __PUTD1PMN
                 	LDS  R26,@0
                 	LDS  R27,@0+1
                 	SUBI R26,LOW(-@1)
                 	SBCI R27,HIGH(-@1)
                 	CALL __PUTDP1
                 	.ENDM
                 
                 	.MACRO __PUTB1PMNS
                 	LDS  R26,@0
                 	LDS  R27,@0+1
                 	ADIW R26,@1
                 	ST   X,R30
                 	.ENDM
                 
                 	.MACRO __PUTW1PMNS
                 	LDS  R26,@0
                 	LDS  R27,@0+1
                 	ADIW R26,@1
                 	ST   X+,R30
                 	ST   X,R31
                 	.ENDM
                 
                 	.MACRO __PUTD1PMNS
                 	LDS  R26,@0
                 	LDS  R27,@0+1
                 	ADIW R26,@1
                 	CALL __PUTDP1
                 	.ENDM
                 
                 	.MACRO __PUTB1RN
                 	MOVW R26,R@0
                 	SUBI R26,LOW(-@1)
                 	SBCI R27,HIGH(-@1)
                 	ST   X,R30
                 	.ENDM
                 
                 	.MACRO __PUTW1RN
                 	MOVW R26,R@0
                 	SUBI R26,LOW(-@1)
                 	SBCI R27,HIGH(-@1)
                 	ST   X+,R30
                 	ST   X,R31
                 	.ENDM
                 
                 	.MACRO __PUTD1RN
                 	MOVW R26,R@0
                 	SUBI R26,LOW(-@1)
                 	SBCI R27,HIGH(-@1)
                 	CALL __PUTDP1
                 	.ENDM
                 
                 	.MACRO __PUTB1RNS
                 	MOVW R26,R@0
                 	ADIW R26,@1
                 	ST   X,R30
                 	.ENDM
                 
                 	.MACRO __PUTW1RNS
                 	MOVW R26,R@0
                 	ADIW R26,@1
                 	ST   X+,R30
                 	ST   X,R31
                 	.ENDM
                 
                 	.MACRO __PUTD1RNS
                 	MOVW R26,R@0
                 	ADIW R26,@1
                 	CALL __PUTDP1
                 	.ENDM
                 
                 	.MACRO __PUTB1RON
                 	MOV  R26,R@0
                 	MOV  R27,R@1
                 	SUBI R26,LOW(-@2)
                 	SBCI R27,HIGH(-@2)
                 	ST   X,R30
                 	.ENDM
                 
                 	.MACRO __PUTW1RON
                 	MOV  R26,R@0
                 	MOV  R27,R@1
                 	SUBI R26,LOW(-@2)
                 	SBCI R27,HIGH(-@2)
                 	ST   X+,R30
                 	ST   X,R31
                 	.ENDM
                 
                 	.MACRO __PUTD1RON
                 	MOV  R26,R@0
                 	MOV  R27,R@1
                 	SUBI R26,LOW(-@2)
                 	SBCI R27,HIGH(-@2)
                 	CALL __PUTDP1
                 	.ENDM
                 
                 	.MACRO __PUTB1RONS
                 	MOV  R26,R@0
                 	MOV  R27,R@1
                 	ADIW R26,@2
                 	ST   X,R30
                 	.ENDM
                 
                 	.MACRO __PUTW1RONS
                 	MOV  R26,R@0
                 	MOV  R27,R@1
                 	ADIW R26,@2
                 	ST   X+,R30
                 	ST   X,R31
                 	.ENDM
                 
                 	.MACRO __PUTD1RONS
                 	MOV  R26,R@0
                 	MOV  R27,R@1
                 	ADIW R26,@2
                 	CALL __PUTDP1
                 	.ENDM
                 
                 
                 	.MACRO __GETB1SX
                 	MOVW R30,R28
                 	SUBI R30,LOW(-@0)
                 	SBCI R31,HIGH(-@0)
                 	LD   R30,Z
                 	.ENDM
                 
                 	.MACRO __GETB1HSX
                 	MOVW R30,R28
                 	SUBI R30,LOW(-@0)
                 	SBCI R31,HIGH(-@0)
                 	LD   R31,Z
                 	.ENDM
                 
                 	.MACRO __GETW1SX
                 	MOVW R30,R28
                 	SUBI R30,LOW(-@0)
                 	SBCI R31,HIGH(-@0)
                 	LD   R0,Z+
                 	LD   R31,Z
                 	MOV  R30,R0
                 	.ENDM
                 
                 	.MACRO __GETD1SX
                 	MOVW R30,R28
                 	SUBI R30,LOW(-@0)
                 	SBCI R31,HIGH(-@0)
                 	LD   R0,Z+
                 	LD   R1,Z+
                 	LD   R22,Z+
                 	LD   R23,Z
                 	MOVW R30,R0
                 	.ENDM
                 
                 	.MACRO __GETB2SX
                 	MOVW R26,R28
                 	SUBI R26,LOW(-@0)
                 	SBCI R27,HIGH(-@0)
                 	LD   R26,X
                 	.ENDM
                 
                 	.MACRO __GETW2SX
                 	MOVW R26,R28
                 	SUBI R26,LOW(-@0)
                 	SBCI R27,HIGH(-@0)
                 	LD   R0,X+
                 	LD   R27,X
                 	MOV  R26,R0
                 	.ENDM
                 
                 	.MACRO __GETD2SX
                 	MOVW R26,R28
                 	SUBI R26,LOW(-@0)
                 	SBCI R27,HIGH(-@0)
                 	LD   R0,X+
                 	LD   R1,X+
                 	LD   R24,X+
                 	LD   R25,X
                 	MOVW R26,R0
                 	.ENDM
                 
                 	.MACRO __GETBRSX
                 	MOVW R30,R28
                 	SUBI R30,LOW(-@1)
                 	SBCI R31,HIGH(-@1)
                 	LD   R@0,Z
                 	.ENDM
                 
                 	.MACRO __GETWRSX
                 	MOVW R30,R28
                 	SUBI R30,LOW(-@2)
                 	SBCI R31,HIGH(-@2)
                 	LD   R@0,Z+
                 	LD   R@1,Z
                 	.ENDM
                 
                 	.MACRO __GETBRSX2
                 	MOVW R26,R28
                 	SUBI R26,LOW(-@1)
                 	SBCI R27,HIGH(-@1)
                 	LD   R@0,X
                 	.ENDM
                 
                 	.MACRO __GETWRSX2
                 	MOVW R26,R28
                 	SUBI R26,LOW(-@2)
                 	SBCI R27,HIGH(-@2)
                 	LD   R@0,X+
                 	LD   R@1,X
                 	.ENDM
                 
                 	.MACRO __LSLW8SX
                 	MOVW R30,R28
                 	SUBI R30,LOW(-@0)
                 	SBCI R31,HIGH(-@0)
                 	LD   R31,Z
                 	CLR  R30
                 	.ENDM
                 
                 	.MACRO __PUTB1SX
                 	MOVW R26,R28
                 	SUBI R26,LOW(-@0)
                 	SBCI R27,HIGH(-@0)
                 	ST   X,R30
                 	.ENDM
                 
                 	.MACRO __PUTW1SX
                 	MOVW R26,R28
                 	SUBI R26,LOW(-@0)
                 	SBCI R27,HIGH(-@0)
                 	ST   X+,R30
                 	ST   X,R31
                 	.ENDM
                 
                 	.MACRO __PUTD1SX
                 	MOVW R26,R28
                 	SUBI R26,LOW(-@0)
                 	SBCI R27,HIGH(-@0)
                 	ST   X+,R30
                 	ST   X+,R31
                 	ST   X+,R22
                 	ST   X,R23
                 	.ENDM
                 
                 	.MACRO __CLRW1SX
                 	MOVW R26,R28
                 	SUBI R26,LOW(-@0)
                 	SBCI R27,HIGH(-@0)
                 	ST   X+,R30
                 	ST   X,R30
                 	.ENDM
                 
                 	.MACRO __CLRD1SX
                 	MOVW R26,R28
                 	SUBI R26,LOW(-@0)
                 	SBCI R27,HIGH(-@0)
                 	ST   X+,R30
                 	ST   X+,R30
                 	ST   X+,R30
                 	ST   X,R30
                 	.ENDM
                 
                 	.MACRO __PUTB2SX
                 	MOVW R30,R28
                 	SUBI R30,LOW(-@0)
                 	SBCI R31,HIGH(-@0)
                 	ST   Z,R26
                 	.ENDM
                 
                 	.MACRO __PUTW2SX
                 	MOVW R30,R28
                 	SUBI R30,LOW(-@0)
                 	SBCI R31,HIGH(-@0)
                 	ST   Z+,R26
                 	ST   Z,R27
                 	.ENDM
                 
                 	.MACRO __PUTD2SX
                 	MOVW R30,R28
                 	SUBI R30,LOW(-@0)
                 	SBCI R31,HIGH(-@0)
                 	ST   Z+,R26
                 	ST   Z+,R27
                 	ST   Z+,R24
                 	ST   Z,R25
                 	.ENDM
                 
                 	.MACRO __PUTBSRX
                 	MOVW R30,R28
                 	SUBI R30,LOW(-@1)
                 	SBCI R31,HIGH(-@1)
                 	ST   Z,R@0
                 	.ENDM
                 
                 	.MACRO __PUTWSRX
                 	MOVW R30,R28
                 	SUBI R30,LOW(-@2)
                 	SBCI R31,HIGH(-@2)
                 	ST   Z+,R@0
                 	ST   Z,R@1
                 	.ENDM
                 
                 	.MACRO __PUTB1SNX
                 	MOVW R26,R28
                 	SUBI R26,LOW(-@0)
                 	SBCI R27,HIGH(-@0)
                 	LD   R0,X+
                 	LD   R27,X
                 	MOV  R26,R0
                 	SUBI R26,LOW(-@1)
                 	SBCI R27,HIGH(-@1)
                 	ST   X,R30
                 	.ENDM
                 
                 	.MACRO __PUTW1SNX
                 	MOVW R26,R28
                 	SUBI R26,LOW(-@0)
                 	SBCI R27,HIGH(-@0)
                 	LD   R0,X+
                 	LD   R27,X
                 	MOV  R26,R0
                 	SUBI R26,LOW(-@1)
                 	SBCI R27,HIGH(-@1)
                 	ST   X+,R30
                 	ST   X,R31
                 	.ENDM
                 
                 	.MACRO __PUTD1SNX
                 	MOVW R26,R28
                 	SUBI R26,LOW(-@0)
                 	SBCI R27,HIGH(-@0)
                 	LD   R0,X+
                 	LD   R27,X
                 	MOV  R26,R0
                 	SUBI R26,LOW(-@1)
                 	SBCI R27,HIGH(-@1)
                 	ST   X+,R30
                 	ST   X+,R31
                 	ST   X+,R22
                 	ST   X,R23
                 	.ENDM
                 
                 	.MACRO __MULBRR
                 	MULS R@0,R@1
                 	MOVW R30,R0
                 	.ENDM
                 
                 	.MACRO __MULBRRU
                 	MUL  R@0,R@1
                 	MOVW R30,R0
                 	.ENDM
                 
                 	.MACRO __MULBRR0
                 	MULS R@0,R@1
                 	.ENDM
                 
                 	.MACRO __MULBRRU0
                 	MUL  R@0,R@1
                 	.ENDM
                 
                 	.MACRO __MULBNWRU
                 	LDI  R26,@2
                 	MUL  R26,R@0
                 	MOVW R30,R0
                 	MUL  R26,R@1
                 	ADD  R31,R0
                 	.ENDM
                 
                 ;NAME DEFINITIONS FOR GLOBAL VARIABLES ALLOCATED TO REGISTERS
                 	.DEF __lcd_x=R5
                 	.DEF __lcd_y=R4
                 	.DEF __lcd_maxx=R7
                 
                 	.CSEG
                 	.ORG 0x00
                 
                 ;START OF CODE MARKER
                 __START_OF_CODE:
                 
                 ;INTERRUPT VECTORS
000000 940c 0044 	JMP  __RESET
000002 940c 0000 	JMP  0x00
000004 940c 0000 	JMP  0x00
000006 940c 0000 	JMP  0x00
000008 940c 0000 	JMP  0x00
00000a 940c 0000 	JMP  0x00
00000c 940c 0000 	JMP  0x00
00000e 940c 0000 	JMP  0x00
000010 940c 0000 	JMP  0x00
000012 940c 0000 	JMP  0x00
000014 940c 0000 	JMP  0x00
000016 940c 0000 	JMP  0x00
000018 940c 0000 	JMP  0x00
00001a 940c 0000 	JMP  0x00
00001c 940c 0000 	JMP  0x00
00001e 940c 0000 	JMP  0x00
000020 940c 0000 	JMP  0x00
000022 940c 0000 	JMP  0x00
000024 940c 0000 	JMP  0x00
000026 940c 0000 	JMP  0x00
000028 940c 0000 	JMP  0x00
                 
                 _tbl10_G100:
00002a 2710
00002b 03e8
00002c 0064
00002d 000a      	.DB  0x10,0x27,0xE8,0x3,0x64,0x0,0xA,0x0
00002e 0001      	.DB  0x1,0x0
                 _tbl16_G100:
00002f 1000
000030 0100
000031 0010
000032 0001      	.DB  0x0,0x10,0x0,0x1,0x10,0x0,0x1,0x0
                 
                 _0x0:
000033 6574
000034 706d
000035 2031
000036 203d      	.DB  0x74,0x65,0x6D,0x70,0x31,0x20,0x3D,0x20
000037 6425
000038 0a20
000039 7420
00003a 6d65      	.DB  0x25,0x64,0x20,0xA,0x20,0x74,0x65,0x6D
00003b 3270
00003c 3d20
00003d 2520
00003e 0064      	.DB  0x70,0x32,0x20,0x3D,0x20,0x25,0x64,0x0
                 _0x2020003:
00003f c080      	.DB  0x80,0xC0
                 
                 __GLOBAL_INI_TBL:
000040 0002      	.DW  0x02
000041 0260      	.DW  __base_y_G101
000042 007e      	.DW  _0x2020003*2
                 
                 _0xFFFFFFFF:
000043 0000      	.DW  0
                 
                 #define __GLOBAL_INI_TBL_PRESENT 1
                 
                 __RESET:
000044 94f8      	CLI
000045 27ee      	CLR  R30
000046 bbec      	OUT  EECR,R30
                 
                 ;INTERRUPT VECTORS ARE PLACED
                 ;AT THE START OF FLASH
000047 e0f1      	LDI  R31,1
000048 bffb      	OUT  GICR,R31
000049 bfeb      	OUT  GICR,R30
00004a bfe5      	OUT  MCUCR,R30
                 
                 ;CLEAR R2-R14
00004b e08d      	LDI  R24,(14-2)+1
00004c e0a2      	LDI  R26,2
00004d 27bb      	CLR  R27
                 __CLEAR_REG:
00004e 93ed      	ST   X+,R30
00004f 958a      	DEC  R24
000050 f7e9      	BRNE __CLEAR_REG
                 
                 ;CLEAR SRAM
000051 e080      	LDI  R24,LOW(__CLEAR_SRAM_SIZE)
000052 e098      	LDI  R25,HIGH(__CLEAR_SRAM_SIZE)
000053 e6a0      	LDI  R26,__SRAM_START
                 __CLEAR_SRAM:
000054 93ed      	ST   X+,R30
000055 9701      	SBIW R24,1
000056 f7e9      	BRNE __CLEAR_SRAM
                 
                 ;GLOBAL VARIABLES INITIALIZATION
000057 e8e0      	LDI  R30,LOW(__GLOBAL_INI_TBL*2)
000058 e0f0      	LDI  R31,HIGH(__GLOBAL_INI_TBL*2)
                 __GLOBAL_INI_NEXT:
000059 9185      	LPM  R24,Z+
00005a 9195      	LPM  R25,Z+
00005b 9700      	SBIW R24,0
00005c f061      	BREQ __GLOBAL_INI_END
00005d 91a5      	LPM  R26,Z+
00005e 91b5      	LPM  R27,Z+
00005f 9005      	LPM  R0,Z+
000060 9015      	LPM  R1,Z+
000061 01bf      	MOVW R22,R30
000062 01f0      	MOVW R30,R0
                 __GLOBAL_INI_LOOP:
000063 9005      	LPM  R0,Z+
000064 920d      	ST   X+,R0
000065 9701      	SBIW R24,1
000066 f7e1      	BRNE __GLOBAL_INI_LOOP
000067 01fb      	MOVW R30,R22
000068 cff0      	RJMP __GLOBAL_INI_NEXT
                 __GLOBAL_INI_END:
                 
                 ;HARDWARE STACK POINTER INITIALIZATION
000069 e5ef      	LDI  R30,LOW(__SRAM_END-__HEAP_SIZE)
00006a bfed      	OUT  SPL,R30
00006b e0e8      	LDI  R30,HIGH(__SRAM_END-__HEAP_SIZE)
00006c bfee      	OUT  SPH,R30
                 
                 ;DATA STACK POINTER INITIALIZATION
00006d e6c0      	LDI  R28,LOW(__SRAM_START+__DSTACK_SIZE)
00006e e0d2      	LDI  R29,HIGH(__SRAM_START+__DSTACK_SIZE)
                 
00006f 940c 007f 	JMP  _main
                 
                 	.ESEG
                 	.ORG 0
                 
                 	.DSEG
                 	.ORG 0x260
                 
                 	.CSEG
                 ;/*******************************************************
                 ;This program was created by the
                 ;CodeWizardAVR V3.12 Advanced
                 ;Automatic Program Generator
                 ;© Copyright 1998-2014 Pavel Haiduc, HP InfoTech s.r.l.
                 ;http://www.hpinfotech.com
                 ;
                 ;Project :
                 ;Version :
                 ;Date    : 1/22/2019
                 ;Author  :
                 ;Company :
                 ;Comments:
                 ;
                 ;
                 ;Chip type               : ATmega32
                 ;Program type            : Application
                 ;AVR Core Clock frequency: 8.000000 MHz
                 ;Memory model            : Small
                 ;External RAM size       : 0
                 ;Data Stack size         : 512
                 ;*******************************************************/
                 ;
                 ;#include <mega32.h>
                 	#ifndef __SLEEP_DEFINED__
                 	#define __SLEEP_DEFINED__
                 	.EQU __se_bit=0x80
                 	.EQU __sm_mask=0x70
                 	.EQU __sm_powerdown=0x20
                 	.EQU __sm_powersave=0x30
                 	.EQU __sm_standby=0x60
                 	.EQU __sm_ext_standby=0x70
                 	.EQU __sm_adc_noise_red=0x10
                 	.SET power_ctrl_reg=mcucr
                 	#endif
                 ;
                 ;#include <delay.h>
                 ;#include <stdio.h>
                 ;// Alphanumeric LCD functions
                 ;#include <alcd.h>
                 ;
                 ;// Declare your global variables here
                 ;
                 ;// Voltage Reference: AREF pin
                 ;#define ADC_VREF_TYPE ((0<<REFS1) | (0<<REFS0) | (0<<ADLAR))
                 ;
                 ;// Read the AD conversion result
                 ;unsigned int read_adc(unsigned char adc_input)
                 ; 0000 0026 {
                 
                 	.CSEG
                 _read_adc:
                 ; .FSTART _read_adc
                 ; 0000 0027 ADMUX=adc_input | ADC_VREF_TYPE;
000071 93aa      	ST   -Y,R26
                 ;	adc_input -> Y+0
000072 81e8      	LD   R30,Y
000073 b9e7      	OUT  0x7,R30
                 ; 0000 0028 // Delay needed for the stabilization of the ADC input voltage
                 ; 0000 0029 delay_us(10);
                +
000074 e18b     +LDI R24 , LOW ( 27 )
                +__DELAY_USB_LOOP :
000075 958a     +DEC R24
000076 f7f1     +BRNE __DELAY_USB_LOOP
                 	__DELAY_USB 27
                 ; 0000 002A // Start the AD conversion
                 ; 0000 002B ADCSRA|=(1<<ADSC);
000077 9a36      	SBI  0x6,6
                 ; 0000 002C // Wait for the AD conversion to complete
                 ; 0000 002D while ((ADCSRA & (1<<ADIF))==0);
                 _0x3:
000078 9b34      	SBIS 0x6,4
000079 cffe      	RJMP _0x3
                 ; 0000 002E ADCSRA|=(1<<ADIF);
00007a 9a34      	SBI  0x6,4
                 ; 0000 002F return ADCW;
00007b b1e4      	IN   R30,0x4
00007c b1f5      	IN   R31,0x4+1
00007d 940c 0312 	JMP  _0x2080001
                 ; 0000 0030 }
                 ; .FEND
                 ;
                 ;void main(void)
                 ; 0000 0033 {
                 _main:
                 ; .FSTART _main
                 ; 0000 0034 int temp=0;
                 ; 0000 0035 int temp2=0;
                 ; 0000 0036 char lcd_show[32];
                 ; 0000 0037 // Declare your local variables here
                 ; 0000 0038 
                 ; 0000 0039 // Input/Output Ports initialization
                 ; 0000 003A // Port A initialization
                 ; 0000 003B // Function: Bit7=In Bit6=In Bit5=In Bit4=In Bit3=In Bit2=In Bit1=In Bit0=In
                 ; 0000 003C DDRA=(0<<DDA7) | (0<<DDA6) | (0<<DDA5) | (0<<DDA4) | (0<<DDA3) | (0<<DDA2) | (0<<DDA1) | (0<<DDA0);
00007f 97a0      	SBIW R28,32
                 ;	temp -> R16,R17
                 ;	temp2 -> R18,R19
                 ;	lcd_show -> Y+0
                +
000080 e000     +LDI R16 , LOW ( 0 )
000081 e010     +LDI R17 , HIGH ( 0 )
                 	__GETWRN 16,17,0
                +
000082 e020     +LDI R18 , LOW ( 0 )
000083 e030     +LDI R19 , HIGH ( 0 )
                 	__GETWRN 18,19,0
000084 e0e0      	LDI  R30,LOW(0)
000085 bbea      	OUT  0x1A,R30
                 ; 0000 003D // State: Bit7=T Bit6=T Bit5=T Bit4=T Bit3=T Bit2=T Bit1=T Bit0=T
                 ; 0000 003E PORTA=(0<<PORTA7) | (0<<PORTA6) | (0<<PORTA5) | (0<<PORTA4) | (0<<PORTA3) | (0<<PORTA2) | (0<<PORTA1) | (0<<PORTA0);
000086 bbeb      	OUT  0x1B,R30
                 ; 0000 003F 
                 ; 0000 0040 // Port B initialization
                 ; 0000 0041 // Function: Bit7=In Bit6=In Bit5=In Bit4=In Bit3=In Bit2=In Bit1=In Bit0=In
                 ; 0000 0042 DDRB=(0<<DDB7) | (0<<DDB6) | (0<<DDB5) | (0<<DDB4) | (0<<DDB3) | (0<<DDB2) | (0<<DDB1) | (0<<DDB0);
000087 bbe7      	OUT  0x17,R30
                 ; 0000 0043 // State: Bit7=T Bit6=T Bit5=T Bit4=T Bit3=T Bit2=T Bit1=T Bit0=T
                 ; 0000 0044 PORTB=(0<<PORTB7) | (0<<PORTB6) | (0<<PORTB5) | (0<<PORTB4) | (0<<PORTB3) | (0<<PORTB2) | (0<<PORTB1) | (0<<PORTB0);
000088 bbe8      	OUT  0x18,R30
                 ; 0000 0045 
                 ; 0000 0046 // Port C initialization
                 ; 0000 0047 // Function: Bit7=In Bit6=In Bit5=In Bit4=In Bit3=In Bit2=In Bit1=In Bit0=In
                 ; 0000 0048 DDRC=(0<<DDC7) | (0<<DDC6) | (0<<DDC5) | (0<<DDC4) | (0<<DDC3) | (0<<DDC2) | (0<<DDC1) | (0<<DDC0);
000089 bbe4      	OUT  0x14,R30
                 ; 0000 0049 // State: Bit7=T Bit6=T Bit5=T Bit4=T Bit3=T Bit2=T Bit1=T Bit0=T
                 ; 0000 004A PORTC=(0<<PORTC7) | (0<<PORTC6) | (0<<PORTC5) | (0<<PORTC4) | (0<<PORTC3) | (0<<PORTC2) | (0<<PORTC1) | (0<<PORTC0);
00008a bbe5      	OUT  0x15,R30
                 ; 0000 004B 
                 ; 0000 004C // Port D initialization
                 ; 0000 004D // Function: Bit7=In Bit6=In Bit5=In Bit4=In Bit3=In Bit2=In Bit1=In Bit0=In
                 ; 0000 004E DDRD=(0<<DDD7) | (0<<DDD6) | (0<<DDD5) | (0<<DDD4) | (0<<DDD3) | (0<<DDD2) | (0<<DDD1) | (0<<DDD0);
00008b bbe1      	OUT  0x11,R30
                 ; 0000 004F // State: Bit7=T Bit6=T Bit5=T Bit4=T Bit3=T Bit2=T Bit1=T Bit0=T
                 ; 0000 0050 PORTD=(0<<PORTD7) | (0<<PORTD6) | (0<<PORTD5) | (0<<PORTD4) | (0<<PORTD3) | (0<<PORTD2) | (0<<PORTD1) | (0<<PORTD0);
00008c bbe2      	OUT  0x12,R30
                 ; 0000 0051 
                 ; 0000 0052 // Timer/Counter 0 initialization
                 ; 0000 0053 // Clock source: System Clock
                 ; 0000 0054 // Clock value: Timer 0 Stopped
                 ; 0000 0055 // Mode: Normal top=0xFF
                 ; 0000 0056 // OC0 output: Disconnected
                 ; 0000 0057 TCCR0=(0<<WGM00) | (0<<COM01) | (0<<COM00) | (0<<WGM01) | (0<<CS02) | (0<<CS01) | (0<<CS00);
00008d bfe3      	OUT  0x33,R30
                 ; 0000 0058 TCNT0=0x00;
00008e bfe2      	OUT  0x32,R30
                 ; 0000 0059 OCR0=0x00;
00008f bfec      	OUT  0x3C,R30
                 ; 0000 005A 
                 ; 0000 005B // Timer/Counter 1 initialization
                 ; 0000 005C // Clock source: System Clock
                 ; 0000 005D // Clock value: Timer1 Stopped
                 ; 0000 005E // Mode: Normal top=0xFFFF
                 ; 0000 005F // OC1A output: Disconnected
                 ; 0000 0060 // OC1B output: Disconnected
                 ; 0000 0061 // Noise Canceler: Off
                 ; 0000 0062 // Input Capture on Falling Edge
                 ; 0000 0063 // Timer1 Overflow Interrupt: Off
                 ; 0000 0064 // Input Capture Interrupt: Off
                 ; 0000 0065 // Compare A Match Interrupt: Off
                 ; 0000 0066 // Compare B Match Interrupt: Off
                 ; 0000 0067 TCCR1A=(0<<COM1A1) | (0<<COM1A0) | (0<<COM1B1) | (0<<COM1B0) | (0<<WGM11) | (0<<WGM10);
000090 bdef      	OUT  0x2F,R30
                 ; 0000 0068 TCCR1B=(0<<ICNC1) | (0<<ICES1) | (0<<WGM13) | (0<<WGM12) | (0<<CS12) | (0<<CS11) | (0<<CS10);
000091 bdee      	OUT  0x2E,R30
                 ; 0000 0069 TCNT1H=0x00;
000092 bded      	OUT  0x2D,R30
                 ; 0000 006A TCNT1L=0x00;
000093 bdec      	OUT  0x2C,R30
                 ; 0000 006B ICR1H=0x00;
000094 bde7      	OUT  0x27,R30
                 ; 0000 006C ICR1L=0x00;
000095 bde6      	OUT  0x26,R30
                 ; 0000 006D OCR1AH=0x00;
000096 bdeb      	OUT  0x2B,R30
                 ; 0000 006E OCR1AL=0x00;
000097 bdea      	OUT  0x2A,R30
                 ; 0000 006F OCR1BH=0x00;
000098 bde9      	OUT  0x29,R30
                 ; 0000 0070 OCR1BL=0x00;
000099 bde8      	OUT  0x28,R30
                 ; 0000 0071 
                 ; 0000 0072 // Timer/Counter 2 initialization
                 ; 0000 0073 // Clock source: System Clock
                 ; 0000 0074 // Clock value: Timer2 Stopped
                 ; 0000 0075 // Mode: Normal top=0xFF
                 ; 0000 0076 // OC2 output: Disconnected
                 ; 0000 0077 ASSR=0<<AS2;
00009a bde2      	OUT  0x22,R30
                 ; 0000 0078 TCCR2=(0<<PWM2) | (0<<COM21) | (0<<COM20) | (0<<CTC2) | (0<<CS22) | (0<<CS21) | (0<<CS20);
00009b bde5      	OUT  0x25,R30
                 ; 0000 0079 TCNT2=0x00;
00009c bde4      	OUT  0x24,R30
                 ; 0000 007A OCR2=0x00;
00009d bde3      	OUT  0x23,R30
                 ; 0000 007B 
                 ; 0000 007C // Timer(s)/Counter(s) Interrupt(s) initialization
                 ; 0000 007D TIMSK=(0<<OCIE2) | (0<<TOIE2) | (0<<TICIE1) | (0<<OCIE1A) | (0<<OCIE1B) | (0<<TOIE1) | (0<<OCIE0) | (0<<TOIE0);
00009e bfe9      	OUT  0x39,R30
                 ; 0000 007E 
                 ; 0000 007F // External Interrupt(s) initialization
                 ; 0000 0080 // INT0: Off
                 ; 0000 0081 // INT1: Off
                 ; 0000 0082 // INT2: Off
                 ; 0000 0083 MCUCR=(0<<ISC11) | (0<<ISC10) | (0<<ISC01) | (0<<ISC00);
00009f bfe5      	OUT  0x35,R30
                 ; 0000 0084 MCUCSR=(0<<ISC2);
0000a0 bfe4      	OUT  0x34,R30
                 ; 0000 0085 
                 ; 0000 0086 // USART initialization
                 ; 0000 0087 // USART disabled
                 ; 0000 0088 UCSRB=(0<<RXCIE) | (0<<TXCIE) | (0<<UDRIE) | (0<<RXEN) | (0<<TXEN) | (0<<UCSZ2) | (0<<RXB8) | (0<<TXB8);
0000a1 b9ea      	OUT  0xA,R30
                 ; 0000 0089 
                 ; 0000 008A // Analog Comparator initialization
                 ; 0000 008B // Analog Comparator: Off
                 ; 0000 008C // The Analog Comparator's positive input is
                 ; 0000 008D // connected to the AIN0 pin
                 ; 0000 008E // The Analog Comparator's negative input is
                 ; 0000 008F // connected to the AIN1 pin
                 ; 0000 0090 ACSR=(1<<ACD) | (0<<ACBG) | (0<<ACO) | (0<<ACI) | (0<<ACIE) | (0<<ACIC) | (0<<ACIS1) | (0<<ACIS0);
0000a2 e8e0      	LDI  R30,LOW(128)
0000a3 b9e8      	OUT  0x8,R30
                 ; 0000 0091 
                 ; 0000 0092 // ADC initialization
                 ; 0000 0093 // ADC Clock frequency: 500.000 kHz
                 ; 0000 0094 // ADC Voltage Reference: AREF pin
                 ; 0000 0095 // ADC Auto Trigger Source: ADC Stopped
                 ; 0000 0096 ADMUX=ADC_VREF_TYPE;
0000a4 e0e0      	LDI  R30,LOW(0)
0000a5 b9e7      	OUT  0x7,R30
                 ; 0000 0097 ADCSRA=(1<<ADEN) | (0<<ADSC) | (0<<ADATE) | (0<<ADIF) | (0<<ADIE) | (1<<ADPS2) | (0<<ADPS1) | (0<<ADPS0);
0000a6 e8e4      	LDI  R30,LOW(132)
0000a7 b9e6      	OUT  0x6,R30
                 ; 0000 0098 SFIOR=(0<<ADTS2) | (0<<ADTS1) | (0<<ADTS0);
0000a8 e0e0      	LDI  R30,LOW(0)
0000a9 bfe0      	OUT  0x30,R30
                 ; 0000 0099 
                 ; 0000 009A // SPI initialization
                 ; 0000 009B // SPI disabled
                 ; 0000 009C SPCR=(0<<SPIE) | (0<<SPE) | (0<<DORD) | (0<<MSTR) | (0<<CPOL) | (0<<CPHA) | (0<<SPR1) | (0<<SPR0);
0000aa b9ed      	OUT  0xD,R30
                 ; 0000 009D 
                 ; 0000 009E // TWI initialization
                 ; 0000 009F // TWI disabled
                 ; 0000 00A0 TWCR=(0<<TWEA) | (0<<TWSTA) | (0<<TWSTO) | (0<<TWEN) | (0<<TWIE);
0000ab bfe6      	OUT  0x36,R30
                 ; 0000 00A1 
                 ; 0000 00A2 // Alphanumeric LCD initialization
                 ; 0000 00A3 // Connections are specified in the
                 ; 0000 00A4 // Project|Configure|C Compiler|Libraries|Alphanumeric LCD menu:
                 ; 0000 00A5 // RS - PORTC Bit 0
                 ; 0000 00A6 // RD - PORTC Bit 1
                 ; 0000 00A7 // EN - PORTC Bit 2
                 ; 0000 00A8 // D4 - PORTC Bit 4
                 ; 0000 00A9 // D5 - PORTC Bit 5
                 ; 0000 00AA // D6 - PORTC Bit 6
                 ; 0000 00AB // D7 - PORTC Bit 7
                 ; 0000 00AC // Characters/line: 16
                 ; 0000 00AD lcd_init(16);
0000ac e1a0      	LDI  R26,LOW(16)
0000ad 940e 02e6 	CALL _lcd_init
                 ; 0000 00AE 
                 ; 0000 00AF while (1)
                 _0x6:
                 ; 0000 00B0       {
                 ; 0000 00B1       // Place your code here
                 ; 0000 00B2          temp=read_adc(0);
0000af e0a0      	LDI  R26,LOW(0)
0000b0 dfc0      	RCALL _read_adc
0000b1 018f      	MOVW R16,R30
                 ; 0000 00B3          temp=(((temp*1.5)/1023.0)*150)/1.5;
0000b2 940e 032d 	CALL SUBOPT_0x0
0000b4 018f      	MOVW R16,R30
                 ; 0000 00B4          delay_ms(200);
0000b5 eca8      	LDI  R26,LOW(200)
0000b6 e0b0      	LDI  R27,0
0000b7 940e 038a 	CALL _delay_ms
                 ; 0000 00B5          temp2=read_adc(3);
0000b9 e0a3      	LDI  R26,LOW(3)
0000ba dfb6      	RCALL _read_adc
0000bb 019f      	MOVW R18,R30
                 ; 0000 00B6          temp2=(((temp2*1.5)/1023.0)*150)/1.5;
0000bc 940e 032d 	CALL SUBOPT_0x0
0000be 019f      	MOVW R18,R30
                 ; 0000 00B7          sprintf(lcd_show,"temp1 = %d \n temp2 = %d",temp,temp2);
0000bf 01fe      	MOVW R30,R28
0000c0 93fa      	ST   -Y,R31
0000c1 93ea      	ST   -Y,R30
                +
0000c2 e6e6     +LDI R30 , LOW ( 2 * _0x0 + ( 0 ) )
0000c3 e0f0     +LDI R31 , HIGH ( 2 * _0x0 + ( 0 ) )
                 	__POINTW1FN _0x0,0
0000c4 93fa      	ST   -Y,R31
0000c5 93ea      	ST   -Y,R30
0000c6 01f8      	MOVW R30,R16
0000c7 940e 04cb 	CALL __CWD1
0000c9 940e 04d8 	CALL __PUTPARD1
0000cb 01f9      	MOVW R30,R18
0000cc 940e 04cb 	CALL __CWD1
0000ce 940e 04d8 	CALL __PUTPARD1
0000d0 e088      	LDI  R24,8
0000d1 940e 0253 	CALL _sprintf
0000d3 962c      	ADIW R28,12
                 ; 0000 00B8          lcd_clear();
0000d4 940e 02b4 	CALL _lcd_clear
                 ; 0000 00B9          lcd_puts(lcd_show);
0000d6 01de      	MOVW R26,R28
0000d7 940e 02d5 	CALL _lcd_puts
                 ; 0000 00BA          delay_ms(200);
0000d9 eca8      	LDI  R26,LOW(200)
0000da e0b0      	LDI  R27,0
0000db 940e 038a 	CALL _delay_ms
                 ; 0000 00BB       }
0000dd cfd1      	RJMP _0x6
                 ; 0000 00BC }
                 _0x9:
0000de cfff      	RJMP _0x9
                 ; .FEND
                 	#ifndef __SLEEP_DEFINED__
                 	#endif
                 
                 	.CSEG
                 _put_buff_G100:
                 ; .FSTART _put_buff_G100
0000df 93ba      	ST   -Y,R27
0000e0 93aa      	ST   -Y,R26
0000e1 931a      	ST   -Y,R17
0000e2 930a      	ST   -Y,R16
0000e3 81aa      	LDD  R26,Y+2
0000e4 81bb      	LDD  R27,Y+2+1
0000e5 9612      	ADIW R26,2
0000e6 940e 04d0 	CALL __GETW1P
0000e8 9730      	SBIW R30,0
0000e9 f159      	BREQ _0x2000010
0000ea 81aa      	LDD  R26,Y+2
0000eb 81bb      	LDD  R27,Y+2+1
0000ec 9614      	ADIW R26,4
0000ed 940e 04d0 	CALL __GETW1P
0000ef 018f      	MOVW R16,R30
0000f0 9730      	SBIW R30,0
0000f1 f061      	BREQ _0x2000012
                +
0000f2 3002     +CPI R16 , LOW ( 2 )
0000f3 e0e0     +LDI R30 , HIGH ( 2 )
0000f4 071e     +CPC R17 , R30
                 	__CPWRN 16,17,2
0000f5 f098      	BRLO _0x2000013
0000f6 01f8      	MOVW R30,R16
0000f7 9731      	SBIW R30,1
0000f8 018f      	MOVW R16,R30
                +
0000f9 81aa     +LDD R26 , Y + 2
0000fa 81bb     +LDD R27 , Y + 2 + 1
0000fb 9614     +ADIW R26 , 4
0000fc 93ed     +ST X + , R30
0000fd 93fc     +ST X , R31
                 	__PUTW1SNS 2,4
                 _0x2000012:
0000fe 81aa      	LDD  R26,Y+2
0000ff 81bb      	LDD  R27,Y+2+1
000100 9612      	ADIW R26,2
000101 91ed      	LD   R30,X+
000102 91fd      	LD   R31,X+
000103 9631      	ADIW R30,1
000104 93fe      	ST   -X,R31
000105 93ee      	ST   -X,R30
000106 9731      	SBIW R30,1
000107 81ac      	LDD  R26,Y+4
000108 83a0      	STD  Z+0,R26
                 _0x2000013:
000109 81aa      	LDD  R26,Y+2
00010a 81bb      	LDD  R27,Y+2+1
00010b 940e 04d0 	CALL __GETW1P
00010d 23ff      	TST  R31
00010e f02a      	BRMI _0x2000014
00010f 91ed      	LD   R30,X+
000110 91fd      	LD   R31,X+
000111 9631      	ADIW R30,1
000112 93fe      	ST   -X,R31
000113 93ee      	ST   -X,R30
                 _0x2000014:
000114 c006      	RJMP _0x2000015
                 _0x2000010:
000115 81aa      	LDD  R26,Y+2
000116 81bb      	LDD  R27,Y+2+1
000117 efef      	LDI  R30,LOW(65535)
000118 efff      	LDI  R31,HIGH(65535)
000119 93ed      	ST   X+,R30
00011a 93fc      	ST   X,R31
                 _0x2000015:
00011b 8119      	LDD  R17,Y+1
00011c 8108      	LDD  R16,Y+0
00011d 9625      	ADIW R28,5
00011e 9508      	RET
                 ; .FEND
                 __print_G100:
                 ; .FSTART __print_G100
00011f 93ba      	ST   -Y,R27
000120 93aa      	ST   -Y,R26
000121 9726      	SBIW R28,6
000122 940e 04dd 	CALL __SAVELOCR6
000124 e010      	LDI  R17,0
000125 85ac      	LDD  R26,Y+12
000126 85bd      	LDD  R27,Y+12+1
000127 e0e0      	LDI  R30,LOW(0)
000128 e0f0      	LDI  R31,HIGH(0)
000129 93ed      	ST   X+,R30
00012a 93fc      	ST   X,R31
                 _0x2000016:
00012b 89ea      	LDD  R30,Y+18
00012c 89fb      	LDD  R31,Y+18+1
00012d 9631      	ADIW R30,1
00012e 8bea      	STD  Y+18,R30
00012f 8bfb      	STD  Y+18+1,R31
000130 9731      	SBIW R30,1
000131 91e4      	LPM  R30,Z
000132 2f2e      	MOV  R18,R30
000133 30e0      	CPI  R30,0
000134 f409      	BRNE PC+2
000135 c115      	RJMP _0x2000018
000136 2fe1      	MOV  R30,R17
000137 30e0      	CPI  R30,0
000138 f439      	BRNE _0x200001C
000139 3225      	CPI  R18,37
00013a f411      	BRNE _0x200001D
00013b e011      	LDI  R17,LOW(1)
00013c c002      	RJMP _0x200001E
                 _0x200001D:
00013d 940e 0350 	CALL SUBOPT_0x1
                 _0x200001E:
00013f c10a      	RJMP _0x200001B
                 _0x200001C:
000140 30e1      	CPI  R30,LOW(0x1)
000141 f4a9      	BRNE _0x200001F
000142 3225      	CPI  R18,37
000143 f419      	BRNE _0x2000020
000144 940e 0350 	CALL SUBOPT_0x1
000146 c102      	RJMP _0x20000CC
                 _0x2000020:
000147 e012      	LDI  R17,LOW(2)
000148 e040      	LDI  R20,LOW(0)
000149 e000      	LDI  R16,LOW(0)
00014a 322d      	CPI  R18,45
00014b f411      	BRNE _0x2000021
00014c e001      	LDI  R16,LOW(1)
00014d c0fc      	RJMP _0x200001B
                 _0x2000021:
00014e 322b      	CPI  R18,43
00014f f411      	BRNE _0x2000022
000150 e24b      	LDI  R20,LOW(43)
000151 c0f8      	RJMP _0x200001B
                 _0x2000022:
000152 3220      	CPI  R18,32
000153 f411      	BRNE _0x2000023
000154 e240      	LDI  R20,LOW(32)
000155 c0f4      	RJMP _0x200001B
                 _0x2000023:
000156 c002      	RJMP _0x2000024
                 _0x200001F:
000157 30e2      	CPI  R30,LOW(0x2)
000158 f439      	BRNE _0x2000025
                 _0x2000024:
000159 e050      	LDI  R21,LOW(0)
00015a e013      	LDI  R17,LOW(3)
00015b 3320      	CPI  R18,48
00015c f411      	BRNE _0x2000026
00015d 6800      	ORI  R16,LOW(128)
00015e c0eb      	RJMP _0x200001B
                 _0x2000026:
00015f c003      	RJMP _0x2000027
                 _0x2000025:
000160 30e3      	CPI  R30,LOW(0x3)
000161 f009      	BREQ PC+2
000162 c0e7      	RJMP _0x200001B
                 _0x2000027:
000163 3320      	CPI  R18,48
000164 f010      	BRLO _0x200002A
000165 332a      	CPI  R18,58
000166 f008      	BRLO _0x200002B
                 _0x200002A:
000167 c007      	RJMP _0x2000029
                 _0x200002B:
000168 e0aa      	LDI  R26,LOW(10)
000169 9f5a      	MUL  R21,R26
00016a 2d50      	MOV  R21,R0
00016b 2fe2      	MOV  R30,R18
00016c 53e0      	SUBI R30,LOW(48)
00016d 0f5e      	ADD  R21,R30
00016e c0db      	RJMP _0x200001B
                 _0x2000029:
00016f 2fe2      	MOV  R30,R18
000170 36e3      	CPI  R30,LOW(0x63)
000171 f449      	BRNE _0x200002F
000172 940e 0357 	CALL SUBOPT_0x2
000174 89e8      	LDD  R30,Y+16
000175 89f9      	LDD  R31,Y+16+1
000176 81a4      	LDD  R26,Z+4
000177 93aa      	ST   -Y,R26
000178 940e 035d 	CALL SUBOPT_0x3
00017a c0ce      	RJMP _0x2000030
                 _0x200002F:
00017b 37e3      	CPI  R30,LOW(0x73)
00017c f441      	BRNE _0x2000032
00017d 940e 0357 	CALL SUBOPT_0x2
00017f 940e 0363 	CALL SUBOPT_0x4
000181 940e 0314 	CALL _strlen
000183 2f1e      	MOV  R17,R30
000184 c00a      	RJMP _0x2000033
                 _0x2000032:
000185 37e0      	CPI  R30,LOW(0x70)
000186 f461      	BRNE _0x2000035
000187 940e 0357 	CALL SUBOPT_0x2
000189 940e 0363 	CALL SUBOPT_0x4
00018b 940e 0320 	CALL _strlenf
00018d 2f1e      	MOV  R17,R30
00018e 6008      	ORI  R16,LOW(8)
                 _0x2000033:
00018f 6002      	ORI  R16,LOW(2)
000190 770f      	ANDI R16,LOW(127)
000191 e030      	LDI  R19,LOW(0)
000192 c034      	RJMP _0x2000036
                 _0x2000035:
000193 36e4      	CPI  R30,LOW(0x64)
000194 f011      	BREQ _0x2000039
000195 36e9      	CPI  R30,LOW(0x69)
000196 f411      	BRNE _0x200003A
                 _0x2000039:
000197 6004      	ORI  R16,LOW(4)
000198 c002      	RJMP _0x200003B
                 _0x200003A:
000199 37e5      	CPI  R30,LOW(0x75)
00019a f431      	BRNE _0x200003C
                 _0x200003B:
00019b e5e4      	LDI  R30,LOW(_tbl10_G100*2)
00019c e0f0      	LDI  R31,HIGH(_tbl10_G100*2)
00019d 83ee      	STD  Y+6,R30
00019e 83ff      	STD  Y+6+1,R31
00019f e015      	LDI  R17,LOW(5)
0001a0 c00c      	RJMP _0x200003D
                 _0x200003C:
0001a1 35e8      	CPI  R30,LOW(0x58)
0001a2 f411      	BRNE _0x200003F
0001a3 6008      	ORI  R16,LOW(8)
0001a4 c003      	RJMP _0x2000040
                 _0x200003F:
0001a5 37e8      	CPI  R30,LOW(0x78)
0001a6 f009      	BREQ PC+2
0001a7 c0a1      	RJMP _0x2000071
                 _0x2000040:
0001a8 e5ee      	LDI  R30,LOW(_tbl16_G100*2)
0001a9 e0f0      	LDI  R31,HIGH(_tbl16_G100*2)
0001aa 83ee      	STD  Y+6,R30
0001ab 83ff      	STD  Y+6+1,R31
0001ac e014      	LDI  R17,LOW(4)
                 _0x200003D:
0001ad ff02      	SBRS R16,2
0001ae c014      	RJMP _0x2000042
0001af 940e 0357 	CALL SUBOPT_0x2
0001b1 940e 036d 	CALL SUBOPT_0x5
0001b3 85ab      	LDD  R26,Y+11
0001b4 23aa      	TST  R26
0001b5 f43a      	BRPL _0x2000043
0001b6 85ea      	LDD  R30,Y+10
0001b7 85fb      	LDD  R31,Y+10+1
0001b8 940e 04bf 	CALL __ANEGW1
0001ba 87ea      	STD  Y+10,R30
0001bb 87fb      	STD  Y+10+1,R31
0001bc e24d      	LDI  R20,LOW(45)
                 _0x2000043:
0001bd 3040      	CPI  R20,0
0001be f011      	BREQ _0x2000044
0001bf 5f1f      	SUBI R17,-LOW(1)
0001c0 c001      	RJMP _0x2000045
                 _0x2000044:
0001c1 7f0b      	ANDI R16,LOW(251)
                 _0x2000045:
0001c2 c004      	RJMP _0x2000046
                 _0x2000042:
0001c3 940e 0357 	CALL SUBOPT_0x2
0001c5 940e 036d 	CALL SUBOPT_0x5
                 _0x2000046:
                 _0x2000036:
0001c7 fd00      	SBRC R16,0
0001c8 c011      	RJMP _0x2000047
                 _0x2000048:
0001c9 1715      	CP   R17,R21
0001ca f478      	BRSH _0x200004A
0001cb ff07      	SBRS R16,7
0001cc c008      	RJMP _0x200004B
0001cd ff02      	SBRS R16,2
0001ce c004      	RJMP _0x200004C
0001cf 7f0b      	ANDI R16,LOW(251)
0001d0 2f24      	MOV  R18,R20
0001d1 5011      	SUBI R17,LOW(1)
0001d2 c001      	RJMP _0x200004D
                 _0x200004C:
0001d3 e320      	LDI  R18,LOW(48)
                 _0x200004D:
0001d4 c001      	RJMP _0x200004E
                 _0x200004B:
0001d5 e220      	LDI  R18,LOW(32)
                 _0x200004E:
0001d6 940e 0350 	CALL SUBOPT_0x1
0001d8 5051      	SUBI R21,LOW(1)
0001d9 cfef      	RJMP _0x2000048
                 _0x200004A:
                 _0x2000047:
0001da 2f31      	MOV  R19,R17
0001db ff01      	SBRS R16,1
0001dc c017      	RJMP _0x200004F
                 _0x2000050:
0001dd 3030      	CPI  R19,0
0001de f0a1      	BREQ _0x2000052
0001df ff03      	SBRS R16,3
0001e0 c006      	RJMP _0x2000053
0001e1 81ee      	LDD  R30,Y+6
0001e2 81ff      	LDD  R31,Y+6+1
0001e3 9125      	LPM  R18,Z+
0001e4 83ee      	STD  Y+6,R30
0001e5 83ff      	STD  Y+6+1,R31
0001e6 c005      	RJMP _0x2000054
                 _0x2000053:
0001e7 81ae      	LDD  R26,Y+6
0001e8 81bf      	LDD  R27,Y+6+1
0001e9 912d      	LD   R18,X+
0001ea 83ae      	STD  Y+6,R26
0001eb 83bf      	STD  Y+6+1,R27
                 _0x2000054:
0001ec 940e 0350 	CALL SUBOPT_0x1
0001ee 3050      	CPI  R21,0
0001ef f009      	BREQ _0x2000055
0001f0 5051      	SUBI R21,LOW(1)
                 _0x2000055:
0001f1 5031      	SUBI R19,LOW(1)
0001f2 cfea      	RJMP _0x2000050
                 _0x2000052:
0001f3 c04b      	RJMP _0x2000056
                 _0x200004F:
                 _0x2000058:
0001f4 e320      	LDI  R18,LOW(48)
0001f5 81ee      	LDD  R30,Y+6
0001f6 81ff      	LDD  R31,Y+6+1
0001f7 940e 04d4 	CALL __GETW1PF
0001f9 87e8      	STD  Y+8,R30
0001fa 87f9      	STD  Y+8+1,R31
0001fb 81ee      	LDD  R30,Y+6
0001fc 81ff      	LDD  R31,Y+6+1
0001fd 9632      	ADIW R30,2
0001fe 83ee      	STD  Y+6,R30
0001ff 83ff      	STD  Y+6+1,R31
                 _0x200005A:
000200 85e8      	LDD  R30,Y+8
000201 85f9      	LDD  R31,Y+8+1
000202 85aa      	LDD  R26,Y+10
000203 85bb      	LDD  R27,Y+10+1
000204 17ae      	CP   R26,R30
000205 07bf      	CPC  R27,R31
000206 f050      	BRLO _0x200005C
000207 5f2f      	SUBI R18,-LOW(1)
000208 85a8      	LDD  R26,Y+8
000209 85b9      	LDD  R27,Y+8+1
00020a 85ea      	LDD  R30,Y+10
00020b 85fb      	LDD  R31,Y+10+1
00020c 1bea      	SUB  R30,R26
00020d 0bfb      	SBC  R31,R27
00020e 87ea      	STD  Y+10,R30
00020f 87fb      	STD  Y+10+1,R31
000210 cfef      	RJMP _0x200005A
                 _0x200005C:
000211 332a      	CPI  R18,58
000212 f028      	BRLO _0x200005D
000213 ff03      	SBRS R16,3
000214 c002      	RJMP _0x200005E
000215 5f29      	SUBI R18,-LOW(7)
000216 c001      	RJMP _0x200005F
                 _0x200005E:
000217 5d29      	SUBI R18,-LOW(39)
                 _0x200005F:
                 _0x200005D:
000218 fd04      	SBRC R16,4
000219 c01a      	RJMP _0x2000061
00021a 3321      	CPI  R18,49
00021b f420      	BRSH _0x2000063
00021c 85a8      	LDD  R26,Y+8
00021d 85b9      	LDD  R27,Y+8+1
00021e 9711      	SBIW R26,1
00021f f409      	BRNE _0x2000062
                 _0x2000063:
000220 c009      	RJMP _0x20000CD
                 _0x2000062:
000221 1753      	CP   R21,R19
000222 f010      	BRLO _0x2000067
000223 ff00      	SBRS R16,0
000224 c001      	RJMP _0x2000068
                 _0x2000067:
000225 c013      	RJMP _0x2000066
                 _0x2000068:
000226 e220      	LDI  R18,LOW(32)
000227 ff07      	SBRS R16,7
000228 c00b      	RJMP _0x2000069
000229 e320      	LDI  R18,LOW(48)
                 _0x20000CD:
00022a 6100      	ORI  R16,LOW(16)
00022b ff02      	SBRS R16,2
00022c c007      	RJMP _0x200006A
00022d 7f0b      	ANDI R16,LOW(251)
00022e 934a      	ST   -Y,R20
00022f 940e 035d 	CALL SUBOPT_0x3
000231 3050      	CPI  R21,0
000232 f009      	BREQ _0x200006B
000233 5051      	SUBI R21,LOW(1)
                 _0x200006B:
                 _0x200006A:
                 _0x2000069:
                 _0x2000061:
000234 940e 0350 	CALL SUBOPT_0x1
000236 3050      	CPI  R21,0
000237 f009      	BREQ _0x200006C
000238 5051      	SUBI R21,LOW(1)
                 _0x200006C:
                 _0x2000066:
000239 5031      	SUBI R19,LOW(1)
00023a 85a8      	LDD  R26,Y+8
00023b 85b9      	LDD  R27,Y+8+1
00023c 9712      	SBIW R26,2
00023d f008      	BRLO _0x2000059
00023e cfb5      	RJMP _0x2000058
                 _0x2000059:
                 _0x2000056:
00023f ff00      	SBRS R16,0
000240 c008      	RJMP _0x200006D
                 _0x200006E:
000241 3050      	CPI  R21,0
000242 f031      	BREQ _0x2000070
000243 5051      	SUBI R21,LOW(1)
000244 e2e0      	LDI  R30,LOW(32)
000245 93ea      	ST   -Y,R30
000246 940e 035d 	CALL SUBOPT_0x3
000248 cff8      	RJMP _0x200006E
                 _0x2000070:
                 _0x200006D:
                 _0x2000071:
                 _0x2000030:
                 _0x20000CC:
000249 e010      	LDI  R17,LOW(0)
                 _0x200001B:
00024a cee0      	RJMP _0x2000016
                 _0x2000018:
00024b 85ac      	LDD  R26,Y+12
00024c 85bd      	LDD  R27,Y+12+1
00024d 940e 04d0 	CALL __GETW1P
00024f 940e 04e4 	CALL __LOADLOCR6
000251 9664      	ADIW R28,20
000252 9508      	RET
                 ; .FEND
                 _sprintf:
                 ; .FSTART _sprintf
000253 92ff      	PUSH R15
000254 2ef8      	MOV  R15,R24
000255 9726      	SBIW R28,6
000256 940e 04df 	CALL __SAVELOCR4
000258 940e 0375 	CALL SUBOPT_0x6
00025a 9730      	SBIW R30,0
00025b f419      	BRNE _0x2000072
00025c efef      	LDI  R30,LOW(65535)
00025d efff      	LDI  R31,HIGH(65535)
00025e c023      	RJMP _0x2080002
                 _0x2000072:
00025f 01de      	MOVW R26,R28
000260 9616      	ADIW R26,6
000261 940e 04bb 	CALL __ADDW2R15
000263 018d      	MOVW R16,R26
000264 940e 0375 	CALL SUBOPT_0x6
000266 83ee      	STD  Y+6,R30
000267 83ff      	STD  Y+6+1,R31
000268 e0e0      	LDI  R30,LOW(0)
000269 87e8      	STD  Y+8,R30
00026a 87e9      	STD  Y+8+1,R30
00026b 01de      	MOVW R26,R28
00026c 961a      	ADIW R26,10
00026d 940e 04bb 	CALL __ADDW2R15
00026f 940e 04d0 	CALL __GETW1P
000271 93fa      	ST   -Y,R31
000272 93ea      	ST   -Y,R30
000273 931a      	ST   -Y,R17
000274 930a      	ST   -Y,R16
000275 edef      	LDI  R30,LOW(_put_buff_G100)
000276 e0f0      	LDI  R31,HIGH(_put_buff_G100)
000277 93fa      	ST   -Y,R31
000278 93ea      	ST   -Y,R30
000279 01de      	MOVW R26,R28
00027a 961a      	ADIW R26,10
00027b dea3      	RCALL __print_G100
00027c 019f      	MOVW R18,R30
00027d 81ae      	LDD  R26,Y+6
00027e 81bf      	LDD  R27,Y+6+1
00027f e0e0      	LDI  R30,LOW(0)
000280 93ec      	ST   X,R30
000281 01f9      	MOVW R30,R18
                 _0x2080002:
000282 940e 04e6 	CALL __LOADLOCR4
000284 962a      	ADIW R28,10
000285 90ff      	POP  R15
000286 9508      	RET
                 ; .FEND
                 	#ifndef __SLEEP_DEFINED__
                 	#endif
                 
                 	.DSEG
                 
                 	.CSEG
                 __lcd_write_nibble_G101:
                 ; .FSTART __lcd_write_nibble_G101
000287 93aa      	ST   -Y,R26
000288 b3e5      	IN   R30,0x15
000289 70ef      	ANDI R30,LOW(0xF)
00028a 2fae      	MOV  R26,R30
00028b 81e8      	LD   R30,Y
00028c 7fe0      	ANDI R30,LOW(0xF0)
00028d 2bea      	OR   R30,R26
00028e bbe5      	OUT  0x15,R30
                +
00028f e08d     +LDI R24 , LOW ( 13 )
                +__DELAY_USB_LOOP :
000290 958a     +DEC R24
000291 f7f1     +BRNE __DELAY_USB_LOOP
                 	__DELAY_USB 13
000292 9aaa      	SBI  0x15,2
                +
000293 e08d     +LDI R24 , LOW ( 13 )
                +__DELAY_USB_LOOP :
000294 958a     +DEC R24
000295 f7f1     +BRNE __DELAY_USB_LOOP
                 	__DELAY_USB 13
000296 98aa      	CBI  0x15,2
                +
000297 e08d     +LDI R24 , LOW ( 13 )
                +__DELAY_USB_LOOP :
000298 958a     +DEC R24
000299 f7f1     +BRNE __DELAY_USB_LOOP
                 	__DELAY_USB 13
00029a c077      	RJMP _0x2080001
                 ; .FEND
                 __lcd_write_data:
                 ; .FSTART __lcd_write_data
00029b 93aa      	ST   -Y,R26
00029c 81a8      	LD   R26,Y
00029d dfe9      	RCALL __lcd_write_nibble_G101
00029e 81e8          ld    r30,y
00029f 95e2          swap  r30
0002a0 83e8          st    y,r30
0002a1 81a8      	LD   R26,Y
0002a2 dfe4      	RCALL __lcd_write_nibble_G101
                +
0002a3 e885     +LDI R24 , LOW ( 133 )
                +__DELAY_USB_LOOP :
0002a4 958a     +DEC R24
0002a5 f7f1     +BRNE __DELAY_USB_LOOP
                 	__DELAY_USB 133
0002a6 c06b      	RJMP _0x2080001
                 ; .FEND
                 _lcd_gotoxy:
                 ; .FSTART _lcd_gotoxy
0002a7 93aa      	ST   -Y,R26
0002a8 81e8      	LD   R30,Y
0002a9 e0f0      	LDI  R31,0
0002aa 5ae0      	SUBI R30,LOW(-__base_y_G101)
0002ab 4ffd      	SBCI R31,HIGH(-__base_y_G101)
0002ac 81e0      	LD   R30,Z
0002ad 81a9      	LDD  R26,Y+1
0002ae 0fae      	ADD  R26,R30
0002af dfeb      	RCALL __lcd_write_data
0002b0 8059      	LDD  R5,Y+1
0002b1 8048      	LDD  R4,Y+0
0002b2 9622      	ADIW R28,2
0002b3 9508      	RET
                 ; .FEND
                 _lcd_clear:
                 ; .FSTART _lcd_clear
0002b4 e0a2      	LDI  R26,LOW(2)
0002b5 940e 037c 	CALL SUBOPT_0x7
0002b7 e0ac      	LDI  R26,LOW(12)
0002b8 dfe2      	RCALL __lcd_write_data
0002b9 e0a1      	LDI  R26,LOW(1)
0002ba 940e 037c 	CALL SUBOPT_0x7
0002bc e0e0      	LDI  R30,LOW(0)
0002bd 2e4e      	MOV  R4,R30
0002be 2e5e      	MOV  R5,R30
0002bf 9508      	RET
                 ; .FEND
                 _lcd_putchar:
                 ; .FSTART _lcd_putchar
0002c0 93aa      	ST   -Y,R26
0002c1 81a8      	LD   R26,Y
0002c2 30aa      	CPI  R26,LOW(0xA)
0002c3 f011      	BREQ _0x2020005
0002c4 1457      	CP   R5,R7
0002c5 f048      	BRLO _0x2020004
                 _0x2020005:
0002c6 e0e0      	LDI  R30,LOW(0)
0002c7 93ea      	ST   -Y,R30
0002c8 9443      	INC  R4
0002c9 2da4      	MOV  R26,R4
0002ca dfdc      	RCALL _lcd_gotoxy
0002cb 81a8      	LD   R26,Y
0002cc 30aa      	CPI  R26,LOW(0xA)
0002cd f409      	BRNE _0x2020007
0002ce c043      	RJMP _0x2080001
                 _0x2020007:
                 _0x2020004:
0002cf 9453      	INC  R5
0002d0 9aa8      	SBI  0x15,0
0002d1 81a8      	LD   R26,Y
0002d2 dfc8      	RCALL __lcd_write_data
0002d3 98a8      	CBI  0x15,0
0002d4 c03d      	RJMP _0x2080001
                 ; .FEND
                 _lcd_puts:
                 ; .FSTART _lcd_puts
0002d5 93ba      	ST   -Y,R27
0002d6 93aa      	ST   -Y,R26
0002d7 931a      	ST   -Y,R17
                 _0x2020008:
0002d8 81a9      	LDD  R26,Y+1
0002d9 81ba      	LDD  R27,Y+1+1
0002da 91ed      	LD   R30,X+
0002db 83a9      	STD  Y+1,R26
0002dc 83ba      	STD  Y+1+1,R27
0002dd 2f1e      	MOV  R17,R30
0002de 30e0      	CPI  R30,0
0002df f019      	BREQ _0x202000A
0002e0 2fa1      	MOV  R26,R17
0002e1 dfde      	RCALL _lcd_putchar
0002e2 cff5      	RJMP _0x2020008
                 _0x202000A:
0002e3 8118      	LDD  R17,Y+0
0002e4 9623      	ADIW R28,3
0002e5 9508      	RET
                 ; .FEND
                 _lcd_init:
                 ; .FSTART _lcd_init
0002e6 93aa      	ST   -Y,R26
0002e7 b3e4      	IN   R30,0x14
0002e8 6fe0      	ORI  R30,LOW(0xF0)
0002e9 bbe4      	OUT  0x14,R30
0002ea 9aa2      	SBI  0x14,2
0002eb 9aa0      	SBI  0x14,0
0002ec 9aa1      	SBI  0x14,1
0002ed 98aa      	CBI  0x15,2
0002ee 98a8      	CBI  0x15,0
0002ef 98a9      	CBI  0x15,1
0002f0 8078      	LDD  R7,Y+0
0002f1 81e8      	LD   R30,Y
0002f2 58e0      	SUBI R30,-LOW(128)
                +
0002f3 93e0 0262+STS __base_y_G101 + ( 2 ) , R30
                 	__PUTB1MN __base_y_G101,2
0002f5 81e8      	LD   R30,Y
0002f6 54e0      	SUBI R30,-LOW(192)
                +
0002f7 93e0 0263+STS __base_y_G101 + ( 3 ) , R30
                 	__PUTB1MN __base_y_G101,3
0002f9 e1a4      	LDI  R26,LOW(20)
0002fa e0b0      	LDI  R27,0
0002fb 940e 038a 	CALL _delay_ms
0002fd 940e 0382 	CALL SUBOPT_0x8
0002ff 940e 0382 	CALL SUBOPT_0x8
000301 940e 0382 	CALL SUBOPT_0x8
000303 e2a0      	LDI  R26,LOW(32)
000304 df82      	RCALL __lcd_write_nibble_G101
                +
000305 ec88     +LDI R24 , LOW ( 200 )
000306 e090     +LDI R25 , HIGH ( 200 )
                +__DELAY_USW_LOOP :
000307 9701     +SBIW R24 , 1
000308 f7f1     +BRNE __DELAY_USW_LOOP
                 	__DELAY_USW 200
000309 e2a8      	LDI  R26,LOW(40)
00030a df90      	RCALL __lcd_write_data
00030b e0a4      	LDI  R26,LOW(4)
00030c df8e      	RCALL __lcd_write_data
00030d e8a5      	LDI  R26,LOW(133)
00030e df8c      	RCALL __lcd_write_data
00030f e0a6      	LDI  R26,LOW(6)
000310 df8a      	RCALL __lcd_write_data
000311 dfa2      	RCALL _lcd_clear
                 _0x2080001:
000312 9621      	ADIW R28,1
000313 9508      	RET
                 ; .FEND
                 
                 	.CSEG
                 
                 	.CSEG
                 _strlen:
                 ; .FSTART _strlen
000314 93ba      	ST   -Y,R27
000315 93aa      	ST   -Y,R26
000316 91a9          ld   r26,y+
000317 91b9          ld   r27,y+
000318 27ee          clr  r30
000319 27ff          clr  r31
                 strlen0:
00031a 916d          ld   r22,x+
00031b 2366          tst  r22
00031c f011          breq strlen1
00031d 9631          adiw r30,1
00031e cffb          rjmp strlen0
                 strlen1:
00031f 9508          ret
                 ; .FEND
                 _strlenf:
                 ; .FSTART _strlenf
000320 93ba      	ST   -Y,R27
000321 93aa      	ST   -Y,R26
000322 27aa          clr  r26
000323 27bb          clr  r27
000324 91e9          ld   r30,y+
000325 91f9          ld   r31,y+
                 strlenf0:
000326 9005      	lpm  r0,z+
000327 2000          tst  r0
000328 f011          breq strlenf1
000329 9611          adiw r26,1
00032a cffb          rjmp strlenf0
                 strlenf1:
00032b 01fd          movw r30,r26
00032c 9508          ret
                 ; .FEND
                 
                 	.DSEG
                 __base_y_G101:
000260           	.BYTE 0x4
                 
                 	.CSEG
                 ;OPTIMIZER ADDED SUBROUTINE, CALLED 2 TIMES, CODE SIZE REDUCTION:29 WORDS
                 SUBOPT_0x0:
00032d 940e 04cb 	CALL __CWD1
00032f 940e 03fa 	CALL __CDF1
                +
000331 e0a0     +LDI R26 , LOW ( 0x3FC00000 )
000332 e0b0     +LDI R27 , HIGH ( 0x3FC00000 )
000333 ec80     +LDI R24 , BYTE3 ( 0x3FC00000 )
000334 e39f     +LDI R25 , BYTE4 ( 0x3FC00000 )
                 	__GETD2N 0x3FC00000
000335 940e 0428 	CALL __MULF12
000337 01df      	MOVW R26,R30
000338 01cb      	MOVW R24,R22
                +
000339 e0e0     +LDI R30 , LOW ( 0x447FC000 )
00033a ecf0     +LDI R31 , HIGH ( 0x447FC000 )
00033b e76f     +LDI R22 , BYTE3 ( 0x447FC000 )
00033c e474     +LDI R23 , BYTE4 ( 0x447FC000 )
                 	__GETD1N 0x447FC000
00033d 940e 0476 	CALL __DIVF21
                +
00033f e0a0     +LDI R26 , LOW ( 0x43160000 )
000340 e0b0     +LDI R27 , HIGH ( 0x43160000 )
000341 e186     +LDI R24 , BYTE3 ( 0x43160000 )
000342 e493     +LDI R25 , BYTE4 ( 0x43160000 )
                 	__GETD2N 0x43160000
000343 940e 0428 	CALL __MULF12
000345 01df      	MOVW R26,R30
000346 01cb      	MOVW R24,R22
                +
000347 e0e0     +LDI R30 , LOW ( 0x3FC00000 )
000348 e0f0     +LDI R31 , HIGH ( 0x3FC00000 )
000349 ec60     +LDI R22 , BYTE3 ( 0x3FC00000 )
00034a e37f     +LDI R23 , BYTE4 ( 0x3FC00000 )
                 	__GETD1N 0x3FC00000
00034b 940e 0476 	CALL __DIVF21
00034d 940e 03c3 	CALL __CFD1
00034f 9508      	RET
                 
                 ;OPTIMIZER ADDED SUBROUTINE, CALLED 5 TIMES, CODE SIZE REDUCTION:13 WORDS
                 SUBOPT_0x1:
000350 932a      	ST   -Y,R18
000351 85ad      	LDD  R26,Y+13
000352 85be      	LDD  R27,Y+13+1
000353 85ef      	LDD  R30,Y+15
000354 89f8      	LDD  R31,Y+15+1
000355 9509      	ICALL
000356 9508      	RET
                 
                 ;OPTIMIZER ADDED SUBROUTINE, CALLED 5 TIMES, CODE SIZE REDUCTION:9 WORDS
                 SUBOPT_0x2:
000357 89e8      	LDD  R30,Y+16
000358 89f9      	LDD  R31,Y+16+1
000359 9734      	SBIW R30,4
00035a 8be8      	STD  Y+16,R30
00035b 8bf9      	STD  Y+16+1,R31
00035c 9508      	RET
                 
                 ;OPTIMIZER ADDED SUBROUTINE, CALLED 3 TIMES, CODE SIZE REDUCTION:3 WORDS
                 SUBOPT_0x3:
00035d 85ad      	LDD  R26,Y+13
00035e 85be      	LDD  R27,Y+13+1
00035f 85ef      	LDD  R30,Y+15
000360 89f8      	LDD  R31,Y+15+1
000361 9509      	ICALL
000362 9508      	RET
                 
                 ;OPTIMIZER ADDED SUBROUTINE, CALLED 2 TIMES, CODE SIZE REDUCTION:4 WORDS
                 SUBOPT_0x4:
000363 89a8      	LDD  R26,Y+16
000364 89b9      	LDD  R27,Y+16+1
000365 9614      	ADIW R26,4
000366 940e 04d0 	CALL __GETW1P
000368 83ee      	STD  Y+6,R30
000369 83ff      	STD  Y+6+1,R31
00036a 81ae      	LDD  R26,Y+6
00036b 81bf      	LDD  R27,Y+6+1
00036c 9508      	RET
                 
                 ;OPTIMIZER ADDED SUBROUTINE, CALLED 2 TIMES, CODE SIZE REDUCTION:2 WORDS
                 SUBOPT_0x5:
00036d 89a8      	LDD  R26,Y+16
00036e 89b9      	LDD  R27,Y+16+1
00036f 9614      	ADIW R26,4
000370 940e 04d0 	CALL __GETW1P
000372 87ea      	STD  Y+10,R30
000373 87fb      	STD  Y+10+1,R31
000374 9508      	RET
                 
                 ;OPTIMIZER ADDED SUBROUTINE, CALLED 2 TIMES, CODE SIZE REDUCTION:1 WORDS
                 SUBOPT_0x6:
000375 01de      	MOVW R26,R28
000376 961c      	ADIW R26,12
000377 940e 04bb 	CALL __ADDW2R15
000379 940e 04d0 	CALL __GETW1P
00037b 9508      	RET
                 
                 ;OPTIMIZER ADDED SUBROUTINE, CALLED 2 TIMES, CODE SIZE REDUCTION:1 WORDS
                 SUBOPT_0x7:
00037c 940e 029b 	CALL __lcd_write_data
00037e e0a3      	LDI  R26,LOW(3)
00037f e0b0      	LDI  R27,0
000380 940c 038a 	JMP  _delay_ms
                 
                 ;OPTIMIZER ADDED SUBROUTINE, CALLED 3 TIMES, CODE SIZE REDUCTION:7 WORDS
                 SUBOPT_0x8:
000382 e3a0      	LDI  R26,LOW(48)
000383 940e 0287 	CALL __lcd_write_nibble_G101
                +
000385 ec88     +LDI R24 , LOW ( 200 )
000386 e090     +LDI R25 , HIGH ( 200 )
                +__DELAY_USW_LOOP :
000387 9701     +SBIW R24 , 1
000388 f7f1     +BRNE __DELAY_USW_LOOP
                 	__DELAY_USW 200
000389 9508      	RET
                 
                 
                 	.CSEG
                 _delay_ms:
00038a 9610      	adiw r26,0
00038b f039      	breq __delay_ms1
                 __delay_ms0:
                +
00038c ed80     +LDI R24 , LOW ( 0x7D0 )
00038d e097     +LDI R25 , HIGH ( 0x7D0 )
                +__DELAY_USW_LOOP :
00038e 9701     +SBIW R24 , 1
00038f f7f1     +BRNE __DELAY_USW_LOOP
                 	__DELAY_USW 0x7D0
000390 95a8      	wdr
000391 9711      	sbiw r26,1
000392 f7c9      	brne __delay_ms0
                 __delay_ms1:
000393 9508      	ret
                 
                 __ROUND_REPACK:
000394 2355      	TST  R21
000395 f442      	BRPL __REPACK
000396 3850      	CPI  R21,0x80
000397 f411      	BRNE __ROUND_REPACK0
000398 ffe0      	SBRS R30,0
000399 c004      	RJMP __REPACK
                 __ROUND_REPACK0:
00039a 9631      	ADIW R30,1
00039b 1f69      	ADC  R22,R25
00039c 1f79      	ADC  R23,R25
00039d f06b      	BRVS __REPACK1
                 
                 __REPACK:
00039e e850      	LDI  R21,0x80
00039f 2757      	EOR  R21,R23
0003a0 f411      	BRNE __REPACK0
0003a1 935f      	PUSH R21
0003a2 c073      	RJMP __ZERORES
                 __REPACK0:
0003a3 3f5f      	CPI  R21,0xFF
0003a4 f031      	BREQ __REPACK1
0003a5 0f66      	LSL  R22
0003a6 0c00      	LSL  R0
0003a7 9557      	ROR  R21
0003a8 9567      	ROR  R22
0003a9 2f75      	MOV  R23,R21
0003aa 9508      	RET
                 __REPACK1:
0003ab 935f      	PUSH R21
0003ac 2000      	TST  R0
0003ad f00a      	BRMI __REPACK2
0003ae c073      	RJMP __MAXRES
                 __REPACK2:
0003af c06c      	RJMP __MINRES
                 
                 __UNPACK:
0003b0 e850      	LDI  R21,0x80
0003b1 2e19      	MOV  R1,R25
0003b2 2215      	AND  R1,R21
0003b3 0f88      	LSL  R24
0003b4 1f99      	ROL  R25
0003b5 2795      	EOR  R25,R21
0003b6 0f55      	LSL  R21
0003b7 9587      	ROR  R24
                 
                 __UNPACK1:
0003b8 e850      	LDI  R21,0x80
0003b9 2e07      	MOV  R0,R23
0003ba 2205      	AND  R0,R21
0003bb 0f66      	LSL  R22
0003bc 1f77      	ROL  R23
0003bd 2775      	EOR  R23,R21
0003be 0f55      	LSL  R21
0003bf 9567      	ROR  R22
0003c0 9508      	RET
                 
                 __CFD1U:
0003c1 9468      	SET
0003c2 c001      	RJMP __CFD1U0
                 __CFD1:
0003c3 94e8      	CLT
                 __CFD1U0:
0003c4 935f      	PUSH R21
0003c5 dff2      	RCALL __UNPACK1
0003c6 3870      	CPI  R23,0x80
0003c7 f018      	BRLO __CFD10
0003c8 3f7f      	CPI  R23,0xFF
0003c9 f408      	BRCC __CFD10
0003ca c04b      	RJMP __ZERORES
                 __CFD10:
0003cb e156      	LDI  R21,22
0003cc 1b57      	SUB  R21,R23
0003cd f4aa      	BRPL __CFD11
0003ce 9551      	NEG  R21
0003cf 3058      	CPI  R21,8
0003d0 f40e      	BRTC __CFD19
0003d1 3059      	CPI  R21,9
                 __CFD19:
0003d2 f030      	BRLO __CFD17
0003d3 efef      	SER  R30
0003d4 efff      	SER  R31
0003d5 ef6f      	SER  R22
0003d6 e77f      	LDI  R23,0x7F
0003d7 f977      	BLD  R23,7
0003d8 c01a      	RJMP __CFD15
                 __CFD17:
0003d9 2777      	CLR  R23
0003da 2355      	TST  R21
0003db f0b9      	BREQ __CFD15
                 __CFD18:
0003dc 0fee      	LSL  R30
0003dd 1fff      	ROL  R31
0003de 1f66      	ROL  R22
0003df 1f77      	ROL  R23
0003e0 955a      	DEC  R21
0003e1 f7d1      	BRNE __CFD18
0003e2 c010      	RJMP __CFD15
                 __CFD11:
0003e3 2777      	CLR  R23
                 __CFD12:
0003e4 3058      	CPI  R21,8
0003e5 f028      	BRLO __CFD13
0003e6 2fef      	MOV  R30,R31
0003e7 2ff6      	MOV  R31,R22
0003e8 2f67      	MOV  R22,R23
0003e9 5058      	SUBI R21,8
0003ea cff9      	RJMP __CFD12
                 __CFD13:
0003eb 2355      	TST  R21
0003ec f031      	BREQ __CFD15
                 __CFD14:
0003ed 9576      	LSR  R23
0003ee 9567      	ROR  R22
0003ef 95f7      	ROR  R31
0003f0 95e7      	ROR  R30
0003f1 955a      	DEC  R21
0003f2 f7d1      	BRNE __CFD14
                 __CFD15:
0003f3 2000      	TST  R0
0003f4 f40a      	BRPL __CFD16
0003f5 d0cd      	RCALL __ANEGD1
                 __CFD16:
0003f6 915f      	POP  R21
0003f7 9508      	RET
                 
                 __CDF1U:
0003f8 9468      	SET
0003f9 c001      	RJMP __CDF1U0
                 __CDF1:
0003fa 94e8      	CLT
                 __CDF1U0:
0003fb 9730      	SBIW R30,0
0003fc 4060      	SBCI R22,0
0003fd 4070      	SBCI R23,0
0003fe f0b1      	BREQ __CDF10
0003ff 2400      	CLR  R0
000400 f026      	BRTS __CDF11
000401 2377      	TST  R23
000402 f412      	BRPL __CDF11
000403 9400      	COM  R0
000404 d0be      	RCALL __ANEGD1
                 __CDF11:
000405 2e17      	MOV  R1,R23
000406 e17e      	LDI  R23,30
000407 2011      	TST  R1
                 __CDF12:
000408 f032      	BRMI __CDF13
000409 957a      	DEC  R23
00040a 0fee      	LSL  R30
00040b 1fff      	ROL  R31
00040c 1f66      	ROL  R22
00040d 1c11      	ROL  R1
00040e cff9      	RJMP __CDF12
                 __CDF13:
00040f 2fef      	MOV  R30,R31
000410 2ff6      	MOV  R31,R22
000411 2d61      	MOV  R22,R1
000412 935f      	PUSH R21
000413 df8a      	RCALL __REPACK
000414 915f      	POP  R21
                 __CDF10:
000415 9508      	RET
                 
                 __ZERORES:
000416 27ee      	CLR  R30
000417 27ff      	CLR  R31
000418 2766      	CLR  R22
000419 2777      	CLR  R23
00041a 915f      	POP  R21
00041b 9508      	RET
                 
                 __MINRES:
00041c efef      	SER  R30
00041d efff      	SER  R31
00041e e76f      	LDI  R22,0x7F
00041f ef7f      	SER  R23
000420 915f      	POP  R21
000421 9508      	RET
                 
                 __MAXRES:
000422 efef      	SER  R30
000423 efff      	SER  R31
000424 e76f      	LDI  R22,0x7F
000425 e77f      	LDI  R23,0x7F
000426 915f      	POP  R21
000427 9508      	RET
                 
                 __MULF12:
000428 935f      	PUSH R21
000429 df86      	RCALL __UNPACK
00042a 3870      	CPI  R23,0x80
00042b f351      	BREQ __ZERORES
00042c 3890      	CPI  R25,0x80
00042d f341      	BREQ __ZERORES
00042e 2401      	EOR  R0,R1
00042f 9408      	SEC
000430 1f79      	ADC  R23,R25
000431 f423      	BRVC __MULF124
000432 f31c      	BRLT __ZERORES
                 __MULF125:
000433 2000      	TST  R0
000434 f33a      	BRMI __MINRES
000435 cfec      	RJMP __MAXRES
                 __MULF124:
000436 920f      	PUSH R0
000437 931f      	PUSH R17
000438 932f      	PUSH R18
000439 933f      	PUSH R19
00043a 934f      	PUSH R20
00043b 2711      	CLR  R17
00043c 2722      	CLR  R18
00043d 2799      	CLR  R25
00043e 9f68      	MUL  R22,R24
00043f 01a0      	MOVW R20,R0
000440 9f8f      	MUL  R24,R31
000441 2d30      	MOV  R19,R0
000442 0d41      	ADD  R20,R1
000443 1f59      	ADC  R21,R25
000444 9f6b      	MUL  R22,R27
000445 0d30      	ADD  R19,R0
000446 1d41      	ADC  R20,R1
000447 1f59      	ADC  R21,R25
000448 9f8e      	MUL  R24,R30
000449 d027      	RCALL __MULF126
00044a 9fbf      	MUL  R27,R31
00044b d025      	RCALL __MULF126
00044c 9f6a      	MUL  R22,R26
00044d d023      	RCALL __MULF126
00044e 9fbe      	MUL  R27,R30
00044f d01d      	RCALL __MULF127
000450 9faf      	MUL  R26,R31
000451 d01b      	RCALL __MULF127
000452 9fae      	MUL  R26,R30
000453 0d11      	ADD  R17,R1
000454 1f29      	ADC  R18,R25
000455 1f39      	ADC  R19,R25
000456 1f49      	ADC  R20,R25
000457 1f59      	ADC  R21,R25
000458 2fe3      	MOV  R30,R19
000459 2ff4      	MOV  R31,R20
00045a 2f65      	MOV  R22,R21
00045b 2f52      	MOV  R21,R18
00045c 914f      	POP  R20
00045d 913f      	POP  R19
00045e 912f      	POP  R18
00045f 911f      	POP  R17
000460 900f      	POP  R0
000461 2366      	TST  R22
000462 f02a      	BRMI __MULF122
000463 0f55      	LSL  R21
000464 1fee      	ROL  R30
000465 1fff      	ROL  R31
000466 1f66      	ROL  R22
000467 c002      	RJMP __MULF123
                 __MULF122:
000468 9573      	INC  R23
000469 f24b      	BRVS __MULF125
                 __MULF123:
00046a df29      	RCALL __ROUND_REPACK
00046b 915f      	POP  R21
00046c 9508      	RET
                 
                 __MULF127:
00046d 0d10      	ADD  R17,R0
00046e 1d21      	ADC  R18,R1
00046f 1f39      	ADC  R19,R25
000470 c002      	RJMP __MULF128
                 __MULF126:
000471 0d20      	ADD  R18,R0
000472 1d31      	ADC  R19,R1
                 __MULF128:
000473 1f49      	ADC  R20,R25
000474 1f59      	ADC  R21,R25
000475 9508      	RET
                 
                 __DIVF21:
000476 935f      	PUSH R21
000477 df38      	RCALL __UNPACK
000478 3870      	CPI  R23,0x80
000479 f421      	BRNE __DIVF210
00047a 2011      	TST  R1
                 __DIVF211:
00047b f40a      	BRPL __DIVF219
00047c cf9f      	RJMP __MINRES
                 __DIVF219:
00047d cfa4      	RJMP __MAXRES
                 __DIVF210:
00047e 3890      	CPI  R25,0x80
00047f f409      	BRNE __DIVF218
                 __DIVF217:
000480 cf95      	RJMP __ZERORES
                 __DIVF218:
000481 2401      	EOR  R0,R1
000482 9408      	SEC
000483 0b97      	SBC  R25,R23
000484 f41b      	BRVC __DIVF216
000485 f3d4      	BRLT __DIVF217
000486 2000      	TST  R0
000487 cff3      	RJMP __DIVF211
                 __DIVF216:
000488 2f79      	MOV  R23,R25
000489 931f      	PUSH R17
00048a 932f      	PUSH R18
00048b 933f      	PUSH R19
00048c 934f      	PUSH R20
00048d 2411      	CLR  R1
00048e 2711      	CLR  R17
00048f 2722      	CLR  R18
000490 2733      	CLR  R19
000491 2744      	CLR  R20
000492 2755      	CLR  R21
000493 e290      	LDI  R25,32
                 __DIVF212:
000494 17ae      	CP   R26,R30
000495 07bf      	CPC  R27,R31
000496 0786      	CPC  R24,R22
000497 0741      	CPC  R20,R17
000498 f030      	BRLO __DIVF213
000499 1bae      	SUB  R26,R30
00049a 0bbf      	SBC  R27,R31
00049b 0b86      	SBC  R24,R22
00049c 0b41      	SBC  R20,R17
00049d 9408      	SEC
00049e c001      	RJMP __DIVF214
                 __DIVF213:
00049f 9488      	CLC
                 __DIVF214:
0004a0 1f55      	ROL  R21
0004a1 1f22      	ROL  R18
0004a2 1f33      	ROL  R19
0004a3 1c11      	ROL  R1
0004a4 1faa      	ROL  R26
0004a5 1fbb      	ROL  R27
0004a6 1f88      	ROL  R24
0004a7 1f44      	ROL  R20
0004a8 959a      	DEC  R25
0004a9 f751      	BRNE __DIVF212
0004aa 01f9      	MOVW R30,R18
0004ab 2d61      	MOV  R22,R1
0004ac 914f      	POP  R20
0004ad 913f      	POP  R19
0004ae 912f      	POP  R18
0004af 911f      	POP  R17
0004b0 2366      	TST  R22
0004b1 f032      	BRMI __DIVF215
0004b2 0f55      	LSL  R21
0004b3 1fee      	ROL  R30
0004b4 1fff      	ROL  R31
0004b5 1f66      	ROL  R22
0004b6 957a      	DEC  R23
0004b7 f243      	BRVS __DIVF217
                 __DIVF215:
0004b8 dedb      	RCALL __ROUND_REPACK
0004b9 915f      	POP  R21
0004ba 9508      	RET
                 
                 __ADDW2R15:
0004bb 2400      	CLR  R0
0004bc 0daf      	ADD  R26,R15
0004bd 1db0      	ADC  R27,R0
0004be 9508      	RET
                 
                 __ANEGW1:
0004bf 95f1      	NEG  R31
0004c0 95e1      	NEG  R30
0004c1 40f0      	SBCI R31,0
0004c2 9508      	RET
                 
                 __ANEGD1:
0004c3 95f0      	COM  R31
0004c4 9560      	COM  R22
0004c5 9570      	COM  R23
0004c6 95e1      	NEG  R30
0004c7 4fff      	SBCI R31,-1
0004c8 4f6f      	SBCI R22,-1
0004c9 4f7f      	SBCI R23,-1
0004ca 9508      	RET
                 
                 __CWD1:
0004cb 2f6f      	MOV  R22,R31
0004cc 0f66      	ADD  R22,R22
0004cd 0b66      	SBC  R22,R22
0004ce 2f76      	MOV  R23,R22
0004cf 9508      	RET
                 
                 __GETW1P:
0004d0 91ed      	LD   R30,X+
0004d1 91fc      	LD   R31,X
0004d2 9711      	SBIW R26,1
0004d3 9508      	RET
                 
                 __GETW1PF:
0004d4 9005      	LPM  R0,Z+
0004d5 91f4      	LPM  R31,Z
0004d6 2de0      	MOV  R30,R0
0004d7 9508      	RET
                 
                 __PUTPARD1:
0004d8 937a      	ST   -Y,R23
0004d9 936a      	ST   -Y,R22
0004da 93fa      	ST   -Y,R31
0004db 93ea      	ST   -Y,R30
0004dc 9508      	RET
                 
                 __SAVELOCR6:
0004dd 935a      	ST   -Y,R21
                 __SAVELOCR5:
0004de 934a      	ST   -Y,R20
                 __SAVELOCR4:
0004df 933a      	ST   -Y,R19
                 __SAVELOCR3:
0004e0 932a      	ST   -Y,R18
                 __SAVELOCR2:
0004e1 931a      	ST   -Y,R17
0004e2 930a      	ST   -Y,R16
0004e3 9508      	RET
                 
                 __LOADLOCR6:
0004e4 815d      	LDD  R21,Y+5
                 __LOADLOCR5:
0004e5 814c      	LDD  R20,Y+4
                 __LOADLOCR4:
0004e6 813b      	LDD  R19,Y+3
                 __LOADLOCR3:
0004e7 812a      	LDD  R18,Y+2
                 __LOADLOCR2:
0004e8 8119      	LDD  R17,Y+1
0004e9 8108      	LD   R16,Y
0004ea 9508      	RET
                 
                 ;END OF CODE MARKER
                 __END_OF_CODE:


RESOURCE USE INFORMATION
------------------------

Notice:
The register and instruction counts are symbol table hit counts,
and hence implicitly used resources are not counted, eg, the
'lpm' instruction without operands implicitly uses r0 and z,
none of which are counted.

x,y,z are separate entities in the symbol table and are
counted separately from r26..r31 here.

.dseg memory usage only counts static data declared with .byte

ATmega32 register use summary:
r0 :  29 r1 :  18 r2 :   0 r3 :   0 r4 :   4 r5 :   4 r6 :   0 r7 :   2 
r8 :   0 r9 :   0 r10:   0 r11:   0 r12:   0 r13:   0 r14:   0 r15:   4 
r16:  38 r17:  35 r18:  45 r19:  21 r20:  23 r21:  66 r22:  45 r23:  37 
r24:  37 r25:  29 r26: 111 r27:  46 r28:  17 r29:   1 r30: 219 r31:  81 
x  :  23 y  : 167 z  :  15 
Registers used: 25 out of 35 (71.4%)

ATmega32 instruction use summary:
.lds  :   0 .lds.l:   0 .sts  :   0 .sts.l:   0 adc   :  16 add   :   9 
adiw  :  25 and   :   2 andi  :   6 asr   :   0 bclr  :   0 bld   :   1 
brbc  :   0 brbs  :   0 brcc  :   1 brcs  :   0 break :   0 breq  :  23 
brge  :   0 brhc  :   0 brhs  :   0 brid  :   0 brie  :   0 brlo  :  12 
brlt  :   2 brmi  :   6 brne  :  38 brpl  :   6 brsh  :   2 brtc  :   1 
brts  :   1 brvc  :   2 brvs  :   3 bset  :   0 bst   :   0 call  :  65 
cbi   :   5 cbr   :   0 clc   :   1 clh   :   0 cli   :   1 cln   :   0 
clr   :  23 cls   :   0 clt   :   2 clv   :   0 clz   :   0 com   :   4 
cp    :   5 cpc   :   5 cpi   :  44 cpse  :   0 dec   :  11 des   :   0 
eor   :   5 fmul  :   0 fmuls :   0 fmulsu:   0 icall :   2 ijmp  :   0 
in    :   4 inc   :   3 jmp   :  24 ld    :  26 ldd   :  77 ldi   : 121 
lds   :   0 lpm   :  14 lsl   :  10 lsr   :   1 mov   :  36 movw  :  28 
mul   :  10 muls  :   0 mulsu :   0 neg   :   4 nop   :   0 or    :   1 
ori   :   7 out   :  44 pop   :  17 push  :  16 rcall :  29 ret   :  37 
reti  :   0 rjmp  :  79 rol   :  22 ror   :   7 sbc   :   6 sbci  :   7 
sbi   :   7 sbic  :   0 sbis  :   1 sbiw  :  21 sbr   :   0 sbrc  :   2 
sbrs  :  11 sec   :   3 seh   :   0 sei   :   0 sen   :   0 ser   :   8 
ses   :   0 set   :   2 sev   :   0 sez   :   0 sleep :   0 spm   :   0 
st    :  59 std   :  31 sts   :   2 sub   :   3 subi  :  17 swap  :   1 
tst   :  16 wdr   :   1 
Instructions used: 72 out of 116 (62.1%)

ATmega32 memory use summary [bytes]:
Segment   Begin    End      Code   Data   Used    Size   Use%
---------------------------------------------------------------
[.cseg] 0x000000 0x0009d6   2466     52   2518   32768   7.7%
[.dseg] 0x000060 0x000264      0      4      4    2048   0.2%
[.eseg] 0x000000 0x000000      0      0      0    1024   0.0%

Assembly complete, 0 errors, 3 warnings
